WARNING: for repeatability, setting FPU to use double precision
============================[ Problem Statistics ]=============================
|                                                                             |
|  Number of variables:           300                                         |
|  Number of clauses:            1279                                         |
|  Parse time:                   0.00 s                                       |
|                                                                             |
============================[ Search Statistics ]==============================
| Conflicts |          ORIGINAL         |          LEARNT          | Progress |
|           |    Vars  Clauses Literals |    Limit  Clauses Lit/Cl |          |
===============================================================================
|       100 |     300     1279     4134 |      468      100     15 |  0.001 % |
|       250 |     300     1279     4134 |      515      250     15 |  0.001 % |
|       475 |     300     1279     4134 |      567      475     16 |  0.001 % |
|       812 |     300     1279     4134 |      624      521     15 |  0.001 % |
|      1318 |     300     1279     4134 |      686      363     13 |  0.001 % |
|      2077 |     300     1279     4134 |      755      413     13 |  0.001 % |
|      3216 |     300     1279     4134 |      830      773     15 |  0.001 % |
|      4924 |     300     1279     4134 |      913      756     14 |  0.001 % |
|      7486 |     300     1279     4134 |     1005      503     12 |  0.001 % |
|     11330 |     300     1279     4134 |     1105      745     14 |  0.001 % |
|     17096 |     300     1279     4134 |     1216      847     14 |  0.001 % |
===============================================================================
restarts              : 63
conflicts             : 17144          (80868 /sec)
decisions             : 21706          (0.00 % random) (102387 /sec)
propagations          : 870428         (4105792 /sec)
conflict literals     : 278233         (17.56 % deleted)
Memory used           : 19.00 MB
CPU time              : 0.212 s

SATISFIABLE
