WARNING: for repeatability, setting FPU to use double precision
============================[ Problem Statistics ]=============================
|                                                                             |
|  Number of variables:           300                                         |
|  Number of clauses:            1280                                         |
|  Parse time:                   0.00 s                                       |
|                                                                             |
============================[ Search Statistics ]==============================
| Conflicts |          ORIGINAL         |          LEARNT          | Progress |
|           |    Vars  Clauses Literals |    Limit  Clauses Lit/Cl |          |
===============================================================================
|       100 |     300     1280     4434 |      469      100     15 |  0.001 % |
|       250 |     300     1280     4434 |      516      250     15 |  0.001 % |
|       475 |     300     1280     4434 |      567      475     16 |  0.001 % |
|       812 |     300     1280     4434 |      624      521     15 |  0.001 % |
|      1318 |     300     1280     4434 |      687      363     13 |  0.001 % |
|      2077 |     300     1280     4434 |      755      413     13 |  0.001 % |
|      3216 |     300     1280     4434 |      831      773     15 |  0.001 % |
|      4924 |     300     1280     4434 |      914      753     14 |  0.001 % |
|      7486 |     300     1280     4434 |     1006      499     13 |  0.001 % |
|     11330 |     300     1280     4434 |     1106      710     13 |  0.001 % |
|     17096 |     300     1280     4434 |     1217      814     12 |  0.001 % |
|     25745 |     300     1280     4434 |     1339      774     12 |  0.001 % |
|     38719 |     300     1280     4434 |     1472      785     12 |  0.001 % |
|     58180 |     300     1280     4434 |     1620      774     13 |  0.001 % |
|     87372 |     300     1280     4434 |     1782     1125     13 |  0.001 % |
===============================================================================
restarts              : 318
conflicts             : 121698         (127834 /sec)
decisions             : 150450         (0.00 % random) (158036 /sec)
propagations          : 6169425        (6480488 /sec)
conflict literals     : 1903019        (19.09 % deleted)
Memory used           : 19.00 MB
CPU time              : 0.952 s

SATISFIABLE
