WARNING: for repeatability, setting FPU to use double precision
============================[ Problem Statistics ]=============================
|                                                                             |
|  Number of variables:           286                                         |
|  Number of clauses:            1178                                         |
|  Parse time:                   0.00 s                                       |
|                                                                             |
============================[ Search Statistics ]==============================
| Conflicts |          ORIGINAL         |          LEARNT          | Progress |
|           |    Vars  Clauses Literals |    Limit  Clauses Lit/Cl |          |
===============================================================================
|       100 |     286     1178     3435 |      431      100      8 |  0.002 % |
===============================================================================
restarts              : 3
conflicts             : 230            (inf /sec)
decisions             : 284            (0.00 % random) (inf /sec)
propagations          : 11688          (inf /sec)
conflict literals     : 1558           (27.77 % deleted)
Memory used           : 19.00 MB
CPU time              : 0 s

UNSATISFIABLE
