WARNING: for repeatability, setting FPU to use double precision
============================[ Problem Statistics ]=============================
|                                                                             |
|  Number of variables:           286                                         |
|  Number of clauses:            1176                                         |
|  Parse time:                   0.00 s                                       |
|                                                                             |
============================[ Search Statistics ]==============================
| Conflicts |          ORIGINAL         |          LEARNT          | Progress |
|           |    Vars  Clauses Literals |    Limit  Clauses Lit/Cl |          |
===============================================================================
|       100 |     286     1176     3407 |      431      100      8 |  0.001 % |
===============================================================================
restarts              : 3
conflicts             : 250            (inf /sec)
decisions             : 325            (0.00 % random) (inf /sec)
propagations          : 12442          (inf /sec)
conflict literals     : 1680           (28.69 % deleted)
Memory used           : 19.00 MB
CPU time              : 0 s

UNSATISFIABLE
