WARNING: for repeatability, setting FPU to use double precision
============================[ Problem Statistics ]=============================
|                                                                             |
|  Number of variables:           284                                         |
|  Number of clauses:            1157                                         |
|  Parse time:                   0.00 s                                       |
|                                                                             |
============================[ Search Statistics ]==============================
| Conflicts |          ORIGINAL         |          LEARNT          | Progress |
|           |    Vars  Clauses Literals |    Limit  Clauses Lit/Cl |          |
===============================================================================
|       100 |     253     1098     3186 |      424       50      6 | 10.954 % |
===============================================================================
restarts              : 2
conflicts             : 106            (inf /sec)
decisions             : 133            (0.00 % random) (inf /sec)
propagations          : 5088           (inf /sec)
conflict literals     : 520            (27.88 % deleted)
Memory used           : 19.00 MB
CPU time              : 0 s

UNSATISFIABLE
