WARNING: for repeatability, setting FPU to use double precision
============================[ Problem Statistics ]=============================
|                                                                             |
|  Number of variables:           277                                         |
|  Number of clauses:            1109                                         |
|  Parse time:                   0.00 s                                       |
|                                                                             |
============================[ Search Statistics ]==============================
| Conflicts |          ORIGINAL         |          LEARNT          | Progress |
|           |    Vars  Clauses Literals |    Limit  Clauses Lit/Cl |          |
===============================================================================
|       100 |     277     1109     3182 |      406      100      6 |  0.001 % |
===============================================================================
restarts              : 2
conflicts             : 144            (inf /sec)
decisions             : 187            (0.00 % random) (inf /sec)
propagations          : 7907           (inf /sec)
conflict literals     : 812            (24.61 % deleted)
Memory used           : 19.00 MB
CPU time              : 0 s

UNSATISFIABLE
