WARNING: for repeatability, setting FPU to use double precision
============================[ Problem Statistics ]=============================
|                                                                             |
|  Number of variables:           270                                         |
|  Number of clauses:            1059                                         |
|  Parse time:                   0.00 s                                       |
|                                                                             |
============================[ Search Statistics ]==============================
| Conflicts |          ORIGINAL         |          LEARNT          | Progress |
|           |    Vars  Clauses Literals |    Limit  Clauses Lit/Cl |          |
===============================================================================
|       100 |     270     1059     2983 |      388      100      6 |  0.004 % |
===============================================================================
restarts              : 2
conflicts             : 125            (inf /sec)
decisions             : 165            (0.00 % random) (inf /sec)
propagations          : 6217           (inf /sec)
conflict literals     : 719            (29.02 % deleted)
Memory used           : 19.00 MB
CPU time              : 0 s

UNSATISFIABLE
