WARNING: for repeatability, setting FPU to use double precision
============================[ Problem Statistics ]=============================
|                                                                             |
|  Number of variables:           264                                         |
|  Number of clauses:            1037                                         |
|  Parse time:                   0.00 s                                       |
|                                                                             |
============================[ Search Statistics ]==============================
| Conflicts |          ORIGINAL         |          LEARNT          | Progress |
|           |    Vars  Clauses Literals |    Limit  Clauses Lit/Cl |          |
===============================================================================
|       100 |     264     1037     2929 |      380      100      6 |  0.001 % |
===============================================================================
restarts              : 2
conflicts             : 133            (inf /sec)
decisions             : 174            (0.00 % random) (inf /sec)
propagations          : 6830           (inf /sec)
conflict literals     : 682            (24.05 % deleted)
Memory used           : 19.00 MB
CPU time              : 0 s

UNSATISFIABLE
