WARNING: for repeatability, setting FPU to use double precision
============================[ Problem Statistics ]=============================
|                                                                             |
|  Number of variables:           278                                         |
|  Number of clauses:            1101                                         |
|  Parse time:                   0.00 s                                       |
|                                                                             |
============================[ Search Statistics ]==============================
| Conflicts |          ORIGINAL         |          LEARNT          | Progress |
|           |    Vars  Clauses Literals |    Limit  Clauses Lit/Cl |          |
===============================================================================
===============================================================================
restarts              : 1
conflicts             : 63             (inf /sec)
decisions             : 105            (0.00 % random) (inf /sec)
propagations          : 3598           (inf /sec)
conflict literals     : 275            (35.90 % deleted)
Memory used           : 19.00 MB
CPU time              : 0 s

UNSATISFIABLE
