WARNING: for repeatability, setting FPU to use double precision
============================[ Problem Statistics ]=============================
|                                                                             |
|  Number of variables:           278                                         |
|  Number of clauses:            1109                                         |
|  Parse time:                   0.00 s                                       |
|                                                                             |
============================[ Search Statistics ]==============================
| Conflicts |          ORIGINAL         |          LEARNT          | Progress |
|           |    Vars  Clauses Literals |    Limit  Clauses Lit/Cl |          |
===============================================================================
|       100 |     278     1109     3193 |      406      100      7 |  0.003 % |
===============================================================================
restarts              : 3
conflicts             : 213            (inf /sec)
decisions             : 270            (0.00 % random) (inf /sec)
propagations          : 10675          (inf /sec)
conflict literals     : 1357           (32.95 % deleted)
Memory used           : 19.00 MB
CPU time              : 0 s

UNSATISFIABLE
