WARNING: for repeatability, setting FPU to use double precision
============================[ Problem Statistics ]=============================
|                                                                             |
|  Number of variables:           280                                         |
|  Number of clauses:            1113                                         |
|  Parse time:                   0.00 s                                       |
|                                                                             |
============================[ Search Statistics ]==============================
| Conflicts |          ORIGINAL         |          LEARNT          | Progress |
|           |    Vars  Clauses Literals |    Limit  Clauses Lit/Cl |          |
===============================================================================
|       100 |     280     1113     3216 |      408      100      7 |  0.001 % |
|       250 |     244     1076     3110 |      448      118      6 | 12.872 % |
===============================================================================
restarts              : 3
conflicts             : 252            (inf /sec)
decisions             : 331            (0.00 % random) (inf /sec)
propagations          : 12251          (inf /sec)
conflict literals     : 1484           (24.75 % deleted)
Memory used           : 19.00 MB
CPU time              : 0 s

UNSATISFIABLE
