WARNING: for repeatability, setting FPU to use double precision
============================[ Problem Statistics ]=============================
|                                                                             |
|  Number of variables:           283                                         |
|  Number of clauses:            1147                                         |
|  Parse time:                   0.00 s                                       |
|                                                                             |
============================[ Search Statistics ]==============================
| Conflicts |          ORIGINAL         |          LEARNT          | Progress |
|           |    Vars  Clauses Literals |    Limit  Clauses Lit/Cl |          |
===============================================================================
|       100 |     282     1140     3295 |      420       61      6 |  0.377 % |
===============================================================================
restarts              : 2
conflicts             : 162            (inf /sec)
decisions             : 223            (0.00 % random) (inf /sec)
propagations          : 6838           (inf /sec)
conflict literals     : 781            (28.35 % deleted)
Memory used           : 19.00 MB
CPU time              : 0 s

UNSATISFIABLE
