WARNING: for repeatability, setting FPU to use double precision
============================[ Problem Statistics ]=============================
|                                                                             |
|  Number of variables:           290                                         |
|  Number of clauses:            1190                                         |
|  Parse time:                   0.00 s                                       |
|                                                                             |
============================[ Search Statistics ]==============================
| Conflicts |          ORIGINAL         |          LEARNT          | Progress |
|           |    Vars  Clauses Literals |    Limit  Clauses Lit/Cl |          |
===============================================================================
|       100 |     290     1190     3490 |      436      100      9 |  0.002 % |
|       250 |     290     1190     3490 |      479      250      9 |  0.001 % |
|       475 |     290     1190     3490 |      527      475      9 |  0.001 % |
===============================================================================
restarts              : 6
conflicts             : 736            (184000 /sec)
decisions             : 921            (0.00 % random) (230250 /sec)
propagations          : 37113          (9278250 /sec)
conflict literals     : 5767           (31.33 % deleted)
Memory used           : 19.00 MB
CPU time              : 0.004 s

UNSATISFIABLE
