WARNING: for repeatability, setting FPU to use double precision
============================[ Problem Statistics ]=============================
|                                                                             |
|  Number of variables:           280                                         |
|  Number of clauses:            1132                                         |
|  Parse time:                   0.00 s                                       |
|                                                                             |
============================[ Search Statistics ]==============================
| Conflicts |          ORIGINAL         |          LEARNT          | Progress |
|           |    Vars  Clauses Literals |    Limit  Clauses Lit/Cl |          |
===============================================================================
|       100 |     280     1132     3270 |      415      100      6 |  0.004 % |
===============================================================================
restarts              : 2
conflicts             : 184            (inf /sec)
decisions             : 231            (0.00 % random) (inf /sec)
propagations          : 8434           (inf /sec)
conflict literals     : 1021           (27.74 % deleted)
Memory used           : 19.00 MB
CPU time              : 0 s

UNSATISFIABLE
