WARNING: for repeatability, setting FPU to use double precision
============================[ Problem Statistics ]=============================
|                                                                             |
|  Number of variables:           279                                         |
|  Number of clauses:            1115                                         |
|  Parse time:                   0.00 s                                       |
|                                                                             |
============================[ Search Statistics ]==============================
| Conflicts |          ORIGINAL         |          LEARNT          | Progress |
|           |    Vars  Clauses Literals |    Limit  Clauses Lit/Cl |          |
===============================================================================
===============================================================================
restarts              : 1
conflicts             : 77             (inf /sec)
decisions             : 85             (0.00 % random) (inf /sec)
propagations          : 3807           (inf /sec)
conflict literals     : 351            (28.07 % deleted)
Memory used           : 19.00 MB
CPU time              : 0 s

UNSATISFIABLE
