WARNING: for repeatability, setting FPU to use double precision
============================[ Problem Statistics ]=============================
|                                                                             |
|  Number of variables:           285                                         |
|  Number of clauses:            1161                                         |
|  Parse time:                   0.00 s                                       |
|                                                                             |
============================[ Search Statistics ]==============================
| Conflicts |          ORIGINAL         |          LEARNT          | Progress |
|           |    Vars  Clauses Literals |    Limit  Clauses Lit/Cl |          |
===============================================================================
|       100 |     285     1161     3370 |      425      100      6 |  0.015 % |
|       250 |     284     1152     3344 |      468      205      7 |  0.364 % |
===============================================================================
restarts              : 3
conflicts             : 266            (inf /sec)
decisions             : 353            (0.00 % random) (inf /sec)
propagations          : 12974          (inf /sec)
conflict literals     : 1683           (31.83 % deleted)
Memory used           : 19.00 MB
CPU time              : 0 s

UNSATISFIABLE
