WARNING: for repeatability, setting FPU to use double precision
============================[ Problem Statistics ]=============================
|                                                                             |
|  Number of variables:           282                                         |
|  Number of clauses:            1132                                         |
|  Parse time:                   0.00 s                                       |
|                                                                             |
============================[ Search Statistics ]==============================
| Conflicts |          ORIGINAL         |          LEARNT          | Progress |
|           |    Vars  Clauses Literals |    Limit  Clauses Lit/Cl |          |
===============================================================================
|       100 |     280     1122     3230 |      415       71      7 |  0.710 % |
|       250 |     280     1122     3230 |      456      221      8 |  0.712 % |
===============================================================================
restarts              : 4
conflicts             : 410            (102500 /sec)
decisions             : 507            (0.00 % random) (126750 /sec)
propagations          : 23604          (5901000 /sec)
conflict literals     : 3184           (34.24 % deleted)
Memory used           : 19.00 MB
CPU time              : 0.004 s

UNSATISFIABLE
