WARNING: for repeatability, setting FPU to use double precision
============================[ Problem Statistics ]=============================
|                                                                             |
|  Number of variables:           281                                         |
|  Number of clauses:            1119                                         |
|  Parse time:                   0.00 s                                       |
|                                                                             |
============================[ Search Statistics ]==============================
| Conflicts |          ORIGINAL         |          LEARNT          | Progress |
|           |    Vars  Clauses Literals |    Limit  Clauses Lit/Cl |          |
===============================================================================
|       100 |     281     1119     3227 |      410      100      8 |  0.001 % |
|       250 |     281     1119     3227 |      451      250      8 |  0.009 % |
===============================================================================
restarts              : 4
conflicts             : 427            (inf /sec)
decisions             : 533            (0.00 % random) (inf /sec)
propagations          : 23983          (inf /sec)
conflict literals     : 3175           (33.00 % deleted)
Memory used           : 19.00 MB
CPU time              : 0 s

UNSATISFIABLE
