WARNING: for repeatability, setting FPU to use double precision
============================[ Problem Statistics ]=============================
|                                                                             |
|  Number of variables:           284                                         |
|  Number of clauses:            1161                                         |
|  Parse time:                   0.00 s                                       |
|                                                                             |
============================[ Search Statistics ]==============================
| Conflicts |          ORIGINAL         |          LEARNT          | Progress |
|           |    Vars  Clauses Literals |    Limit  Clauses Lit/Cl |          |
===============================================================================
|       100 |     284     1161     3378 |      425      100      9 |  0.002 % |
|       250 |     284     1161     3378 |      468      250      9 |  0.005 % |
|       475 |     283     1147     3337 |      515      274      8 |  0.355 % |
===============================================================================
restarts              : 5
conflicts             : 590            (147500 /sec)
decisions             : 735            (0.00 % random) (183750 /sec)
propagations          : 29440          (7360000 /sec)
conflict literals     : 4450           (30.06 % deleted)
Memory used           : 19.00 MB
CPU time              : 0.004 s

UNSATISFIABLE
