WARNING: for repeatability, setting FPU to use double precision
============================[ Problem Statistics ]=============================
|                                                                             |
|  Number of variables:           268                                         |
|  Number of clauses:            1069                                         |
|  Parse time:                   0.00 s                                       |
|                                                                             |
============================[ Search Statistics ]==============================
| Conflicts |          ORIGINAL         |          LEARNT          | Progress |
|           |    Vars  Clauses Literals |    Limit  Clauses Lit/Cl |          |
===============================================================================
|       100 |     266     1060     2996 |      391       99      7 |  0.755 % |
===============================================================================
restarts              : 2
conflicts             : 118            (inf /sec)
decisions             : 137            (0.00 % random) (inf /sec)
propagations          : 5164           (inf /sec)
conflict literals     : 737            (20.75 % deleted)
Memory used           : 19.00 MB
CPU time              : 0 s

UNSATISFIABLE
