WARNING: for repeatability, setting FPU to use double precision
============================[ Problem Statistics ]=============================
|                                                                             |
|  Number of variables:           273                                         |
|  Number of clauses:            1047                                         |
|  Parse time:                   0.00 s                                       |
|                                                                             |
============================[ Search Statistics ]==============================
| Conflicts |          ORIGINAL         |          LEARNT          | Progress |
|           |    Vars  Clauses Literals |    Limit  Clauses Lit/Cl |          |
===============================================================================
|       100 |     272     1047     2978 |      383       99      6 |  0.374 % |
===============================================================================
restarts              : 2
conflicts             : 191            (inf /sec)
decisions             : 225            (0.00 % random) (inf /sec)
propagations          : 9635           (inf /sec)
conflict literals     : 1029           (35.69 % deleted)
Memory used           : 19.00 MB
CPU time              : 0 s

UNSATISFIABLE
