WARNING: for repeatability, setting FPU to use double precision
============================[ Problem Statistics ]=============================
|                                                                             |
|  Number of variables:           284                                         |
|  Number of clauses:            1138                                         |
|  Parse time:                   0.00 s                                       |
|                                                                             |
============================[ Search Statistics ]==============================
| Conflicts |          ORIGINAL         |          LEARNT          | Progress |
|           |    Vars  Clauses Literals |    Limit  Clauses Lit/Cl |          |
===============================================================================
|       100 |     284     1138     3284 |      417      100      7 |  0.004 % |
|       250 |     272     1100     3176 |      458      136      7 |  4.260 % |
===============================================================================
restarts              : 3
conflicts             : 253            (inf /sec)
decisions             : 324            (0.00 % random) (inf /sec)
propagations          : 13405          (inf /sec)
conflict literals     : 1566           (32.24 % deleted)
Memory used           : 19.00 MB
CPU time              : 0 s

UNSATISFIABLE
