WARNING: for repeatability, setting FPU to use double precision
============================[ Problem Statistics ]=============================
|                                                                             |
|  Number of variables:           284                                         |
|  Number of clauses:            1153                                         |
|  Parse time:                   0.00 s                                       |
|                                                                             |
============================[ Search Statistics ]==============================
| Conflicts |          ORIGINAL         |          LEARNT          | Progress |
|           |    Vars  Clauses Literals |    Limit  Clauses Lit/Cl |          |
===============================================================================
|       100 |     284     1153     3328 |      422      100      7 |  0.002 % |
===============================================================================
restarts              : 3
conflicts             : 207            (inf /sec)
decisions             : 259            (0.00 % random) (inf /sec)
propagations          : 10785          (inf /sec)
conflict literals     : 1361           (28.22 % deleted)
Memory used           : 19.00 MB
CPU time              : 0 s

UNSATISFIABLE
