WARNING: for repeatability, setting FPU to use double precision
============================[ Problem Statistics ]=============================
|                                                                             |
|  Number of variables:           282                                         |
|  Number of clauses:            1132                                         |
|  Parse time:                   0.00 s                                       |
|                                                                             |
============================[ Search Statistics ]==============================
| Conflicts |          ORIGINAL         |          LEARNT          | Progress |
|           |    Vars  Clauses Literals |    Limit  Clauses Lit/Cl |          |
===============================================================================
|       100 |     282     1132     3265 |      415      100      7 |  0.001 % |
===============================================================================
restarts              : 3
conflicts             : 230            (inf /sec)
decisions             : 272            (0.00 % random) (inf /sec)
propagations          : 11281          (inf /sec)
conflict literals     : 1455           (28.40 % deleted)
Memory used           : 19.00 MB
CPU time              : 0 s

UNSATISFIABLE
