WARNING: for repeatability, setting FPU to use double precision
============================[ Problem Statistics ]=============================
|                                                                             |
|  Number of variables:           269                                         |
|  Number of clauses:            1031                                         |
|  Parse time:                   0.00 s                                       |
|                                                                             |
============================[ Search Statistics ]==============================
| Conflicts |          ORIGINAL         |          LEARNT          | Progress |
|           |    Vars  Clauses Literals |    Limit  Clauses Lit/Cl |          |
===============================================================================
===============================================================================
restarts              : 1
conflicts             : 91             (inf /sec)
decisions             : 129            (0.00 % random) (inf /sec)
propagations          : 4701           (inf /sec)
conflict literals     : 558            (24.70 % deleted)
Memory used           : 19.00 MB
CPU time              : 0 s

UNSATISFIABLE
