WARNING: for repeatability, setting FPU to use double precision
============================[ Problem Statistics ]=============================
|                                                                             |
|  Number of variables:           280                                         |
|  Number of clauses:            1115                                         |
|  Parse time:                   0.00 s                                       |
|                                                                             |
============================[ Search Statistics ]==============================
| Conflicts |          ORIGINAL         |          LEARNT          | Progress |
|           |    Vars  Clauses Literals |    Limit  Clauses Lit/Cl |          |
===============================================================================
|       100 |     280     1115     3205 |      408      100      7 |  0.009 % |
===============================================================================
restarts              : 2
conflicts             : 161            (inf /sec)
decisions             : 192            (0.00 % random) (inf /sec)
propagations          : 8324           (inf /sec)
conflict literals     : 1028           (33.29 % deleted)
Memory used           : 19.00 MB
CPU time              : 0 s

UNSATISFIABLE
