WARNING: for repeatability, setting FPU to use double precision
============================[ Problem Statistics ]=============================
|                                                                             |
|  Number of variables:           278                                         |
|  Number of clauses:            1109                                         |
|  Parse time:                   0.00 s                                       |
|                                                                             |
============================[ Search Statistics ]==============================
| Conflicts |          ORIGINAL         |          LEARNT          | Progress |
|           |    Vars  Clauses Literals |    Limit  Clauses Lit/Cl |          |
===============================================================================
|       100 |     278     1109     3195 |      406      100      7 |  0.003 % |
===============================================================================
restarts              : 2
conflicts             : 186            (inf /sec)
decisions             : 221            (0.00 % random) (inf /sec)
propagations          : 10109          (inf /sec)
conflict literals     : 1171           (32.47 % deleted)
Memory used           : 19.00 MB
CPU time              : 0 s

UNSATISFIABLE
