WARNING: for repeatability, setting FPU to use double precision
============================[ Problem Statistics ]=============================
|                                                                             |
|  Number of variables:           268                                         |
|  Number of clauses:            1022                                         |
|  Parse time:                   0.00 s                                       |
|                                                                             |
============================[ Search Statistics ]==============================
| Conflicts |          ORIGINAL         |          LEARNT          | Progress |
|           |    Vars  Clauses Literals |    Limit  Clauses Lit/Cl |          |
===============================================================================
|       100 |     257      985     2777 |      374       53      6 |  4.104 % |
===============================================================================
restarts              : 2
conflicts             : 104            (inf /sec)
decisions             : 141            (0.00 % random) (inf /sec)
propagations          : 5205           (inf /sec)
conflict literals     : 570            (32.14 % deleted)
Memory used           : 19.00 MB
CPU time              : 0 s

UNSATISFIABLE
