WARNING: for repeatability, setting FPU to use double precision
============================[ Problem Statistics ]=============================
|                                                                             |
|  Number of variables:           276                                         |
|  Number of clauses:            1080                                         |
|  Parse time:                   0.00 s                                       |
|                                                                             |
============================[ Search Statistics ]==============================
| Conflicts |          ORIGINAL         |          LEARNT          | Progress |
|           |    Vars  Clauses Literals |    Limit  Clauses Lit/Cl |          |
===============================================================================
|       100 |     276     1080     3097 |      396      100      7 |  0.003 % |
===============================================================================
restarts              : 2
conflicts             : 200            (inf /sec)
decisions             : 253            (0.00 % random) (inf /sec)
propagations          : 10202          (inf /sec)
conflict literals     : 1196           (30.67 % deleted)
Memory used           : 19.00 MB
CPU time              : 0 s

UNSATISFIABLE
