WARNING: for repeatability, setting FPU to use double precision
============================[ Problem Statistics ]=============================
|                                                                             |
|  Number of variables:           280                                         |
|  Number of clauses:            1125                                         |
|  Parse time:                   0.00 s                                       |
|                                                                             |
============================[ Search Statistics ]==============================
| Conflicts |          ORIGINAL         |          LEARNT          | Progress |
|           |    Vars  Clauses Literals |    Limit  Clauses Lit/Cl |          |
===============================================================================
|       100 |     280     1125     3238 |      412      100      8 |  0.001 % |
|       250 |     280     1125     3238 |      453      250      8 |  0.005 % |
===============================================================================
restarts              : 3
conflicts             : 401            (100250 /sec)
decisions             : 492            (0.00 % random) (123000 /sec)
propagations          : 20541          (5135250 /sec)
conflict literals     : 2931           (29.54 % deleted)
Memory used           : 19.00 MB
CPU time              : 0.004 s

UNSATISFIABLE
