WARNING: for repeatability, setting FPU to use double precision
============================[ Problem Statistics ]=============================
|                                                                             |
|  Number of variables:           285                                         |
|  Number of clauses:            1167                                         |
|  Parse time:                   0.00 s                                       |
|                                                                             |
============================[ Search Statistics ]==============================
| Conflicts |          ORIGINAL         |          LEARNT          | Progress |
|           |    Vars  Clauses Literals |    Limit  Clauses Lit/Cl |          |
===============================================================================
|       100 |     278     1141     3317 |      427       62      6 |  2.459 % |
===============================================================================
restarts              : 2
conflicts             : 105            (inf /sec)
decisions             : 124            (0.00 % random) (inf /sec)
propagations          : 5319           (inf /sec)
conflict literals     : 539            (35.37 % deleted)
Memory used           : 19.00 MB
CPU time              : 0 s

UNSATISFIABLE
