WARNING: for repeatability, setting FPU to use double precision
============================[ Problem Statistics ]=============================
|                                                                             |
|  Number of variables:           291                                         |
|  Number of clauses:            1207                                         |
|  Parse time:                   0.00 s                                       |
|                                                                             |
============================[ Search Statistics ]==============================
| Conflicts |          ORIGINAL         |          LEARNT          | Progress |
|           |    Vars  Clauses Literals |    Limit  Clauses Lit/Cl |          |
===============================================================================
|       100 |     291     1207     3534 |      442      100     10 |  0.001 % |
|       250 |     291     1207     3534 |      486      250      9 |  0.004 % |
|       475 |     291     1207     3534 |      535      475      9 |  0.001 % |
|       812 |     291     1207     3534 |      589      534      9 |  0.004 % |
===============================================================================
restarts              : 7
conflicts             : 1157           (144625 /sec)
decisions             : 1421           (0.00 % random) (177625 /sec)
propagations          : 60347          (7543375 /sec)
conflict literals     : 9508           (31.87 % deleted)
Memory used           : 19.00 MB
CPU time              : 0.008 s

UNSATISFIABLE
