WARNING: for repeatability, setting FPU to use double precision
============================[ Problem Statistics ]=============================
|                                                                             |
|  Number of variables:           282                                         |
|  Number of clauses:            1147                                         |
|  Parse time:                   0.00 s                                       |
|                                                                             |
============================[ Search Statistics ]==============================
| Conflicts |          ORIGINAL         |          LEARNT          | Progress |
|           |    Vars  Clauses Literals |    Limit  Clauses Lit/Cl |          |
===============================================================================
|       100 |     279     1142     3293 |      420       72      7 |  1.070 % |
===============================================================================
restarts              : 2
conflicts             : 146            (inf /sec)
decisions             : 201            (0.00 % random) (inf /sec)
propagations          : 6393           (inf /sec)
conflict literals     : 907            (26.38 % deleted)
Memory used           : 19.00 MB
CPU time              : 0 s

UNSATISFIABLE
