WARNING: for repeatability, setting FPU to use double precision
============================[ Problem Statistics ]=============================
|                                                                             |
|  Number of variables:           286                                         |
|  Number of clauses:            1172                                         |
|  Parse time:                   0.00 s                                       |
|                                                                             |
============================[ Search Statistics ]==============================
| Conflicts |          ORIGINAL         |          LEARNT          | Progress |
|           |    Vars  Clauses Literals |    Limit  Clauses Lit/Cl |          |
===============================================================================
|       100 |     286     1172     3427 |      429      100      9 |  0.001 % |
|       250 |     286     1172     3427 |      472      250      9 |  0.001 % |
|       475 |     286     1172     3427 |      519      475      9 |  0.002 % |
|       812 |     286     1172     3427 |      571      274      8 |  0.007 % |
===============================================================================
restarts              : 7
conflicts             : 950            (118750 /sec)
decisions             : 1210           (0.00 % random) (151250 /sec)
propagations          : 50021          (6252625 /sec)
conflict literals     : 8179           (31.98 % deleted)
Memory used           : 19.00 MB
CPU time              : 0.008 s

UNSATISFIABLE
