WARNING: for repeatability, setting FPU to use double precision
============================[ Problem Statistics ]=============================
|                                                                             |
|  Number of variables:           282                                         |
|  Number of clauses:            1123                                         |
|  Parse time:                   0.00 s                                       |
|                                                                             |
============================[ Search Statistics ]==============================
| Conflicts |          ORIGINAL         |          LEARNT          | Progress |
|           |    Vars  Clauses Literals |    Limit  Clauses Lit/Cl |          |
===============================================================================
|       100 |     282     1123     3243 |      411      100      7 |  0.003 % |
===============================================================================
restarts              : 2
conflicts             : 188            (inf /sec)
decisions             : 231            (0.00 % random) (inf /sec)
propagations          : 9330           (inf /sec)
conflict literals     : 1167           (26.47 % deleted)
Memory used           : 19.00 MB
CPU time              : 0 s

UNSATISFIABLE
