WARNING: for repeatability, setting FPU to use double precision
============================[ Problem Statistics ]=============================
|                                                                             |
|  Number of variables:           278                                         |
|  Number of clauses:            1107                                         |
|  Parse time:                   0.00 s                                       |
|                                                                             |
============================[ Search Statistics ]==============================
| Conflicts |          ORIGINAL         |          LEARNT          | Progress |
|           |    Vars  Clauses Literals |    Limit  Clauses Lit/Cl |          |
===============================================================================
|       100 |     278     1107     3187 |      405      100      6 |  0.025 % |
===============================================================================
restarts              : 2
conflicts             : 197            (inf /sec)
decisions             : 241            (0.00 % random) (inf /sec)
propagations          : 9688           (inf /sec)
conflict literals     : 1104           (34.98 % deleted)
Memory used           : 19.00 MB
CPU time              : 0 s

UNSATISFIABLE
