WARNING: for repeatability, setting FPU to use double precision
============================[ Problem Statistics ]=============================
|                                                                             |
|  Number of variables:           284                                         |
|  Number of clauses:            1176                                         |
|  Parse time:                   0.00 s                                       |
|                                                                             |
============================[ Search Statistics ]==============================
| Conflicts |          ORIGINAL         |          LEARNT          | Progress |
|           |    Vars  Clauses Literals |    Limit  Clauses Lit/Cl |          |
===============================================================================
|       100 |     284     1176     3402 |      431      100      7 |  0.010 % |
===============================================================================
restarts              : 2
conflicts             : 172            (inf /sec)
decisions             : 205            (0.00 % random) (inf /sec)
propagations          : 8708           (inf /sec)
conflict literals     : 1063           (26.33 % deleted)
Memory used           : 19.00 MB
CPU time              : 0 s

UNSATISFIABLE
