WARNING: for repeatability, setting FPU to use double precision
============================[ Problem Statistics ]=============================
|                                                                             |
|  Number of variables:           288                                         |
|  Number of clauses:            1196                                         |
|  Parse time:                   0.00 s                                       |
|                                                                             |
============================[ Search Statistics ]==============================
| Conflicts |          ORIGINAL         |          LEARNT          | Progress |
|           |    Vars  Clauses Literals |    Limit  Clauses Lit/Cl |          |
===============================================================================
|       100 |     287     1196     3476 |      438       99      6 |  0.347 % |
===============================================================================
restarts              : 2
conflicts             : 129            (inf /sec)
decisions             : 195            (0.00 % random) (inf /sec)
propagations          : 6306           (inf /sec)
conflict literals     : 781            (36.45 % deleted)
Memory used           : 19.00 MB
CPU time              : 0 s

UNSATISFIABLE
