WARNING: for repeatability, setting FPU to use double precision
============================[ Problem Statistics ]=============================
|                                                                             |
|  Number of variables:           272                                         |
|  Number of clauses:            1062                                         |
|  Parse time:                   0.00 s                                       |
|                                                                             |
============================[ Search Statistics ]==============================
| Conflicts |          ORIGINAL         |          LEARNT          | Progress |
|           |    Vars  Clauses Literals |    Limit  Clauses Lit/Cl |          |
===============================================================================
|       100 |     271     1062     3032 |      389       99      6 |  0.368 % |
===============================================================================
restarts              : 2
conflicts             : 125            (inf /sec)
decisions             : 160            (0.00 % random) (inf /sec)
propagations          : 6865           (inf /sec)
conflict literals     : 695            (30.29 % deleted)
Memory used           : 19.00 MB
CPU time              : 0 s

UNSATISFIABLE
