WARNING: for repeatability, setting FPU to use double precision
============================[ Problem Statistics ]=============================
|                                                                             |
|  Number of variables:           277                                         |
|  Number of clauses:            1102                                         |
|  Parse time:                   0.00 s                                       |
|                                                                             |
============================[ Search Statistics ]==============================
| Conflicts |          ORIGINAL         |          LEARNT          | Progress |
|           |    Vars  Clauses Literals |    Limit  Clauses Lit/Cl |          |
===============================================================================
===============================================================================
restarts              : 1
conflicts             : 58             (inf /sec)
decisions             : 101            (0.00 % random) (inf /sec)
propagations          : 2853           (inf /sec)
conflict literals     : 269            (30.49 % deleted)
Memory used           : 19.00 MB
CPU time              : 0 s

UNSATISFIABLE
