WARNING: for repeatability, setting FPU to use double precision
============================[ Problem Statistics ]=============================
|                                                                             |
|  Number of variables:           274                                         |
|  Number of clauses:            1077                                         |
|  Parse time:                   0.00 s                                       |
|                                                                             |
============================[ Search Statistics ]==============================
| Conflicts |          ORIGINAL         |          LEARNT          | Progress |
|           |    Vars  Clauses Literals |    Limit  Clauses Lit/Cl |          |
===============================================================================
|       100 |     273     1068     3046 |      394       40      5 |  0.366 % |
===============================================================================
restarts              : 2
conflicts             : 142            (inf /sec)
decisions             : 174            (0.00 % random) (inf /sec)
propagations          : 7932           (inf /sec)
conflict literals     : 693            (31.99 % deleted)
Memory used           : 19.00 MB
CPU time              : 0 s

UNSATISFIABLE
