WARNING: for repeatability, setting FPU to use double precision
============================[ Problem Statistics ]=============================
|                                                                             |
|  Number of variables:           277                                         |
|  Number of clauses:            1118                                         |
|  Parse time:                   0.00 s                                       |
|                                                                             |
============================[ Search Statistics ]==============================
| Conflicts |          ORIGINAL         |          LEARNT          | Progress |
|           |    Vars  Clauses Literals |    Limit  Clauses Lit/Cl |          |
===============================================================================
|       100 |     270     1093     3138 |      409       69      6 |  2.527 % |
===============================================================================
restarts              : 2
conflicts             : 111            (inf /sec)
decisions             : 126            (0.00 % random) (inf /sec)
propagations          : 5253           (inf /sec)
conflict literals     : 557            (32.24 % deleted)
Memory used           : 19.00 MB
CPU time              : 0 s

UNSATISFIABLE
