WARNING: for repeatability, setting FPU to use double precision
============================[ Problem Statistics ]=============================
|                                                                             |
|  Number of variables:           277                                         |
|  Number of clauses:            1103                                         |
|  Parse time:                   0.00 s                                       |
|                                                                             |
============================[ Search Statistics ]==============================
| Conflicts |          ORIGINAL         |          LEARNT          | Progress |
|           |    Vars  Clauses Literals |    Limit  Clauses Lit/Cl |          |
===============================================================================
|       100 |     275     1088     3112 |      404       68      6 |  0.738 % |
===============================================================================
restarts              : 2
conflicts             : 130            (inf /sec)
decisions             : 156            (0.00 % random) (inf /sec)
propagations          : 6740           (inf /sec)
conflict literals     : 631            (34.48 % deleted)
Memory used           : 19.00 MB
CPU time              : 0 s

UNSATISFIABLE
