WARNING: for repeatability, setting FPU to use double precision
============================[ Problem Statistics ]=============================
|                                                                             |
|  Number of variables:           281                                         |
|  Number of clauses:            1132                                         |
|  Parse time:                   0.00 s                                       |
|                                                                             |
============================[ Search Statistics ]==============================
| Conflicts |          ORIGINAL         |          LEARNT          | Progress |
|           |    Vars  Clauses Literals |    Limit  Clauses Lit/Cl |          |
===============================================================================
|       100 |     280     1123     3224 |      415       63      6 |  0.357 % |
===============================================================================
restarts              : 2
conflicts             : 127            (inf /sec)
decisions             : 151            (0.00 % random) (inf /sec)
propagations          : 7147           (inf /sec)
conflict literals     : 643            (32.81 % deleted)
Memory used           : 19.00 MB
CPU time              : 0 s

UNSATISFIABLE
