WARNING: for repeatability, setting FPU to use double precision
============================[ Problem Statistics ]=============================
|                                                                             |
|  Number of variables:           284                                         |
|  Number of clauses:            1156                                         |
|  Parse time:                   0.00 s                                       |
|                                                                             |
============================[ Search Statistics ]==============================
| Conflicts |          ORIGINAL         |          LEARNT          | Progress |
|           |    Vars  Clauses Literals |    Limit  Clauses Lit/Cl |          |
===============================================================================
|       100 |     284     1156     3347 |      423      100      7 |  0.001 % |
|       250 |     279     1140     3301 |      466      125      6 |  1.763 % |
===============================================================================
restarts              : 3
conflicts             : 320            (inf /sec)
decisions             : 393            (0.00 % random) (inf /sec)
propagations          : 15883          (inf /sec)
conflict literals     : 1810           (31.39 % deleted)
Memory used           : 19.00 MB
CPU time              : 0 s

UNSATISFIABLE
