WARNING: for repeatability, setting FPU to use double precision
============================[ Problem Statistics ]=============================
|                                                                             |
|  Number of variables:           277                                         |
|  Number of clauses:            1118                                         |
|  Parse time:                   0.00 s                                       |
|                                                                             |
============================[ Search Statistics ]==============================
| Conflicts |          ORIGINAL         |          LEARNT          | Progress |
|           |    Vars  Clauses Literals |    Limit  Clauses Lit/Cl |          |
===============================================================================
|       100 |     269     1103     3154 |      409       62      5 |  2.897 % |
===============================================================================
restarts              : 2
conflicts             : 103            (inf /sec)
decisions             : 135            (0.00 % random) (inf /sec)
propagations          : 5327           (inf /sec)
conflict literals     : 452            (32.23 % deleted)
Memory used           : 19.00 MB
CPU time              : 0 s

UNSATISFIABLE
