WARNING: for repeatability, setting FPU to use double precision
============================[ Problem Statistics ]=============================
|                                                                             |
|  Number of variables:           285                                         |
|  Number of clauses:            1189                                         |
|  Parse time:                   0.00 s                                       |
|                                                                             |
============================[ Search Statistics ]==============================
| Conflicts |          ORIGINAL         |          LEARNT          | Progress |
|           |    Vars  Clauses Literals |    Limit  Clauses Lit/Cl |          |
===============================================================================
|       100 |     285     1189     3445 |      435      100      8 |  0.001 % |
===============================================================================
restarts              : 2
conflicts             : 188            (inf /sec)
decisions             : 229            (0.00 % random) (inf /sec)
propagations          : 9617           (inf /sec)
conflict literals     : 1327           (28.08 % deleted)
Memory used           : 19.00 MB
CPU time              : 0 s

UNSATISFIABLE
