WARNING: for repeatability, setting FPU to use double precision
============================[ Problem Statistics ]=============================
|                                                                             |
|  Number of variables:           273                                         |
|  Number of clauses:            1077                                         |
|  Parse time:                   0.00 s                                       |
|                                                                             |
============================[ Search Statistics ]==============================
| Conflicts |          ORIGINAL         |          LEARNT          | Progress |
|           |    Vars  Clauses Literals |    Limit  Clauses Lit/Cl |          |
===============================================================================
|       100 |     270     1070     3054 |      394       97      5 |  1.103 % |
===============================================================================
restarts              : 2
conflicts             : 120            (inf /sec)
decisions             : 149            (0.00 % random) (inf /sec)
propagations          : 5584           (inf /sec)
conflict literals     : 560            (30.69 % deleted)
Memory used           : 19.00 MB
CPU time              : 0 s

UNSATISFIABLE
