WARNING: for repeatability, setting FPU to use double precision
============================[ Problem Statistics ]=============================
|                                                                             |
|  Number of variables:           285                                         |
|  Number of clauses:            1160                                         |
|  Parse time:                   0.00 s                                       |
|                                                                             |
============================[ Search Statistics ]==============================
| Conflicts |          ORIGINAL         |          LEARNT          | Progress |
|           |    Vars  Clauses Literals |    Limit  Clauses Lit/Cl |          |
===============================================================================
|       100 |     285     1160     3354 |      425      100      7 |  0.001 % |
|       250 |     285     1160     3354 |      467      250      7 |  0.005 % |
===============================================================================
restarts              : 3
conflicts             : 362            (90500 /sec)
decisions             : 421            (0.00 % random) (105250 /sec)
propagations          : 17660          (4415000 /sec)
conflict literals     : 2407           (31.03 % deleted)
Memory used           : 19.00 MB
CPU time              : 0.004 s

UNSATISFIABLE
