WARNING: for repeatability, setting FPU to use double precision
============================[ Problem Statistics ]=============================
|                                                                             |
|  Number of variables:           286                                         |
|  Number of clauses:            1158                                         |
|  Parse time:                   0.00 s                                       |
|                                                                             |
============================[ Search Statistics ]==============================
| Conflicts |          ORIGINAL         |          LEARNT          | Progress |
|           |    Vars  Clauses Literals |    Limit  Clauses Lit/Cl |          |
===============================================================================
|       100 |     286     1158     3356 |      424      100      9 |  0.001 % |
|       250 |     286     1158     3356 |      467      250      9 |  0.004 % |
|       475 |     286     1158     3356 |      513      475      9 |  0.002 % |
|       812 |     284     1136     3291 |      565      483      8 |  0.702 % |
===============================================================================
restarts              : 7
conflicts             : 893            (223250 /sec)
decisions             : 1130           (0.00 % random) (282500 /sec)
propagations          : 44995          (11248750 /sec)
conflict literals     : 7404           (28.53 % deleted)
Memory used           : 19.00 MB
CPU time              : 0.004 s

UNSATISFIABLE
