WARNING: for repeatability, setting FPU to use double precision
============================[ Problem Statistics ]=============================
|                                                                             |
|  Number of variables:           286                                         |
|  Number of clauses:            1173                                         |
|  Parse time:                   0.00 s                                       |
|                                                                             |
============================[ Search Statistics ]==============================
| Conflicts |          ORIGINAL         |          LEARNT          | Progress |
|           |    Vars  Clauses Literals |    Limit  Clauses Lit/Cl |          |
===============================================================================
|       100 |     286     1173     3407 |      430      100      9 |  0.002 % |
|       250 |     286     1173     3407 |      473      250      9 |  0.001 % |
|       475 |     286     1173     3407 |      520      475      8 |  0.002 % |
===============================================================================
restarts              : 6
conflicts             : 718            (179500 /sec)
decisions             : 893            (0.00 % random) (223250 /sec)
propagations          : 37301          (9325250 /sec)
conflict literals     : 5549           (31.01 % deleted)
Memory used           : 19.00 MB
CPU time              : 0.004 s

UNSATISFIABLE
