WARNING: for repeatability, setting FPU to use double precision
============================[ Problem Statistics ]=============================
|                                                                             |
|  Number of variables:           287                                         |
|  Number of clauses:            1183                                         |
|  Parse time:                   0.00 s                                       |
|                                                                             |
============================[ Search Statistics ]==============================
| Conflicts |          ORIGINAL         |          LEARNT          | Progress |
|           |    Vars  Clauses Literals |    Limit  Clauses Lit/Cl |          |
===============================================================================
|       100 |     287     1183     3438 |      433      100      8 |  0.006 % |
|       250 |     287     1183     3438 |      477      250      8 |  0.002 % |
|       475 |     286     1178     3424 |      524      366      8 |  0.356 % |
|       812 |     282     1145     3332 |      577      282      7 |  1.743 % |
===============================================================================
restarts              : 7
conflicts             : 896            (112000 /sec)
decisions             : 1097           (0.00 % random) (137125 /sec)
propagations          : 41726          (5215750 /sec)
conflict literals     : 6374           (30.89 % deleted)
Memory used           : 19.00 MB
CPU time              : 0.008 s

UNSATISFIABLE
