WARNING: for repeatability, setting FPU to use double precision
============================[ Problem Statistics ]=============================
|                                                                             |
|  Number of variables:           282                                         |
|  Number of clauses:            1154                                         |
|  Parse time:                   0.00 s                                       |
|                                                                             |
============================[ Search Statistics ]==============================
| Conflicts |          ORIGINAL         |          LEARNT          | Progress |
|           |    Vars  Clauses Literals |    Limit  Clauses Lit/Cl |          |
===============================================================================
|       100 |     282     1154     3316 |      423      100      7 |  0.001 % |
|       250 |     277     1114     3202 |      465      174      7 |  1.774 % |
===============================================================================
restarts              : 3
conflicts             : 394            (98500 /sec)
decisions             : 481            (0.00 % random) (120250 /sec)
propagations          : 20529          (5132250 /sec)
conflict literals     : 2405           (30.73 % deleted)
Memory used           : 19.00 MB
CPU time              : 0.004 s

UNSATISFIABLE
