WARNING: for repeatability, setting FPU to use double precision
============================[ Problem Statistics ]=============================
|                                                                             |
|  Number of variables:           276                                         |
|  Number of clauses:            1110                                         |
|  Parse time:                   0.00 s                                       |
|                                                                             |
============================[ Search Statistics ]==============================
| Conflicts |          ORIGINAL         |          LEARNT          | Progress |
|           |    Vars  Clauses Literals |    Limit  Clauses Lit/Cl |          |
===============================================================================
|       100 |     257     1101     3151 |      407       51      6 |  6.908 % |
===============================================================================
restarts              : 2
conflicts             : 108            (inf /sec)
decisions             : 125            (0.00 % random) (inf /sec)
propagations          : 5578           (inf /sec)
conflict literals     : 532            (31.88 % deleted)
Memory used           : 19.00 MB
CPU time              : 0 s

UNSATISFIABLE
