WARNING: for repeatability, setting FPU to use double precision
============================[ Problem Statistics ]=============================
|                                                                             |
|  Number of variables:           279                                         |
|  Number of clauses:            1096                                         |
|  Parse time:                   0.00 s                                       |
|                                                                             |
============================[ Search Statistics ]==============================
| Conflicts |          ORIGINAL         |          LEARNT          | Progress |
|           |    Vars  Clauses Literals |    Limit  Clauses Lit/Cl |          |
===============================================================================
|       100 |     279     1096     3145 |      401      100      7 |  0.001 % |
===============================================================================
restarts              : 2
conflicts             : 200            (inf /sec)
decisions             : 245            (0.00 % random) (inf /sec)
propagations          : 9342           (inf /sec)
conflict literals     : 1215           (31.74 % deleted)
Memory used           : 19.00 MB
CPU time              : 0 s

UNSATISFIABLE
