WARNING: for repeatability, setting FPU to use double precision
============================[ Problem Statistics ]=============================
|                                                                             |
|  Number of variables:           288                                         |
|  Number of clauses:            1189                                         |
|  Parse time:                   0.00 s                                       |
|                                                                             |
============================[ Search Statistics ]==============================
| Conflicts |          ORIGINAL         |          LEARNT          | Progress |
|           |    Vars  Clauses Literals |    Limit  Clauses Lit/Cl |          |
===============================================================================
|       100 |     288     1189     3463 |      435      100      9 |  0.001 % |
|       250 |     288     1189     3463 |      479      250      8 |  0.001 % |
===============================================================================
restarts              : 4
conflicts             : 468            (inf /sec)
decisions             : 556            (0.00 % random) (inf /sec)
propagations          : 21881          (inf /sec)
conflict literals     : 3331           (30.30 % deleted)
Memory used           : 19.00 MB
CPU time              : 0 s

UNSATISFIABLE
