WARNING: for repeatability, setting FPU to use double precision
============================[ Problem Statistics ]=============================
|                                                                             |
|  Number of variables:           285                                         |
|  Number of clauses:            1161                                         |
|  Parse time:                   0.00 s                                       |
|                                                                             |
============================[ Search Statistics ]==============================
| Conflicts |          ORIGINAL         |          LEARNT          | Progress |
|           |    Vars  Clauses Literals |    Limit  Clauses Lit/Cl |          |
===============================================================================
|       100 |     285     1161     3394 |      425      100     11 |  0.001 % |
|       250 |     285     1161     3394 |      468      250     10 |  0.002 % |
|       475 |     285     1161     3394 |      515      475     10 |  0.011 % |
|       812 |     285     1161     3394 |      566      277      8 |  0.001 % |
|      1318 |     285     1161     3394 |      623      494      8 |  0.001 % |
===============================================================================
restarts              : 12
conflicts             : 1737           (144750 /sec)
decisions             : 2180           (0.00 % random) (181667 /sec)
propagations          : 89337          (7444750 /sec)
conflict literals     : 15505          (28.89 % deleted)
Memory used           : 19.00 MB
CPU time              : 0.012 s

UNSATISFIABLE
