WARNING: for repeatability, setting FPU to use double precision
============================[ Problem Statistics ]=============================
|                                                                             |
|  Number of variables:           281                                         |
|  Number of clauses:            1131                                         |
|  Parse time:                   0.00 s                                       |
|                                                                             |
============================[ Search Statistics ]==============================
| Conflicts |          ORIGINAL         |          LEARNT          | Progress |
|           |    Vars  Clauses Literals |    Limit  Clauses Lit/Cl |          |
===============================================================================
|       100 |     265     1104     3192 |      414       56      6 |  5.699 % |
===============================================================================
restarts              : 2
conflicts             : 111            (inf /sec)
decisions             : 133            (0.00 % random) (inf /sec)
propagations          : 5213           (inf /sec)
conflict literals     : 626            (23.57 % deleted)
Memory used           : 19.00 MB
CPU time              : 0 s

UNSATISFIABLE
