WARNING: for repeatability, setting FPU to use double precision
============================[ Problem Statistics ]=============================
|                                                                             |
|  Number of variables:           282                                         |
|  Number of clauses:            1130                                         |
|  Parse time:                   0.00 s                                       |
|                                                                             |
============================[ Search Statistics ]==============================
| Conflicts |          ORIGINAL         |          LEARNT          | Progress |
|           |    Vars  Clauses Literals |    Limit  Clauses Lit/Cl |          |
===============================================================================
|       100 |     282     1130     3258 |      414      100      8 |  0.001 % |
|       250 |     271     1054     3043 |      455       78      7 |  3.903 % |
===============================================================================
restarts              : 3
conflicts             : 257            (inf /sec)
decisions             : 309            (0.00 % random) (inf /sec)
propagations          : 13081          (inf /sec)
conflict literals     : 1821           (29.85 % deleted)
Memory used           : 19.00 MB
CPU time              : 0 s

UNSATISFIABLE
