WARNING: for repeatability, setting FPU to use double precision
============================[ Problem Statistics ]=============================
|                                                                             |
|  Number of variables:           276                                         |
|  Number of clauses:            1082                                         |
|  Parse time:                   0.00 s                                       |
|                                                                             |
============================[ Search Statistics ]==============================
| Conflicts |          ORIGINAL         |          LEARNT          | Progress |
|           |    Vars  Clauses Literals |    Limit  Clauses Lit/Cl |          |
===============================================================================
|       100 |     274     1070     3069 |      396       63      6 |  0.727 % |
===============================================================================
restarts              : 2
conflicts             : 162            (inf /sec)
decisions             : 220            (0.00 % random) (inf /sec)
propagations          : 7248           (inf /sec)
conflict literals     : 853            (33.31 % deleted)
Memory used           : 19.00 MB
CPU time              : 0 s

UNSATISFIABLE
