WARNING: for repeatability, setting FPU to use double precision
============================[ Problem Statistics ]=============================
|                                                                             |
|  Number of variables:           288                                         |
|  Number of clauses:            1173                                         |
|  Parse time:                   0.00 s                                       |
|                                                                             |
============================[ Search Statistics ]==============================
| Conflicts |          ORIGINAL         |          LEARNT          | Progress |
|           |    Vars  Clauses Literals |    Limit  Clauses Lit/Cl |          |
===============================================================================
|       100 |     288     1173     3423 |      430      100      8 |  0.001 % |
|       250 |     288     1173     3423 |      473      250      8 |  0.001 % |
|       475 |     288     1173     3423 |      520      475      9 |  0.004 % |
===============================================================================
restarts              : 6
conflicts             : 683            (170750 /sec)
decisions             : 884            (0.00 % random) (221000 /sec)
propagations          : 34643          (8660750 /sec)
conflict literals     : 5383           (34.49 % deleted)
Memory used           : 19.00 MB
CPU time              : 0.004 s

UNSATISFIABLE
