WARNING: for repeatability, setting FPU to use double precision
============================[ Problem Statistics ]=============================
|                                                                             |
|  Number of variables:           277                                         |
|  Number of clauses:            1103                                         |
|  Parse time:                   0.00 s                                       |
|                                                                             |
============================[ Search Statistics ]==============================
| Conflicts |          ORIGINAL         |          LEARNT          | Progress |
|           |    Vars  Clauses Literals |    Limit  Clauses Lit/Cl |          |
===============================================================================
|       100 |     276     1095     3146 |      404       79      7 |  0.364 % |
===============================================================================
restarts              : 2
conflicts             : 125            (inf /sec)
decisions             : 158            (0.00 % random) (inf /sec)
propagations          : 5944           (inf /sec)
conflict literals     : 706            (29.33 % deleted)
Memory used           : 19.00 MB
CPU time              : 0 s

UNSATISFIABLE
