WARNING: for repeatability, setting FPU to use double precision
============================[ Problem Statistics ]=============================
|                                                                             |
|  Number of variables:           286                                         |
|  Number of clauses:            1151                                         |
|  Parse time:                   0.00 s                                       |
|                                                                             |
============================[ Search Statistics ]==============================
| Conflicts |          ORIGINAL         |          LEARNT          | Progress |
|           |    Vars  Clauses Literals |    Limit  Clauses Lit/Cl |          |
===============================================================================
|       100 |     286     1151     3333 |      422      100      5 |  0.002 % |
===============================================================================
restarts              : 2
conflicts             : 197            (inf /sec)
decisions             : 252            (0.00 % random) (inf /sec)
propagations          : 9440           (inf /sec)
conflict literals     : 1048           (30.87 % deleted)
Memory used           : 19.00 MB
CPU time              : 0 s

UNSATISFIABLE
