WARNING: for repeatability, setting FPU to use double precision
============================[ Problem Statistics ]=============================
|                                                                             |
|  Number of variables:           281                                         |
|  Number of clauses:            1135                                         |
|  Parse time:                   0.00 s                                       |
|                                                                             |
============================[ Search Statistics ]==============================
| Conflicts |          ORIGINAL         |          LEARNT          | Progress |
|           |    Vars  Clauses Literals |    Limit  Clauses Lit/Cl |          |
===============================================================================
|       100 |     281     1135     3281 |      416      100      6 |  0.001 % |
===============================================================================
restarts              : 2
conflicts             : 143            (inf /sec)
decisions             : 190            (0.00 % random) (inf /sec)
propagations          : 7390           (inf /sec)
conflict literals     : 857            (30.10 % deleted)
Memory used           : 19.00 MB
CPU time              : 0 s

UNSATISFIABLE
