WARNING: for repeatability, setting FPU to use double precision
============================[ Problem Statistics ]=============================
|                                                                             |
|  Number of variables:           284                                         |
|  Number of clauses:            1166                                         |
|  Parse time:                   0.00 s                                       |
|                                                                             |
============================[ Search Statistics ]==============================
| Conflicts |          ORIGINAL         |          LEARNT          | Progress |
|           |    Vars  Clauses Literals |    Limit  Clauses Lit/Cl |          |
===============================================================================
|       100 |     284     1166     3369 |      427      100      6 |  0.005 % |
===============================================================================
restarts              : 2
conflicts             : 167            (inf /sec)
decisions             : 207            (0.00 % random) (inf /sec)
propagations          : 8826           (inf /sec)
conflict literals     : 917            (28.08 % deleted)
Memory used           : 19.00 MB
CPU time              : 0 s

UNSATISFIABLE
