WARNING: for repeatability, setting FPU to use double precision
============================[ Problem Statistics ]=============================
|                                                                             |
|  Number of variables:           283                                         |
|  Number of clauses:            1140                                         |
|  Parse time:                   0.00 s                                       |
|                                                                             |
============================[ Search Statistics ]==============================
| Conflicts |          ORIGINAL         |          LEARNT          | Progress |
|           |    Vars  Clauses Literals |    Limit  Clauses Lit/Cl |          |
===============================================================================
|       100 |     283     1140     3305 |      418      100      7 |  0.003 % |
===============================================================================
restarts              : 2
conflicts             : 132            (inf /sec)
decisions             : 169            (0.00 % random) (inf /sec)
propagations          : 6699           (inf /sec)
conflict literals     : 853            (29.85 % deleted)
Memory used           : 19.00 MB
CPU time              : 0 s

UNSATISFIABLE
