WARNING: for repeatability, setting FPU to use double precision
============================[ Problem Statistics ]=============================
|                                                                             |
|  Number of variables:           286                                         |
|  Number of clauses:            1178                                         |
|  Parse time:                   0.00 s                                       |
|                                                                             |
============================[ Search Statistics ]==============================
| Conflicts |          ORIGINAL         |          LEARNT          | Progress |
|           |    Vars  Clauses Literals |    Limit  Clauses Lit/Cl |          |
===============================================================================
|       100 |     285     1169     3407 |      431       53      8 |  0.352 % |
===============================================================================
restarts              : 3
conflicts             : 246            (inf /sec)
decisions             : 300            (0.00 % random) (inf /sec)
propagations          : 12698          (inf /sec)
conflict literals     : 1585           (36.93 % deleted)
Memory used           : 19.00 MB
CPU time              : 0 s

UNSATISFIABLE
