WARNING: for repeatability, setting FPU to use double precision
============================[ Problem Statistics ]=============================
|                                                                             |
|  Number of variables:           278                                         |
|  Number of clauses:            1118                                         |
|  Parse time:                   0.00 s                                       |
|                                                                             |
============================[ Search Statistics ]==============================
| Conflicts |          ORIGINAL         |          LEARNT          | Progress |
|           |    Vars  Clauses Literals |    Limit  Clauses Lit/Cl |          |
===============================================================================
|       100 |     277     1115     3202 |      409       90      6 |  0.361 % |
===============================================================================
restarts              : 2
conflicts             : 128            (inf /sec)
decisions             : 166            (0.00 % random) (inf /sec)
propagations          : 5677           (inf /sec)
conflict literals     : 674            (29.28 % deleted)
Memory used           : 19.00 MB
CPU time              : 0 s

UNSATISFIABLE
