WARNING: for repeatability, setting FPU to use double precision
============================[ Problem Statistics ]=============================
|                                                                             |
|  Number of variables:           278                                         |
|  Number of clauses:            1127                                         |
|  Parse time:                   0.00 s                                       |
|                                                                             |
============================[ Search Statistics ]==============================
| Conflicts |          ORIGINAL         |          LEARNT          | Progress |
|           |    Vars  Clauses Literals |    Limit  Clauses Lit/Cl |          |
===============================================================================
|       100 |     278     1127     3244 |      413      100      7 |  0.004 % |
|       250 |     278     1127     3244 |      454      250      7 |  0.034 % |
===============================================================================
restarts              : 3
conflicts             : 288            (inf /sec)
decisions             : 398            (0.00 % random) (inf /sec)
propagations          : 15384          (inf /sec)
conflict literals     : 2008           (33.58 % deleted)
Memory used           : 19.00 MB
CPU time              : 0 s

UNSATISFIABLE
