WARNING: for repeatability, setting FPU to use double precision
============================[ Problem Statistics ]=============================
|                                                                             |
|  Number of variables:           285                                         |
|  Number of clauses:            1158                                         |
|  Parse time:                   0.00 s                                       |
|                                                                             |
============================[ Search Statistics ]==============================
| Conflicts |          ORIGINAL         |          LEARNT          | Progress |
|           |    Vars  Clauses Literals |    Limit  Clauses Lit/Cl |          |
===============================================================================
|       100 |     285     1158     3354 |      424      100      9 |  0.004 % |
|       250 |     285     1158     3354 |      467      250      9 |  0.002 % |
===============================================================================
restarts              : 3
conflicts             : 397            (99250 /sec)
decisions             : 494            (0.00 % random) (123500 /sec)
propagations          : 21947          (5486750 /sec)
conflict literals     : 3134           (31.42 % deleted)
Memory used           : 19.00 MB
CPU time              : 0.004 s

UNSATISFIABLE
