WARNING: for repeatability, setting FPU to use double precision
============================[ Problem Statistics ]=============================
|                                                                             |
|  Number of variables:           287                                         |
|  Number of clauses:            1173                                         |
|  Parse time:                   0.00 s                                       |
|                                                                             |
============================[ Search Statistics ]==============================
| Conflicts |          ORIGINAL         |          LEARNT          | Progress |
|           |    Vars  Clauses Literals |    Limit  Clauses Lit/Cl |          |
===============================================================================
|       100 |     283     1160     3368 |      430       43      6 |  1.413 % |
===============================================================================
restarts              : 2
conflicts             : 143            (inf /sec)
decisions             : 189            (0.00 % random) (inf /sec)
propagations          : 6688           (inf /sec)
conflict literals     : 751            (31.23 % deleted)
Memory used           : 19.00 MB
CPU time              : 0 s

UNSATISFIABLE
