WARNING: for repeatability, setting FPU to use double precision
============================[ Problem Statistics ]=============================
|                                                                             |
|  Number of variables:           285                                         |
|  Number of clauses:            1150                                         |
|  Parse time:                   0.00 s                                       |
|                                                                             |
============================[ Search Statistics ]==============================
| Conflicts |          ORIGINAL         |          LEARNT          | Progress |
|           |    Vars  Clauses Literals |    Limit  Clauses Lit/Cl |          |
===============================================================================
|       100 |     284     1150     3314 |      421       99      6 |  0.394 % |
===============================================================================
restarts              : 2
conflicts             : 108            (inf /sec)
decisions             : 141            (0.00 % random) (inf /sec)
propagations          : 5100           (inf /sec)
conflict literals     : 628            (30.45 % deleted)
Memory used           : 19.00 MB
CPU time              : 0 s

UNSATISFIABLE
