WARNING: for repeatability, setting FPU to use double precision
============================[ Problem Statistics ]=============================
|                                                                             |
|  Number of variables:           283                                         |
|  Number of clauses:            1139                                         |
|  Parse time:                   0.00 s                                       |
|                                                                             |
============================[ Search Statistics ]==============================
| Conflicts |          ORIGINAL         |          LEARNT          | Progress |
|           |    Vars  Clauses Literals |    Limit  Clauses Lit/Cl |          |
===============================================================================
|       100 |     283     1139     3294 |      417      100     11 |  0.003 % |
|       250 |     283     1139     3294 |      459      250      9 |  0.004 % |
|       475 |     282     1130     3269 |      505      366      8 |  0.355 % |
===============================================================================
restarts              : 5
conflicts             : 581            (145250 /sec)
decisions             : 716            (0.00 % random) (179000 /sec)
propagations          : 28594          (7148500 /sec)
conflict literals     : 4433           (30.62 % deleted)
Memory used           : 19.00 MB
CPU time              : 0.004 s

UNSATISFIABLE
