WARNING: for repeatability, setting FPU to use double precision
============================[ Problem Statistics ]=============================
|                                                                             |
|  Number of variables:           287                                         |
|  Number of clauses:            1180                                         |
|  Parse time:                   0.00 s                                       |
|                                                                             |
============================[ Search Statistics ]==============================
| Conflicts |          ORIGINAL         |          LEARNT          | Progress |
|           |    Vars  Clauses Literals |    Limit  Clauses Lit/Cl |          |
===============================================================================
|       100 |     287     1180     3425 |      432      100      8 |  0.002 % |
===============================================================================
restarts              : 2
conflicts             : 184            (inf /sec)
decisions             : 219            (0.00 % random) (inf /sec)
propagations          : 10082          (inf /sec)
conflict literals     : 1356           (27.72 % deleted)
Memory used           : 19.00 MB
CPU time              : 0 s

UNSATISFIABLE
