WARNING: for repeatability, setting FPU to use double precision
============================[ Problem Statistics ]=============================
|                                                                             |
|  Number of variables:           284                                         |
|  Number of clauses:            1153                                         |
|  Parse time:                   0.00 s                                       |
|                                                                             |
============================[ Search Statistics ]==============================
| Conflicts |          ORIGINAL         |          LEARNT          | Progress |
|           |    Vars  Clauses Literals |    Limit  Clauses Lit/Cl |          |
===============================================================================
===============================================================================
restarts              : 1
conflicts             : 88             (inf /sec)
decisions             : 118            (0.00 % random) (inf /sec)
propagations          : 3894           (inf /sec)
conflict literals     : 459            (32.80 % deleted)
Memory used           : 19.00 MB
CPU time              : 0 s

UNSATISFIABLE
