WARNING: for repeatability, setting FPU to use double precision
============================[ Problem Statistics ]=============================
|                                                                             |
|  Number of variables:           288                                         |
|  Number of clauses:            1178                                         |
|  Parse time:                   0.00 s                                       |
|                                                                             |
============================[ Search Statistics ]==============================
| Conflicts |          ORIGINAL         |          LEARNT          | Progress |
|           |    Vars  Clauses Literals |    Limit  Clauses Lit/Cl |          |
===============================================================================
|       100 |     288     1178     3435 |      431      100      9 |  0.002 % |
|       250 |     288     1178     3435 |      475      250      8 |  0.008 % |
|       475 |     285     1159     3383 |      522      415      8 |  1.044 % |
|       812 |     278     1129     3296 |      574      273      7 |  3.475 % |
===============================================================================
restarts              : 7
conflicts             : 848            (212000 /sec)
decisions             : 1046           (0.00 % random) (261500 /sec)
propagations          : 43208          (10802000 /sec)
conflict literals     : 6515           (30.60 % deleted)
Memory used           : 19.00 MB
CPU time              : 0.004 s

UNSATISFIABLE
