WARNING: for repeatability, setting FPU to use double precision
============================[ Problem Statistics ]=============================
|                                                                             |
|  Number of variables:           284                                         |
|  Number of clauses:            1143                                         |
|  Parse time:                   0.00 s                                       |
|                                                                             |
============================[ Search Statistics ]==============================
| Conflicts |          ORIGINAL         |          LEARNT          | Progress |
|           |    Vars  Clauses Literals |    Limit  Clauses Lit/Cl |          |
===============================================================================
|       100 |     284     1143     3308 |      419      100      8 |  0.001 % |
===============================================================================
restarts              : 2
conflicts             : 187            (inf /sec)
decisions             : 243            (0.00 % random) (inf /sec)
propagations          : 9229           (inf /sec)
conflict literals     : 1253           (29.33 % deleted)
Memory used           : 19.00 MB
CPU time              : 0 s

UNSATISFIABLE
