WARNING: for repeatability, setting FPU to use double precision
============================[ Problem Statistics ]=============================
|                                                                             |
|  Number of variables:           284                                         |
|  Number of clauses:            1158                                         |
|  Parse time:                   0.00 s                                       |
|                                                                             |
============================[ Search Statistics ]==============================
| Conflicts |          ORIGINAL         |          LEARNT          | Progress |
|           |    Vars  Clauses Literals |    Limit  Clauses Lit/Cl |          |
===============================================================================
|       100 |     284     1158     3349 |      424      100      9 |  0.001 % |
===============================================================================
restarts              : 2
conflicts             : 185            (inf /sec)
decisions             : 216            (0.00 % random) (inf /sec)
propagations          : 8191           (inf /sec)
conflict literals     : 1330           (20.31 % deleted)
Memory used           : 19.00 MB
CPU time              : 0 s

UNSATISFIABLE
