WARNING: for repeatability, setting FPU to use double precision
============================[ Problem Statistics ]=============================
|                                                                             |
|  Number of variables:           274                                         |
|  Number of clauses:            1074                                         |
|  Parse time:                   0.00 s                                       |
|                                                                             |
============================[ Search Statistics ]==============================
| Conflicts |          ORIGINAL         |          LEARNT          | Progress |
|           |    Vars  Clauses Literals |    Limit  Clauses Lit/Cl |          |
===============================================================================
|       100 |     272     1066     3042 |      393       80      6 |  0.737 % |
===============================================================================
restarts              : 2
conflicts             : 121            (inf /sec)
decisions             : 153            (0.00 % random) (inf /sec)
propagations          : 5580           (inf /sec)
conflict literals     : 636            (26.90 % deleted)
Memory used           : 19.00 MB
CPU time              : 0 s

UNSATISFIABLE
