WARNING: for repeatability, setting FPU to use double precision
============================[ Problem Statistics ]=============================
|                                                                             |
|  Number of variables:           279                                         |
|  Number of clauses:            1093                                         |
|  Parse time:                   0.00 s                                       |
|                                                                             |
============================[ Search Statistics ]==============================
| Conflicts |          ORIGINAL         |          LEARNT          | Progress |
|           |    Vars  Clauses Literals |    Limit  Clauses Lit/Cl |          |
===============================================================================
|       100 |     279     1093     3154 |      400      100      8 |  0.001 % |
|       250 |     275     1061     3062 |      440      130      7 |  1.436 % |
===============================================================================
restarts              : 3
conflicts             : 342            (85500 /sec)
decisions             : 441            (0.00 % random) (110250 /sec)
propagations          : 16376          (4094000 /sec)
conflict literals     : 2052           (30.53 % deleted)
Memory used           : 19.00 MB
CPU time              : 0.004 s

UNSATISFIABLE
