WARNING: for repeatability, setting FPU to use double precision
============================[ Problem Statistics ]=============================
|                                                                             |
|  Number of variables:           280                                         |
|  Number of clauses:            1123                                         |
|  Parse time:                   0.00 s                                       |
|                                                                             |
============================[ Search Statistics ]==============================
| Conflicts |          ORIGINAL         |          LEARNT          | Progress |
|           |    Vars  Clauses Literals |    Limit  Clauses Lit/Cl |          |
===============================================================================
|       100 |     280     1123     3232 |      411      100      7 |  0.004 % |
===============================================================================
restarts              : 3
conflicts             : 216            (inf /sec)
decisions             : 277            (0.00 % random) (inf /sec)
propagations          : 10988          (inf /sec)
conflict literals     : 1361           (29.48 % deleted)
Memory used           : 19.00 MB
CPU time              : 0 s

UNSATISFIABLE
