WARNING: for repeatability, setting FPU to use double precision
============================[ Problem Statistics ]=============================
|                                                                             |
|  Number of variables:           284                                         |
|  Number of clauses:            1141                                         |
|  Parse time:                   0.00 s                                       |
|                                                                             |
============================[ Search Statistics ]==============================
| Conflicts |          ORIGINAL         |          LEARNT          | Progress |
|           |    Vars  Clauses Literals |    Limit  Clauses Lit/Cl |          |
===============================================================================
|       100 |     284     1141     3308 |      418      100      8 |  0.001 % |
|       250 |     284     1141     3308 |      460      250      7 |  0.009 % |
===============================================================================
restarts              : 3
conflicts             : 358            (89500 /sec)
decisions             : 429            (0.00 % random) (107250 /sec)
propagations          : 19568          (4892000 /sec)
conflict literals     : 2349           (32.65 % deleted)
Memory used           : 19.00 MB
CPU time              : 0.004 s

UNSATISFIABLE
