WARNING: for repeatability, setting FPU to use double precision
============================[ Problem Statistics ]=============================
|                                                                             |
|  Number of variables:           274                                         |
|  Number of clauses:            1080                                         |
|  Parse time:                   0.00 s                                       |
|                                                                             |
============================[ Search Statistics ]==============================
| Conflicts |          ORIGINAL         |          LEARNT          | Progress |
|           |    Vars  Clauses Literals |    Limit  Clauses Lit/Cl |          |
===============================================================================
|       100 |     274     1080     3086 |      396      100      6 |  0.003 % |
===============================================================================
restarts              : 2
conflicts             : 154            (inf /sec)
decisions             : 198            (0.00 % random) (inf /sec)
propagations          : 7222           (inf /sec)
conflict literals     : 857            (26.44 % deleted)
Memory used           : 19.00 MB
CPU time              : 0 s

UNSATISFIABLE
