WARNING: for repeatability, setting FPU to use double precision
============================[ Problem Statistics ]=============================
|                                                                             |
|  Number of variables:           278                                         |
|  Number of clauses:            1122                                         |
|  Parse time:                   0.00 s                                       |
|                                                                             |
============================[ Search Statistics ]==============================
| Conflicts |          ORIGINAL         |          LEARNT          | Progress |
|           |    Vars  Clauses Literals |    Limit  Clauses Lit/Cl |          |
===============================================================================
|       100 |     278     1122     3227 |      411      100      6 |  0.004 % |
===============================================================================
restarts              : 2
conflicts             : 165            (inf /sec)
decisions             : 198            (0.00 % random) (inf /sec)
propagations          : 9072           (inf /sec)
conflict literals     : 926            (30.27 % deleted)
Memory used           : 19.00 MB
CPU time              : 0 s

UNSATISFIABLE
