WARNING: for repeatability, setting FPU to use double precision
============================[ Problem Statistics ]=============================
|                                                                             |
|  Number of variables:           286                                         |
|  Number of clauses:            1175                                         |
|  Parse time:                   0.00 s                                       |
|                                                                             |
============================[ Search Statistics ]==============================
| Conflicts |          ORIGINAL         |          LEARNT          | Progress |
|           |    Vars  Clauses Literals |    Limit  Clauses Lit/Cl |          |
===============================================================================
|       100 |     286     1175     3415 |      430      100      7 |  0.001 % |
|       250 |     286     1175     3415 |      473      250      7 |  0.006 % |
===============================================================================
restarts              : 3
conflicts             : 363            (90750 /sec)
decisions             : 422            (0.00 % random) (105500 /sec)
propagations          : 18582          (4645500 /sec)
conflict literals     : 2344           (30.53 % deleted)
Memory used           : 19.00 MB
CPU time              : 0.004 s

UNSATISFIABLE
