WARNING: for repeatability, setting FPU to use double precision
============================[ Problem Statistics ]=============================
|                                                                             |
|  Number of variables:           266                                         |
|  Number of clauses:            1021                                         |
|  Parse time:                   0.00 s                                       |
|                                                                             |
============================[ Search Statistics ]==============================
| Conflicts |          ORIGINAL         |          LEARNT          | Progress |
|           |    Vars  Clauses Literals |    Limit  Clauses Lit/Cl |          |
===============================================================================
|       100 |     266     1021     2873 |      374      100      7 |  0.001 % |
===============================================================================
restarts              : 2
conflicts             : 194            (inf /sec)
decisions             : 248            (0.00 % random) (inf /sec)
propagations          : 9252           (inf /sec)
conflict literals     : 1133           (23.81 % deleted)
Memory used           : 19.00 MB
CPU time              : 0 s

UNSATISFIABLE
