WARNING: for repeatability, setting FPU to use double precision
============================[ Problem Statistics ]=============================
|                                                                             |
|  Number of variables:           278                                         |
|  Number of clauses:            1093                                         |
|  Parse time:                   0.00 s                                       |
|                                                                             |
============================[ Search Statistics ]==============================
| Conflicts |          ORIGINAL         |          LEARNT          | Progress |
|           |    Vars  Clauses Literals |    Limit  Clauses Lit/Cl |          |
===============================================================================
|       100 |     265     1015     2914 |      400       53      6 |  4.679 % |
===============================================================================
restarts              : 2
conflicts             : 149            (inf /sec)
decisions             : 182            (0.00 % random) (inf /sec)
propagations          : 7497           (inf /sec)
conflict literals     : 709            (31.17 % deleted)
Memory used           : 19.00 MB
CPU time              : 0 s

UNSATISFIABLE
