WARNING: for repeatability, setting FPU to use double precision
============================[ Problem Statistics ]=============================
|                                                                             |
|  Number of variables:           276                                         |
|  Number of clauses:            1092                                         |
|  Parse time:                   0.00 s                                       |
|                                                                             |
============================[ Search Statistics ]==============================
| Conflicts |          ORIGINAL         |          LEARNT          | Progress |
|           |    Vars  Clauses Literals |    Limit  Clauses Lit/Cl |          |
===============================================================================
|       100 |     275     1092     3124 |      400       99      6 |  0.365 % |
===============================================================================
restarts              : 2
conflicts             : 162            (inf /sec)
decisions             : 202            (0.00 % random) (inf /sec)
propagations          : 7865           (inf /sec)
conflict literals     : 954            (28.59 % deleted)
Memory used           : 19.00 MB
CPU time              : 0 s

UNSATISFIABLE
