WARNING: for repeatability, setting FPU to use double precision
============================[ Problem Statistics ]=============================
|                                                                             |
|  Number of variables:           283                                         |
|  Number of clauses:            1143                                         |
|  Parse time:                   0.00 s                                       |
|                                                                             |
============================[ Search Statistics ]==============================
| Conflicts |          ORIGINAL         |          LEARNT          | Progress |
|           |    Vars  Clauses Literals |    Limit  Clauses Lit/Cl |          |
===============================================================================
|       100 |     253     1057     3041 |      419       40      5 | 10.601 % |
===============================================================================
restarts              : 1
conflicts             : 101            (inf /sec)
decisions             : 131            (0.00 % random) (inf /sec)
propagations          : 4965           (inf /sec)
conflict literals     : 442            (39.70 % deleted)
Memory used           : 19.00 MB
CPU time              : 0 s

UNSATISFIABLE
