WARNING: for repeatability, setting FPU to use double precision
============================[ Problem Statistics ]=============================
|                                                                             |
|  Number of variables:           279                                         |
|  Number of clauses:            1106                                         |
|  Parse time:                   0.00 s                                       |
|                                                                             |
============================[ Search Statistics ]==============================
| Conflicts |          ORIGINAL         |          LEARNT          | Progress |
|           |    Vars  Clauses Literals |    Limit  Clauses Lit/Cl |          |
===============================================================================
|       100 |     279     1106     3195 |      405      100      7 |  0.006 % |
|       250 |     279     1106     3195 |      446      250      7 |  0.021 % |
===============================================================================
restarts              : 4
conflicts             : 433            (108250 /sec)
decisions             : 522            (0.00 % random) (130500 /sec)
propagations          : 22859          (5714750 /sec)
conflict literals     : 3048           (36.42 % deleted)
Memory used           : 19.00 MB
CPU time              : 0.004 s

UNSATISFIABLE
