WARNING: for repeatability, setting FPU to use double precision
============================[ Problem Statistics ]=============================
|                                                                             |
|  Number of variables:           283                                         |
|  Number of clauses:            1119                                         |
|  Parse time:                   0.00 s                                       |
|                                                                             |
============================[ Search Statistics ]==============================
| Conflicts |          ORIGINAL         |          LEARNT          | Progress |
|           |    Vars  Clauses Literals |    Limit  Clauses Lit/Cl |          |
===============================================================================
|       100 |     268     1080     3118 |      410       70      6 |  5.310 % |
===============================================================================
restarts              : 2
conflicts             : 107            (inf /sec)
decisions             : 133            (0.00 % random) (inf /sec)
propagations          : 5109           (inf /sec)
conflict literals     : 545            (32.38 % deleted)
Memory used           : 19.00 MB
CPU time              : 0 s

UNSATISFIABLE
