WARNING: for repeatability, setting FPU to use double precision
============================[ Problem Statistics ]=============================
|                                                                             |
|  Number of variables:           281                                         |
|  Number of clauses:            1132                                         |
|  Parse time:                   0.00 s                                       |
|                                                                             |
============================[ Search Statistics ]==============================
| Conflicts |          ORIGINAL         |          LEARNT          | Progress |
|           |    Vars  Clauses Literals |    Limit  Clauses Lit/Cl |          |
===============================================================================
|       100 |     281     1132     3252 |      415      100      6 |  0.004 % |
===============================================================================
restarts              : 2
conflicts             : 185            (inf /sec)
decisions             : 220            (0.00 % random) (inf /sec)
propagations          : 8614           (inf /sec)
conflict literals     : 1084           (25.34 % deleted)
Memory used           : 19.00 MB
CPU time              : 0 s

UNSATISFIABLE
