WARNING: for repeatability, setting FPU to use double precision
============================[ Problem Statistics ]=============================
|                                                                             |
|  Number of variables:           282                                         |
|  Number of clauses:            1126                                         |
|  Parse time:                   0.00 s                                       |
|                                                                             |
============================[ Search Statistics ]==============================
| Conflicts |          ORIGINAL         |          LEARNT          | Progress |
|           |    Vars  Clauses Literals |    Limit  Clauses Lit/Cl |          |
===============================================================================
|       100 |     282     1126     3252 |      412      100      7 |  0.013 % |
===============================================================================
restarts              : 2
conflicts             : 197            (inf /sec)
decisions             : 272            (0.00 % random) (inf /sec)
propagations          : 10033          (inf /sec)
conflict literals     : 1265           (39.18 % deleted)
Memory used           : 19.00 MB
CPU time              : 0 s

UNSATISFIABLE
