WARNING: for repeatability, setting FPU to use double precision
============================[ Problem Statistics ]=============================
|                                                                             |
|  Number of variables:           291                                         |
|  Number of clauses:            1204                                         |
|  Parse time:                   0.00 s                                       |
|                                                                             |
============================[ Search Statistics ]==============================
| Conflicts |          ORIGINAL         |          LEARNT          | Progress |
|           |    Vars  Clauses Literals |    Limit  Clauses Lit/Cl |          |
===============================================================================
|       100 |     291     1204     3530 |      441      100     10 |  0.002 % |
|       250 |     291     1204     3530 |      485      250     10 |  0.001 % |
|       475 |     291     1204     3530 |      534      475      9 |  0.004 % |
|       812 |     289     1183     3468 |      587      312      8 |  0.688 % |
===============================================================================
restarts              : 7
conflicts             : 1050           (131250 /sec)
decisions             : 1274           (0.00 % random) (159250 /sec)
propagations          : 52545          (6568125 /sec)
conflict literals     : 7878           (30.53 % deleted)
Memory used           : 19.00 MB
CPU time              : 0.008 s

UNSATISFIABLE
