WARNING: for repeatability, setting FPU to use double precision
============================[ Problem Statistics ]=============================
|                                                                             |
|  Number of variables:           279                                         |
|  Number of clauses:            1117                                         |
|  Parse time:                   0.00 s                                       |
|                                                                             |
============================[ Search Statistics ]==============================
| Conflicts |          ORIGINAL         |          LEARNT          | Progress |
|           |    Vars  Clauses Literals |    Limit  Clauses Lit/Cl |          |
===============================================================================
|       100 |     279     1117     3223 |      409      100      7 |  0.004 % |
===============================================================================
restarts              : 2
conflicts             : 141            (inf /sec)
decisions             : 174            (0.00 % random) (inf /sec)
propagations          : 6685           (inf /sec)
conflict literals     : 929            (25.32 % deleted)
Memory used           : 19.00 MB
CPU time              : 0 s

UNSATISFIABLE
