WARNING: for repeatability, setting FPU to use double precision
============================[ Problem Statistics ]=============================
|                                                                             |
|  Number of variables:           281                                         |
|  Number of clauses:            1151                                         |
|  Parse time:                   0.00 s                                       |
|                                                                             |
============================[ Search Statistics ]==============================
| Conflicts |          ORIGINAL         |          LEARNT          | Progress |
|           |    Vars  Clauses Literals |    Limit  Clauses Lit/Cl |          |
===============================================================================
|       100 |     281     1151     3330 |      422      100      6 |  0.027 % |
===============================================================================
restarts              : 2
conflicts             : 147            (inf /sec)
decisions             : 183            (0.00 % random) (inf /sec)
propagations          : 7204           (inf /sec)
conflict literals     : 828            (37.98 % deleted)
Memory used           : 19.00 MB
CPU time              : 0 s

UNSATISFIABLE
