WARNING: for repeatability, setting FPU to use double precision
============================[ Problem Statistics ]=============================
|                                                                             |
|  Number of variables:           287                                         |
|  Number of clauses:            1170                                         |
|  Parse time:                   0.00 s                                       |
|                                                                             |
============================[ Search Statistics ]==============================
| Conflicts |          ORIGINAL         |          LEARNT          | Progress |
|           |    Vars  Clauses Literals |    Limit  Clauses Lit/Cl |          |
===============================================================================
|       100 |     287     1170     3412 |      429      100      6 |  0.002 % |
===============================================================================
restarts              : 2
conflicts             : 146            (inf /sec)
decisions             : 165            (0.00 % random) (inf /sec)
propagations          : 7581           (inf /sec)
conflict literals     : 844            (24.71 % deleted)
Memory used           : 19.00 MB
CPU time              : 0 s

UNSATISFIABLE
