WARNING: for repeatability, setting FPU to use double precision
============================[ Problem Statistics ]=============================
|                                                                             |
|  Number of variables:           285                                         |
|  Number of clauses:            1159                                         |
|  Parse time:                   0.00 s                                       |
|                                                                             |
============================[ Search Statistics ]==============================
| Conflicts |          ORIGINAL         |          LEARNT          | Progress |
|           |    Vars  Clauses Literals |    Limit  Clauses Lit/Cl |          |
===============================================================================
|       100 |     285     1159     3375 |      424      100      7 |  0.002 % |
===============================================================================
restarts              : 2
conflicts             : 165            (inf /sec)
decisions             : 187            (0.00 % random) (inf /sec)
propagations          : 7795           (inf /sec)
conflict literals     : 953            (32.70 % deleted)
Memory used           : 19.00 MB
CPU time              : 0 s

UNSATISFIABLE
