WARNING: for repeatability, setting FPU to use double precision
============================[ Problem Statistics ]=============================
|                                                                             |
|  Number of variables:           283                                         |
|  Number of clauses:            1149                                         |
|  Parse time:                   0.00 s                                       |
|                                                                             |
============================[ Search Statistics ]==============================
| Conflicts |          ORIGINAL         |          LEARNT          | Progress |
|           |    Vars  Clauses Literals |    Limit  Clauses Lit/Cl |          |
===============================================================================
|       100 |     283     1149     3310 |      421      100      8 |  0.001 % |
===============================================================================
restarts              : 3
conflicts             : 207            (inf /sec)
decisions             : 287            (0.00 % random) (inf /sec)
propagations          : 10104          (inf /sec)
conflict literals     : 1294           (28.47 % deleted)
Memory used           : 19.00 MB
CPU time              : 0 s

UNSATISFIABLE
