WARNING: for repeatability, setting FPU to use double precision
============================[ Problem Statistics ]=============================
|                                                                             |
|  Number of variables:           286                                         |
|  Number of clauses:            1151                                         |
|  Parse time:                   0.00 s                                       |
|                                                                             |
============================[ Search Statistics ]==============================
| Conflicts |          ORIGINAL         |          LEARNT          | Progress |
|           |    Vars  Clauses Literals |    Limit  Clauses Lit/Cl |          |
===============================================================================
|       100 |     286     1151     3341 |      422      100      7 |  0.001 % |
|       250 |     285     1141     3312 |      464      154      8 |  0.356 % |
===============================================================================
restarts              : 4
conflicts             : 455            (113750 /sec)
decisions             : 550            (0.00 % random) (137500 /sec)
propagations          : 23520          (5880000 /sec)
conflict literals     : 2876           (34.77 % deleted)
Memory used           : 19.00 MB
CPU time              : 0.004 s

UNSATISFIABLE
