WARNING: for repeatability, setting FPU to use double precision
============================[ Problem Statistics ]=============================
|                                                                             |
|  Number of variables:           281                                         |
|  Number of clauses:            1128                                         |
|  Parse time:                   0.00 s                                       |
|                                                                             |
============================[ Search Statistics ]==============================
| Conflicts |          ORIGINAL         |          LEARNT          | Progress |
|           |    Vars  Clauses Literals |    Limit  Clauses Lit/Cl |          |
===============================================================================
|       100 |     260     1118     3231 |      413       57      5 |  7.502 % |
===============================================================================
restarts              : 2
conflicts             : 110            (inf /sec)
decisions             : 149            (0.00 % random) (inf /sec)
propagations          : 5373           (inf /sec)
conflict literals     : 557            (26.32 % deleted)
Memory used           : 19.00 MB
CPU time              : 0 s

UNSATISFIABLE
