WARNING: for repeatability, setting FPU to use double precision
============================[ Problem Statistics ]=============================
|                                                                             |
|  Number of variables:           245                                         |
|  Number of clauses:             907                                         |
|  Parse time:                   0.00 s                                       |
|                                                                             |
============================[ Search Statistics ]==============================
| Conflicts |          ORIGINAL         |          LEARNT          | Progress |
|           |    Vars  Clauses Literals |    Limit  Clauses Lit/Cl |          |
===============================================================================
===============================================================================
restarts              : 1
conflicts             : 7              (inf /sec)
decisions             : 7              (0.00 % random) (inf /sec)
propagations          : 268            (inf /sec)
conflict literals     : 17             (5.56 % deleted)
Memory used           : 19.00 MB
CPU time              : 0 s

UNSATISFIABLE
