WARNING: for repeatability, setting FPU to use double precision
============================[ Problem Statistics ]=============================
|                                                                             |
|  Number of variables:           283                                         |
|  Number of clauses:            1155                                         |
|  Parse time:                   0.00 s                                       |
|                                                                             |
============================[ Search Statistics ]==============================
| Conflicts |          ORIGINAL         |          LEARNT          | Progress |
|           |    Vars  Clauses Literals |    Limit  Clauses Lit/Cl |          |
===============================================================================
|       100 |     283     1155     3329 |      423      100      7 |  0.003 % |
===============================================================================
restarts              : 2
conflicts             : 151            (inf /sec)
decisions             : 190            (0.00 % random) (inf /sec)
propagations          : 8242           (inf /sec)
conflict literals     : 935            (32.73 % deleted)
Memory used           : 19.00 MB
CPU time              : 0 s

UNSATISFIABLE
