WARNING: for repeatability, setting FPU to use double precision
============================[ Problem Statistics ]=============================
|                                                                             |
|  Number of variables:           279                                         |
|  Number of clauses:            1131                                         |
|  Parse time:                   0.00 s                                       |
|                                                                             |
============================[ Search Statistics ]==============================
| Conflicts |          ORIGINAL         |          LEARNT          | Progress |
|           |    Vars  Clauses Literals |    Limit  Clauses Lit/Cl |          |
===============================================================================
|       100 |     279     1131     3246 |      414      100      6 |  0.003 % |
===============================================================================
restarts              : 2
conflicts             : 154            (inf /sec)
decisions             : 188            (0.00 % random) (inf /sec)
propagations          : 7530           (inf /sec)
conflict literals     : 860            (29.10 % deleted)
Memory used           : 19.00 MB
CPU time              : 0 s

UNSATISFIABLE
