WARNING: for repeatability, setting FPU to use double precision
============================[ Problem Statistics ]=============================
|                                                                             |
|  Number of variables:           279                                         |
|  Number of clauses:            1116                                         |
|  Parse time:                   0.00 s                                       |
|                                                                             |
============================[ Search Statistics ]==============================
| Conflicts |          ORIGINAL         |          LEARNT          | Progress |
|           |    Vars  Clauses Literals |    Limit  Clauses Lit/Cl |          |
===============================================================================
|       100 |     279     1116     3183 |      409      100      6 |  0.019 % |
===============================================================================
restarts              : 2
conflicts             : 123            (inf /sec)
decisions             : 144            (0.00 % random) (inf /sec)
propagations          : 6450           (inf /sec)
conflict literals     : 636            (34.02 % deleted)
Memory used           : 19.00 MB
CPU time              : 0 s

UNSATISFIABLE
