WARNING: for repeatability, setting FPU to use double precision
============================[ Problem Statistics ]=============================
|                                                                             |
|  Number of variables:           280                                         |
|  Number of clauses:            1121                                         |
|  Parse time:                   0.00 s                                       |
|                                                                             |
============================[ Search Statistics ]==============================
| Conflicts |          ORIGINAL         |          LEARNT          | Progress |
|           |    Vars  Clauses Literals |    Limit  Clauses Lit/Cl |          |
===============================================================================
|       100 |     280     1121     3220 |      411      100      7 |  0.001 % |
|       250 |     274     1094     3143 |      452      137      6 |  2.147 % |
===============================================================================
restarts              : 3
conflicts             : 261            (inf /sec)
decisions             : 318            (0.00 % random) (inf /sec)
propagations          : 12551          (inf /sec)
conflict literals     : 1589           (25.92 % deleted)
Memory used           : 19.00 MB
CPU time              : 0 s

UNSATISFIABLE
