WARNING: for repeatability, setting FPU to use double precision
============================[ Problem Statistics ]=============================
|                                                                             |
|  Number of variables:           280                                         |
|  Number of clauses:            1106                                         |
|  Parse time:                   0.00 s                                       |
|                                                                             |
============================[ Search Statistics ]==============================
| Conflicts |          ORIGINAL         |          LEARNT          | Progress |
|           |    Vars  Clauses Literals |    Limit  Clauses Lit/Cl |          |
===============================================================================
|       100 |     280     1106     3179 |      405      100      6 |  0.004 % |
===============================================================================
restarts              : 2
conflicts             : 128            (inf /sec)
decisions             : 154            (0.00 % random) (inf /sec)
propagations          : 6111           (inf /sec)
conflict literals     : 667            (27.50 % deleted)
Memory used           : 19.00 MB
CPU time              : 0 s

UNSATISFIABLE
