WARNING: for repeatability, setting FPU to use double precision
============================[ Problem Statistics ]=============================
|                                                                             |
|  Number of variables:           283                                         |
|  Number of clauses:            1149                                         |
|  Parse time:                   0.00 s                                       |
|                                                                             |
============================[ Search Statistics ]==============================
| Conflicts |          ORIGINAL         |          LEARNT          | Progress |
|           |    Vars  Clauses Literals |    Limit  Clauses Lit/Cl |          |
===============================================================================
|       100 |     283     1149     3293 |      421      100      7 |  0.005 % |
===============================================================================
restarts              : 2
conflicts             : 139            (inf /sec)
decisions             : 179            (0.00 % random) (inf /sec)
propagations          : 7215           (inf /sec)
conflict literals     : 835            (28.02 % deleted)
Memory used           : 19.00 MB
CPU time              : 0 s

UNSATISFIABLE
