WARNING: for repeatability, setting FPU to use double precision
============================[ Problem Statistics ]=============================
|                                                                             |
|  Number of variables:           287                                         |
|  Number of clauses:            1167                                         |
|  Parse time:                   0.00 s                                       |
|                                                                             |
============================[ Search Statistics ]==============================
| Conflicts |          ORIGINAL         |          LEARNT          | Progress |
|           |    Vars  Clauses Literals |    Limit  Clauses Lit/Cl |          |
===============================================================================
|       100 |     287     1167     3398 |      427      100      7 |  0.005 % |
|       250 |     281     1152     3355 |      470      219      7 |  2.111 % |
===============================================================================
restarts              : 3
conflicts             : 295            (73750 /sec)
decisions             : 363            (0.00 % random) (90750 /sec)
propagations          : 15025          (3756250 /sec)
conflict literals     : 1845           (30.17 % deleted)
Memory used           : 19.00 MB
CPU time              : 0.004 s

UNSATISFIABLE
