WARNING: for repeatability, setting FPU to use double precision
============================[ Problem Statistics ]=============================
|                                                                             |
|  Number of variables:           276                                         |
|  Number of clauses:            1108                                         |
|  Parse time:                   0.00 s                                       |
|                                                                             |
============================[ Search Statistics ]==============================
| Conflicts |          ORIGINAL         |          LEARNT          | Progress |
|           |    Vars  Clauses Literals |    Limit  Clauses Lit/Cl |          |
===============================================================================
|       100 |     266     1094     3139 |      406       67      5 |  3.648 % |
===============================================================================
restarts              : 2
conflicts             : 103            (inf /sec)
decisions             : 115            (0.00 % random) (inf /sec)
propagations          : 5351           (inf /sec)
conflict literals     : 516            (32.90 % deleted)
Memory used           : 19.00 MB
CPU time              : 0 s

UNSATISFIABLE
