WARNING: for repeatability, setting FPU to use double precision
============================[ Problem Statistics ]=============================
|                                                                             |
|  Number of variables:           280                                         |
|  Number of clauses:            1130                                         |
|  Parse time:                   0.00 s                                       |
|                                                                             |
============================[ Search Statistics ]==============================
| Conflicts |          ORIGINAL         |          LEARNT          | Progress |
|           |    Vars  Clauses Literals |    Limit  Clauses Lit/Cl |          |
===============================================================================
|       100 |     280     1130     3242 |      414      100      7 |  0.008 % |
===============================================================================
restarts              : 2
conflicts             : 182            (inf /sec)
decisions             : 226            (0.00 % random) (inf /sec)
propagations          : 9385           (inf /sec)
conflict literals     : 1110           (30.32 % deleted)
Memory used           : 19.00 MB
CPU time              : 0 s

UNSATISFIABLE
