WARNING: for repeatability, setting FPU to use double precision
============================[ Problem Statistics ]=============================
|                                                                             |
|  Number of variables:           279                                         |
|  Number of clauses:            1122                                         |
|  Parse time:                   0.00 s                                       |
|                                                                             |
============================[ Search Statistics ]==============================
| Conflicts |          ORIGINAL         |          LEARNT          | Progress |
|           |    Vars  Clauses Literals |    Limit  Clauses Lit/Cl |          |
===============================================================================
===============================================================================
restarts              : 1
conflicts             : 99             (inf /sec)
decisions             : 118            (0.00 % random) (inf /sec)
propagations          : 4583           (inf /sec)
conflict literals     : 504            (29.61 % deleted)
Memory used           : 19.00 MB
CPU time              : 0 s

UNSATISFIABLE
