WARNING: for repeatability, setting FPU to use double precision
============================[ Problem Statistics ]=============================
|                                                                             |
|  Number of variables:           278                                         |
|  Number of clauses:            1103                                         |
|  Parse time:                   0.00 s                                       |
|                                                                             |
============================[ Search Statistics ]==============================
| Conflicts |          ORIGINAL         |          LEARNT          | Progress |
|           |    Vars  Clauses Literals |    Limit  Clauses Lit/Cl |          |
===============================================================================
|       100 |     257      971     2804 |      404       48      7 |  7.566 % |
===============================================================================
restarts              : 2
conflicts             : 112            (inf /sec)
decisions             : 139            (0.00 % random) (inf /sec)
propagations          : 5250           (inf /sec)
conflict literals     : 656            (32.16 % deleted)
Memory used           : 19.00 MB
CPU time              : 0 s

UNSATISFIABLE
