WARNING: for repeatability, setting FPU to use double precision
============================[ Problem Statistics ]=============================
|                                                                             |
|  Number of variables:           279                                         |
|  Number of clauses:            1097                                         |
|  Parse time:                   0.00 s                                       |
|                                                                             |
============================[ Search Statistics ]==============================
| Conflicts |          ORIGINAL         |          LEARNT          | Progress |
|           |    Vars  Clauses Literals |    Limit  Clauses Lit/Cl |          |
===============================================================================
|       100 |     278     1087     3131 |      402       67      6 |  0.364 % |
===============================================================================
restarts              : 2
conflicts             : 140            (inf /sec)
decisions             : 183            (0.00 % random) (inf /sec)
propagations          : 7226           (inf /sec)
conflict literals     : 734            (33.39 % deleted)
Memory used           : 19.00 MB
CPU time              : 0 s

UNSATISFIABLE
