WARNING: for repeatability, setting FPU to use double precision
============================[ Problem Statistics ]=============================
|                                                                             |
|  Number of variables:           269                                         |
|  Number of clauses:            1043                                         |
|  Parse time:                   0.00 s                                       |
|                                                                             |
============================[ Search Statistics ]==============================
| Conflicts |          ORIGINAL         |          LEARNT          | Progress |
|           |    Vars  Clauses Literals |    Limit  Clauses Lit/Cl |          |
===============================================================================
|       100 |     269     1043     2969 |      382      100      7 |  0.004 % |
===============================================================================
restarts              : 3
conflicts             : 226            (inf /sec)
decisions             : 275            (0.00 % random) (inf /sec)
propagations          : 12449          (inf /sec)
conflict literals     : 1380           (28.12 % deleted)
Memory used           : 19.00 MB
CPU time              : 0 s

UNSATISFIABLE
