WARNING: for repeatability, setting FPU to use double precision
============================[ Problem Statistics ]=============================
|                                                                             |
|  Number of variables:           279                                         |
|  Number of clauses:            1120                                         |
|  Parse time:                   0.00 s                                       |
|                                                                             |
============================[ Search Statistics ]==============================
| Conflicts |          ORIGINAL         |          LEARNT          | Progress |
|           |    Vars  Clauses Literals |    Limit  Clauses Lit/Cl |          |
===============================================================================
|       100 |     279     1120     3215 |      410      100      8 |  0.001 % |
===============================================================================
restarts              : 3
conflicts             : 235            (inf /sec)
decisions             : 299            (0.00 % random) (inf /sec)
propagations          : 10929          (inf /sec)
conflict literals     : 1587           (23.78 % deleted)
Memory used           : 19.00 MB
CPU time              : 0 s

UNSATISFIABLE
