WARNING: for repeatability, setting FPU to use double precision
============================[ Problem Statistics ]=============================
|                                                                             |
|  Number of variables:           291                                         |
|  Number of clauses:            1201                                         |
|  Parse time:                   0.00 s                                       |
|                                                                             |
============================[ Search Statistics ]==============================
| Conflicts |          ORIGINAL         |          LEARNT          | Progress |
|           |    Vars  Clauses Literals |    Limit  Clauses Lit/Cl |          |
===============================================================================
|       100 |     291     1201     3526 |      440      100     12 |  0.001 % |
|       250 |     291     1201     3526 |      484      250     12 |  0.001 % |
|       475 |     291     1201     3526 |      532      475     11 |  0.001 % |
|       812 |     291     1201     3526 |      586      538     11 |  0.002 % |
|      1318 |     291     1201     3526 |      644      435      9 |  0.002 % |
|      2077 |     291     1201     3526 |      709      522      9 |  0.001 % |
|      3216 |     291     1201     3526 |      780      579      9 |  0.001 % |
|      4924 |     291     1201     3526 |      858      699      9 |  0.001 % |
|      7486 |     290     1193     3502 |      943      665      8 |  0.346 % |
===============================================================================
restarts              : 40
conflicts             : 9362           (106386 /sec)
decisions             : 11562          (0.00 % random) (131386 /sec)
propagations          : 494399         (5618170 /sec)
conflict literals     : 96573          (27.91 % deleted)
Memory used           : 19.00 MB
CPU time              : 0.088 s

UNSATISFIABLE
