WARNING: for repeatability, setting FPU to use double precision
============================[ Problem Statistics ]=============================
|                                                                             |
|  Number of variables:           281                                         |
|  Number of clauses:            1144                                         |
|  Parse time:                   0.00 s                                       |
|                                                                             |
============================[ Search Statistics ]==============================
| Conflicts |          ORIGINAL         |          LEARNT          | Progress |
|           |    Vars  Clauses Literals |    Limit  Clauses Lit/Cl |          |
===============================================================================
|       100 |     281     1144     3298 |      419      100      8 |  0.004 % |
|       250 |     272     1126     3247 |      461      131      6 |  3.216 % |
===============================================================================
restarts              : 3
conflicts             : 319            (inf /sec)
decisions             : 370            (0.00 % random) (inf /sec)
propagations          : 16180          (inf /sec)
conflict literals     : 1994           (29.84 % deleted)
Memory used           : 19.00 MB
CPU time              : 0 s

UNSATISFIABLE
