WARNING: for repeatability, setting FPU to use double precision
============================[ Problem Statistics ]=============================
|                                                                             |
|  Number of variables:           277                                         |
|  Number of clauses:            1096                                         |
|  Parse time:                   0.00 s                                       |
|                                                                             |
============================[ Search Statistics ]==============================
| Conflicts |          ORIGINAL         |          LEARNT          | Progress |
|           |    Vars  Clauses Literals |    Limit  Clauses Lit/Cl |          |
===============================================================================
|       100 |     259     1034     2977 |      401       57      6 |  6.510 % |
===============================================================================
restarts              : 2
conflicts             : 122            (inf /sec)
decisions             : 147            (0.00 % random) (inf /sec)
propagations          : 6289           (inf /sec)
conflict literals     : 651            (32.61 % deleted)
Memory used           : 19.00 MB
CPU time              : 0 s

UNSATISFIABLE
