WARNING: for repeatability, setting FPU to use double precision
============================[ Problem Statistics ]=============================
|                                                                             |
|  Number of variables:           280                                         |
|  Number of clauses:            1134                                         |
|  Parse time:                   0.00 s                                       |
|                                                                             |
============================[ Search Statistics ]==============================
| Conflicts |          ORIGINAL         |          LEARNT          | Progress |
|           |    Vars  Clauses Literals |    Limit  Clauses Lit/Cl |          |
===============================================================================
|       100 |     280     1134     3259 |      415      100      8 |  0.003 % |
|       250 |     280     1134     3259 |      457      250      8 |  0.001 % |
===============================================================================
restarts              : 3
conflicts             : 284            (inf /sec)
decisions             : 358            (0.00 % random) (inf /sec)
propagations          : 14033          (inf /sec)
conflict literals     : 2082           (31.08 % deleted)
Memory used           : 19.00 MB
CPU time              : 0 s

UNSATISFIABLE
