WARNING: for repeatability, setting FPU to use double precision
============================[ Problem Statistics ]=============================
|                                                                             |
|  Number of variables:           281                                         |
|  Number of clauses:            1138                                         |
|  Parse time:                   0.00 s                                       |
|                                                                             |
============================[ Search Statistics ]==============================
| Conflicts |          ORIGINAL         |          LEARNT          | Progress |
|           |    Vars  Clauses Literals |    Limit  Clauses Lit/Cl |          |
===============================================================================
|       100 |     281     1138     3275 |      417      100      8 |  0.001 % |
===============================================================================
restarts              : 2
conflicts             : 131            (inf /sec)
decisions             : 152            (0.00 % random) (inf /sec)
propagations          : 6322           (inf /sec)
conflict literals     : 916            (16.27 % deleted)
Memory used           : 19.00 MB
CPU time              : 0 s

UNSATISFIABLE
