WARNING: for repeatability, setting FPU to use double precision
============================[ Problem Statistics ]=============================
|                                                                             |
|  Number of variables:           281                                         |
|  Number of clauses:            1145                                         |
|  Parse time:                   0.00 s                                       |
|                                                                             |
============================[ Search Statistics ]==============================
| Conflicts |          ORIGINAL         |          LEARNT          | Progress |
|           |    Vars  Clauses Literals |    Limit  Clauses Lit/Cl |          |
===============================================================================
|       100 |     281     1145     3308 |      419      100      8 |  0.003 % |
|       250 |     277     1111     3213 |      461      187      7 |  1.430 % |
===============================================================================
restarts              : 3
conflicts             : 351            (87750 /sec)
decisions             : 431            (0.00 % random) (107750 /sec)
propagations          : 19427          (4856750 /sec)
conflict literals     : 2221           (32.31 % deleted)
Memory used           : 19.00 MB
CPU time              : 0.004 s

UNSATISFIABLE
