WARNING: for repeatability, setting FPU to use double precision
============================[ Problem Statistics ]=============================
|                                                                             |
|  Number of variables:           248                                         |
|  Number of clauses:             902                                         |
|  Parse time:                   0.00 s                                       |
|                                                                             |
============================[ Search Statistics ]==============================
| Conflicts |          ORIGINAL         |          LEARNT          | Progress |
|           |    Vars  Clauses Literals |    Limit  Clauses Lit/Cl |          |
===============================================================================
===============================================================================
restarts              : 1
conflicts             : 41             (inf /sec)
decisions             : 58             (0.00 % random) (inf /sec)
propagations          : 1857           (inf /sec)
conflict literals     : 183            (16.44 % deleted)
Memory used           : 19.00 MB
CPU time              : 0 s

UNSATISFIABLE
