WARNING: for repeatability, setting FPU to use double precision
============================[ Problem Statistics ]=============================
|                                                                             |
|  Number of variables:           258                                         |
|  Number of clauses:             971                                         |
|  Parse time:                   0.00 s                                       |
|                                                                             |
============================[ Search Statistics ]==============================
| Conflicts |          ORIGINAL         |          LEARNT          | Progress |
|           |    Vars  Clauses Literals |    Limit  Clauses Lit/Cl |          |
===============================================================================
|       100 |     252      951     2659 |      356       54      4 |  2.357 % |
===============================================================================
restarts              : 2
conflicts             : 105            (inf /sec)
decisions             : 143            (0.00 % random) (inf /sec)
propagations          : 4821           (inf /sec)
conflict literals     : 503            (17.94 % deleted)
Memory used           : 19.00 MB
CPU time              : 0 s

UNSATISFIABLE
