WARNING: for repeatability, setting FPU to use double precision
============================[ Problem Statistics ]=============================
|                                                                             |
|  Number of variables:           278                                         |
|  Number of clauses:            1098                                         |
|  Parse time:                   0.00 s                                       |
|                                                                             |
============================[ Search Statistics ]==============================
| Conflicts |          ORIGINAL         |          LEARNT          | Progress |
|           |    Vars  Clauses Literals |    Limit  Clauses Lit/Cl |          |
===============================================================================
===============================================================================
restarts              : 1
conflicts             : 92             (inf /sec)
decisions             : 129            (0.00 % random) (inf /sec)
propagations          : 4742           (inf /sec)
conflict literals     : 457            (29.37 % deleted)
Memory used           : 19.00 MB
CPU time              : 0 s

UNSATISFIABLE
