WARNING: for repeatability, setting FPU to use double precision
============================[ Problem Statistics ]=============================
|                                                                             |
|  Number of variables:           275                                         |
|  Number of clauses:            1073                                         |
|  Parse time:                   0.00 s                                       |
|                                                                             |
============================[ Search Statistics ]==============================
| Conflicts |          ORIGINAL         |          LEARNT          | Progress |
|           |    Vars  Clauses Literals |    Limit  Clauses Lit/Cl |          |
===============================================================================
|       100 |     268     1063     3036 |      393       61      6 |  2.580 % |
===============================================================================
restarts              : 2
conflicts             : 115            (inf /sec)
decisions             : 135            (0.00 % random) (inf /sec)
propagations          : 5275           (inf /sec)
conflict literals     : 577            (29.81 % deleted)
Memory used           : 19.00 MB
CPU time              : 0 s

UNSATISFIABLE
