WARNING: for repeatability, setting FPU to use double precision
============================[ Problem Statistics ]=============================
|                                                                             |
|  Number of variables:           280                                         |
|  Number of clauses:            1110                                         |
|  Parse time:                   0.00 s                                       |
|                                                                             |
============================[ Search Statistics ]==============================
| Conflicts |          ORIGINAL         |          LEARNT          | Progress |
|           |    Vars  Clauses Literals |    Limit  Clauses Lit/Cl |          |
===============================================================================
|       100 |     280     1110     3208 |      407      100      7 |  0.001 % |
|       250 |     279     1100     3178 |      447      113      7 |  0.358 % |
===============================================================================
restarts              : 3
conflicts             : 309            (77250 /sec)
decisions             : 389            (0.00 % random) (97250 /sec)
propagations          : 16433          (4108250 /sec)
conflict literals     : 1999           (35.87 % deleted)
Memory used           : 19.00 MB
CPU time              : 0.004 s

UNSATISFIABLE
