WARNING: for repeatability, setting FPU to use double precision
============================[ Problem Statistics ]=============================
|                                                                             |
|  Number of variables:           275                                         |
|  Number of clauses:            1091                                         |
|  Parse time:                   0.00 s                                       |
|                                                                             |
============================[ Search Statistics ]==============================
| Conflicts |          ORIGINAL         |          LEARNT          | Progress |
|           |    Vars  Clauses Literals |    Limit  Clauses Lit/Cl |          |
===============================================================================
|       100 |     275     1091     3133 |      400      100      8 |  0.001 % |
|       250 |     275     1091     3133 |      440      250      8 |  0.013 % |
===============================================================================
restarts              : 3
conflicts             : 308            (inf /sec)
decisions             : 381            (0.00 % random) (inf /sec)
propagations          : 15558          (inf /sec)
conflict literals     : 2096           (28.29 % deleted)
Memory used           : 19.00 MB
CPU time              : 0 s

UNSATISFIABLE
