WARNING: for repeatability, setting FPU to use double precision
============================[ Problem Statistics ]=============================
|                                                                             |
|  Number of variables:           285                                         |
|  Number of clauses:            1166                                         |
|  Parse time:                   0.00 s                                       |
|                                                                             |
============================[ Search Statistics ]==============================
| Conflicts |          ORIGINAL         |          LEARNT          | Progress |
|           |    Vars  Clauses Literals |    Limit  Clauses Lit/Cl |          |
===============================================================================
|       100 |     285     1166     3382 |      427      100      7 |  0.012 % |
===============================================================================
restarts              : 3
conflicts             : 238            (inf /sec)
decisions             : 308            (0.00 % random) (inf /sec)
propagations          : 11086          (inf /sec)
conflict literals     : 1401           (36.26 % deleted)
Memory used           : 19.00 MB
CPU time              : 0 s

UNSATISFIABLE
