WARNING: for repeatability, setting FPU to use double precision
============================[ Problem Statistics ]=============================
|                                                                             |
|  Number of variables:           274                                         |
|  Number of clauses:            1095                                         |
|  Parse time:                   0.00 s                                       |
|                                                                             |
============================[ Search Statistics ]==============================
| Conflicts |          ORIGINAL         |          LEARNT          | Progress |
|           |    Vars  Clauses Literals |    Limit  Clauses Lit/Cl |          |
===============================================================================
|       100 |     273     1089     3099 |      401       54      5 |  0.366 % |
===============================================================================
restarts              : 2
conflicts             : 154            (inf /sec)
decisions             : 175            (0.00 % random) (inf /sec)
propagations          : 7244           (inf /sec)
conflict literals     : 769            (22.17 % deleted)
Memory used           : 19.00 MB
CPU time              : 0 s

UNSATISFIABLE
