WARNING: for repeatability, setting FPU to use double precision
============================[ Problem Statistics ]=============================
|                                                                             |
|  Number of variables:           286                                         |
|  Number of clauses:            1161                                         |
|  Parse time:                   0.00 s                                       |
|                                                                             |
============================[ Search Statistics ]==============================
| Conflicts |          ORIGINAL         |          LEARNT          | Progress |
|           |    Vars  Clauses Literals |    Limit  Clauses Lit/Cl |          |
===============================================================================
|       100 |     286     1161     3368 |      425      100      8 |  0.001 % |
|       250 |     286     1161     3368 |      468      250      8 |  0.001 % |
|       475 |     280     1153     3344 |      515      271      8 |  2.104 % |
===============================================================================
restarts              : 5
conflicts             : 557            (139250 /sec)
decisions             : 719            (0.00 % random) (179750 /sec)
propagations          : 28175          (7043750 /sec)
conflict literals     : 3923           (35.08 % deleted)
Memory used           : 19.00 MB
CPU time              : 0.004 s

UNSATISFIABLE
