WARNING: for repeatability, setting FPU to use double precision
============================[ Problem Statistics ]=============================
|                                                                             |
|  Number of variables:           269                                         |
|  Number of clauses:            1032                                         |
|  Parse time:                   0.00 s                                       |
|                                                                             |
============================[ Search Statistics ]==============================
| Conflicts |          ORIGINAL         |          LEARNT          | Progress |
|           |    Vars  Clauses Literals |    Limit  Clauses Lit/Cl |          |
===============================================================================
|       100 |     268     1024     2899 |      378       44      6 |  0.387 % |
===============================================================================
restarts              : 2
conflicts             : 131            (inf /sec)
decisions             : 157            (0.00 % random) (inf /sec)
propagations          : 6585           (inf /sec)
conflict literals     : 669            (25.08 % deleted)
Memory used           : 19.00 MB
CPU time              : 0 s

UNSATISFIABLE
