WARNING: for repeatability, setting FPU to use double precision
============================[ Problem Statistics ]=============================
|                                                                             |
|  Number of variables:           282                                         |
|  Number of clauses:            1124                                         |
|  Parse time:                   0.00 s                                       |
|                                                                             |
============================[ Search Statistics ]==============================
| Conflicts |          ORIGINAL         |          LEARNT          | Progress |
|           |    Vars  Clauses Literals |    Limit  Clauses Lit/Cl |          |
===============================================================================
|       100 |     282     1124     3229 |      412      100      7 |  0.006 % |
|       250 |     282     1124     3229 |      453      250      7 |  0.001 % |
|       475 |     278     1094     3143 |      498      302      7 |  1.426 % |
===============================================================================
restarts              : 5
conflicts             : 553            (138250 /sec)
decisions             : 675            (0.00 % random) (168750 /sec)
propagations          : 26926          (6731500 /sec)
conflict literals     : 3603           (33.43 % deleted)
Memory used           : 19.00 MB
CPU time              : 0.004 s

UNSATISFIABLE
