WARNING: for repeatability, setting FPU to use double precision
============================[ Problem Statistics ]=============================
|                                                                             |
|  Number of variables:           282                                         |
|  Number of clauses:            1134                                         |
|  Parse time:                   0.00 s                                       |
|                                                                             |
============================[ Search Statistics ]==============================
| Conflicts |          ORIGINAL         |          LEARNT          | Progress |
|           |    Vars  Clauses Literals |    Limit  Clauses Lit/Cl |          |
===============================================================================
|       100 |     282     1134     3262 |      415      100      8 |  0.001 % |
===============================================================================
restarts              : 2
conflicts             : 203            (inf /sec)
decisions             : 252            (0.00 % random) (inf /sec)
propagations          : 9572           (inf /sec)
conflict literals     : 1281           (28.87 % deleted)
Memory used           : 19.00 MB
CPU time              : 0 s

UNSATISFIABLE
