WARNING: for repeatability, setting FPU to use double precision
============================[ Problem Statistics ]=============================
|                                                                             |
|  Number of variables:           280                                         |
|  Number of clauses:            1135                                         |
|  Parse time:                   0.00 s                                       |
|                                                                             |
============================[ Search Statistics ]==============================
| Conflicts |          ORIGINAL         |          LEARNT          | Progress |
|           |    Vars  Clauses Literals |    Limit  Clauses Lit/Cl |          |
===============================================================================
|       100 |     278     1118     3234 |      416       65      6 |  0.717 % |
===============================================================================
restarts              : 2
conflicts             : 151            (inf /sec)
decisions             : 189            (0.00 % random) (inf /sec)
propagations          : 8208           (inf /sec)
conflict literals     : 798            (34.48 % deleted)
Memory used           : 19.00 MB
CPU time              : 0 s

UNSATISFIABLE
