WARNING: for repeatability, setting FPU to use double precision
============================[ Problem Statistics ]=============================
|                                                                             |
|  Number of variables:           287                                         |
|  Number of clauses:            1169                                         |
|  Parse time:                   0.00 s                                       |
|                                                                             |
============================[ Search Statistics ]==============================
| Conflicts |          ORIGINAL         |          LEARNT          | Progress |
|           |    Vars  Clauses Literals |    Limit  Clauses Lit/Cl |          |
===============================================================================
|       100 |     287     1169     3396 |      428      100      6 |  0.018 % |
===============================================================================
restarts              : 2
conflicts             : 192            (inf /sec)
decisions             : 248            (0.00 % random) (inf /sec)
propagations          : 9332           (inf /sec)
conflict literals     : 1118           (33.09 % deleted)
Memory used           : 19.00 MB
CPU time              : 0 s

UNSATISFIABLE
