WARNING: for repeatability, setting FPU to use double precision
============================[ Problem Statistics ]=============================
|                                                                             |
|  Number of variables:           285                                         |
|  Number of clauses:            1161                                         |
|  Parse time:                   0.00 s                                       |
|                                                                             |
============================[ Search Statistics ]==============================
| Conflicts |          ORIGINAL         |          LEARNT          | Progress |
|           |    Vars  Clauses Literals |    Limit  Clauses Lit/Cl |          |
===============================================================================
|       100 |     285     1161     3369 |      425      100      8 |  0.001 % |
===============================================================================
restarts              : 2
conflicts             : 166            (inf /sec)
decisions             : 212            (0.00 % random) (inf /sec)
propagations          : 8365           (inf /sec)
conflict literals     : 1120           (25.23 % deleted)
Memory used           : 19.00 MB
CPU time              : 0 s

UNSATISFIABLE
