WARNING: for repeatability, setting FPU to use double precision
============================[ Problem Statistics ]=============================
|                                                                             |
|  Number of variables:           277                                         |
|  Number of clauses:            1111                                         |
|  Parse time:                   0.00 s                                       |
|                                                                             |
============================[ Search Statistics ]==============================
| Conflicts |          ORIGINAL         |          LEARNT          | Progress |
|           |    Vars  Clauses Literals |    Limit  Clauses Lit/Cl |          |
===============================================================================
|       100 |     276     1104     3162 |      407       99      7 |  0.364 % |
===============================================================================
restarts              : 2
conflicts             : 124            (inf /sec)
decisions             : 154            (0.00 % random) (inf /sec)
propagations          : 5831           (inf /sec)
conflict literals     : 750            (23.70 % deleted)
Memory used           : 19.00 MB
CPU time              : 0 s

UNSATISFIABLE
