WARNING: for repeatability, setting FPU to use double precision
============================[ Problem Statistics ]=============================
|                                                                             |
|  Number of variables:           256                                         |
|  Number of clauses:             947                                         |
|  Parse time:                   0.00 s                                       |
|                                                                             |
============================[ Search Statistics ]==============================
| Conflicts |          ORIGINAL         |          LEARNT          | Progress |
|           |    Vars  Clauses Literals |    Limit  Clauses Lit/Cl |          |
===============================================================================
===============================================================================
restarts              : 1
conflicts             : 41             (inf /sec)
decisions             : 53             (0.00 % random) (inf /sec)
propagations          : 2109           (inf /sec)
conflict literals     : 155            (23.65 % deleted)
Memory used           : 19.00 MB
CPU time              : 0 s

UNSATISFIABLE
