WARNING: for repeatability, setting FPU to use double precision
============================[ Problem Statistics ]=============================
|                                                                             |
|  Number of variables:           270                                         |
|  Number of clauses:            1059                                         |
|  Parse time:                   0.00 s                                       |
|                                                                             |
============================[ Search Statistics ]==============================
| Conflicts |          ORIGINAL         |          LEARNT          | Progress |
|           |    Vars  Clauses Literals |    Limit  Clauses Lit/Cl |          |
===============================================================================
|       100 |     269     1051     2980 |      388       37      6 |  0.373 % |
===============================================================================
restarts              : 2
conflicts             : 124            (inf /sec)
decisions             : 154            (0.00 % random) (inf /sec)
propagations          : 6935           (inf /sec)
conflict literals     : 647            (27.22 % deleted)
Memory used           : 19.00 MB
CPU time              : 0 s

UNSATISFIABLE
