WARNING: for repeatability, setting FPU to use double precision
============================[ Problem Statistics ]=============================
|                                                                             |
|  Number of variables:           276                                         |
|  Number of clauses:            1109                                         |
|  Parse time:                   0.00 s                                       |
|                                                                             |
============================[ Search Statistics ]==============================
| Conflicts |          ORIGINAL         |          LEARNT          | Progress |
|           |    Vars  Clauses Literals |    Limit  Clauses Lit/Cl |          |
===============================================================================
|       100 |     276     1109     3176 |      406      100      6 |  0.037 % |
===============================================================================
restarts              : 2
conflicts             : 191            (inf /sec)
decisions             : 224            (0.00 % random) (inf /sec)
propagations          : 9266           (inf /sec)
conflict literals     : 1053           (30.59 % deleted)
Memory used           : 19.00 MB
CPU time              : 0 s

UNSATISFIABLE
