WARNING: for repeatability, setting FPU to use double precision
============================[ Problem Statistics ]=============================
|                                                                             |
|  Number of variables:           287                                         |
|  Number of clauses:            1162                                         |
|  Parse time:                   0.00 s                                       |
|                                                                             |
============================[ Search Statistics ]==============================
| Conflicts |          ORIGINAL         |          LEARNT          | Progress |
|           |    Vars  Clauses Literals |    Limit  Clauses Lit/Cl |          |
===============================================================================
|       100 |     287     1162     3382 |      426      100     10 |  0.002 % |
|       250 |     287     1162     3382 |      468      250      9 |  0.001 % |
|       475 |     287     1162     3382 |      515      475      9 |  0.001 % |
===============================================================================
restarts              : 6
conflicts             : 694            (173500 /sec)
decisions             : 822            (0.00 % random) (205500 /sec)
propagations          : 33455          (8363750 /sec)
conflict literals     : 5358           (27.26 % deleted)
Memory used           : 19.00 MB
CPU time              : 0.004 s

UNSATISFIABLE
