WARNING: for repeatability, setting FPU to use double precision
============================[ Problem Statistics ]=============================
|                                                                             |
|  Number of variables:           298                                         |
|  Number of clauses:            1256                                         |
|  Parse time:                   0.00 s                                       |
|                                                                             |
============================[ Search Statistics ]==============================
| Conflicts |          ORIGINAL         |          LEARNT          | Progress |
|           |    Vars  Clauses Literals |    Limit  Clauses Lit/Cl |          |
===============================================================================
|       100 |     298     1256     3749 |      460      100     15 |  0.001 % |
|       250 |     298     1256     3749 |      506      250     15 |  0.005 % |
|       475 |     298     1256     3749 |      557      475     14 |  0.001 % |
|       812 |     298     1256     3749 |      612      523     14 |  0.001 % |
|      1318 |     298     1256     3749 |      674      393     13 |  0.001 % |
|      2077 |     298     1256     3749 |      741      463     12 |  0.001 % |
|      3216 |     298     1256     3749 |      815      457     11 |  0.001 % |
|      4924 |     298     1256     3749 |      897      476     11 |  0.001 % |
|      7486 |     298     1256     3749 |      987      731     14 |  0.001 % |
|     11330 |     298     1256     3749 |     1085      516     10 |  0.001 % |
|     17096 |     298     1256     3749 |     1194      725     12 |  0.001 % |
|     25745 |     298     1256     3749 |     1313      851     12 |  0.001 % |
|     38719 |     298     1256     3749 |     1445     1053     13 |  0.001 % |
|     58180 |     298     1256     3749 |     1589     1388     14 |  0.001 % |
|     87372 |     298     1256     3749 |     1748     1562     12 |  0.001 % |
|    131161 |     298     1256     3749 |     1923     1013     12 |  0.001 % |
|    196845 |     298     1256     3749 |     2116     1510     13 |  0.001 % |
|    295371 |     298     1256     3749 |     2327     1453     12 |  0.001 % |
|    443160 |     298     1256     3749 |     2560     1964     12 |  0.001 % |
|    664843 |     298     1256     3749 |     2816     2424     13 |  0.001 % |
|    997368 |     297     1238     3695 |     3098     2305     13 |  0.337 % |
|   1496156 |     297     1238     3695 |     3408     2256     13 |  0.337 % |
===============================================================================
restarts              : 3197
conflicts             : 1680618        (79741 /sec)
decisions             : 2030636        (0.00 % random) (96348 /sec)
propagations          : 84478364       (4008273 /sec)
conflict literals     : 23532127       (23.60 % deleted)
Memory used           : 19.00 MB
CPU time              : 21.076 s

UNSATISFIABLE
