WARNING: for repeatability, setting FPU to use double precision
============================[ Problem Statistics ]=============================
|                                                                             |
|  Number of variables:           280                                         |
|  Number of clauses:            1099                                         |
|  Parse time:                   0.00 s                                       |
|                                                                             |
============================[ Search Statistics ]==============================
| Conflicts |          ORIGINAL         |          LEARNT          | Progress |
|           |    Vars  Clauses Literals |    Limit  Clauses Lit/Cl |          |
===============================================================================
|       100 |     280     1099     3173 |      402      100      8 |  0.003 % |
===============================================================================
restarts              : 2
conflicts             : 160            (inf /sec)
decisions             : 196            (0.00 % random) (inf /sec)
propagations          : 8004           (inf /sec)
conflict literals     : 1013           (30.33 % deleted)
Memory used           : 19.00 MB
CPU time              : 0 s

UNSATISFIABLE
