WARNING: for repeatability, setting FPU to use double precision
============================[ Problem Statistics ]=============================
|                                                                             |
|  Number of variables:           282                                         |
|  Number of clauses:            1119                                         |
|  Parse time:                   0.00 s                                       |
|                                                                             |
============================[ Search Statistics ]==============================
| Conflicts |          ORIGINAL         |          LEARNT          | Progress |
|           |    Vars  Clauses Literals |    Limit  Clauses Lit/Cl |          |
===============================================================================
|       100 |     280     1119     3234 |      410       99      7 |  0.711 % |
===============================================================================
restarts              : 2
conflicts             : 159            (inf /sec)
decisions             : 220            (0.00 % random) (inf /sec)
propagations          : 7899           (inf /sec)
conflict literals     : 954            (25.93 % deleted)
Memory used           : 19.00 MB
CPU time              : 0 s

UNSATISFIABLE
