WARNING: for repeatability, setting FPU to use double precision
============================[ Problem Statistics ]=============================
|                                                                             |
|  Number of variables:           269                                         |
|  Number of clauses:            1066                                         |
|  Parse time:                   0.00 s                                       |
|                                                                             |
============================[ Search Statistics ]==============================
| Conflicts |          ORIGINAL         |          LEARNT          | Progress |
|           |    Vars  Clauses Literals |    Limit  Clauses Lit/Cl |          |
===============================================================================
===============================================================================
restarts              : 1
conflicts             : 7              (inf /sec)
decisions             : 13             (0.00 % random) (inf /sec)
propagations          : 428            (inf /sec)
conflict literals     : 15             (11.76 % deleted)
Memory used           : 19.00 MB
CPU time              : 0 s

UNSATISFIABLE
