WARNING: for repeatability, setting FPU to use double precision
============================[ Problem Statistics ]=============================
|                                                                             |
|  Number of variables:           265                                         |
|  Number of clauses:            1012                                         |
|  Parse time:                   0.00 s                                       |
|                                                                             |
============================[ Search Statistics ]==============================
| Conflicts |          ORIGINAL         |          LEARNT          | Progress |
|           |    Vars  Clauses Literals |    Limit  Clauses Lit/Cl |          |
===============================================================================
===============================================================================
restarts              : 1
conflicts             : 54             (inf /sec)
decisions             : 58             (0.00 % random) (inf /sec)
propagations          : 3288           (inf /sec)
conflict literals     : 218            (27.81 % deleted)
Memory used           : 19.00 MB
CPU time              : 0 s

UNSATISFIABLE
