WARNING: for repeatability, setting FPU to use double precision
============================[ Problem Statistics ]=============================
|                                                                             |
|  Number of variables:           279                                         |
|  Number of clauses:            1098                                         |
|  Parse time:                   0.00 s                                       |
|                                                                             |
============================[ Search Statistics ]==============================
| Conflicts |          ORIGINAL         |          LEARNT          | Progress |
|           |    Vars  Clauses Literals |    Limit  Clauses Lit/Cl |          |
===============================================================================
|       100 |     279     1098     3165 |      402      100      8 |  0.001 % |
|       250 |     276     1076     3102 |      442       78      6 |  1.077 % |
===============================================================================
restarts              : 3
conflicts             : 266            (inf /sec)
decisions             : 330            (0.00 % random) (inf /sec)
propagations          : 13006          (inf /sec)
conflict literals     : 1728           (26.90 % deleted)
Memory used           : 19.00 MB
CPU time              : 0 s

UNSATISFIABLE
