WARNING: for repeatability, setting FPU to use double precision
============================[ Problem Statistics ]=============================
|                                                                             |
|  Number of variables:           281                                         |
|  Number of clauses:            1136                                         |
|  Parse time:                   0.00 s                                       |
|                                                                             |
============================[ Search Statistics ]==============================
| Conflicts |          ORIGINAL         |          LEARNT          | Progress |
|           |    Vars  Clauses Literals |    Limit  Clauses Lit/Cl |          |
===============================================================================
|       100 |     281     1136     3268 |      416      100      6 |  0.001 % |
===============================================================================
restarts              : 2
conflicts             : 106            (inf /sec)
decisions             : 124            (0.00 % random) (inf /sec)
propagations          : 4829           (inf /sec)
conflict literals     : 591            (20.99 % deleted)
Memory used           : 19.00 MB
CPU time              : 0 s

UNSATISFIABLE
