WARNING: for repeatability, setting FPU to use double precision
============================[ Problem Statistics ]=============================
|                                                                             |
|  Number of variables:           271                                         |
|  Number of clauses:            1087                                         |
|  Parse time:                   0.00 s                                       |
|                                                                             |
============================[ Search Statistics ]==============================
| Conflicts |          ORIGINAL         |          LEARNT          | Progress |
|           |    Vars  Clauses Literals |    Limit  Clauses Lit/Cl |          |
===============================================================================
|       100 |     267     1056     3009 |      398       57      7 |  1.480 % |
===============================================================================
restarts              : 2
conflicts             : 131            (inf /sec)
decisions             : 165            (0.00 % random) (inf /sec)
propagations          : 6161           (inf /sec)
conflict literals     : 704            (30.84 % deleted)
Memory used           : 19.00 MB
CPU time              : 0 s

UNSATISFIABLE
