WARNING: for repeatability, setting FPU to use double precision
============================[ Problem Statistics ]=============================
|                                                                             |
|  Number of variables:           279                                         |
|  Number of clauses:            1125                                         |
|  Parse time:                   0.00 s                                       |
|                                                                             |
============================[ Search Statistics ]==============================
| Conflicts |          ORIGINAL         |          LEARNT          | Progress |
|           |    Vars  Clauses Literals |    Limit  Clauses Lit/Cl |          |
===============================================================================
|       100 |     269     1074     3088 |      412       44      5 |  3.595 % |
===============================================================================
restarts              : 2
conflicts             : 112            (inf /sec)
decisions             : 145            (0.00 % random) (inf /sec)
propagations          : 4941           (inf /sec)
conflict literals     : 538            (27.40 % deleted)
Memory used           : 19.00 MB
CPU time              : 0 s

UNSATISFIABLE
