WARNING: for repeatability, setting FPU to use double precision
============================[ Problem Statistics ]=============================
|                                                                             |
|  Number of variables:           268                                         |
|  Number of clauses:            1022                                         |
|  Parse time:                   0.00 s                                       |
|                                                                             |
============================[ Search Statistics ]==============================
| Conflicts |          ORIGINAL         |          LEARNT          | Progress |
|           |    Vars  Clauses Literals |    Limit  Clauses Lit/Cl |          |
===============================================================================
|       100 |     265     1017     2876 |      374       53      5 |  1.128 % |
===============================================================================
restarts              : 2
conflicts             : 111            (inf /sec)
decisions             : 129            (0.00 % random) (inf /sec)
propagations          : 5754           (inf /sec)
conflict literals     : 504            (25.11 % deleted)
Memory used           : 19.00 MB
CPU time              : 0 s

UNSATISFIABLE
