WARNING: for repeatability, setting FPU to use double precision
============================[ Problem Statistics ]=============================
|                                                                             |
|  Number of variables:           280                                         |
|  Number of clauses:            1122                                         |
|  Parse time:                   0.00 s                                       |
|                                                                             |
============================[ Search Statistics ]==============================
| Conflicts |          ORIGINAL         |          LEARNT          | Progress |
|           |    Vars  Clauses Literals |    Limit  Clauses Lit/Cl |          |
===============================================================================
|       100 |     280     1122     3254 |      411      100      8 |  0.001 % |
===============================================================================
restarts              : 2
conflicts             : 194            (inf /sec)
decisions             : 256            (0.00 % random) (inf /sec)
propagations          : 10383          (inf /sec)
conflict literals     : 1249           (30.30 % deleted)
Memory used           : 19.00 MB
CPU time              : 0 s

UNSATISFIABLE
