WARNING: for repeatability, setting FPU to use double precision
============================[ Problem Statistics ]=============================
|                                                                             |
|  Number of variables:           261                                         |
|  Number of clauses:             988                                         |
|  Parse time:                   0.00 s                                       |
|                                                                             |
============================[ Search Statistics ]==============================
| Conflicts |          ORIGINAL         |          LEARNT          | Progress |
|           |    Vars  Clauses Literals |    Limit  Clauses Lit/Cl |          |
===============================================================================
===============================================================================
restarts              : 1
conflicts             : 50             (inf /sec)
decisions             : 65             (0.00 % random) (inf /sec)
propagations          : 2485           (inf /sec)
conflict literals     : 196            (24.62 % deleted)
Memory used           : 19.00 MB
CPU time              : 0 s

UNSATISFIABLE
