WARNING: for repeatability, setting FPU to use double precision
============================[ Problem Statistics ]=============================
|                                                                             |
|  Number of variables:           279                                         |
|  Number of clauses:            1119                                         |
|  Parse time:                   0.00 s                                       |
|                                                                             |
============================[ Search Statistics ]==============================
| Conflicts |          ORIGINAL         |          LEARNT          | Progress |
|           |    Vars  Clauses Literals |    Limit  Clauses Lit/Cl |          |
===============================================================================
|       100 |     279     1119     3238 |      410      100      9 |  0.001 % |
===============================================================================
restarts              : 3
conflicts             : 215            (inf /sec)
decisions             : 278            (0.00 % random) (inf /sec)
propagations          : 11276          (inf /sec)
conflict literals     : 1538           (26.16 % deleted)
Memory used           : 19.00 MB
CPU time              : 0 s

UNSATISFIABLE
