WARNING: for repeatability, setting FPU to use double precision
============================[ Problem Statistics ]=============================
|                                                                             |
|  Number of variables:           288                                         |
|  Number of clauses:            1172                                         |
|  Parse time:                   0.00 s                                       |
|                                                                             |
============================[ Search Statistics ]==============================
| Conflicts |          ORIGINAL         |          LEARNT          | Progress |
|           |    Vars  Clauses Literals |    Limit  Clauses Lit/Cl |          |
===============================================================================
|       100 |     288     1172     3430 |      429      100     11 |  0.001 % |
|       250 |     288     1172     3430 |      472      250     10 |  0.001 % |
|       475 |     288     1172     3430 |      519      475     10 |  0.001 % |
|       812 |     288     1172     3430 |      571      284      9 |  0.005 % |
|      1318 |     286     1151     3369 |      629      322      8 |  0.697 % |
|      2077 |     286     1151     3369 |      692      433      8 |  0.697 % |
===============================================================================
restarts              : 15
conflicts             : 2847           (118625 /sec)
decisions             : 3471           (0.00 % random) (144625 /sec)
propagations          : 146901         (6120875 /sec)
conflict literals     : 24913          (30.62 % deleted)
Memory used           : 19.00 MB
CPU time              : 0.024 s

UNSATISFIABLE
