WARNING: for repeatability, setting FPU to use double precision
============================[ Problem Statistics ]=============================
|                                                                             |
|  Number of variables:           288                                         |
|  Number of clauses:            1168                                         |
|  Parse time:                   0.00 s                                       |
|                                                                             |
============================[ Search Statistics ]==============================
| Conflicts |          ORIGINAL         |          LEARNT          | Progress |
|           |    Vars  Clauses Literals |    Limit  Clauses Lit/Cl |          |
===============================================================================
|       100 |     288     1168     3404 |      428      100      9 |  0.001 % |
|       250 |     288     1168     3404 |      471      250     10 |  0.001 % |
|       475 |     288     1168     3404 |      518      475     10 |  0.001 % |
|       812 |     288     1168     3404 |      570      277      7 |  0.002 % |
===============================================================================
restarts              : 7
conflicts             : 1205           (100417 /sec)
decisions             : 1470           (0.00 % random) (122500 /sec)
propagations          : 60485          (5040417 /sec)
conflict literals     : 10545          (29.92 % deleted)
Memory used           : 19.00 MB
CPU time              : 0.012 s

UNSATISFIABLE
