WARNING: for repeatability, setting FPU to use double precision
============================[ Problem Statistics ]=============================
|                                                                             |
|  Number of variables:           285                                         |
|  Number of clauses:            1154                                         |
|  Parse time:                   0.00 s                                       |
|                                                                             |
============================[ Search Statistics ]==============================
| Conflicts |          ORIGINAL         |          LEARNT          | Progress |
|           |    Vars  Clauses Literals |    Limit  Clauses Lit/Cl |          |
===============================================================================
|       100 |     285     1154     3354 |      423      100      7 |  0.003 % |
===============================================================================
restarts              : 2
conflicts             : 139            (inf /sec)
decisions             : 188            (0.00 % random) (inf /sec)
propagations          : 6850           (inf /sec)
conflict literals     : 896            (30.00 % deleted)
Memory used           : 19.00 MB
CPU time              : 0 s

UNSATISFIABLE
