WARNING: for repeatability, setting FPU to use double precision
============================[ Problem Statistics ]=============================
|                                                                             |
|  Number of variables:           288                                         |
|  Number of clauses:            1180                                         |
|  Parse time:                   0.00 s                                       |
|                                                                             |
============================[ Search Statistics ]==============================
| Conflicts |          ORIGINAL         |          LEARNT          | Progress |
|           |    Vars  Clauses Literals |    Limit  Clauses Lit/Cl |          |
===============================================================================
|       100 |     288     1180     3436 |      432      100      7 |  0.001 % |
|       250 |     285     1158     3371 |      475      144      7 |  1.043 % |
===============================================================================
restarts              : 3
conflicts             : 343            (inf /sec)
decisions             : 406            (0.00 % random) (inf /sec)
propagations          : 15972          (inf /sec)
conflict literals     : 2094           (27.84 % deleted)
Memory used           : 19.00 MB
CPU time              : 0 s

UNSATISFIABLE
