WARNING: for repeatability, setting FPU to use double precision
============================[ Problem Statistics ]=============================
|                                                                             |
|  Number of variables:           291                                         |
|  Number of clauses:            1202                                         |
|  Parse time:                   0.00 s                                       |
|                                                                             |
============================[ Search Statistics ]==============================
| Conflicts |          ORIGINAL         |          LEARNT          | Progress |
|           |    Vars  Clauses Literals |    Limit  Clauses Lit/Cl |          |
===============================================================================
|       100 |     291     1202     3525 |      440      100     11 |  0.001 % |
|       250 |     291     1202     3525 |      484      250     10 |  0.002 % |
|       475 |     291     1202     3525 |      533      475     10 |  0.001 % |
|       812 |     291     1202     3525 |      586      537      9 |  0.001 % |
|      1318 |     291     1202     3525 |      645      443      8 |  0.001 % |
|      2077 |     291     1202     3525 |      709      544      8 |  0.001 % |
|      3216 |     291     1202     3525 |      780      608      8 |  0.002 % |
===============================================================================
restarts              : 22
conflicts             : 4421           (110525 /sec)
decisions             : 5353           (0.00 % random) (133825 /sec)
propagations          : 216294         (5407350 /sec)
conflict literals     : 39518          (28.56 % deleted)
Memory used           : 19.00 MB
CPU time              : 0.04 s

UNSATISFIABLE
