WARNING: for repeatability, setting FPU to use double precision
============================[ Problem Statistics ]=============================
|                                                                             |
|  Number of variables:           285                                         |
|  Number of clauses:            1157                                         |
|  Parse time:                   0.00 s                                       |
|                                                                             |
============================[ Search Statistics ]==============================
| Conflicts |          ORIGINAL         |          LEARNT          | Progress |
|           |    Vars  Clauses Literals |    Limit  Clauses Lit/Cl |          |
===============================================================================
|       100 |     285     1157     3356 |      424      100      6 |  0.001 % |
|       250 |     285     1157     3356 |      466      250      8 |  0.002 % |
===============================================================================
restarts              : 4
conflicts             : 444            (111000 /sec)
decisions             : 576            (0.00 % random) (144000 /sec)
propagations          : 21525          (5381250 /sec)
conflict literals     : 3118           (26.69 % deleted)
Memory used           : 19.00 MB
CPU time              : 0.004 s

UNSATISFIABLE
