WARNING: for repeatability, setting FPU to use double precision
============================[ Problem Statistics ]=============================
|                                                                             |
|  Number of variables:           288                                         |
|  Number of clauses:            1177                                         |
|  Parse time:                   0.00 s                                       |
|                                                                             |
============================[ Search Statistics ]==============================
| Conflicts |          ORIGINAL         |          LEARNT          | Progress |
|           |    Vars  Clauses Literals |    Limit  Clauses Lit/Cl |          |
===============================================================================
|       100 |     288     1177     3423 |      431      100      8 |  0.001 % |
===============================================================================
restarts              : 3
conflicts             : 233            (inf /sec)
decisions             : 293            (0.00 % random) (inf /sec)
propagations          : 11907          (inf /sec)
conflict literals     : 1514           (31.18 % deleted)
Memory used           : 19.00 MB
CPU time              : 0 s

UNSATISFIABLE
