WARNING: for repeatability, setting FPU to use double precision
============================[ Problem Statistics ]=============================
|                                                                             |
|  Number of variables:           286                                         |
|  Number of clauses:            1175                                         |
|  Parse time:                   0.00 s                                       |
|                                                                             |
============================[ Search Statistics ]==============================
| Conflicts |          ORIGINAL         |          LEARNT          | Progress |
|           |    Vars  Clauses Literals |    Limit  Clauses Lit/Cl |          |
===============================================================================
|       100 |     286     1175     3413 |      430      100      8 |  0.001 % |
|       250 |     284     1158     3365 |      473      166      7 |  0.703 % |
===============================================================================
restarts              : 3
conflicts             : 363            (inf /sec)
decisions             : 423            (0.00 % random) (inf /sec)
propagations          : 18468          (inf /sec)
conflict literals     : 2239           (31.34 % deleted)
Memory used           : 19.00 MB
CPU time              : 0 s

UNSATISFIABLE
