WARNING: for repeatability, setting FPU to use double precision
============================[ Problem Statistics ]=============================
|                                                                             |
|  Number of variables:           283                                         |
|  Number of clauses:            1147                                         |
|  Parse time:                   0.00 s                                       |
|                                                                             |
============================[ Search Statistics ]==============================
| Conflicts |          ORIGINAL         |          LEARNT          | Progress |
|           |    Vars  Clauses Literals |    Limit  Clauses Lit/Cl |          |
===============================================================================
|       100 |     280     1131     3270 |      420       99      8 |  1.069 % |
===============================================================================
restarts              : 3
conflicts             : 206            (inf /sec)
decisions             : 255            (0.00 % random) (inf /sec)
propagations          : 10424          (inf /sec)
conflict literals     : 1319           (33.08 % deleted)
Memory used           : 19.00 MB
CPU time              : 0 s

UNSATISFIABLE
