WARNING: for repeatability, setting FPU to use double precision
============================[ Problem Statistics ]=============================
|                                                                             |
|  Number of variables:           264                                         |
|  Number of clauses:            1025                                         |
|  Parse time:                   0.00 s                                       |
|                                                                             |
============================[ Search Statistics ]==============================
| Conflicts |          ORIGINAL         |          LEARNT          | Progress |
|           |    Vars  Clauses Literals |    Limit  Clauses Lit/Cl |          |
===============================================================================
===============================================================================
restarts              : 1
conflicts             : 28             (inf /sec)
decisions             : 40             (0.00 % random) (inf /sec)
propagations          : 1398           (inf /sec)
conflict literals     : 104            (27.27 % deleted)
Memory used           : 19.00 MB
CPU time              : 0 s

UNSATISFIABLE
