WARNING: for repeatability, setting FPU to use double precision
============================[ Problem Statistics ]=============================
|                                                                             |
|  Number of variables:           283                                         |
|  Number of clauses:            1134                                         |
|  Parse time:                   0.00 s                                       |
|                                                                             |
============================[ Search Statistics ]==============================
| Conflicts |          ORIGINAL         |          LEARNT          | Progress |
|           |    Vars  Clauses Literals |    Limit  Clauses Lit/Cl |          |
===============================================================================
|       100 |     282     1130     3231 |      415       62      6 |  0.361 % |
===============================================================================
restarts              : 2
conflicts             : 133            (inf /sec)
decisions             : 154            (0.00 % random) (inf /sec)
propagations          : 6515           (inf /sec)
conflict literals     : 706            (31.46 % deleted)
Memory used           : 19.00 MB
CPU time              : 0 s

UNSATISFIABLE
