WARNING: for repeatability, setting FPU to use double precision
============================[ Problem Statistics ]=============================
|                                                                             |
|  Number of variables:           278                                         |
|  Number of clauses:            1095                                         |
|  Parse time:                   0.00 s                                       |
|                                                                             |
============================[ Search Statistics ]==============================
| Conflicts |          ORIGINAL         |          LEARNT          | Progress |
|           |    Vars  Clauses Literals |    Limit  Clauses Lit/Cl |          |
===============================================================================
|       100 |     271     1080     3090 |      401       84      6 |  2.535 % |
===============================================================================
restarts              : 2
conflicts             : 121            (inf /sec)
decisions             : 147            (0.00 % random) (inf /sec)
propagations          : 6648           (inf /sec)
conflict literals     : 658            (27.29 % deleted)
Memory used           : 19.00 MB
CPU time              : 0 s

UNSATISFIABLE
