WARNING: for repeatability, setting FPU to use double precision
============================[ Problem Statistics ]=============================
|                                                                             |
|  Number of variables:           264                                         |
|  Number of clauses:            1014                                         |
|  Parse time:                   0.00 s                                       |
|                                                                             |
============================[ Search Statistics ]==============================
| Conflicts |          ORIGINAL         |          LEARNT          | Progress |
|           |    Vars  Clauses Literals |    Limit  Clauses Lit/Cl |          |
===============================================================================
|       100 |     257     1008     2838 |      371       58      5 |  2.653 % |
===============================================================================
restarts              : 1
conflicts             : 104            (inf /sec)
decisions             : 119            (0.00 % random) (inf /sec)
propagations          : 4927           (inf /sec)
conflict literals     : 528            (26.67 % deleted)
Memory used           : 19.00 MB
CPU time              : 0 s

UNSATISFIABLE
