WARNING: for repeatability, setting FPU to use double precision
============================[ Problem Statistics ]=============================
|                                                                             |
|  Number of variables:           280                                         |
|  Number of clauses:            1122                                         |
|  Parse time:                   0.00 s                                       |
|                                                                             |
============================[ Search Statistics ]==============================
| Conflicts |          ORIGINAL         |          LEARNT          | Progress |
|           |    Vars  Clauses Literals |    Limit  Clauses Lit/Cl |          |
===============================================================================
|       100 |     279     1122     3232 |      411       99      7 |  0.357 % |
===============================================================================
restarts              : 2
conflicts             : 146            (inf /sec)
decisions             : 176            (0.00 % random) (inf /sec)
propagations          : 6909           (inf /sec)
conflict literals     : 888            (34.46 % deleted)
Memory used           : 19.00 MB
CPU time              : 0 s

UNSATISFIABLE
