WARNING: for repeatability, setting FPU to use double precision
============================[ Problem Statistics ]=============================
|                                                                             |
|  Number of variables:           284                                         |
|  Number of clauses:            1157                                         |
|  Parse time:                   0.00 s                                       |
|                                                                             |
============================[ Search Statistics ]==============================
| Conflicts |          ORIGINAL         |          LEARNT          | Progress |
|           |    Vars  Clauses Literals |    Limit  Clauses Lit/Cl |          |
===============================================================================
|       100 |     284     1157     3341 |      424      100      8 |  0.001 % |
|       250 |     284     1157     3341 |      466      250      8 |  0.002 % |
|       475 |     284     1157     3341 |      513      475      7 |  0.031 % |
===============================================================================
restarts              : 6
conflicts             : 646            (161500 /sec)
decisions             : 818            (0.00 % random) (204500 /sec)
propagations          : 32761          (8190250 /sec)
conflict literals     : 4573           (29.23 % deleted)
Memory used           : 19.00 MB
CPU time              : 0.004 s

UNSATISFIABLE
