WARNING: for repeatability, setting FPU to use double precision
============================[ Problem Statistics ]=============================
|                                                                             |
|  Number of variables:           282                                         |
|  Number of clauses:            1127                                         |
|  Parse time:                   0.00 s                                       |
|                                                                             |
============================[ Search Statistics ]==============================
| Conflicts |          ORIGINAL         |          LEARNT          | Progress |
|           |    Vars  Clauses Literals |    Limit  Clauses Lit/Cl |          |
===============================================================================
|       100 |     282     1127     3232 |      413      100      7 |  0.003 % |
|       250 |     281     1121     3215 |      454      102      7 |  0.357 % |
===============================================================================
restarts              : 4
conflicts             : 457            (114250 /sec)
decisions             : 579            (0.00 % random) (144750 /sec)
propagations          : 23977          (5994250 /sec)
conflict literals     : 2835           (35.54 % deleted)
Memory used           : 19.00 MB
CPU time              : 0.004 s

UNSATISFIABLE
