WARNING: for repeatability, setting FPU to use double precision
============================[ Problem Statistics ]=============================
|                                                                             |
|  Number of variables:           281                                         |
|  Number of clauses:            1130                                         |
|  Parse time:                   0.00 s                                       |
|                                                                             |
============================[ Search Statistics ]==============================
| Conflicts |          ORIGINAL         |          LEARNT          | Progress |
|           |    Vars  Clauses Literals |    Limit  Clauses Lit/Cl |          |
===============================================================================
|       100 |     280     1125     3240 |      414       63      6 |  0.376 % |
===============================================================================
restarts              : 2
conflicts             : 176            (inf /sec)
decisions             : 219            (0.00 % random) (inf /sec)
propagations          : 9317           (inf /sec)
conflict literals     : 1000           (39.76 % deleted)
Memory used           : 19.00 MB
CPU time              : 0 s

UNSATISFIABLE
