WARNING: for repeatability, setting FPU to use double precision
============================[ Problem Statistics ]=============================
|                                                                             |
|  Number of variables:           271                                         |
|  Number of clauses:            1058                                         |
|  Parse time:                   0.00 s                                       |
|                                                                             |
============================[ Search Statistics ]==============================
| Conflicts |          ORIGINAL         |          LEARNT          | Progress |
|           |    Vars  Clauses Literals |    Limit  Clauses Lit/Cl |          |
===============================================================================
|       100 |     254     1054     2998 |      387       75      6 |  6.284 % |
===============================================================================
restarts              : 2
conflicts             : 117            (inf /sec)
decisions             : 150            (0.00 % random) (inf /sec)
propagations          : 6266           (inf /sec)
conflict literals     : 594            (37.93 % deleted)
Memory used           : 19.00 MB
CPU time              : 0 s

UNSATISFIABLE
