WARNING: for repeatability, setting FPU to use double precision
============================[ Problem Statistics ]=============================
|                                                                             |
|  Number of variables:           281                                         |
|  Number of clauses:            1135                                         |
|  Parse time:                   0.00 s                                       |
|                                                                             |
============================[ Search Statistics ]==============================
| Conflicts |          ORIGINAL         |          LEARNT          | Progress |
|           |    Vars  Clauses Literals |    Limit  Clauses Lit/Cl |          |
===============================================================================
|       100 |     281     1135     3269 |      416      100      8 |  0.001 % |
|       250 |     281     1135     3269 |      457      250      8 |  0.005 % |
===============================================================================
restarts              : 3
conflicts             : 380            (inf /sec)
decisions             : 509            (0.00 % random) (inf /sec)
propagations          : 19378          (inf /sec)
conflict literals     : 2504           (31.70 % deleted)
Memory used           : 19.00 MB
CPU time              : 0 s

UNSATISFIABLE
