WARNING: for repeatability, setting FPU to use double precision
============================[ Problem Statistics ]=============================
|                                                                             |
|  Number of variables:           283                                         |
|  Number of clauses:            1153                                         |
|  Parse time:                   0.00 s                                       |
|                                                                             |
============================[ Search Statistics ]==============================
| Conflicts |          ORIGINAL         |          LEARNT          | Progress |
|           |    Vars  Clauses Literals |    Limit  Clauses Lit/Cl |          |
===============================================================================
|       100 |     279     1136     3271 |      422       65      6 |  1.451 % |
===============================================================================
restarts              : 2
conflicts             : 126            (inf /sec)
decisions             : 151            (0.00 % random) (inf /sec)
propagations          : 6513           (inf /sec)
conflict literals     : 698            (34.27 % deleted)
Memory used           : 19.00 MB
CPU time              : 0 s

UNSATISFIABLE
