WARNING: for repeatability, setting FPU to use double precision
============================[ Problem Statistics ]=============================
|                                                                             |
|  Number of variables:           279                                         |
|  Number of clauses:            1093                                         |
|  Parse time:                   0.00 s                                       |
|                                                                             |
============================[ Search Statistics ]==============================
| Conflicts |          ORIGINAL         |          LEARNT          | Progress |
|           |    Vars  Clauses Literals |    Limit  Clauses Lit/Cl |          |
===============================================================================
|       100 |     279     1093     3133 |      400      100      6 |  0.003 % |
===============================================================================
restarts              : 2
conflicts             : 183            (inf /sec)
decisions             : 219            (0.00 % random) (inf /sec)
propagations          : 9630           (inf /sec)
conflict literals     : 1004           (27.46 % deleted)
Memory used           : 19.00 MB
CPU time              : 0 s

UNSATISFIABLE
