WARNING: for repeatability, setting FPU to use double precision
============================[ Problem Statistics ]=============================
|                                                                             |
|  Number of variables:           278                                         |
|  Number of clauses:            1096                                         |
|  Parse time:                   0.00 s                                       |
|                                                                             |
============================[ Search Statistics ]==============================
| Conflicts |          ORIGINAL         |          LEARNT          | Progress |
|           |    Vars  Clauses Literals |    Limit  Clauses Lit/Cl |          |
===============================================================================
|       100 |     272     1078     3094 |      401       81      6 |  2.158 % |
===============================================================================
restarts              : 2
conflicts             : 105            (inf /sec)
decisions             : 135            (0.00 % random) (inf /sec)
propagations          : 5819           (inf /sec)
conflict literals     : 552            (26.89 % deleted)
Memory used           : 19.00 MB
CPU time              : 0 s

UNSATISFIABLE
