WARNING: for repeatability, setting FPU to use double precision
============================[ Problem Statistics ]=============================
|                                                                             |
|  Number of variables:           277                                         |
|  Number of clauses:            1077                                         |
|  Parse time:                   0.00 s                                       |
|                                                                             |
============================[ Search Statistics ]==============================
| Conflicts |          ORIGINAL         |          LEARNT          | Progress |
|           |    Vars  Clauses Literals |    Limit  Clauses Lit/Cl |          |
===============================================================================
|       100 |     277     1077     3092 |      394      100      7 |  0.003 % |
===============================================================================
restarts              : 2
conflicts             : 171            (inf /sec)
decisions             : 218            (0.00 % random) (inf /sec)
propagations          : 8434           (inf /sec)
conflict literals     : 1003           (31.95 % deleted)
Memory used           : 19.00 MB
CPU time              : 0 s

UNSATISFIABLE
