WARNING: for repeatability, setting FPU to use double precision
============================[ Problem Statistics ]=============================
|                                                                             |
|  Number of variables:           276                                         |
|  Number of clauses:            1098                                         |
|  Parse time:                   0.00 s                                       |
|                                                                             |
============================[ Search Statistics ]==============================
| Conflicts |          ORIGINAL         |          LEARNT          | Progress |
|           |    Vars  Clauses Literals |    Limit  Clauses Lit/Cl |          |
===============================================================================
|       100 |     276     1098     3150 |      402      100      8 |  0.001 % |
===============================================================================
restarts              : 2
conflicts             : 189            (inf /sec)
decisions             : 241            (0.00 % random) (inf /sec)
propagations          : 10013          (inf /sec)
conflict literals     : 1325           (29.97 % deleted)
Memory used           : 19.00 MB
CPU time              : 0 s

UNSATISFIABLE
