WARNING: for repeatability, setting FPU to use double precision
============================[ Problem Statistics ]=============================
|                                                                             |
|  Number of variables:           249                                         |
|  Number of clauses:             894                                         |
|  Parse time:                   0.00 s                                       |
|                                                                             |
============================[ Search Statistics ]==============================
| Conflicts |          ORIGINAL         |          LEARNT          | Progress |
|           |    Vars  Clauses Literals |    Limit  Clauses Lit/Cl |          |
===============================================================================
===============================================================================
restarts              : 1
conflicts             : 16             (inf /sec)
decisions             : 22             (0.00 % random) (inf /sec)
propagations          : 1001           (inf /sec)
conflict literals     : 62             (13.89 % deleted)
Memory used           : 19.00 MB
CPU time              : 0 s

UNSATISFIABLE
