WARNING: for repeatability, setting FPU to use double precision
============================[ Problem Statistics ]=============================
|                                                                             |
|  Number of variables:           281                                         |
|  Number of clauses:            1111                                         |
|  Parse time:                   0.00 s                                       |
|                                                                             |
============================[ Search Statistics ]==============================
| Conflicts |          ORIGINAL         |          LEARNT          | Progress |
|           |    Vars  Clauses Literals |    Limit  Clauses Lit/Cl |          |
===============================================================================
|       100 |     275     1075     3090 |      407       68      6 |  2.154 % |
===============================================================================
restarts              : 2
conflicts             : 154            (inf /sec)
decisions             : 206            (0.00 % random) (inf /sec)
propagations          : 7734           (inf /sec)
conflict literals     : 842            (28.83 % deleted)
Memory used           : 19.00 MB
CPU time              : 0 s

UNSATISFIABLE
