WARNING: for repeatability, setting FPU to use double precision
============================[ Problem Statistics ]=============================
|                                                                             |
|  Number of variables:           272                                         |
|  Number of clauses:            1058                                         |
|  Parse time:                   0.00 s                                       |
|                                                                             |
============================[ Search Statistics ]==============================
| Conflicts |          ORIGINAL         |          LEARNT          | Progress |
|           |    Vars  Clauses Literals |    Limit  Clauses Lit/Cl |          |
===============================================================================
===============================================================================
restarts              : 1
conflicts             : 14             (inf /sec)
decisions             : 29             (0.00 % random) (inf /sec)
propagations          : 784            (inf /sec)
conflict literals     : 43             (32.81 % deleted)
Memory used           : 19.00 MB
CPU time              : 0 s

UNSATISFIABLE
