WARNING: for repeatability, setting FPU to use double precision
============================[ Problem Statistics ]=============================
|                                                                             |
|  Number of variables:           271                                         |
|  Number of clauses:            1057                                         |
|  Parse time:                   0.00 s                                       |
|                                                                             |
============================[ Search Statistics ]==============================
| Conflicts |          ORIGINAL         |          LEARNT          | Progress |
|           |    Vars  Clauses Literals |    Limit  Clauses Lit/Cl |          |
===============================================================================
|       100 |     269     1047     2980 |      387       44      6 |  0.742 % |
===============================================================================
restarts              : 2
conflicts             : 113            (inf /sec)
decisions             : 145            (0.00 % random) (inf /sec)
propagations          : 5471           (inf /sec)
conflict literals     : 596            (27.14 % deleted)
Memory used           : 19.00 MB
CPU time              : 0 s

UNSATISFIABLE
