WARNING: for repeatability, setting FPU to use double precision
============================[ Problem Statistics ]=============================
|                                                                             |
|  Number of variables:           263                                         |
|  Number of clauses:             970                                         |
|  Parse time:                   0.00 s                                       |
|                                                                             |
============================[ Search Statistics ]==============================
| Conflicts |          ORIGINAL         |          LEARNT          | Progress |
|           |    Vars  Clauses Literals |    Limit  Clauses Lit/Cl |          |
===============================================================================
===============================================================================
restarts              : 1
conflicts             : 93             (inf /sec)
decisions             : 114            (0.00 % random) (inf /sec)
propagations          : 4889           (inf /sec)
conflict literals     : 436            (26.23 % deleted)
Memory used           : 19.00 MB
CPU time              : 0 s

UNSATISFIABLE
