WARNING: for repeatability, setting FPU to use double precision
============================[ Problem Statistics ]=============================
|                                                                             |
|  Number of variables:           276                                         |
|  Number of clauses:            1084                                         |
|  Parse time:                   0.00 s                                       |
|                                                                             |
============================[ Search Statistics ]==============================
| Conflicts |          ORIGINAL         |          LEARNT          | Progress |
|           |    Vars  Clauses Literals |    Limit  Clauses Lit/Cl |          |
===============================================================================
|       100 |     271     1057     3033 |      397       39      6 |  1.818 % |
===============================================================================
restarts              : 2
conflicts             : 148            (inf /sec)
decisions             : 190            (0.00 % random) (inf /sec)
propagations          : 7282           (inf /sec)
conflict literals     : 743            (28.83 % deleted)
Memory used           : 19.00 MB
CPU time              : 0 s

UNSATISFIABLE
