WARNING: for repeatability, setting FPU to use double precision
============================[ Problem Statistics ]=============================
|                                                                             |
|  Number of variables:           276                                         |
|  Number of clauses:            1098                                         |
|  Parse time:                   0.00 s                                       |
|                                                                             |
============================[ Search Statistics ]==============================
| Conflicts |          ORIGINAL         |          LEARNT          | Progress |
|           |    Vars  Clauses Literals |    Limit  Clauses Lit/Cl |          |
===============================================================================
|       100 |     274     1086     3096 |      402       54      6 |  0.726 % |
===============================================================================
restarts              : 2
conflicts             : 144            (inf /sec)
decisions             : 169            (0.00 % random) (inf /sec)
propagations          : 7513           (inf /sec)
conflict literals     : 740            (29.52 % deleted)
Memory used           : 19.00 MB
CPU time              : 0 s

UNSATISFIABLE
