WARNING: for repeatability, setting FPU to use double precision
============================[ Problem Statistics ]=============================
|                                                                             |
|  Number of variables:           286                                         |
|  Number of clauses:            1159                                         |
|  Parse time:                   0.00 s                                       |
|                                                                             |
============================[ Search Statistics ]==============================
| Conflicts |          ORIGINAL         |          LEARNT          | Progress |
|           |    Vars  Clauses Literals |    Limit  Clauses Lit/Cl |          |
===============================================================================
|       100 |     286     1159     3369 |      424      100      8 |  0.004 % |
|       250 |     286     1159     3369 |      467      250      8 |  0.001 % |
===============================================================================
restarts              : 3
conflicts             : 364            (inf /sec)
decisions             : 439            (0.00 % random) (inf /sec)
propagations          : 17958          (inf /sec)
conflict literals     : 2527           (27.80 % deleted)
Memory used           : 19.00 MB
CPU time              : 0 s

UNSATISFIABLE
