WARNING: for repeatability, setting FPU to use double precision
============================[ Problem Statistics ]=============================
|                                                                             |
|  Number of variables:           285                                         |
|  Number of clauses:            1163                                         |
|  Parse time:                   0.00 s                                       |
|                                                                             |
============================[ Search Statistics ]==============================
| Conflicts |          ORIGINAL         |          LEARNT          | Progress |
|           |    Vars  Clauses Literals |    Limit  Clauses Lit/Cl |          |
===============================================================================
|       100 |     284     1152     3338 |      426       62      7 |  0.355 % |
===============================================================================
restarts              : 3
conflicts             : 204            (inf /sec)
decisions             : 275            (0.00 % random) (inf /sec)
propagations          : 10337          (inf /sec)
conflict literals     : 1215           (34.15 % deleted)
Memory used           : 19.00 MB
CPU time              : 0 s

UNSATISFIABLE
