WARNING: for repeatability, setting FPU to use double precision
============================[ Problem Statistics ]=============================
|                                                                             |
|  Number of variables:           285                                         |
|  Number of clauses:            1167                                         |
|  Parse time:                   0.00 s                                       |
|                                                                             |
============================[ Search Statistics ]==============================
| Conflicts |          ORIGINAL         |          LEARNT          | Progress |
|           |    Vars  Clauses Literals |    Limit  Clauses Lit/Cl |          |
===============================================================================
|       100 |     285     1167     3397 |      427      100      9 |  0.001 % |
|       250 |     284     1157     3367 |      470      193      8 |  0.352 % |
===============================================================================
restarts              : 3
conflicts             : 293            (inf /sec)
decisions             : 378            (0.00 % random) (inf /sec)
propagations          : 13145          (inf /sec)
conflict literals     : 2127           (21.08 % deleted)
Memory used           : 19.00 MB
CPU time              : 0 s

UNSATISFIABLE
