WARNING: for repeatability, setting FPU to use double precision
============================[ Problem Statistics ]=============================
|                                                                             |
|  Number of variables:           272                                         |
|  Number of clauses:            1058                                         |
|  Parse time:                   0.00 s                                       |
|                                                                             |
============================[ Search Statistics ]==============================
| Conflicts |          ORIGINAL         |          LEARNT          | Progress |
|           |    Vars  Clauses Literals |    Limit  Clauses Lit/Cl |          |
===============================================================================
|       100 |     267     1042     2966 |      387       62      5 |  1.842 % |
===============================================================================
restarts              : 2
conflicts             : 137            (inf /sec)
decisions             : 172            (0.00 % random) (inf /sec)
propagations          : 6989           (inf /sec)
conflict literals     : 616            (31.33 % deleted)
Memory used           : 19.00 MB
CPU time              : 0 s

UNSATISFIABLE
