WARNING: for repeatability, setting FPU to use double precision
============================[ Problem Statistics ]=============================
|                                                                             |
|  Number of variables:           284                                         |
|  Number of clauses:            1156                                         |
|  Parse time:                   0.00 s                                       |
|                                                                             |
============================[ Search Statistics ]==============================
| Conflicts |          ORIGINAL         |          LEARNT          | Progress |
|           |    Vars  Clauses Literals |    Limit  Clauses Lit/Cl |          |
===============================================================================
|       100 |     284     1156     3337 |      423      100      8 |  0.001 % |
|       250 |     284     1156     3337 |      466      250      7 |  0.001 % |
|       475 |     278     1145     3305 |      512      317      7 |  2.126 % |
===============================================================================
restarts              : 5
conflicts             : 506            (126500 /sec)
decisions             : 631            (0.00 % random) (157750 /sec)
propagations          : 24700          (6175000 /sec)
conflict literals     : 3307           (25.89 % deleted)
Memory used           : 19.00 MB
CPU time              : 0.004 s

UNSATISFIABLE
