WARNING: for repeatability, setting FPU to use double precision
============================[ Problem Statistics ]=============================
|                                                                             |
|  Number of variables:           285                                         |
|  Number of clauses:            1163                                         |
|  Parse time:                   0.00 s                                       |
|                                                                             |
============================[ Search Statistics ]==============================
| Conflicts |          ORIGINAL         |          LEARNT          | Progress |
|           |    Vars  Clauses Literals |    Limit  Clauses Lit/Cl |          |
===============================================================================
|       100 |     285     1163     3376 |      426      100      7 |  0.001 % |
|       250 |     269     1150     3339 |      469      140      6 |  5.624 % |
===============================================================================
restarts              : 3
conflicts             : 257            (inf /sec)
decisions             : 328            (0.00 % random) (inf /sec)
propagations          : 12483          (inf /sec)
conflict literals     : 1720           (34.35 % deleted)
Memory used           : 19.00 MB
CPU time              : 0 s

UNSATISFIABLE
