WARNING: for repeatability, setting FPU to use double precision
============================[ Problem Statistics ]=============================
|                                                                             |
|  Number of variables:           277                                         |
|  Number of clauses:            1112                                         |
|  Parse time:                   0.00 s                                       |
|                                                                             |
============================[ Search Statistics ]==============================
| Conflicts |          ORIGINAL         |          LEARNT          | Progress |
|           |    Vars  Clauses Literals |    Limit  Clauses Lit/Cl |          |
===============================================================================
|       100 |     277     1112     3206 |      407      100      8 |  0.003 % |
|       250 |     262     1002     2898 |      448      175      7 |  5.423 % |
===============================================================================
restarts              : 3
conflicts             : 254            (inf /sec)
decisions             : 324            (0.00 % random) (inf /sec)
propagations          : 12332          (inf /sec)
conflict literals     : 1712           (29.43 % deleted)
Memory used           : 19.00 MB
CPU time              : 0 s

UNSATISFIABLE
