WARNING: for repeatability, setting FPU to use double precision
============================[ Problem Statistics ]=============================
|                                                                             |
|  Number of variables:           281                                         |
|  Number of clauses:            1117                                         |
|  Parse time:                   0.00 s                                       |
|                                                                             |
============================[ Search Statistics ]==============================
| Conflicts |          ORIGINAL         |          LEARNT          | Progress |
|           |    Vars  Clauses Literals |    Limit  Clauses Lit/Cl |          |
===============================================================================
|       100 |     281     1117     3217 |      409      100      8 |  0.011 % |
===============================================================================
restarts              : 3
conflicts             : 249            (inf /sec)
decisions             : 306            (0.00 % random) (inf /sec)
propagations          : 12615          (inf /sec)
conflict literals     : 1711           (33.03 % deleted)
Memory used           : 19.00 MB
CPU time              : 0 s

UNSATISFIABLE
