WARNING: for repeatability, setting FPU to use double precision
============================[ Problem Statistics ]=============================
|                                                                             |
|  Number of variables:           286                                         |
|  Number of clauses:            1155                                         |
|  Parse time:                   0.00 s                                       |
|                                                                             |
============================[ Search Statistics ]==============================
| Conflicts |          ORIGINAL         |          LEARNT          | Progress |
|           |    Vars  Clauses Literals |    Limit  Clauses Lit/Cl |          |
===============================================================================
|       100 |     286     1155     3367 |      423      100      8 |  0.001 % |
|       250 |     286     1155     3367 |      465      250      8 |  0.001 % |
===============================================================================
restarts              : 4
conflicts             : 418            (104500 /sec)
decisions             : 535            (0.00 % random) (133750 /sec)
propagations          : 20846          (5211500 /sec)
conflict literals     : 3156           (29.52 % deleted)
Memory used           : 19.00 MB
CPU time              : 0.004 s

UNSATISFIABLE
