WARNING: for repeatability, setting FPU to use double precision
============================[ Problem Statistics ]=============================
|                                                                             |
|  Number of variables:           274                                         |
|  Number of clauses:            1068                                         |
|  Parse time:                   0.00 s                                       |
|                                                                             |
============================[ Search Statistics ]==============================
| Conflicts |          ORIGINAL         |          LEARNT          | Progress |
|           |    Vars  Clauses Literals |    Limit  Clauses Lit/Cl |          |
===============================================================================
|       100 |     273     1062     3023 |      391       62      6 |  0.372 % |
===============================================================================
restarts              : 2
conflicts             : 157            (inf /sec)
decisions             : 204            (0.00 % random) (inf /sec)
propagations          : 7698           (inf /sec)
conflict literals     : 860            (31.80 % deleted)
Memory used           : 19.00 MB
CPU time              : 0 s

UNSATISFIABLE
