WARNING: for repeatability, setting FPU to use double precision
============================[ Problem Statistics ]=============================
|                                                                             |
|  Number of variables:           294                                         |
|  Number of clauses:            1236                                         |
|  Parse time:                   0.00 s                                       |
|                                                                             |
============================[ Search Statistics ]==============================
| Conflicts |          ORIGINAL         |          LEARNT          | Progress |
|           |    Vars  Clauses Literals |    Limit  Clauses Lit/Cl |          |
===============================================================================
|       100 |     294     1236     3651 |      453      100     10 |  0.002 % |
|       250 |     294     1236     3651 |      498      250     11 |  0.001 % |
|       475 |     294     1236     3651 |      548      475     10 |  0.001 % |
|       812 |     294     1236     3651 |      603      535      8 |  0.013 % |
|      1318 |     293     1226     3622 |      663      541      8 |  0.344 % |
|      2077 |     293     1226     3622 |      729      620      8 |  0.342 % |
===============================================================================
restarts              : 14
conflicts             : 2195           (109750 /sec)
decisions             : 2674           (0.00 % random) (133700 /sec)
propagations          : 109032         (5451600 /sec)
conflict literals     : 19308          (30.38 % deleted)
Memory used           : 19.00 MB
CPU time              : 0.02 s

UNSATISFIABLE
