WARNING: for repeatability, setting FPU to use double precision
============================[ Problem Statistics ]=============================
|                                                                             |
|  Number of variables:           279                                         |
|  Number of clauses:            1120                                         |
|  Parse time:                   0.00 s                                       |
|                                                                             |
============================[ Search Statistics ]==============================
| Conflicts |          ORIGINAL         |          LEARNT          | Progress |
|           |    Vars  Clauses Literals |    Limit  Clauses Lit/Cl |          |
===============================================================================
|       100 |     278     1120     3212 |      410       99      7 |  0.371 % |
===============================================================================
restarts              : 2
conflicts             : 125            (inf /sec)
decisions             : 160            (0.00 % random) (inf /sec)
propagations          : 7161           (inf /sec)
conflict literals     : 760            (31.35 % deleted)
Memory used           : 19.00 MB
CPU time              : 0 s

UNSATISFIABLE
