WARNING: for repeatability, setting FPU to use double precision
============================[ Problem Statistics ]=============================
|                                                                             |
|  Number of variables:           269                                         |
|  Number of clauses:            1043                                         |
|  Parse time:                   0.00 s                                       |
|                                                                             |
============================[ Search Statistics ]==============================
| Conflicts |          ORIGINAL         |          LEARNT          | Progress |
|           |    Vars  Clauses Literals |    Limit  Clauses Lit/Cl |          |
===============================================================================
|       100 |     266     1034     2945 |      382       91      6 |  1.119 % |
===============================================================================
restarts              : 2
conflicts             : 124            (inf /sec)
decisions             : 153            (0.00 % random) (inf /sec)
propagations          : 6678           (inf /sec)
conflict literals     : 711            (31.44 % deleted)
Memory used           : 19.00 MB
CPU time              : 0 s

UNSATISFIABLE
