WARNING: for repeatability, setting FPU to use double precision
============================[ Problem Statistics ]=============================
|                                                                             |
|  Number of variables:           287                                         |
|  Number of clauses:            1159                                         |
|  Parse time:                   0.00 s                                       |
|                                                                             |
============================[ Search Statistics ]==============================
| Conflicts |          ORIGINAL         |          LEARNT          | Progress |
|           |    Vars  Clauses Literals |    Limit  Clauses Lit/Cl |          |
===============================================================================
|       100 |     287     1159     3379 |      424      100     10 |  0.001 % |
|       250 |     287     1159     3379 |      467      250     10 |  0.001 % |
|       475 |     287     1159     3379 |      514      475     10 |  0.001 % |
|       812 |     287     1159     3379 |      565      272      7 |  0.004 % |
===============================================================================
restarts              : 7
conflicts             : 1097           (137125 /sec)
decisions             : 1363           (0.00 % random) (170375 /sec)
propagations          : 58368          (7296000 /sec)
conflict literals     : 9527           (28.29 % deleted)
Memory used           : 19.00 MB
CPU time              : 0.008 s

UNSATISFIABLE
