WARNING: for repeatability, setting FPU to use double precision
============================[ Problem Statistics ]=============================
|                                                                             |
|  Number of variables:           286                                         |
|  Number of clauses:            1187                                         |
|  Parse time:                   0.00 s                                       |
|                                                                             |
============================[ Search Statistics ]==============================
| Conflicts |          ORIGINAL         |          LEARNT          | Progress |
|           |    Vars  Clauses Literals |    Limit  Clauses Lit/Cl |          |
===============================================================================
|       100 |     286     1187     3442 |      435      100      8 |  0.001 % |
===============================================================================
restarts              : 3
conflicts             : 217            (inf /sec)
decisions             : 260            (0.00 % random) (inf /sec)
propagations          : 10764          (inf /sec)
conflict literals     : 1504           (26.24 % deleted)
Memory used           : 19.00 MB
CPU time              : 0 s

UNSATISFIABLE
