WARNING: for repeatability, setting FPU to use double precision
============================[ Problem Statistics ]=============================
|                                                                             |
|  Number of variables:           286                                         |
|  Number of clauses:            1171                                         |
|  Parse time:                   0.00 s                                       |
|                                                                             |
============================[ Search Statistics ]==============================
| Conflicts |          ORIGINAL         |          LEARNT          | Progress |
|           |    Vars  Clauses Literals |    Limit  Clauses Lit/Cl |          |
===============================================================================
|       100 |     286     1171     3398 |      429      100      8 |  0.001 % |
|       250 |     286     1171     3398 |      472      250      9 |  0.005 % |
|       475 |     270     1132     3291 |      519      332      8 |  5.623 % |
===============================================================================
restarts              : 4
conflicts             : 499            (124750 /sec)
decisions             : 625            (0.00 % random) (156250 /sec)
propagations          : 25334          (6333500 /sec)
conflict literals     : 3772           (28.15 % deleted)
Memory used           : 19.00 MB
CPU time              : 0.004 s

UNSATISFIABLE
