WARNING: for repeatability, setting FPU to use double precision
============================[ Problem Statistics ]=============================
|                                                                             |
|  Number of variables:           269                                         |
|  Number of clauses:            1027                                         |
|  Parse time:                   0.00 s                                       |
|                                                                             |
============================[ Search Statistics ]==============================
| Conflicts |          ORIGINAL         |          LEARNT          | Progress |
|           |    Vars  Clauses Literals |    Limit  Clauses Lit/Cl |          |
===============================================================================
|       100 |     269     1027     2916 |      376      100      6 |  0.008 % |
===============================================================================
restarts              : 2
conflicts             : 149            (inf /sec)
decisions             : 171            (0.00 % random) (inf /sec)
propagations          : 7580           (inf /sec)
conflict literals     : 796            (27.24 % deleted)
Memory used           : 19.00 MB
CPU time              : 0 s

UNSATISFIABLE
