WARNING: for repeatability, setting FPU to use double precision
============================[ Problem Statistics ]=============================
|                                                                             |
|  Number of variables:           271                                         |
|  Number of clauses:            1056                                         |
|  Parse time:                   0.00 s                                       |
|                                                                             |
============================[ Search Statistics ]==============================
| Conflicts |          ORIGINAL         |          LEARNT          | Progress |
|           |    Vars  Clauses Literals |    Limit  Clauses Lit/Cl |          |
===============================================================================
|       100 |     271     1056     3016 |      387      100      6 |  0.001 % |
===============================================================================
restarts              : 2
conflicts             : 143            (inf /sec)
decisions             : 171            (0.00 % random) (inf /sec)
propagations          : 7824           (inf /sec)
conflict literals     : 792            (34.38 % deleted)
Memory used           : 19.00 MB
CPU time              : 0 s

UNSATISFIABLE
