WARNING: for repeatability, setting FPU to use double precision
============================[ Problem Statistics ]=============================
|                                                                             |
|  Number of variables:           275                                         |
|  Number of clauses:            1078                                         |
|  Parse time:                   0.00 s                                       |
|                                                                             |
============================[ Search Statistics ]==============================
| Conflicts |          ORIGINAL         |          LEARNT          | Progress |
|           |    Vars  Clauses Literals |    Limit  Clauses Lit/Cl |          |
===============================================================================
===============================================================================
restarts              : 1
conflicts             : 82             (inf /sec)
decisions             : 100            (0.00 % random) (inf /sec)
propagations          : 4546           (inf /sec)
conflict literals     : 393            (27.22 % deleted)
Memory used           : 19.00 MB
CPU time              : 0 s

UNSATISFIABLE
