WARNING: for repeatability, setting FPU to use double precision
============================[ Problem Statistics ]=============================
|                                                                             |
|  Number of variables:           279                                         |
|  Number of clauses:            1106                                         |
|  Parse time:                   0.00 s                                       |
|                                                                             |
============================[ Search Statistics ]==============================
| Conflicts |          ORIGINAL         |          LEARNT          | Progress |
|           |    Vars  Clauses Literals |    Limit  Clauses Lit/Cl |          |
===============================================================================
|       100 |     279     1106     3180 |      405      100      7 |  0.001 % |
|       250 |     265     1084     3118 |      446      145      6 |  5.082 % |
===============================================================================
restarts              : 3
conflicts             : 256            (inf /sec)
decisions             : 322            (0.00 % random) (inf /sec)
propagations          : 13226          (inf /sec)
conflict literals     : 1507           (32.63 % deleted)
Memory used           : 19.00 MB
CPU time              : 0 s

UNSATISFIABLE
