WARNING: for repeatability, setting FPU to use double precision
============================[ Problem Statistics ]=============================
|                                                                             |
|  Number of variables:           277                                         |
|  Number of clauses:            1112                                         |
|  Parse time:                   0.00 s                                       |
|                                                                             |
============================[ Search Statistics ]==============================
| Conflicts |          ORIGINAL         |          LEARNT          | Progress |
|           |    Vars  Clauses Literals |    Limit  Clauses Lit/Cl |          |
===============================================================================
|       100 |     277     1112     3175 |      407      100      8 |  0.001 % |
|       250 |     277     1112     3175 |      448      250      7 |  0.007 % |
===============================================================================
restarts              : 3
conflicts             : 332            (83000 /sec)
decisions             : 401            (0.00 % random) (100250 /sec)
propagations          : 18135          (4533750 /sec)
conflict literals     : 2251           (33.20 % deleted)
Memory used           : 19.00 MB
CPU time              : 0.004 s

UNSATISFIABLE
