WARNING: for repeatability, setting FPU to use double precision
============================[ Problem Statistics ]=============================
|                                                                             |
|  Number of variables:           278                                         |
|  Number of clauses:            1113                                         |
|  Parse time:                   0.00 s                                       |
|                                                                             |
============================[ Search Statistics ]==============================
| Conflicts |          ORIGINAL         |          LEARNT          | Progress |
|           |    Vars  Clauses Literals |    Limit  Clauses Lit/Cl |          |
===============================================================================
|       100 |     273     1083     3135 |      408       61      7 |  1.808 % |
===============================================================================
restarts              : 3
conflicts             : 248            (inf /sec)
decisions             : 323            (0.00 % random) (inf /sec)
propagations          : 12138          (inf /sec)
conflict literals     : 1477           (30.03 % deleted)
Memory used           : 19.00 MB
CPU time              : 0 s

UNSATISFIABLE
