WARNING: for repeatability, setting FPU to use double precision
============================[ Problem Statistics ]=============================
|                                                                             |
|  Number of variables:           290                                         |
|  Number of clauses:            1190                                         |
|  Parse time:                   0.00 s                                       |
|                                                                             |
============================[ Search Statistics ]==============================
| Conflicts |          ORIGINAL         |          LEARNT          | Progress |
|           |    Vars  Clauses Literals |    Limit  Clauses Lit/Cl |          |
===============================================================================
|       100 |     290     1190     3496 |      436      100     13 |  0.001 % |
|       250 |     290     1190     3496 |      479      250     12 |  0.001 % |
|       475 |     290     1190     3496 |      527      475     11 |  0.001 % |
|       812 |     290     1190     3496 |      580      536     10 |  0.001 % |
|      1318 |     290     1190     3496 |      638      443      9 |  0.001 % |
|      2077 |     290     1190     3496 |      702      546      7 |  0.002 % |
===============================================================================
restarts              : 15
conflicts             : 2940           (122500 /sec)
decisions             : 3583           (0.00 % random) (149292 /sec)
propagations          : 150724         (6280167 /sec)
conflict literals     : 27803          (29.18 % deleted)
Memory used           : 19.00 MB
CPU time              : 0.024 s

UNSATISFIABLE
