WARNING: for repeatability, setting FPU to use double precision
============================[ Problem Statistics ]=============================
|                                                                             |
|  Number of variables:           283                                         |
|  Number of clauses:            1155                                         |
|  Parse time:                   0.00 s                                       |
|                                                                             |
============================[ Search Statistics ]==============================
| Conflicts |          ORIGINAL         |          LEARNT          | Progress |
|           |    Vars  Clauses Literals |    Limit  Clauses Lit/Cl |          |
===============================================================================
|       100 |     282     1147     3289 |      423       54      6 |  0.355 % |
===============================================================================
restarts              : 2
conflicts             : 145            (inf /sec)
decisions             : 182            (0.00 % random) (inf /sec)
propagations          : 7042           (inf /sec)
conflict literals     : 713            (29.55 % deleted)
Memory used           : 19.00 MB
CPU time              : 0 s

UNSATISFIABLE
