WARNING: for repeatability, setting FPU to use double precision
============================[ Problem Statistics ]=============================
|                                                                             |
|  Number of variables:           281                                         |
|  Number of clauses:            1145                                         |
|  Parse time:                   0.00 s                                       |
|                                                                             |
============================[ Search Statistics ]==============================
| Conflicts |          ORIGINAL         |          LEARNT          | Progress |
|           |    Vars  Clauses Literals |    Limit  Clauses Lit/Cl |          |
===============================================================================
|       100 |     280     1141     3295 |      419       80      7 |  0.418 % |
===============================================================================
restarts              : 2
conflicts             : 139            (inf /sec)
decisions             : 188            (0.00 % random) (inf /sec)
propagations          : 6819           (inf /sec)
conflict literals     : 810            (34.36 % deleted)
Memory used           : 19.00 MB
CPU time              : 0 s

UNSATISFIABLE
