WARNING: for repeatability, setting FPU to use double precision
============================[ Problem Statistics ]=============================
|                                                                             |
|  Number of variables:           279                                         |
|  Number of clauses:            1120                                         |
|  Parse time:                   0.00 s                                       |
|                                                                             |
============================[ Search Statistics ]==============================
| Conflicts |          ORIGINAL         |          LEARNT          | Progress |
|           |    Vars  Clauses Literals |    Limit  Clauses Lit/Cl |          |
===============================================================================
|       100 |     278     1120     3226 |      410       99      6 |  0.358 % |
===============================================================================
restarts              : 2
conflicts             : 124            (inf /sec)
decisions             : 145            (0.00 % random) (inf /sec)
propagations          : 6907           (inf /sec)
conflict literals     : 728            (35.52 % deleted)
Memory used           : 19.00 MB
CPU time              : 0 s

UNSATISFIABLE
