WARNING: for repeatability, setting FPU to use double precision
============================[ Problem Statistics ]=============================
|                                                                             |
|  Number of variables:           246                                         |
|  Number of clauses:             897                                         |
|  Parse time:                   0.00 s                                       |
|                                                                             |
============================[ Search Statistics ]==============================
| Conflicts |          ORIGINAL         |          LEARNT          | Progress |
|           |    Vars  Clauses Literals |    Limit  Clauses Lit/Cl |          |
===============================================================================
===============================================================================
restarts              : 1
conflicts             : 15             (inf /sec)
decisions             : 17             (0.00 % random) (inf /sec)
propagations          : 704            (inf /sec)
conflict literals     : 32             (40.74 % deleted)
Memory used           : 19.00 MB
CPU time              : 0 s

UNSATISFIABLE
