WARNING: for repeatability, setting FPU to use double precision
============================[ Problem Statistics ]=============================
|                                                                             |
|  Number of variables:           275                                         |
|  Number of clauses:            1097                                         |
|  Parse time:                   0.00 s                                       |
|                                                                             |
============================[ Search Statistics ]==============================
| Conflicts |          ORIGINAL         |          LEARNT          | Progress |
|           |    Vars  Clauses Literals |    Limit  Clauses Lit/Cl |          |
===============================================================================
===============================================================================
restarts              : 1
conflicts             : 74             (inf /sec)
decisions             : 109            (0.00 % random) (inf /sec)
propagations          : 3588           (inf /sec)
conflict literals     : 309            (38.45 % deleted)
Memory used           : 19.00 MB
CPU time              : 0 s

UNSATISFIABLE
