WARNING: for repeatability, setting FPU to use double precision
============================[ Problem Statistics ]=============================
|                                                                             |
|  Number of variables:           281                                         |
|  Number of clauses:            1112                                         |
|  Parse time:                   0.00 s                                       |
|                                                                             |
============================[ Search Statistics ]==============================
| Conflicts |          ORIGINAL         |          LEARNT          | Progress |
|           |    Vars  Clauses Literals |    Limit  Clauses Lit/Cl |          |
===============================================================================
|       100 |     281     1112     3205 |      407      100      7 |  0.020 % |
===============================================================================
restarts              : 2
conflicts             : 162            (inf /sec)
decisions             : 195            (0.00 % random) (inf /sec)
propagations          : 8708           (inf /sec)
conflict literals     : 1120           (33.41 % deleted)
Memory used           : 19.00 MB
CPU time              : 0 s

UNSATISFIABLE
