WARNING: for repeatability, setting FPU to use double precision
============================[ Problem Statistics ]=============================
|                                                                             |
|  Number of variables:           279                                         |
|  Number of clauses:            1136                                         |
|  Parse time:                   0.00 s                                       |
|                                                                             |
============================[ Search Statistics ]==============================
| Conflicts |          ORIGINAL         |          LEARNT          | Progress |
|           |    Vars  Clauses Literals |    Limit  Clauses Lit/Cl |          |
===============================================================================
|       100 |     278     1127     3230 |      416       46      6 |  0.394 % |
===============================================================================
restarts              : 2
conflicts             : 139            (inf /sec)
decisions             : 187            (0.00 % random) (inf /sec)
propagations          : 7251           (inf /sec)
conflict literals     : 775            (23.04 % deleted)
Memory used           : 19.00 MB
CPU time              : 0 s

UNSATISFIABLE
