WARNING: for repeatability, setting FPU to use double precision
============================[ Problem Statistics ]=============================
|                                                                             |
|  Number of variables:           267                                         |
|  Number of clauses:            1052                                         |
|  Parse time:                   0.00 s                                       |
|                                                                             |
============================[ Search Statistics ]==============================
| Conflicts |          ORIGINAL         |          LEARNT          | Progress |
|           |    Vars  Clauses Literals |    Limit  Clauses Lit/Cl |          |
===============================================================================
|       100 |     266     1047     2934 |      385       67      5 |  0.401 % |
===============================================================================
restarts              : 2
conflicts             : 114            (inf /sec)
decisions             : 141            (0.00 % random) (inf /sec)
propagations          : 5685           (inf /sec)
conflict literals     : 558            (25.70 % deleted)
Memory used           : 19.00 MB
CPU time              : 0 s

UNSATISFIABLE
