WARNING: for repeatability, setting FPU to use double precision
============================[ Problem Statistics ]=============================
|                                                                             |
|  Number of variables:           276                                         |
|  Number of clauses:            1099                                         |
|  Parse time:                   0.00 s                                       |
|                                                                             |
============================[ Search Statistics ]==============================
| Conflicts |          ORIGINAL         |          LEARNT          | Progress |
|           |    Vars  Clauses Literals |    Limit  Clauses Lit/Cl |          |
===============================================================================
|       100 |     275     1099     3144 |      402       99      7 |  0.362 % |
===============================================================================
restarts              : 2
conflicts             : 130            (inf /sec)
decisions             : 166            (0.00 % random) (inf /sec)
propagations          : 6280           (inf /sec)
conflict literals     : 760            (24.98 % deleted)
Memory used           : 19.00 MB
CPU time              : 0 s

UNSATISFIABLE
