WARNING: for repeatability, setting FPU to use double precision
============================[ Problem Statistics ]=============================
|                                                                             |
|  Number of variables:           278                                         |
|  Number of clauses:            1118                                         |
|  Parse time:                   0.00 s                                       |
|                                                                             |
============================[ Search Statistics ]==============================
| Conflicts |          ORIGINAL         |          LEARNT          | Progress |
|           |    Vars  Clauses Literals |    Limit  Clauses Lit/Cl |          |
===============================================================================
|       100 |     275     1118     3221 |      409       99      5 |  1.097 % |
===============================================================================
restarts              : 2
conflicts             : 113            (inf /sec)
decisions             : 159            (0.00 % random) (inf /sec)
propagations          : 5746           (inf /sec)
conflict literals     : 600            (32.51 % deleted)
Memory used           : 19.00 MB
CPU time              : 0 s

UNSATISFIABLE
