WARNING: for repeatability, setting FPU to use double precision
============================[ Problem Statistics ]=============================
|                                                                             |
|  Number of variables:           286                                         |
|  Number of clauses:            1200                                         |
|  Parse time:                   0.00 s                                       |
|                                                                             |
============================[ Search Statistics ]==============================
| Conflicts |          ORIGINAL         |          LEARNT          | Progress |
|           |    Vars  Clauses Literals |    Limit  Clauses Lit/Cl |          |
===============================================================================
|       100 |     286     1200     3467 |      440      100      7 |  0.005 % |
===============================================================================
restarts              : 2
conflicts             : 160            (inf /sec)
decisions             : 215            (0.00 % random) (inf /sec)
propagations          : 7864           (inf /sec)
conflict literals     : 994            (28.02 % deleted)
Memory used           : 19.00 MB
CPU time              : 0 s

UNSATISFIABLE
