WARNING: for repeatability, setting FPU to use double precision
============================[ Problem Statistics ]=============================
|                                                                             |
|  Number of variables:           282                                         |
|  Number of clauses:            1143                                         |
|  Parse time:                   0.00 s                                       |
|                                                                             |
============================[ Search Statistics ]==============================
| Conflicts |          ORIGINAL         |          LEARNT          | Progress |
|           |    Vars  Clauses Literals |    Limit  Clauses Lit/Cl |          |
===============================================================================
|       100 |     282     1143     3305 |      419      100      9 |  0.003 % |
|       250 |     280     1129     3267 |      461      249      9 |  0.710 % |
|       475 |     260     1014     2938 |      507      164      7 |  7.801 % |
===============================================================================
restarts              : 4
conflicts             : 482            (120500 /sec)
decisions             : 641            (0.00 % random) (160250 /sec)
propagations          : 24011          (6002750 /sec)
conflict literals     : 3347           (27.91 % deleted)
Memory used           : 19.00 MB
CPU time              : 0.004 s

UNSATISFIABLE
