WARNING: for repeatability, setting FPU to use double precision
============================[ Problem Statistics ]=============================
|                                                                             |
|  Number of variables:           280                                         |
|  Number of clauses:            1135                                         |
|  Parse time:                   0.00 s                                       |
|                                                                             |
============================[ Search Statistics ]==============================
| Conflicts |          ORIGINAL         |          LEARNT          | Progress |
|           |    Vars  Clauses Literals |    Limit  Clauses Lit/Cl |          |
===============================================================================
|       100 |     277     1128     3242 |      416       53      5 |  1.073 % |
===============================================================================
restarts              : 2
conflicts             : 126            (inf /sec)
decisions             : 153            (0.00 % random) (inf /sec)
propagations          : 5360           (inf /sec)
conflict literals     : 542            (29.70 % deleted)
Memory used           : 19.00 MB
CPU time              : 0 s

UNSATISFIABLE
