WARNING: for repeatability, setting FPU to use double precision
============================[ Problem Statistics ]=============================
|                                                                             |
|  Number of variables:           274                                         |
|  Number of clauses:            1087                                         |
|  Parse time:                   0.00 s                                       |
|                                                                             |
============================[ Search Statistics ]==============================
| Conflicts |          ORIGINAL         |          LEARNT          | Progress |
|           |    Vars  Clauses Literals |    Limit  Clauses Lit/Cl |          |
===============================================================================
|       100 |     273     1087     3086 |      398       99      6 |  0.372 % |
===============================================================================
restarts              : 2
conflicts             : 132            (inf /sec)
decisions             : 167            (0.00 % random) (inf /sec)
propagations          : 6216           (inf /sec)
conflict literals     : 758            (27.60 % deleted)
Memory used           : 19.00 MB
CPU time              : 0 s

UNSATISFIABLE
