WARNING: for repeatability, setting FPU to use double precision
============================[ Problem Statistics ]=============================
|                                                                             |
|  Number of variables:           284                                         |
|  Number of clauses:            1139                                         |
|  Parse time:                   0.00 s                                       |
|                                                                             |
============================[ Search Statistics ]==============================
| Conflicts |          ORIGINAL         |          LEARNT          | Progress |
|           |    Vars  Clauses Literals |    Limit  Clauses Lit/Cl |          |
===============================================================================
|       100 |     284     1139     3303 |      417      100      8 |  0.001 % |
===============================================================================
restarts              : 3
conflicts             : 226            (inf /sec)
decisions             : 281            (0.00 % random) (inf /sec)
propagations          : 12024          (inf /sec)
conflict literals     : 1476           (30.96 % deleted)
Memory used           : 19.00 MB
CPU time              : 0 s

UNSATISFIABLE
