WARNING: for repeatability, setting FPU to use double precision
============================[ Problem Statistics ]=============================
|                                                                             |
|  Number of variables:           281                                         |
|  Number of clauses:            1109                                         |
|  Parse time:                   0.00 s                                       |
|                                                                             |
============================[ Search Statistics ]==============================
| Conflicts |          ORIGINAL         |          LEARNT          | Progress |
|           |    Vars  Clauses Literals |    Limit  Clauses Lit/Cl |          |
===============================================================================
|       100 |     280     1101     3171 |      406       60      6 |  0.362 % |
===============================================================================
restarts              : 2
conflicts             : 154            (inf /sec)
decisions             : 191            (0.00 % random) (inf /sec)
propagations          : 7650           (inf /sec)
conflict literals     : 774            (35.66 % deleted)
Memory used           : 19.00 MB
CPU time              : 0 s

UNSATISFIABLE
