WARNING: for repeatability, setting FPU to use double precision
============================[ Problem Statistics ]=============================
|                                                                             |
|  Number of variables:           273                                         |
|  Number of clauses:            1086                                         |
|  Parse time:                   0.00 s                                       |
|                                                                             |
============================[ Search Statistics ]==============================
| Conflicts |          ORIGINAL         |          LEARNT          | Progress |
|           |    Vars  Clauses Literals |    Limit  Clauses Lit/Cl |          |
===============================================================================
|       100 |     271     1075     3063 |      398       57      6 |  0.754 % |
===============================================================================
restarts              : 2
conflicts             : 118            (inf /sec)
decisions             : 134            (0.00 % random) (inf /sec)
propagations          : 5702           (inf /sec)
conflict literals     : 534            (30.10 % deleted)
Memory used           : 19.00 MB
CPU time              : 0 s

UNSATISFIABLE
