WARNING: for repeatability, setting FPU to use double precision
============================[ Problem Statistics ]=============================
|                                                                             |
|  Number of variables:           272                                         |
|  Number of clauses:            1075                                         |
|  Parse time:                   0.00 s                                       |
|                                                                             |
============================[ Search Statistics ]==============================
| Conflicts |          ORIGINAL         |          LEARNT          | Progress |
|           |    Vars  Clauses Literals |    Limit  Clauses Lit/Cl |          |
===============================================================================
|       100 |     272     1075     3080 |      394      100      6 |  0.004 % |
===============================================================================
restarts              : 2
conflicts             : 165            (inf /sec)
decisions             : 209            (0.00 % random) (inf /sec)
propagations          : 7626           (inf /sec)
conflict literals     : 875            (27.20 % deleted)
Memory used           : 19.00 MB
CPU time              : 0 s

UNSATISFIABLE
