WARNING: for repeatability, setting FPU to use double precision
============================[ Problem Statistics ]=============================
|                                                                             |
|  Number of variables:           275                                         |
|  Number of clauses:            1093                                         |
|  Parse time:                   0.00 s                                       |
|                                                                             |
============================[ Search Statistics ]==============================
| Conflicts |          ORIGINAL         |          LEARNT          | Progress |
|           |    Vars  Clauses Literals |    Limit  Clauses Lit/Cl |          |
===============================================================================
|       100 |     275     1093     3118 |      400      100      7 |  0.004 % |
===============================================================================
restarts              : 2
conflicts             : 125            (inf /sec)
decisions             : 155            (0.00 % random) (inf /sec)
propagations          : 5818           (inf /sec)
conflict literals     : 778            (24.25 % deleted)
Memory used           : 19.00 MB
CPU time              : 0 s

UNSATISFIABLE
