WARNING: for repeatability, setting FPU to use double precision
============================[ Problem Statistics ]=============================
|                                                                             |
|  Number of variables:           278                                         |
|  Number of clauses:            1124                                         |
|  Parse time:                   0.00 s                                       |
|                                                                             |
============================[ Search Statistics ]==============================
| Conflicts |          ORIGINAL         |          LEARNT          | Progress |
|           |    Vars  Clauses Literals |    Limit  Clauses Lit/Cl |          |
===============================================================================
|       100 |     273     1119     3211 |      412       55      5 |  1.828 % |
===============================================================================
restarts              : 2
conflicts             : 106            (inf /sec)
decisions             : 128            (0.00 % random) (inf /sec)
propagations          : 5082           (inf /sec)
conflict literals     : 528            (24.68 % deleted)
Memory used           : 19.00 MB
CPU time              : 0 s

UNSATISFIABLE
