WARNING: for repeatability, setting FPU to use double precision
============================[ Problem Statistics ]=============================
|                                                                             |
|  Number of variables:           278                                         |
|  Number of clauses:            1095                                         |
|  Parse time:                   0.00 s                                       |
|                                                                             |
============================[ Search Statistics ]==============================
| Conflicts |          ORIGINAL         |          LEARNT          | Progress |
|           |    Vars  Clauses Literals |    Limit  Clauses Lit/Cl |          |
===============================================================================
===============================================================================
restarts              : 1
conflicts             : 46             (inf /sec)
decisions             : 59             (0.00 % random) (inf /sec)
propagations          : 1923           (inf /sec)
conflict literals     : 170            (28.87 % deleted)
Memory used           : 19.00 MB
CPU time              : 0 s

UNSATISFIABLE
