WARNING: for repeatability, setting FPU to use double precision
============================[ Problem Statistics ]=============================
|                                                                             |
|  Number of variables:           280                                         |
|  Number of clauses:            1114                                         |
|  Parse time:                   0.00 s                                       |
|                                                                             |
============================[ Search Statistics ]==============================
| Conflicts |          ORIGINAL         |          LEARNT          | Progress |
|           |    Vars  Clauses Literals |    Limit  Clauses Lit/Cl |          |
===============================================================================
|       100 |     278     1101     3178 |      408       50      6 |  0.726 % |
===============================================================================
restarts              : 2
conflicts             : 137            (inf /sec)
decisions             : 167            (0.00 % random) (inf /sec)
propagations          : 6722           (inf /sec)
conflict literals     : 738            (32.79 % deleted)
Memory used           : 19.00 MB
CPU time              : 0 s

UNSATISFIABLE
