WARNING: for repeatability, setting FPU to use double precision
============================[ Problem Statistics ]=============================
|                                                                             |
|  Number of variables:           278                                         |
|  Number of clauses:            1104                                         |
|  Parse time:                   0.00 s                                       |
|                                                                             |
============================[ Search Statistics ]==============================
| Conflicts |          ORIGINAL         |          LEARNT          | Progress |
|           |    Vars  Clauses Literals |    Limit  Clauses Lit/Cl |          |
===============================================================================
|       100 |     270     1044     3001 |      404       62      6 |  2.896 % |
===============================================================================
restarts              : 2
conflicts             : 116            (inf /sec)
decisions             : 154            (0.00 % random) (inf /sec)
propagations          : 5949           (inf /sec)
conflict literals     : 592            (28.67 % deleted)
Memory used           : 19.00 MB
CPU time              : 0 s

UNSATISFIABLE
