WARNING: for repeatability, setting FPU to use double precision
============================[ Problem Statistics ]=============================
|                                                                             |
|  Number of variables:           287                                         |
|  Number of clauses:            1181                                         |
|  Parse time:                   0.00 s                                       |
|                                                                             |
============================[ Search Statistics ]==============================
| Conflicts |          ORIGINAL         |          LEARNT          | Progress |
|           |    Vars  Clauses Literals |    Limit  Clauses Lit/Cl |          |
===============================================================================
|       100 |     270     1070     3113 |      433       48      5 |  5.933 % |
===============================================================================
restarts              : 2
conflicts             : 143            (inf /sec)
decisions             : 183            (0.00 % random) (inf /sec)
propagations          : 6630           (inf /sec)
conflict literals     : 639            (30.09 % deleted)
Memory used           : 19.00 MB
CPU time              : 0 s

UNSATISFIABLE
