WARNING: for repeatability, setting FPU to use double precision
============================[ Problem Statistics ]=============================
|                                                                             |
|  Number of variables:           285                                         |
|  Number of clauses:            1149                                         |
|  Parse time:                   0.00 s                                       |
|                                                                             |
============================[ Search Statistics ]==============================
| Conflicts |          ORIGINAL         |          LEARNT          | Progress |
|           |    Vars  Clauses Literals |    Limit  Clauses Lit/Cl |          |
===============================================================================
|       100 |     285     1149     3330 |      421      100      6 |  0.002 % |
===============================================================================
restarts              : 3
conflicts             : 237            (inf /sec)
decisions             : 300            (0.00 % random) (inf /sec)
propagations          : 11097          (inf /sec)
conflict literals     : 1395           (30.60 % deleted)
Memory used           : 19.00 MB
CPU time              : 0 s

UNSATISFIABLE
