WARNING: for repeatability, setting FPU to use double precision
============================[ Problem Statistics ]=============================
|                                                                             |
|  Number of variables:           281                                         |
|  Number of clauses:            1106                                         |
|  Parse time:                   0.00 s                                       |
|                                                                             |
============================[ Search Statistics ]==============================
| Conflicts |          ORIGINAL         |          LEARNT          | Progress |
|           |    Vars  Clauses Literals |    Limit  Clauses Lit/Cl |          |
===============================================================================
|       100 |     280     1103     3149 |      405       64      7 |  0.357 % |
===============================================================================
restarts              : 2
conflicts             : 144            (inf /sec)
decisions             : 188            (0.00 % random) (inf /sec)
propagations          : 7290           (inf /sec)
conflict literals     : 864            (35.95 % deleted)
Memory used           : 19.00 MB
CPU time              : 0 s

UNSATISFIABLE
