WARNING: for repeatability, setting FPU to use double precision
============================[ Problem Statistics ]=============================
|                                                                             |
|  Number of variables:           268                                         |
|  Number of clauses:            1019                                         |
|  Parse time:                   0.00 s                                       |
|                                                                             |
============================[ Search Statistics ]==============================
| Conflicts |          ORIGINAL         |          LEARNT          | Progress |
|           |    Vars  Clauses Literals |    Limit  Clauses Lit/Cl |          |
===============================================================================
|       100 |     254     1016     2864 |      373       66      6 |  5.228 % |
===============================================================================
restarts              : 2
conflicts             : 111            (inf /sec)
decisions             : 121            (0.00 % random) (inf /sec)
propagations          : 5898           (inf /sec)
conflict literals     : 568            (30.98 % deleted)
Memory used           : 19.00 MB
CPU time              : 0 s

UNSATISFIABLE
