WARNING: for repeatability, setting FPU to use double precision
============================[ Problem Statistics ]=============================
|                                                                             |
|  Number of variables:           278                                         |
|  Number of clauses:            1101                                         |
|  Parse time:                   0.00 s                                       |
|                                                                             |
============================[ Search Statistics ]==============================
| Conflicts |          ORIGINAL         |          LEARNT          | Progress |
|           |    Vars  Clauses Literals |    Limit  Clauses Lit/Cl |          |
===============================================================================
|       100 |     261     1071     3069 |      403       69      5 |  6.120 % |
===============================================================================
restarts              : 2
conflicts             : 110            (inf /sec)
decisions             : 139            (0.00 % random) (inf /sec)
propagations          : 5587           (inf /sec)
conflict literals     : 508            (33.85 % deleted)
Memory used           : 19.00 MB
CPU time              : 0 s

UNSATISFIABLE
