WARNING: for repeatability, setting FPU to use double precision
============================[ Problem Statistics ]=============================
|                                                                             |
|  Number of variables:           269                                         |
|  Number of clauses:            1064                                         |
|  Parse time:                   0.00 s                                       |
|                                                                             |
============================[ Search Statistics ]==============================
| Conflicts |          ORIGINAL         |          LEARNT          | Progress |
|           |    Vars  Clauses Literals |    Limit  Clauses Lit/Cl |          |
===============================================================================
|       100 |     269     1064     3033 |      390      100      6 |  0.003 % |
|       250 |     269     1064     3033 |      429      250      6 |  0.007 % |
===============================================================================
restarts              : 3
conflicts             : 259            (inf /sec)
decisions             : 327            (0.00 % random) (inf /sec)
propagations          : 13236          (inf /sec)
conflict literals     : 1612           (27.78 % deleted)
Memory used           : 19.00 MB
CPU time              : 0 s

UNSATISFIABLE
