WARNING: for repeatability, setting FPU to use double precision
============================[ Problem Statistics ]=============================
|                                                                             |
|  Number of variables:           278                                         |
|  Number of clauses:            1118                                         |
|  Parse time:                   0.00 s                                       |
|                                                                             |
============================[ Search Statistics ]==============================
| Conflicts |          ORIGINAL         |          LEARNT          | Progress |
|           |    Vars  Clauses Literals |    Limit  Clauses Lit/Cl |          |
===============================================================================
|       100 |     275     1107     3182 |      409       68      6 |  1.110 % |
===============================================================================
restarts              : 2
conflicts             : 109            (inf /sec)
decisions             : 136            (0.00 % random) (inf /sec)
propagations          : 5079           (inf /sec)
conflict literals     : 597            (22.97 % deleted)
Memory used           : 19.00 MB
CPU time              : 0 s

UNSATISFIABLE
