WARNING: for repeatability, setting FPU to use double precision
============================[ Problem Statistics ]=============================
|                                                                             |
|  Number of variables:           271                                         |
|  Number of clauses:            1057                                         |
|  Parse time:                   0.00 s                                       |
|                                                                             |
============================[ Search Statistics ]==============================
| Conflicts |          ORIGINAL         |          LEARNT          | Progress |
|           |    Vars  Clauses Literals |    Limit  Clauses Lit/Cl |          |
===============================================================================
|       100 |     259      997     2833 |      387       44      5 |  4.431 % |
===============================================================================
restarts              : 2
conflicts             : 106            (inf /sec)
decisions             : 122            (0.00 % random) (inf /sec)
propagations          : 5203           (inf /sec)
conflict literals     : 508            (27.22 % deleted)
Memory used           : 19.00 MB
CPU time              : 0 s

UNSATISFIABLE
