WARNING: for repeatability, setting FPU to use double precision
============================[ Problem Statistics ]=============================
|                                                                             |
|  Number of variables:           266                                         |
|  Number of clauses:            1057                                         |
|  Parse time:                   0.00 s                                       |
|                                                                             |
============================[ Search Statistics ]==============================
| Conflicts |          ORIGINAL         |          LEARNT          | Progress |
|           |    Vars  Clauses Literals |    Limit  Clauses Lit/Cl |          |
===============================================================================
|       100 |     265     1052     2982 |      387       50      6 |  0.377 % |
===============================================================================
restarts              : 2
conflicts             : 111            (inf /sec)
decisions             : 132            (0.00 % random) (inf /sec)
propagations          : 5819           (inf /sec)
conflict literals     : 671            (23.05 % deleted)
Memory used           : 19.00 MB
CPU time              : 0 s

UNSATISFIABLE
