WARNING: for repeatability, setting FPU to use double precision
============================[ Problem Statistics ]=============================
|                                                                             |
|  Number of variables:           266                                         |
|  Number of clauses:            1027                                         |
|  Parse time:                   0.00 s                                       |
|                                                                             |
============================[ Search Statistics ]==============================
| Conflicts |          ORIGINAL         |          LEARNT          | Progress |
|           |    Vars  Clauses Literals |    Limit  Clauses Lit/Cl |          |
===============================================================================
|       100 |     266     1027     2903 |      376      100      7 |  0.003 % |
===============================================================================
restarts              : 2
conflicts             : 133            (inf /sec)
decisions             : 151            (0.00 % random) (inf /sec)
propagations          : 7111           (inf /sec)
conflict literals     : 796            (23.97 % deleted)
Memory used           : 19.00 MB
CPU time              : 0 s

UNSATISFIABLE
