WARNING: for repeatability, setting FPU to use double precision
============================[ Problem Statistics ]=============================
|                                                                             |
|  Number of variables:           279                                         |
|  Number of clauses:            1105                                         |
|  Parse time:                   0.00 s                                       |
|                                                                             |
============================[ Search Statistics ]==============================
| Conflicts |          ORIGINAL         |          LEARNT          | Progress |
|           |    Vars  Clauses Literals |    Limit  Clauses Lit/Cl |          |
===============================================================================
|       100 |     279     1105     3186 |      405      100      9 |  0.003 % |
|       250 |     279     1105     3186 |      445      250      8 |  0.001 % |
===============================================================================
restarts              : 4
conflicts             : 460            (inf /sec)
decisions             : 571            (0.00 % random) (inf /sec)
propagations          : 23388          (inf /sec)
conflict literals     : 3300           (30.04 % deleted)
Memory used           : 19.00 MB
CPU time              : 0 s

UNSATISFIABLE
