WARNING: for repeatability, setting FPU to use double precision
============================[ Problem Statistics ]=============================
|                                                                             |
|  Number of variables:           275                                         |
|  Number of clauses:            1082                                         |
|  Parse time:                   0.00 s                                       |
|                                                                             |
============================[ Search Statistics ]==============================
| Conflicts |          ORIGINAL         |          LEARNT          | Progress |
|           |    Vars  Clauses Literals |    Limit  Clauses Lit/Cl |          |
===============================================================================
|       100 |     275     1082     3093 |      396      100      7 |  0.001 % |
===============================================================================
restarts              : 2
conflicts             : 141            (inf /sec)
decisions             : 157            (0.00 % random) (inf /sec)
propagations          : 7068           (inf /sec)
conflict literals     : 847            (20.77 % deleted)
Memory used           : 19.00 MB
CPU time              : 0 s

UNSATISFIABLE
