WARNING: for repeatability, setting FPU to use double precision
============================[ Problem Statistics ]=============================
|                                                                             |
|  Number of variables:           270                                         |
|  Number of clauses:            1069                                         |
|  Parse time:                   0.00 s                                       |
|                                                                             |
============================[ Search Statistics ]==============================
| Conflicts |          ORIGINAL         |          LEARNT          | Progress |
|           |    Vars  Clauses Literals |    Limit  Clauses Lit/Cl |          |
===============================================================================
|       100 |     270     1069     3039 |      391      100      7 |  0.001 % |
===============================================================================
restarts              : 2
conflicts             : 169            (inf /sec)
decisions             : 208            (0.00 % random) (inf /sec)
propagations          : 8301           (inf /sec)
conflict literals     : 973            (24.46 % deleted)
Memory used           : 19.00 MB
CPU time              : 0 s

UNSATISFIABLE
