WARNING: for repeatability, setting FPU to use double precision
============================[ Problem Statistics ]=============================
|                                                                             |
|  Number of variables:           275                                         |
|  Number of clauses:            1090                                         |
|  Parse time:                   0.00 s                                       |
|                                                                             |
============================[ Search Statistics ]==============================
| Conflicts |          ORIGINAL         |          LEARNT          | Progress |
|           |    Vars  Clauses Literals |    Limit  Clauses Lit/Cl |          |
===============================================================================
|       100 |     270     1085     3110 |      399       68      5 |  1.834 % |
===============================================================================
restarts              : 2
conflicts             : 110            (inf /sec)
decisions             : 138            (0.00 % random) (inf /sec)
propagations          : 5394           (inf /sec)
conflict literals     : 541            (31.08 % deleted)
Memory used           : 19.00 MB
CPU time              : 0 s

UNSATISFIABLE
