WARNING: for repeatability, setting FPU to use double precision
============================[ Problem Statistics ]=============================
|                                                                             |
|  Number of variables:           284                                         |
|  Number of clauses:            1160                                         |
|  Parse time:                   0.00 s                                       |
|                                                                             |
============================[ Search Statistics ]==============================
| Conflicts |          ORIGINAL         |          LEARNT          | Progress |
|           |    Vars  Clauses Literals |    Limit  Clauses Lit/Cl |          |
===============================================================================
|       100 |     284     1160     3370 |      425      100      9 |  0.001 % |
|       250 |     284     1160     3370 |      467      250      9 |  0.001 % |
|       475 |     284     1160     3370 |      514      475      9 |  0.001 % |
===============================================================================
restarts              : 6
conflicts             : 793            (99125 /sec)
decisions             : 994            (0.00 % random) (124250 /sec)
propagations          : 40776          (5097000 /sec)
conflict literals     : 6729           (28.91 % deleted)
Memory used           : 19.00 MB
CPU time              : 0.008 s

UNSATISFIABLE
