WARNING: for repeatability, setting FPU to use double precision
============================[ Problem Statistics ]=============================
|                                                                             |
|  Number of variables:           288                                         |
|  Number of clauses:            1189                                         |
|  Parse time:                   0.00 s                                       |
|                                                                             |
============================[ Search Statistics ]==============================
| Conflicts |          ORIGINAL         |          LEARNT          | Progress |
|           |    Vars  Clauses Literals |    Limit  Clauses Lit/Cl |          |
===============================================================================
|       100 |     288     1189     3478 |      435      100      7 |  0.001 % |
|       250 |     288     1189     3478 |      479      250      8 |  0.006 % |
===============================================================================
restarts              : 4
conflicts             : 409            (102250 /sec)
decisions             : 503            (0.00 % random) (125750 /sec)
propagations          : 20052          (5013000 /sec)
conflict literals     : 2872           (31.85 % deleted)
Memory used           : 19.00 MB
CPU time              : 0.004 s

UNSATISFIABLE
