WARNING: for repeatability, setting FPU to use double precision
============================[ Problem Statistics ]=============================
|                                                                             |
|  Number of variables:           269                                         |
|  Number of clauses:            1057                                         |
|  Parse time:                   0.00 s                                       |
|                                                                             |
============================[ Search Statistics ]==============================
| Conflicts |          ORIGINAL         |          LEARNT          | Progress |
|           |    Vars  Clauses Literals |    Limit  Clauses Lit/Cl |          |
===============================================================================
|       100 |     269     1057     3015 |      387      100      6 |  0.004 % |
===============================================================================
restarts              : 2
conflicts             : 176            (inf /sec)
decisions             : 217            (0.00 % random) (inf /sec)
propagations          : 8193           (inf /sec)
conflict literals     : 1167           (25.86 % deleted)
Memory used           : 19.00 MB
CPU time              : 0 s

UNSATISFIABLE
