WARNING: for repeatability, setting FPU to use double precision
============================[ Problem Statistics ]=============================
|                                                                             |
|  Number of variables:           277                                         |
|  Number of clauses:            1123                                         |
|  Parse time:                   0.00 s                                       |
|                                                                             |
============================[ Search Statistics ]==============================
| Conflicts |          ORIGINAL         |          LEARNT          | Progress |
|           |    Vars  Clauses Literals |    Limit  Clauses Lit/Cl |          |
===============================================================================
|       100 |     277     1123     3236 |      411      100      7 |  0.001 % |
===============================================================================
restarts              : 2
conflicts             : 181            (inf /sec)
decisions             : 227            (0.00 % random) (inf /sec)
propagations          : 9146           (inf /sec)
conflict literals     : 1121           (29.94 % deleted)
Memory used           : 19.00 MB
CPU time              : 0 s

UNSATISFIABLE
