WARNING: for repeatability, setting FPU to use double precision
============================[ Problem Statistics ]=============================
|                                                                             |
|  Number of variables:           280                                         |
|  Number of clauses:            1136                                         |
|  Parse time:                   0.00 s                                       |
|                                                                             |
============================[ Search Statistics ]==============================
| Conflicts |          ORIGINAL         |          LEARNT          | Progress |
|           |    Vars  Clauses Literals |    Limit  Clauses Lit/Cl |          |
===============================================================================
|       100 |     279     1133     3267 |      416       79      6 |  0.379 % |
===============================================================================
restarts              : 2
conflicts             : 134            (inf /sec)
decisions             : 164            (0.00 % random) (inf /sec)
propagations          : 6039           (inf /sec)
conflict literals     : 664            (27.27 % deleted)
Memory used           : 19.00 MB
CPU time              : 0 s

UNSATISFIABLE
