WARNING: for repeatability, setting FPU to use double precision
============================[ Problem Statistics ]=============================
|                                                                             |
|  Number of variables:           287                                         |
|  Number of clauses:            1180                                         |
|  Parse time:                   0.00 s                                       |
|                                                                             |
============================[ Search Statistics ]==============================
| Conflicts |          ORIGINAL         |          LEARNT          | Progress |
|           |    Vars  Clauses Literals |    Limit  Clauses Lit/Cl |          |
===============================================================================
|       100 |     287     1180     3440 |      432      100      9 |  0.001 % |
|       250 |     287     1180     3440 |      475      250      9 |  0.005 % |
===============================================================================
restarts              : 4
conflicts             : 448            (112000 /sec)
decisions             : 570            (0.00 % random) (142500 /sec)
propagations          : 21229          (5307250 /sec)
conflict literals     : 3631           (31.39 % deleted)
Memory used           : 19.00 MB
CPU time              : 0.004 s

UNSATISFIABLE
