WARNING: for repeatability, setting FPU to use double precision
============================[ Problem Statistics ]=============================
|                                                                             |
|  Number of variables:           283                                         |
|  Number of clauses:            1142                                         |
|  Parse time:                   0.00 s                                       |
|                                                                             |
============================[ Search Statistics ]==============================
| Conflicts |          ORIGINAL         |          LEARNT          | Progress |
|           |    Vars  Clauses Literals |    Limit  Clauses Lit/Cl |          |
===============================================================================
|       100 |     275     1126     3246 |      418       69      5 |  2.842 % |
===============================================================================
restarts              : 2
conflicts             : 104            (inf /sec)
decisions             : 144            (0.00 % random) (inf /sec)
propagations          : 5206           (inf /sec)
conflict literals     : 543            (29.75 % deleted)
Memory used           : 19.00 MB
CPU time              : 0 s

UNSATISFIABLE
