WARNING: for repeatability, setting FPU to use double precision
============================[ Problem Statistics ]=============================
|                                                                             |
|  Number of variables:           280                                         |
|  Number of clauses:            1127                                         |
|  Parse time:                   0.00 s                                       |
|                                                                             |
============================[ Search Statistics ]==============================
| Conflicts |          ORIGINAL         |          LEARNT          | Progress |
|           |    Vars  Clauses Literals |    Limit  Clauses Lit/Cl |          |
===============================================================================
|       100 |     280     1127     3248 |      413      100      6 |  0.010 % |
===============================================================================
restarts              : 2
conflicts             : 136            (inf /sec)
decisions             : 155            (0.00 % random) (inf /sec)
propagations          : 6933           (inf /sec)
conflict literals     : 707            (29.51 % deleted)
Memory used           : 19.00 MB
CPU time              : 0 s

UNSATISFIABLE
