WARNING: for repeatability, setting FPU to use double precision
============================[ Problem Statistics ]=============================
|                                                                             |
|  Number of variables:           280                                         |
|  Number of clauses:            1128                                         |
|  Parse time:                   0.00 s                                       |
|                                                                             |
============================[ Search Statistics ]==============================
| Conflicts |          ORIGINAL         |          LEARNT          | Progress |
|           |    Vars  Clauses Literals |    Limit  Clauses Lit/Cl |          |
===============================================================================
|       100 |     269     1109     3186 |      413       51      6 |  3.930 % |
===============================================================================
restarts              : 2
conflicts             : 111            (inf /sec)
decisions             : 141            (0.00 % random) (inf /sec)
propagations          : 6530           (inf /sec)
conflict literals     : 545            (37.14 % deleted)
Memory used           : 19.00 MB
CPU time              : 0 s

UNSATISFIABLE
