WARNING: for repeatability, setting FPU to use double precision
============================[ Problem Statistics ]=============================
|                                                                             |
|  Number of variables:           271                                         |
|  Number of clauses:            1041                                         |
|  Parse time:                   0.00 s                                       |
|                                                                             |
============================[ Search Statistics ]==============================
| Conflicts |          ORIGINAL         |          LEARNT          | Progress |
|           |    Vars  Clauses Literals |    Limit  Clauses Lit/Cl |          |
===============================================================================
|       100 |     268     1024     2921 |      381       57      6 |  1.108 % |
===============================================================================
restarts              : 2
conflicts             : 130            (inf /sec)
decisions             : 164            (0.00 % random) (inf /sec)
propagations          : 5952           (inf /sec)
conflict literals     : 668            (25.36 % deleted)
Memory used           : 19.00 MB
CPU time              : 0 s

UNSATISFIABLE
