WARNING: for repeatability, setting FPU to use double precision
============================[ Problem Statistics ]=============================
|                                                                             |
|  Number of variables:           272                                         |
|  Number of clauses:            1054                                         |
|  Parse time:                   0.00 s                                       |
|                                                                             |
============================[ Search Statistics ]==============================
| Conflicts |          ORIGINAL         |          LEARNT          | Progress |
|           |    Vars  Clauses Literals |    Limit  Clauses Lit/Cl |          |
===============================================================================
|       100 |     269     1039     2959 |      386       72      5 |  1.149 % |
===============================================================================
restarts              : 2
conflicts             : 149            (inf /sec)
decisions             : 197            (0.00 % random) (inf /sec)
propagations          : 7576           (inf /sec)
conflict literals     : 755            (30.22 % deleted)
Memory used           : 19.00 MB
CPU time              : 0 s

UNSATISFIABLE
