WARNING: for repeatability, setting FPU to use double precision
============================[ Problem Statistics ]=============================
|                                                                             |
|  Number of variables:           276                                         |
|  Number of clauses:            1077                                         |
|  Parse time:                   0.00 s                                       |
|                                                                             |
============================[ Search Statistics ]==============================
| Conflicts |          ORIGINAL         |          LEARNT          | Progress |
|           |    Vars  Clauses Literals |    Limit  Clauses Lit/Cl |          |
===============================================================================
|       100 |     276     1077     3076 |      394      100      6 |  0.001 % |
===============================================================================
restarts              : 2
conflicts             : 143            (inf /sec)
decisions             : 186            (0.00 % random) (inf /sec)
propagations          : 7018           (inf /sec)
conflict literals     : 811            (27.39 % deleted)
Memory used           : 19.00 MB
CPU time              : 0 s

UNSATISFIABLE
