WARNING: for repeatability, setting FPU to use double precision
============================[ Problem Statistics ]=============================
|                                                                             |
|  Number of variables:           287                                         |
|  Number of clauses:            1168                                         |
|  Parse time:                   0.00 s                                       |
|                                                                             |
============================[ Search Statistics ]==============================
| Conflicts |          ORIGINAL         |          LEARNT          | Progress |
|           |    Vars  Clauses Literals |    Limit  Clauses Lit/Cl |          |
===============================================================================
|       100 |     287     1168     3399 |      428      100      9 |  0.001 % |
|       250 |     284     1148     3342 |      471      137      8 |  1.051 % |
===============================================================================
restarts              : 4
conflicts             : 405            (101250 /sec)
decisions             : 521            (0.00 % random) (130250 /sec)
propagations          : 21349          (5337250 /sec)
conflict literals     : 2954           (36.84 % deleted)
Memory used           : 19.00 MB
CPU time              : 0.004 s

UNSATISFIABLE
