WARNING: for repeatability, setting FPU to use double precision
============================[ Problem Statistics ]=============================
|                                                                             |
|  Number of variables:           274                                         |
|  Number of clauses:            1069                                         |
|  Parse time:                   0.00 s                                       |
|                                                                             |
============================[ Search Statistics ]==============================
| Conflicts |          ORIGINAL         |          LEARNT          | Progress |
|           |    Vars  Clauses Literals |    Limit  Clauses Lit/Cl |          |
===============================================================================
|       100 |     259      998     2849 |      391       74      6 |  5.485 % |
===============================================================================
restarts              : 2
conflicts             : 107            (inf /sec)
decisions             : 144            (0.00 % random) (inf /sec)
propagations          : 5040           (inf /sec)
conflict literals     : 548            (26.44 % deleted)
Memory used           : 19.00 MB
CPU time              : 0 s

UNSATISFIABLE
