WARNING: for repeatability, setting FPU to use double precision
============================[ Problem Statistics ]=============================
|                                                                             |
|  Number of variables:           298                                         |
|  Number of clauses:            1258                                         |
|  Parse time:                   0.00 s                                       |
|                                                                             |
============================[ Search Statistics ]==============================
| Conflicts |          ORIGINAL         |          LEARNT          | Progress |
|           |    Vars  Clauses Literals |    Limit  Clauses Lit/Cl |          |
===============================================================================
|       100 |     298     1258     3758 |      461      100     18 |  0.001 % |
|       250 |     298     1258     3758 |      507      250     17 |  0.001 % |
|       475 |     298     1258     3758 |      558      475     16 |  0.001 % |
|       812 |     298     1258     3758 |      613      517     14 |  0.001 % |
|      1318 |     298     1258     3758 |      675      383     14 |  0.001 % |
|      2077 |     298     1258     3758 |      742      441     12 |  0.001 % |
|      3216 |     298     1258     3758 |      817      423     12 |  0.001 % |
|      4924 |     298     1258     3758 |      898      441     11 |  0.001 % |
|      7486 |     298     1258     3758 |      988      690     12 |  0.001 % |
|     11330 |     298     1258     3758 |     1087      987     12 |  0.001 % |
|     17096 |     298     1258     3758 |     1196      651     11 |  0.001 % |
|     25745 |     298     1258     3758 |     1316      742     12 |  0.001 % |
|     38719 |     298     1258     3758 |     1447      981     12 |  0.001 % |
|     58180 |     298     1258     3758 |     1592     1273     13 |  0.001 % |
|     87372 |     298     1258     3758 |     1751     1528     12 |  0.001 % |
|    131161 |     298     1258     3758 |     1926      967     11 |  0.001 % |
|    196845 |     298     1258     3758 |     2119     1259     12 |  0.001 % |
|    295371 |     298     1258     3758 |     2331     1123     11 |  0.001 % |
|    443160 |     298     1258     3758 |     2564     1483     13 |  0.001 % |
|    664843 |     298     1258     3758 |     2821     1474     13 |  0.001 % |
|    997368 |     298     1258     3758 |     3103     2005     12 |  0.001 % |
===============================================================================
restarts              : 2472
conflicts             : 1285304        (82412 /sec)
decisions             : 1553477        (0.00 % random) (99607 /sec)
propagations          : 65089900       (4173500 /sec)
conflict literals     : 18009803       (24.57 % deleted)
Memory used           : 19.00 MB
CPU time              : 15.596 s

UNSATISFIABLE
