WARNING: for repeatability, setting FPU to use double precision
============================[ Problem Statistics ]=============================
|                                                                             |
|  Number of variables:           285                                         |
|  Number of clauses:            1158                                         |
|  Parse time:                   0.00 s                                       |
|                                                                             |
============================[ Search Statistics ]==============================
| Conflicts |          ORIGINAL         |          LEARNT          | Progress |
|           |    Vars  Clauses Literals |    Limit  Clauses Lit/Cl |          |
===============================================================================
===============================================================================
restarts              : 1
conflicts             : 79             (inf /sec)
decisions             : 94             (0.00 % random) (inf /sec)
propagations          : 4457           (inf /sec)
conflict literals     : 363            (34.12 % deleted)
Memory used           : 19.00 MB
CPU time              : 0 s

UNSATISFIABLE
