WARNING: for repeatability, setting FPU to use double precision
============================[ Problem Statistics ]=============================
|                                                                             |
|  Number of variables:           272                                         |
|  Number of clauses:            1061                                         |
|  Parse time:                   0.00 s                                       |
|                                                                             |
============================[ Search Statistics ]==============================
| Conflicts |          ORIGINAL         |          LEARNT          | Progress |
|           |    Vars  Clauses Literals |    Limit  Clauses Lit/Cl |          |
===============================================================================
|       100 |     271     1056     3010 |      389       99      6 |  0.369 % |
===============================================================================
restarts              : 2
conflicts             : 151            (inf /sec)
decisions             : 184            (0.00 % random) (inf /sec)
propagations          : 8071           (inf /sec)
conflict literals     : 841            (33.62 % deleted)
Memory used           : 19.00 MB
CPU time              : 0 s

UNSATISFIABLE
