WARNING: for repeatability, setting FPU to use double precision
============================[ Problem Statistics ]=============================
|                                                                             |
|  Number of variables:           278                                         |
|  Number of clauses:            1115                                         |
|  Parse time:                   0.00 s                                       |
|                                                                             |
============================[ Search Statistics ]==============================
| Conflicts |          ORIGINAL         |          LEARNT          | Progress |
|           |    Vars  Clauses Literals |    Limit  Clauses Lit/Cl |          |
===============================================================================
|       100 |     276     1115     3205 |      408       98      7 |  0.722 % |
===============================================================================
restarts              : 3
conflicts             : 232            (inf /sec)
decisions             : 303            (0.00 % random) (inf /sec)
propagations          : 12338          (inf /sec)
conflict literals     : 1441           (34.08 % deleted)
Memory used           : 19.00 MB
CPU time              : 0 s

UNSATISFIABLE
