WARNING: for repeatability, setting FPU to use double precision
============================[ Problem Statistics ]=============================
|                                                                             |
|  Number of variables:           281                                         |
|  Number of clauses:            1147                                         |
|  Parse time:                   0.00 s                                       |
|                                                                             |
============================[ Search Statistics ]==============================
| Conflicts |          ORIGINAL         |          LEARNT          | Progress |
|           |    Vars  Clauses Literals |    Limit  Clauses Lit/Cl |          |
===============================================================================
===============================================================================
restarts              : 1
conflicts             : 94             (inf /sec)
decisions             : 111            (0.00 % random) (inf /sec)
propagations          : 4567           (inf /sec)
conflict literals     : 432            (27.52 % deleted)
Memory used           : 19.00 MB
CPU time              : 0 s

UNSATISFIABLE
