WARNING: for repeatability, setting FPU to use double precision
============================[ Problem Statistics ]=============================
|                                                                             |
|  Number of variables:           282                                         |
|  Number of clauses:            1137                                         |
|  Parse time:                   0.00 s                                       |
|                                                                             |
============================[ Search Statistics ]==============================
| Conflicts |          ORIGINAL         |          LEARNT          | Progress |
|           |    Vars  Clauses Literals |    Limit  Clauses Lit/Cl |          |
===============================================================================
|       100 |     261     1129     3258 |      416       41      5 |  7.447 % |
===============================================================================
restarts              : 2
conflicts             : 105            (inf /sec)
decisions             : 122            (0.00 % random) (inf /sec)
propagations          : 5435           (inf /sec)
conflict literals     : 578            (33.79 % deleted)
Memory used           : 19.00 MB
CPU time              : 0 s

UNSATISFIABLE
