WARNING: for repeatability, setting FPU to use double precision
============================[ Problem Statistics ]=============================
|                                                                             |
|  Number of variables:           285                                         |
|  Number of clauses:            1152                                         |
|  Parse time:                   0.00 s                                       |
|                                                                             |
============================[ Search Statistics ]==============================
| Conflicts |          ORIGINAL         |          LEARNT          | Progress |
|           |    Vars  Clauses Literals |    Limit  Clauses Lit/Cl |          |
===============================================================================
|       100 |     285     1152     3335 |      422      100      6 |  0.001 % |
===============================================================================
restarts              : 2
conflicts             : 176            (inf /sec)
decisions             : 210            (0.00 % random) (inf /sec)
propagations          : 8473           (inf /sec)
conflict literals     : 1014           (31.99 % deleted)
Memory used           : 19.00 MB
CPU time              : 0 s

UNSATISFIABLE
