WARNING: for repeatability, setting FPU to use double precision
============================[ Problem Statistics ]=============================
|                                                                             |
|  Number of variables:           282                                         |
|  Number of clauses:            1142                                         |
|  Parse time:                   0.00 s                                       |
|                                                                             |
============================[ Search Statistics ]==============================
| Conflicts |          ORIGINAL         |          LEARNT          | Progress |
|           |    Vars  Clauses Literals |    Limit  Clauses Lit/Cl |          |
===============================================================================
|       100 |     278     1139     3280 |      418       83      6 |  1.418 % |
===============================================================================
restarts              : 2
conflicts             : 106            (inf /sec)
decisions             : 126            (0.00 % random) (inf /sec)
propagations          : 4834           (inf /sec)
conflict literals     : 589            (29.55 % deleted)
Memory used           : 19.00 MB
CPU time              : 0 s

UNSATISFIABLE
