WARNING: for repeatability, setting FPU to use double precision
============================[ Problem Statistics ]=============================
|                                                                             |
|  Number of variables:           269                                         |
|  Number of clauses:            1034                                         |
|  Parse time:                   0.00 s                                       |
|                                                                             |
============================[ Search Statistics ]==============================
| Conflicts |          ORIGINAL         |          LEARNT          | Progress |
|           |    Vars  Clauses Literals |    Limit  Clauses Lit/Cl |          |
===============================================================================
===============================================================================
restarts              : 1
conflicts             : 45             (inf /sec)
decisions             : 62             (0.00 % random) (inf /sec)
propagations          : 2446           (inf /sec)
conflict literals     : 209            (22.88 % deleted)
Memory used           : 19.00 MB
CPU time              : 0 s

UNSATISFIABLE
