WARNING: for repeatability, setting FPU to use double precision
============================[ Problem Statistics ]=============================
|                                                                             |
|  Number of variables:           282                                         |
|  Number of clauses:            1152                                         |
|  Parse time:                   0.00 s                                       |
|                                                                             |
============================[ Search Statistics ]==============================
| Conflicts |          ORIGINAL         |          LEARNT          | Progress |
|           |    Vars  Clauses Literals |    Limit  Clauses Lit/Cl |          |
===============================================================================
|       100 |     282     1152     3325 |      422      100      5 |  0.035 % |
===============================================================================
restarts              : 2
conflicts             : 115            (inf /sec)
decisions             : 133            (0.00 % random) (inf /sec)
propagations          : 5547           (inf /sec)
conflict literals     : 599            (35.66 % deleted)
Memory used           : 19.00 MB
CPU time              : 0 s

UNSATISFIABLE
