WARNING: for repeatability, setting FPU to use double precision
============================[ Problem Statistics ]=============================
|                                                                             |
|  Number of variables:           269                                         |
|  Number of clauses:            1061                                         |
|  Parse time:                   0.00 s                                       |
|                                                                             |
============================[ Search Statistics ]==============================
| Conflicts |          ORIGINAL         |          LEARNT          | Progress |
|           |    Vars  Clauses Literals |    Limit  Clauses Lit/Cl |          |
===============================================================================
|       100 |     267     1047     2980 |      389       56      6 |  0.746 % |
===============================================================================
restarts              : 2
conflicts             : 138            (inf /sec)
decisions             : 183            (0.00 % random) (inf /sec)
propagations          : 6901           (inf /sec)
conflict literals     : 857            (23.96 % deleted)
Memory used           : 19.00 MB
CPU time              : 0 s

UNSATISFIABLE
