WARNING: for repeatability, setting FPU to use double precision
============================[ Problem Statistics ]=============================
|                                                                             |
|  Number of variables:           250                                         |
|  Number of clauses:             919                                         |
|  Parse time:                   0.00 s                                       |
|                                                                             |
============================[ Search Statistics ]==============================
| Conflicts |          ORIGINAL         |          LEARNT          | Progress |
|           |    Vars  Clauses Literals |    Limit  Clauses Lit/Cl |          |
===============================================================================
===============================================================================
restarts              : 1
conflicts             : 19             (inf /sec)
decisions             : 38             (0.00 % random) (inf /sec)
propagations          : 693            (inf /sec)
conflict literals     : 48             (15.79 % deleted)
Memory used           : 19.00 MB
CPU time              : 0 s

UNSATISFIABLE
