WARNING: for repeatability, setting FPU to use double precision
============================[ Problem Statistics ]=============================
|                                                                             |
|  Number of variables:           270                                         |
|  Number of clauses:            1050                                         |
|  Parse time:                   0.00 s                                       |
|                                                                             |
============================[ Search Statistics ]==============================
| Conflicts |          ORIGINAL         |          LEARNT          | Progress |
|           |    Vars  Clauses Literals |    Limit  Clauses Lit/Cl |          |
===============================================================================
|       100 |     257     1025     2900 |      385       71      5 |  4.830 % |
===============================================================================
restarts              : 1
conflicts             : 102            (inf /sec)
decisions             : 125            (0.00 % random) (inf /sec)
propagations          : 4557           (inf /sec)
conflict literals     : 480            (26.94 % deleted)
Memory used           : 19.00 MB
CPU time              : 0 s

UNSATISFIABLE
