WARNING: for repeatability, setting FPU to use double precision
============================[ Problem Statistics ]=============================
|                                                                             |
|  Number of variables:           277                                         |
|  Number of clauses:            1090                                         |
|  Parse time:                   0.00 s                                       |
|                                                                             |
============================[ Search Statistics ]==============================
| Conflicts |          ORIGINAL         |          LEARNT          | Progress |
|           |    Vars  Clauses Literals |    Limit  Clauses Lit/Cl |          |
===============================================================================
|       100 |     277     1090     3126 |      399      100      7 |  0.001 % |
===============================================================================
restarts              : 2
conflicts             : 182            (inf /sec)
decisions             : 219            (0.00 % random) (inf /sec)
propagations          : 8829           (inf /sec)
conflict literals     : 1118           (27.21 % deleted)
Memory used           : 19.00 MB
CPU time              : 0 s

UNSATISFIABLE
