WARNING: for repeatability, setting FPU to use double precision
============================[ Problem Statistics ]=============================
|                                                                             |
|  Number of variables:           281                                         |
|  Number of clauses:            1117                                         |
|  Parse time:                   0.00 s                                       |
|                                                                             |
============================[ Search Statistics ]==============================
| Conflicts |          ORIGINAL         |          LEARNT          | Progress |
|           |    Vars  Clauses Literals |    Limit  Clauses Lit/Cl |          |
===============================================================================
|       100 |     281     1117     3230 |      409      100      7 |  0.019 % |
===============================================================================
restarts              : 2
conflicts             : 197            (inf /sec)
decisions             : 246            (0.00 % random) (inf /sec)
propagations          : 9545           (inf /sec)
conflict literals     : 1214           (35.15 % deleted)
Memory used           : 19.00 MB
CPU time              : 0 s

UNSATISFIABLE
