WARNING: for repeatability, setting FPU to use double precision
============================[ Problem Statistics ]=============================
|                                                                             |
|  Number of variables:           282                                         |
|  Number of clauses:            1141                                         |
|  Parse time:                   0.00 s                                       |
|                                                                             |
============================[ Search Statistics ]==============================
| Conflicts |          ORIGINAL         |          LEARNT          | Progress |
|           |    Vars  Clauses Literals |    Limit  Clauses Lit/Cl |          |
===============================================================================
|       100 |     282     1141     3295 |      418      100      6 |  0.009 % |
===============================================================================
restarts              : 2
conflicts             : 144            (inf /sec)
decisions             : 173            (0.00 % random) (inf /sec)
propagations          : 7241           (inf /sec)
conflict literals     : 825            (29.25 % deleted)
Memory used           : 19.00 MB
CPU time              : 0 s

UNSATISFIABLE
