WARNING: for repeatability, setting FPU to use double precision
============================[ Problem Statistics ]=============================
|                                                                             |
|  Number of variables:           280                                         |
|  Number of clauses:            1131                                         |
|  Parse time:                   0.00 s                                       |
|                                                                             |
============================[ Search Statistics ]==============================
| Conflicts |          ORIGINAL         |          LEARNT          | Progress |
|           |    Vars  Clauses Literals |    Limit  Clauses Lit/Cl |          |
===============================================================================
|       100 |     279     1125     3222 |      414       69      6 |  0.366 % |
===============================================================================
restarts              : 2
conflicts             : 116            (inf /sec)
decisions             : 155            (0.00 % random) (inf /sec)
propagations          : 5272           (inf /sec)
conflict literals     : 578            (26.46 % deleted)
Memory used           : 19.00 MB
CPU time              : 0 s

UNSATISFIABLE
