WARNING: for repeatability, setting FPU to use double precision
============================[ Problem Statistics ]=============================
|                                                                             |
|  Number of variables:           280                                         |
|  Number of clauses:            1130                                         |
|  Parse time:                   0.00 s                                       |
|                                                                             |
============================[ Search Statistics ]==============================
| Conflicts |          ORIGINAL         |          LEARNT          | Progress |
|           |    Vars  Clauses Literals |    Limit  Clauses Lit/Cl |          |
===============================================================================
|       100 |     280     1130     3261 |      414      100      8 |  0.001 % |
===============================================================================
restarts              : 3
conflicts             : 229            (inf /sec)
decisions             : 279            (0.00 % random) (inf /sec)
propagations          : 11746          (inf /sec)
conflict literals     : 1623           (30.37 % deleted)
Memory used           : 19.00 MB
CPU time              : 0 s

UNSATISFIABLE
