WARNING: for repeatability, setting FPU to use double precision
============================[ Problem Statistics ]=============================
|                                                                             |
|  Number of variables:           251                                         |
|  Number of clauses:             936                                         |
|  Parse time:                   0.00 s                                       |
|                                                                             |
============================[ Search Statistics ]==============================
| Conflicts |          ORIGINAL         |          LEARNT          | Progress |
|           |    Vars  Clauses Literals |    Limit  Clauses Lit/Cl |          |
===============================================================================
===============================================================================
restarts              : 1
conflicts             : 13             (inf /sec)
decisions             : 15             (0.00 % random) (inf /sec)
propagations          : 514            (inf /sec)
conflict literals     : 32             (8.57 % deleted)
Memory used           : 19.00 MB
CPU time              : 0 s

UNSATISFIABLE
