WARNING: for repeatability, setting FPU to use double precision
============================[ Problem Statistics ]=============================
|                                                                             |
|  Number of variables:           273                                         |
|  Number of clauses:            1074                                         |
|  Parse time:                   0.00 s                                       |
|                                                                             |
============================[ Search Statistics ]==============================
| Conflicts |          ORIGINAL         |          LEARNT          | Progress |
|           |    Vars  Clauses Literals |    Limit  Clauses Lit/Cl |          |
===============================================================================
|       100 |     273     1074     3056 |      393      100      6 |  0.007 % |
===============================================================================
restarts              : 2
conflicts             : 140            (inf /sec)
decisions             : 166            (0.00 % random) (inf /sec)
propagations          : 7001           (inf /sec)
conflict literals     : 833            (21.56 % deleted)
Memory used           : 19.00 MB
CPU time              : 0 s

UNSATISFIABLE
