WARNING: for repeatability, setting FPU to use double precision
============================[ Problem Statistics ]=============================
|                                                                             |
|  Number of variables:           280                                         |
|  Number of clauses:            1116                                         |
|  Parse time:                   0.00 s                                       |
|                                                                             |
============================[ Search Statistics ]==============================
| Conflicts |          ORIGINAL         |          LEARNT          | Progress |
|           |    Vars  Clauses Literals |    Limit  Clauses Lit/Cl |          |
===============================================================================
|       100 |     280     1116     3207 |      409      100      7 |  0.006 % |
===============================================================================
restarts              : 2
conflicts             : 184            (inf /sec)
decisions             : 213            (0.00 % random) (inf /sec)
propagations          : 9242           (inf /sec)
conflict literals     : 1155           (22.69 % deleted)
Memory used           : 19.00 MB
CPU time              : 0 s

UNSATISFIABLE
