WARNING: for repeatability, setting FPU to use double precision
============================[ Problem Statistics ]=============================
|                                                                             |
|  Number of variables:           287                                         |
|  Number of clauses:            1178                                         |
|  Parse time:                   0.00 s                                       |
|                                                                             |
============================[ Search Statistics ]==============================
| Conflicts |          ORIGINAL         |          LEARNT          | Progress |
|           |    Vars  Clauses Literals |    Limit  Clauses Lit/Cl |          |
===============================================================================
|       100 |     287     1178     3438 |      431      100      8 |  0.011 % |
|       250 |     287     1178     3438 |      475      250      9 |  0.001 % |
===============================================================================
restarts              : 4
conflicts             : 410            (inf /sec)
decisions             : 523            (0.00 % random) (inf /sec)
propagations          : 20133          (inf /sec)
conflict literals     : 3121           (31.54 % deleted)
Memory used           : 19.00 MB
CPU time              : 0 s

UNSATISFIABLE
