WARNING: for repeatability, setting FPU to use double precision
============================[ Problem Statistics ]=============================
|                                                                             |
|  Number of variables:           272                                         |
|  Number of clauses:            1076                                         |
|  Parse time:                   0.00 s                                       |
|                                                                             |
============================[ Search Statistics ]==============================
| Conflicts |          ORIGINAL         |          LEARNT          | Progress |
|           |    Vars  Clauses Literals |    Limit  Clauses Lit/Cl |          |
===============================================================================
|       100 |     272     1076     3072 |      394      100      5 |  0.026 % |
===============================================================================
restarts              : 2
conflicts             : 134            (inf /sec)
decisions             : 166            (0.00 % random) (inf /sec)
propagations          : 6500           (inf /sec)
conflict literals     : 645            (33.57 % deleted)
Memory used           : 19.00 MB
CPU time              : 0 s

UNSATISFIABLE
