WARNING: for repeatability, setting FPU to use double precision
============================[ Problem Statistics ]=============================
|                                                                             |
|  Number of variables:           279                                         |
|  Number of clauses:            1123                                         |
|  Parse time:                   0.00 s                                       |
|                                                                             |
============================[ Search Statistics ]==============================
| Conflicts |          ORIGINAL         |          LEARNT          | Progress |
|           |    Vars  Clauses Literals |    Limit  Clauses Lit/Cl |          |
===============================================================================
|       100 |     279     1123     3220 |      411      100      6 |  0.021 % |
===============================================================================
restarts              : 2
conflicts             : 140            (inf /sec)
decisions             : 175            (0.00 % random) (inf /sec)
propagations          : 7229           (inf /sec)
conflict literals     : 722            (29.08 % deleted)
Memory used           : 19.00 MB
CPU time              : 0 s

UNSATISFIABLE
