WARNING: for repeatability, setting FPU to use double precision
============================[ Problem Statistics ]=============================
|                                                                             |
|  Number of variables:           284                                         |
|  Number of clauses:            1171                                         |
|  Parse time:                   0.00 s                                       |
|                                                                             |
============================[ Search Statistics ]==============================
| Conflicts |          ORIGINAL         |          LEARNT          | Progress |
|           |    Vars  Clauses Literals |    Limit  Clauses Lit/Cl |          |
===============================================================================
|       100 |     284     1171     3367 |      429      100      7 |  0.001 % |
===============================================================================
restarts              : 2
conflicts             : 170            (inf /sec)
decisions             : 214            (0.00 % random) (inf /sec)
propagations          : 8670           (inf /sec)
conflict literals     : 1092           (25.10 % deleted)
Memory used           : 19.00 MB
CPU time              : 0 s

UNSATISFIABLE
