WARNING: for repeatability, setting FPU to use double precision
============================[ Problem Statistics ]=============================
|                                                                             |
|  Number of variables:           279                                         |
|  Number of clauses:            1122                                         |
|  Parse time:                   0.00 s                                       |
|                                                                             |
============================[ Search Statistics ]==============================
| Conflicts |          ORIGINAL         |          LEARNT          | Progress |
|           |    Vars  Clauses Literals |    Limit  Clauses Lit/Cl |          |
===============================================================================
|       100 |     277     1122     3232 |      411       99      6 |  0.753 % |
===============================================================================
restarts              : 2
conflicts             : 194            (inf /sec)
decisions             : 277            (0.00 % random) (inf /sec)
propagations          : 9455           (inf /sec)
conflict literals     : 1130           (36.87 % deleted)
Memory used           : 19.00 MB
CPU time              : 0 s

UNSATISFIABLE
