WARNING: for repeatability, setting FPU to use double precision
============================[ Problem Statistics ]=============================
|                                                                             |
|  Number of variables:           276                                         |
|  Number of clauses:            1083                                         |
|  Parse time:                   0.00 s                                       |
|                                                                             |
============================[ Search Statistics ]==============================
| Conflicts |          ORIGINAL         |          LEARNT          | Progress |
|           |    Vars  Clauses Literals |    Limit  Clauses Lit/Cl |          |
===============================================================================
|       100 |     276     1083     3094 |      397      100      7 |  0.001 % |
===============================================================================
restarts              : 2
conflicts             : 202            (inf /sec)
decisions             : 271            (0.00 % random) (inf /sec)
propagations          : 10719          (inf /sec)
conflict literals     : 1254           (34.03 % deleted)
Memory used           : 19.00 MB
CPU time              : 0 s

UNSATISFIABLE
