WARNING: for repeatability, setting FPU to use double precision
============================[ Problem Statistics ]=============================
|                                                                             |
|  Number of variables:           274                                         |
|  Number of clauses:            1078                                         |
|  Parse time:                   0.00 s                                       |
|                                                                             |
============================[ Search Statistics ]==============================
| Conflicts |          ORIGINAL         |          LEARNT          | Progress |
|           |    Vars  Clauses Literals |    Limit  Clauses Lit/Cl |          |
===============================================================================
|       100 |     258     1052     3006 |      395       66      5 |  5.839 % |
===============================================================================
restarts              : 2
conflicts             : 103            (inf /sec)
decisions             : 135            (0.00 % random) (inf /sec)
propagations          : 5470           (inf /sec)
conflict literals     : 503            (25.92 % deleted)
Memory used           : 19.00 MB
CPU time              : 0 s

UNSATISFIABLE
