WARNING: for repeatability, setting FPU to use double precision
============================[ Problem Statistics ]=============================
|                                                                             |
|  Number of variables:           280                                         |
|  Number of clauses:            1107                                         |
|  Parse time:                   0.00 s                                       |
|                                                                             |
============================[ Search Statistics ]==============================
| Conflicts |          ORIGINAL         |          LEARNT          | Progress |
|           |    Vars  Clauses Literals |    Limit  Clauses Lit/Cl |          |
===============================================================================
|       100 |     280     1107     3190 |      405      100      8 |  0.004 % |
|       250 |     280     1107     3190 |      446      250      7 |  0.028 % |
===============================================================================
restarts              : 3
conflicts             : 260            (inf /sec)
decisions             : 338            (0.00 % random) (inf /sec)
propagations          : 14031          (inf /sec)
conflict literals     : 1842           (34.96 % deleted)
Memory used           : 19.00 MB
CPU time              : 0 s

UNSATISFIABLE
