WARNING: for repeatability, setting FPU to use double precision
============================[ Problem Statistics ]=============================
|                                                                             |
|  Number of variables:           278                                         |
|  Number of clauses:            1125                                         |
|  Parse time:                   0.00 s                                       |
|                                                                             |
============================[ Search Statistics ]==============================
| Conflicts |          ORIGINAL         |          LEARNT          | Progress |
|           |    Vars  Clauses Literals |    Limit  Clauses Lit/Cl |          |
===============================================================================
|       100 |     278     1125     3235 |      412      100      6 |  0.001 % |
===============================================================================
restarts              : 2
conflicts             : 162            (inf /sec)
decisions             : 225            (0.00 % random) (inf /sec)
propagations          : 8135           (inf /sec)
conflict literals     : 892            (31.96 % deleted)
Memory used           : 19.00 MB
CPU time              : 0 s

UNSATISFIABLE
