WARNING: for repeatability, setting FPU to use double precision
============================[ Problem Statistics ]=============================
|                                                                             |
|  Number of variables:           277                                         |
|  Number of clauses:            1092                                         |
|  Parse time:                   0.00 s                                       |
|                                                                             |
============================[ Search Statistics ]==============================
| Conflicts |          ORIGINAL         |          LEARNT          | Progress |
|           |    Vars  Clauses Literals |    Limit  Clauses Lit/Cl |          |
===============================================================================
|       100 |     276     1087     3141 |      400       99      8 |  0.365 % |
|       250 |     276     1087     3141 |      440      249      8 |  0.373 % |
===============================================================================
restarts              : 3
conflicts             : 318            (inf /sec)
decisions             : 408            (0.00 % random) (inf /sec)
propagations          : 16756          (inf /sec)
conflict literals     : 2322           (31.34 % deleted)
Memory used           : 19.00 MB
CPU time              : 0 s

UNSATISFIABLE
