WARNING: for repeatability, setting FPU to use double precision
============================[ Problem Statistics ]=============================
|                                                                             |
|  Number of variables:           278                                         |
|  Number of clauses:            1113                                         |
|  Parse time:                   0.00 s                                       |
|                                                                             |
============================[ Search Statistics ]==============================
| Conflicts |          ORIGINAL         |          LEARNT          | Progress |
|           |    Vars  Clauses Literals |    Limit  Clauses Lit/Cl |          |
===============================================================================
|       100 |     278     1113     3189 |      408      100      7 |  0.010 % |
===============================================================================
restarts              : 2
conflicts             : 186            (inf /sec)
decisions             : 225            (0.00 % random) (inf /sec)
propagations          : 9706           (inf /sec)
conflict literals     : 1153           (26.23 % deleted)
Memory used           : 19.00 MB
CPU time              : 0 s

UNSATISFIABLE
