WARNING: for repeatability, setting FPU to use double precision
============================[ Problem Statistics ]=============================
|                                                                             |
|  Number of variables:           282                                         |
|  Number of clauses:            1144                                         |
|  Parse time:                   0.00 s                                       |
|                                                                             |
============================[ Search Statistics ]==============================
| Conflicts |          ORIGINAL         |          LEARNT          | Progress |
|           |    Vars  Clauses Literals |    Limit  Clauses Lit/Cl |          |
===============================================================================
|       100 |     282     1144     3306 |      419      100      8 |  0.001 % |
|       250 |     282     1144     3306 |      461      250      7 |  0.005 % |
===============================================================================
restarts              : 3
conflicts             : 328            (inf /sec)
decisions             : 375            (0.00 % random) (inf /sec)
propagations          : 18126          (inf /sec)
conflict literals     : 2166           (29.68 % deleted)
Memory used           : 19.00 MB
CPU time              : 0 s

UNSATISFIABLE
