WARNING: for repeatability, setting FPU to use double precision
============================[ Problem Statistics ]=============================
|                                                                             |
|  Number of variables:           277                                         |
|  Number of clauses:            1103                                         |
|  Parse time:                   0.00 s                                       |
|                                                                             |
============================[ Search Statistics ]==============================
| Conflicts |          ORIGINAL         |          LEARNT          | Progress |
|           |    Vars  Clauses Literals |    Limit  Clauses Lit/Cl |          |
===============================================================================
|       100 |     277     1103     3164 |      404      100      7 |  0.007 % |
===============================================================================
restarts              : 3
conflicts             : 208            (inf /sec)
decisions             : 291            (0.00 % random) (inf /sec)
propagations          : 10192          (inf /sec)
conflict literals     : 1429           (24.47 % deleted)
Memory used           : 19.00 MB
CPU time              : 0 s

UNSATISFIABLE
