WARNING: for repeatability, setting FPU to use double precision
============================[ Problem Statistics ]=============================
|                                                                             |
|  Number of variables:           267                                         |
|  Number of clauses:            1023                                         |
|  Parse time:                   0.00 s                                       |
|                                                                             |
============================[ Search Statistics ]==============================
| Conflicts |          ORIGINAL         |          LEARNT          | Progress |
|           |    Vars  Clauses Literals |    Limit  Clauses Lit/Cl |          |
===============================================================================
===============================================================================
restarts              : 1
conflicts             : 92             (inf /sec)
decisions             : 117            (0.00 % random) (inf /sec)
propagations          : 5101           (inf /sec)
conflict literals     : 400            (29.45 % deleted)
Memory used           : 19.00 MB
CPU time              : 0 s

UNSATISFIABLE
