WARNING: for repeatability, setting FPU to use double precision
============================[ Problem Statistics ]=============================
|                                                                             |
|  Number of variables:           278                                         |
|  Number of clauses:            1105                                         |
|  Parse time:                   0.00 s                                       |
|                                                                             |
============================[ Search Statistics ]==============================
| Conflicts |          ORIGINAL         |          LEARNT          | Progress |
|           |    Vars  Clauses Literals |    Limit  Clauses Lit/Cl |          |
===============================================================================
|       100 |     278     1105     3171 |      405      100      6 |  0.001 % |
===============================================================================
restarts              : 3
conflicts             : 211            (inf /sec)
decisions             : 253            (0.00 % random) (inf /sec)
propagations          : 10988          (inf /sec)
conflict literals     : 1190           (35.19 % deleted)
Memory used           : 19.00 MB
CPU time              : 0 s

UNSATISFIABLE
