WARNING: for repeatability, setting FPU to use double precision
============================[ Problem Statistics ]=============================
|                                                                             |
|  Number of variables:           279                                         |
|  Number of clauses:            1114                                         |
|  Parse time:                   0.00 s                                       |
|                                                                             |
============================[ Search Statistics ]==============================
| Conflicts |          ORIGINAL         |          LEARNT          | Progress |
|           |    Vars  Clauses Literals |    Limit  Clauses Lit/Cl |          |
===============================================================================
|       100 |     273     1114     3203 |      408       98      6 |  2.156 % |
===============================================================================
restarts              : 2
conflicts             : 152            (inf /sec)
decisions             : 185            (0.00 % random) (inf /sec)
propagations          : 7413           (inf /sec)
conflict literals     : 900            (29.13 % deleted)
Memory used           : 19.00 MB
CPU time              : 0 s

UNSATISFIABLE
