WARNING: for repeatability, setting FPU to use double precision
============================[ Problem Statistics ]=============================
|                                                                             |
|  Number of variables:           278                                         |
|  Number of clauses:            1096                                         |
|  Parse time:                   0.00 s                                       |
|                                                                             |
============================[ Search Statistics ]==============================
| Conflicts |          ORIGINAL         |          LEARNT          | Progress |
|           |    Vars  Clauses Literals |    Limit  Clauses Lit/Cl |          |
===============================================================================
|       100 |     278     1096     3144 |      401      100      7 |  0.004 % |
|       250 |     278     1096     3144 |      442      250      7 |  0.010 % |
===============================================================================
restarts              : 3
conflicts             : 262            (inf /sec)
decisions             : 336            (0.00 % random) (inf /sec)
propagations          : 14557          (inf /sec)
conflict literals     : 1764           (30.63 % deleted)
Memory used           : 19.00 MB
CPU time              : 0 s

UNSATISFIABLE
