WARNING: for repeatability, setting FPU to use double precision
============================[ Problem Statistics ]=============================
|                                                                             |
|  Number of variables:           280                                         |
|  Number of clauses:            1098                                         |
|  Parse time:                   0.00 s                                       |
|                                                                             |
============================[ Search Statistics ]==============================
| Conflicts |          ORIGINAL         |          LEARNT          | Progress |
|           |    Vars  Clauses Literals |    Limit  Clauses Lit/Cl |          |
===============================================================================
|       100 |     279     1093     3126 |      402       76      6 |  0.397 % |
===============================================================================
restarts              : 2
conflicts             : 138            (inf /sec)
decisions             : 186            (0.00 % random) (inf /sec)
propagations          : 6982           (inf /sec)
conflict literals     : 749            (29.14 % deleted)
Memory used           : 19.00 MB
CPU time              : 0 s

UNSATISFIABLE
