WARNING: for repeatability, setting FPU to use double precision
============================[ Problem Statistics ]=============================
|                                                                             |
|  Number of variables:           272                                         |
|  Number of clauses:            1074                                         |
|  Parse time:                   0.00 s                                       |
|                                                                             |
============================[ Search Statistics ]==============================
| Conflicts |          ORIGINAL         |          LEARNT          | Progress |
|           |    Vars  Clauses Literals |    Limit  Clauses Lit/Cl |          |
===============================================================================
|       100 |     272     1074     3062 |      393      100      6 |  0.003 % |
===============================================================================
restarts              : 2
conflicts             : 116            (inf /sec)
decisions             : 160            (0.00 % random) (inf /sec)
propagations          : 5506           (inf /sec)
conflict literals     : 616            (25.15 % deleted)
Memory used           : 19.00 MB
CPU time              : 0 s

UNSATISFIABLE
