WARNING: for repeatability, setting FPU to use double precision
============================[ Problem Statistics ]=============================
|                                                                             |
|  Number of variables:           276                                         |
|  Number of clauses:            1099                                         |
|  Parse time:                   0.00 s                                       |
|                                                                             |
============================[ Search Statistics ]==============================
| Conflicts |          ORIGINAL         |          LEARNT          | Progress |
|           |    Vars  Clauses Literals |    Limit  Clauses Lit/Cl |          |
===============================================================================
|       100 |     276     1099     3154 |      402      100     10 |  0.003 % |
|       250 |     276     1099     3154 |      443      250     10 |  0.001 % |
===============================================================================
restarts              : 4
conflicts             : 453            (113250 /sec)
decisions             : 566            (0.00 % random) (141500 /sec)
propagations          : 23311          (5827750 /sec)
conflict literals     : 3608           (24.12 % deleted)
Memory used           : 19.00 MB
CPU time              : 0.004 s

UNSATISFIABLE
