WARNING: for repeatability, setting FPU to use double precision
============================[ Problem Statistics ]=============================
|                                                                             |
|  Number of variables:           286                                         |
|  Number of clauses:            1159                                         |
|  Parse time:                   0.00 s                                       |
|                                                                             |
============================[ Search Statistics ]==============================
| Conflicts |          ORIGINAL         |          LEARNT          | Progress |
|           |    Vars  Clauses Literals |    Limit  Clauses Lit/Cl |          |
===============================================================================
|       100 |     286     1159     3373 |      424      100      8 |  0.002 % |
===============================================================================
restarts              : 2
conflicts             : 189            (inf /sec)
decisions             : 244            (0.00 % random) (inf /sec)
propagations          : 8993           (inf /sec)
conflict literals     : 1320           (29.94 % deleted)
Memory used           : 19.00 MB
CPU time              : 0 s

UNSATISFIABLE
