WARNING: for repeatability, setting FPU to use double precision
============================[ Problem Statistics ]=============================
|                                                                             |
|  Number of variables:           285                                         |
|  Number of clauses:            1165                                         |
|  Parse time:                   0.00 s                                       |
|                                                                             |
============================[ Search Statistics ]==============================
| Conflicts |          ORIGINAL         |          LEARNT          | Progress |
|           |    Vars  Clauses Literals |    Limit  Clauses Lit/Cl |          |
===============================================================================
|       100 |     285     1165     3349 |      427      100      8 |  0.004 % |
===============================================================================
restarts              : 2
conflicts             : 188            (inf /sec)
decisions             : 251            (0.00 % random) (inf /sec)
propagations          : 9200           (inf /sec)
conflict literals     : 1313           (24.54 % deleted)
Memory used           : 19.00 MB
CPU time              : 0 s

UNSATISFIABLE
