WARNING: for repeatability, setting FPU to use double precision
============================[ Problem Statistics ]=============================
|                                                                             |
|  Number of variables:           276                                         |
|  Number of clauses:            1087                                         |
|  Parse time:                   0.00 s                                       |
|                                                                             |
============================[ Search Statistics ]==============================
| Conflicts |          ORIGINAL         |          LEARNT          | Progress |
|           |    Vars  Clauses Literals |    Limit  Clauses Lit/Cl |          |
===============================================================================
|       100 |     276     1087     3109 |      398      100      8 |  0.001 % |
===============================================================================
restarts              : 2
conflicts             : 182            (inf /sec)
decisions             : 224            (0.00 % random) (inf /sec)
propagations          : 9653           (inf /sec)
conflict literals     : 1203           (29.28 % deleted)
Memory used           : 19.00 MB
CPU time              : 0 s

UNSATISFIABLE
