WARNING: for repeatability, setting FPU to use double precision
============================[ Problem Statistics ]=============================
|                                                                             |
|  Number of variables:           276                                         |
|  Number of clauses:            1102                                         |
|  Parse time:                   0.00 s                                       |
|                                                                             |
============================[ Search Statistics ]==============================
| Conflicts |          ORIGINAL         |          LEARNT          | Progress |
|           |    Vars  Clauses Literals |    Limit  Clauses Lit/Cl |          |
===============================================================================
|       100 |     276     1102     3144 |      404      100      6 |  0.016 % |
===============================================================================
restarts              : 2
conflicts             : 157            (inf /sec)
decisions             : 201            (0.00 % random) (inf /sec)
propagations          : 7177           (inf /sec)
conflict literals     : 808            (28.56 % deleted)
Memory used           : 19.00 MB
CPU time              : 0 s

UNSATISFIABLE
