WARNING: for repeatability, setting FPU to use double precision
============================[ Problem Statistics ]=============================
|                                                                             |
|  Number of variables:           278                                         |
|  Number of clauses:            1088                                         |
|  Parse time:                   0.00 s                                       |
|                                                                             |
============================[ Search Statistics ]==============================
| Conflicts |          ORIGINAL         |          LEARNT          | Progress |
|           |    Vars  Clauses Literals |    Limit  Clauses Lit/Cl |          |
===============================================================================
|       100 |     273     1076     3072 |      398       58      5 |  1.799 % |
===============================================================================
restarts              : 1
conflicts             : 101            (inf /sec)
decisions             : 133            (0.00 % random) (inf /sec)
propagations          : 4913           (inf /sec)
conflict literals     : 517            (23.97 % deleted)
Memory used           : 19.00 MB
CPU time              : 0 s

UNSATISFIABLE
