WARNING: for repeatability, setting FPU to use double precision
============================[ Problem Statistics ]=============================
|                                                                             |
|  Number of variables:           253                                         |
|  Number of clauses:             926                                         |
|  Parse time:                   0.00 s                                       |
|                                                                             |
============================[ Search Statistics ]==============================
| Conflicts |          ORIGINAL         |          LEARNT          | Progress |
|           |    Vars  Clauses Literals |    Limit  Clauses Lit/Cl |          |
===============================================================================
===============================================================================
restarts              : 1
conflicts             : 20             (inf /sec)
decisions             : 28             (0.00 % random) (inf /sec)
propagations          : 878            (inf /sec)
conflict literals     : 54             (16.92 % deleted)
Memory used           : 19.00 MB
CPU time              : 0 s

UNSATISFIABLE
