WARNING: for repeatability, setting FPU to use double precision
============================[ Problem Statistics ]=============================
|                                                                             |
|  Number of variables:           278                                         |
|  Number of clauses:            1099                                         |
|  Parse time:                   0.00 s                                       |
|                                                                             |
============================[ Search Statistics ]==============================
| Conflicts |          ORIGINAL         |          LEARNT          | Progress |
|           |    Vars  Clauses Literals |    Limit  Clauses Lit/Cl |          |
===============================================================================
|       100 |     277     1092     3150 |      402       69      5 |  0.377 % |
===============================================================================
restarts              : 2
conflicts             : 110            (inf /sec)
decisions             : 149            (0.00 % random) (inf /sec)
propagations          : 4885           (inf /sec)
conflict literals     : 582            (32.09 % deleted)
Memory used           : 19.00 MB
CPU time              : 0 s

UNSATISFIABLE
