WARNING: for repeatability, setting FPU to use double precision
============================[ Problem Statistics ]=============================
|                                                                             |
|  Number of variables:           277                                         |
|  Number of clauses:            1105                                         |
|  Parse time:                   0.00 s                                       |
|                                                                             |
============================[ Search Statistics ]==============================
| Conflicts |          ORIGINAL         |          LEARNT          | Progress |
|           |    Vars  Clauses Literals |    Limit  Clauses Lit/Cl |          |
===============================================================================
|       100 |     242     1040     2988 |      405       64      6 | 12.635 % |
===============================================================================
restarts              : 1
conflicts             : 101            (inf /sec)
decisions             : 159            (0.00 % random) (inf /sec)
propagations          : 5468           (inf /sec)
conflict literals     : 559            (32.00 % deleted)
Memory used           : 19.00 MB
CPU time              : 0 s

UNSATISFIABLE
