WARNING: for repeatability, setting FPU to use double precision
============================[ Problem Statistics ]=============================
|                                                                             |
|  Number of variables:           279                                         |
|  Number of clauses:            1120                                         |
|  Parse time:                   0.00 s                                       |
|                                                                             |
============================[ Search Statistics ]==============================
| Conflicts |          ORIGINAL         |          LEARNT          | Progress |
|           |    Vars  Clauses Literals |    Limit  Clauses Lit/Cl |          |
===============================================================================
|       100 |     271     1083     3108 |      410       57      5 |  2.867 % |
===============================================================================
restarts              : 1
conflicts             : 101            (inf /sec)
decisions             : 124            (0.00 % random) (inf /sec)
propagations          : 4593           (inf /sec)
conflict literals     : 473            (35.21 % deleted)
Memory used           : 19.00 MB
CPU time              : 0 s

UNSATISFIABLE
