WARNING: for repeatability, setting FPU to use double precision
============================[ Problem Statistics ]=============================
|                                                                             |
|  Number of variables:           286                                         |
|  Number of clauses:            1146                                         |
|  Parse time:                   0.00 s                                       |
|                                                                             |
============================[ Search Statistics ]==============================
| Conflicts |          ORIGINAL         |          LEARNT          | Progress |
|           |    Vars  Clauses Literals |    Limit  Clauses Lit/Cl |          |
===============================================================================
|       100 |     286     1146     3311 |      420      100      6 |  0.022 % |
|       250 |     276     1083     3130 |      462       86      6 |  3.515 % |
===============================================================================
restarts              : 3
conflicts             : 254            (inf /sec)
decisions             : 332            (0.00 % random) (inf /sec)
propagations          : 11591          (inf /sec)
conflict literals     : 1451           (34.28 % deleted)
Memory used           : 19.00 MB
CPU time              : 0 s

UNSATISFIABLE
