WARNING: for repeatability, setting FPU to use double precision
============================[ Problem Statistics ]=============================
|                                                                             |
|  Number of variables:           283                                         |
|  Number of clauses:            1165                                         |
|  Parse time:                   0.00 s                                       |
|                                                                             |
============================[ Search Statistics ]==============================
| Conflicts |          ORIGINAL         |          LEARNT          | Progress |
|           |    Vars  Clauses Literals |    Limit  Clauses Lit/Cl |          |
===============================================================================
|       100 |     272     1165     3367 |      427       98      5 |  3.889 % |
===============================================================================
restarts              : 2
conflicts             : 126            (inf /sec)
decisions             : 150            (0.00 % random) (inf /sec)
propagations          : 5459           (inf /sec)
conflict literals     : 570            (34.41 % deleted)
Memory used           : 19.00 MB
CPU time              : 0 s

UNSATISFIABLE
