WARNING: for repeatability, setting FPU to use double precision
============================[ Problem Statistics ]=============================
|                                                                             |
|  Number of variables:           281                                         |
|  Number of clauses:            1146                                         |
|  Parse time:                   0.00 s                                       |
|                                                                             |
============================[ Search Statistics ]==============================
| Conflicts |          ORIGINAL         |          LEARNT          | Progress |
|           |    Vars  Clauses Literals |    Limit  Clauses Lit/Cl |          |
===============================================================================
|       100 |     281     1146     3305 |      420      100      7 |  0.006 % |
|       250 |     268     1118     3224 |      462      117      6 |  4.630 % |
===============================================================================
restarts              : 3
conflicts             : 262            (inf /sec)
decisions             : 313            (0.00 % random) (inf /sec)
propagations          : 12027          (inf /sec)
conflict literals     : 1538           (29.25 % deleted)
Memory used           : 19.00 MB
CPU time              : 0 s

UNSATISFIABLE
