WARNING: for repeatability, setting FPU to use double precision
============================[ Problem Statistics ]=============================
|                                                                             |
|  Number of variables:           284                                         |
|  Number of clauses:            1163                                         |
|  Parse time:                   0.00 s                                       |
|                                                                             |
============================[ Search Statistics ]==============================
| Conflicts |          ORIGINAL         |          LEARNT          | Progress |
|           |    Vars  Clauses Literals |    Limit  Clauses Lit/Cl |          |
===============================================================================
|       100 |     284     1163     3359 |      426      100      7 |  0.001 % |
===============================================================================
restarts              : 2
conflicts             : 172            (inf /sec)
decisions             : 207            (0.00 % random) (inf /sec)
propagations          : 8682           (inf /sec)
conflict literals     : 1023           (28.36 % deleted)
Memory used           : 19.00 MB
CPU time              : 0 s

UNSATISFIABLE
