WARNING: for repeatability, setting FPU to use double precision
============================[ Problem Statistics ]=============================
|                                                                             |
|  Number of variables:           260                                         |
|  Number of clauses:             987                                         |
|  Parse time:                   0.00 s                                       |
|                                                                             |
============================[ Search Statistics ]==============================
| Conflicts |          ORIGINAL         |          LEARNT          | Progress |
|           |    Vars  Clauses Literals |    Limit  Clauses Lit/Cl |          |
===============================================================================
===============================================================================
restarts              : 1
conflicts             : 21             (inf /sec)
decisions             : 25             (0.00 % random) (inf /sec)
propagations          : 1042           (inf /sec)
conflict literals     : 61             (19.74 % deleted)
Memory used           : 19.00 MB
CPU time              : 0 s

UNSATISFIABLE
