WARNING: for repeatability, setting FPU to use double precision
============================[ Problem Statistics ]=============================
|                                                                             |
|  Number of variables:           275                                         |
|  Number of clauses:            1095                                         |
|  Parse time:                   0.00 s                                       |
|                                                                             |
============================[ Search Statistics ]==============================
| Conflicts |          ORIGINAL         |          LEARNT          | Progress |
|           |    Vars  Clauses Literals |    Limit  Clauses Lit/Cl |          |
===============================================================================
|       100 |     272     1067     3033 |      401       72      7 |  1.092 % |
===============================================================================
restarts              : 2
conflicts             : 149            (inf /sec)
decisions             : 196            (0.00 % random) (inf /sec)
propagations          : 7254           (inf /sec)
conflict literals     : 843            (32.07 % deleted)
Memory used           : 19.00 MB
CPU time              : 0 s

UNSATISFIABLE
