WARNING: for repeatability, setting FPU to use double precision
============================[ Problem Statistics ]=============================
|                                                                             |
|  Number of variables:           264                                         |
|  Number of clauses:            1008                                         |
|  Parse time:                   0.00 s                                       |
|                                                                             |
============================[ Search Statistics ]==============================
| Conflicts |          ORIGINAL         |          LEARNT          | Progress |
|           |    Vars  Clauses Literals |    Limit  Clauses Lit/Cl |          |
===============================================================================
|       100 |     264     1008     2833 |      369      100      7 |  0.001 % |
===============================================================================
restarts              : 2
conflicts             : 196            (inf /sec)
decisions             : 225            (0.00 % random) (inf /sec)
propagations          : 9595           (inf /sec)
conflict literals     : 1158           (25.39 % deleted)
Memory used           : 19.00 MB
CPU time              : 0 s

UNSATISFIABLE
