WARNING: for repeatability, setting FPU to use double precision
============================[ Problem Statistics ]=============================
|                                                                             |
|  Number of variables:           263                                         |
|  Number of clauses:             995                                         |
|  Parse time:                   0.00 s                                       |
|                                                                             |
============================[ Search Statistics ]==============================
| Conflicts |          ORIGINAL         |          LEARNT          | Progress |
|           |    Vars  Clauses Literals |    Limit  Clauses Lit/Cl |          |
===============================================================================
|       100 |     262      992     2792 |      364       60      7 |  0.437 % |
===============================================================================
restarts              : 2
conflicts             : 128            (inf /sec)
decisions             : 149            (0.00 % random) (inf /sec)
propagations          : 6930           (inf /sec)
conflict literals     : 718            (28.98 % deleted)
Memory used           : 19.00 MB
CPU time              : 0 s

UNSATISFIABLE
