WARNING: for repeatability, setting FPU to use double precision
============================[ Problem Statistics ]=============================
|                                                                             |
|  Number of variables:           268                                         |
|  Number of clauses:            1022                                         |
|  Parse time:                   0.00 s                                       |
|                                                                             |
============================[ Search Statistics ]==============================
| Conflicts |          ORIGINAL         |          LEARNT          | Progress |
|           |    Vars  Clauses Literals |    Limit  Clauses Lit/Cl |          |
===============================================================================
|       100 |     268     1022     2905 |      374      100      9 |  0.001 % |
===============================================================================
restarts              : 2
conflicts             : 191            (inf /sec)
decisions             : 228            (0.00 % random) (inf /sec)
propagations          : 10527          (inf /sec)
conflict literals     : 1335           (26.97 % deleted)
Memory used           : 19.00 MB
CPU time              : 0 s

UNSATISFIABLE
