WARNING: for repeatability, setting FPU to use double precision
============================[ Problem Statistics ]=============================
|                                                                             |
|  Number of variables:           274                                         |
|  Number of clauses:            1068                                         |
|  Parse time:                   0.00 s                                       |
|                                                                             |
============================[ Search Statistics ]==============================
| Conflicts |          ORIGINAL         |          LEARNT          | Progress |
|           |    Vars  Clauses Literals |    Limit  Clauses Lit/Cl |          |
===============================================================================
===============================================================================
restarts              : 1
conflicts             : 24             (inf /sec)
decisions             : 34             (0.00 % random) (inf /sec)
propagations          : 1360           (inf /sec)
conflict literals     : 83             (30.83 % deleted)
Memory used           : 19.00 MB
CPU time              : 0 s

UNSATISFIABLE
