WARNING: for repeatability, setting FPU to use double precision
============================[ Problem Statistics ]=============================
|                                                                             |
|  Number of variables:           288                                         |
|  Number of clauses:            1192                                         |
|  Parse time:                   0.00 s                                       |
|                                                                             |
============================[ Search Statistics ]==============================
| Conflicts |          ORIGINAL         |          LEARNT          | Progress |
|           |    Vars  Clauses Literals |    Limit  Clauses Lit/Cl |          |
===============================================================================
|       100 |     288     1192     3478 |      437      100      7 |  0.001 % |
|       250 |     288     1192     3478 |      480      250      8 |  0.001 % |
===============================================================================
restarts              : 3
conflicts             : 372            (93000 /sec)
decisions             : 464            (0.00 % random) (116000 /sec)
propagations          : 18797          (4699250 /sec)
conflict literals     : 2432           (31.12 % deleted)
Memory used           : 19.00 MB
CPU time              : 0.004 s

UNSATISFIABLE
