WARNING: for repeatability, setting FPU to use double precision
============================[ Problem Statistics ]=============================
|                                                                             |
|  Number of variables:           286                                         |
|  Number of clauses:            1161                                         |
|  Parse time:                   0.00 s                                       |
|                                                                             |
============================[ Search Statistics ]==============================
| Conflicts |          ORIGINAL         |          LEARNT          | Progress |
|           |    Vars  Clauses Literals |    Limit  Clauses Lit/Cl |          |
===============================================================================
|       100 |     286     1161     3371 |      425      100      8 |  0.002 % |
|       250 |     286     1161     3371 |      468      250      7 |  0.004 % |
===============================================================================
restarts              : 3
conflicts             : 286            (inf /sec)
decisions             : 369            (0.00 % random) (inf /sec)
propagations          : 14048          (inf /sec)
conflict literals     : 1898           (29.47 % deleted)
Memory used           : 19.00 MB
CPU time              : 0 s

UNSATISFIABLE
