WARNING: for repeatability, setting FPU to use double precision
============================[ Problem Statistics ]=============================
|                                                                             |
|  Number of variables:           286                                         |
|  Number of clauses:            1179                                         |
|  Parse time:                   0.00 s                                       |
|                                                                             |
============================[ Search Statistics ]==============================
| Conflicts |          ORIGINAL         |          LEARNT          | Progress |
|           |    Vars  Clauses Literals |    Limit  Clauses Lit/Cl |          |
===============================================================================
|       100 |     286     1179     3424 |      432      100      9 |  0.001 % |
|       250 |     285     1174     3409 |      475      184      8 |  0.352 % |
===============================================================================
restarts              : 3
conflicts             : 316            (79000 /sec)
decisions             : 453            (0.00 % random) (113250 /sec)
propagations          : 15267          (3816750 /sec)
conflict literals     : 2310           (30.80 % deleted)
Memory used           : 19.00 MB
CPU time              : 0.004 s

UNSATISFIABLE
