WARNING: for repeatability, setting FPU to use double precision
============================[ Problem Statistics ]=============================
|                                                                             |
|  Number of variables:           278                                         |
|  Number of clauses:            1105                                         |
|  Parse time:                   0.00 s                                       |
|                                                                             |
============================[ Search Statistics ]==============================
| Conflicts |          ORIGINAL         |          LEARNT          | Progress |
|           |    Vars  Clauses Literals |    Limit  Clauses Lit/Cl |          |
===============================================================================
|       100 |     278     1105     3168 |      405      100      7 |  0.003 % |
|       250 |     256     1099     3150 |      445      190      6 |  7.921 % |
===============================================================================
restarts              : 3
conflicts             : 266            (inf /sec)
decisions             : 335            (0.00 % random) (inf /sec)
propagations          : 13582          (inf /sec)
conflict literals     : 1592           (27.87 % deleted)
Memory used           : 19.00 MB
CPU time              : 0 s

UNSATISFIABLE
