WARNING: for repeatability, setting FPU to use double precision
============================[ Problem Statistics ]=============================
|                                                                             |
|  Number of variables:           284                                         |
|  Number of clauses:            1148                                         |
|  Parse time:                   0.00 s                                       |
|                                                                             |
============================[ Search Statistics ]==============================
| Conflicts |          ORIGINAL         |          LEARNT          | Progress |
|           |    Vars  Clauses Literals |    Limit  Clauses Lit/Cl |          |
===============================================================================
|       100 |     284     1148     3340 |      420      100      8 |  0.001 % |
|       250 |     284     1148     3340 |      463      250      7 |  0.005 % |
===============================================================================
restarts              : 3
conflicts             : 365            (inf /sec)
decisions             : 444            (0.00 % random) (inf /sec)
propagations          : 18618          (inf /sec)
conflict literals     : 2455           (33.99 % deleted)
Memory used           : 19.00 MB
CPU time              : 0 s

UNSATISFIABLE
