WARNING: for repeatability, setting FPU to use double precision
============================[ Problem Statistics ]=============================
|                                                                             |
|  Number of variables:           280                                         |
|  Number of clauses:            1131                                         |
|  Parse time:                   0.00 s                                       |
|                                                                             |
============================[ Search Statistics ]==============================
| Conflicts |          ORIGINAL         |          LEARNT          | Progress |
|           |    Vars  Clauses Literals |    Limit  Clauses Lit/Cl |          |
===============================================================================
|       100 |     280     1131     3258 |      414      100      6 |  0.009 % |
===============================================================================
restarts              : 2
conflicts             : 166            (inf /sec)
decisions             : 216            (0.00 % random) (inf /sec)
propagations          : 7675           (inf /sec)
conflict literals     : 940            (30.42 % deleted)
Memory used           : 19.00 MB
CPU time              : 0 s

UNSATISFIABLE
