WARNING: for repeatability, setting FPU to use double precision
============================[ Problem Statistics ]=============================
|                                                                             |
|  Number of variables:           284                                         |
|  Number of clauses:            1160                                         |
|  Parse time:                   0.00 s                                       |
|                                                                             |
============================[ Search Statistics ]==============================
| Conflicts |          ORIGINAL         |          LEARNT          | Progress |
|           |    Vars  Clauses Literals |    Limit  Clauses Lit/Cl |          |
===============================================================================
|       100 |     284     1160     3352 |      425      100      6 |  0.012 % |
===============================================================================
restarts              : 3
conflicts             : 229            (inf /sec)
decisions             : 278            (0.00 % random) (inf /sec)
propagations          : 11591          (inf /sec)
conflict literals     : 1240           (34.60 % deleted)
Memory used           : 19.00 MB
CPU time              : 0 s

UNSATISFIABLE
