WARNING: for repeatability, setting FPU to use double precision
============================[ Problem Statistics ]=============================
|                                                                             |
|  Number of variables:           272                                         |
|  Number of clauses:            1071                                         |
|  Parse time:                   0.00 s                                       |
|                                                                             |
============================[ Search Statistics ]==============================
| Conflicts |          ORIGINAL         |          LEARNT          | Progress |
|           |    Vars  Clauses Literals |    Limit  Clauses Lit/Cl |          |
===============================================================================
|       100 |     270     1060     3012 |      392       61      7 |  0.743 % |
===============================================================================
restarts              : 2
conflicts             : 111            (inf /sec)
decisions             : 137            (0.00 % random) (inf /sec)
propagations          : 5705           (inf /sec)
conflict literals     : 665            (30.22 % deleted)
Memory used           : 19.00 MB
CPU time              : 0 s

UNSATISFIABLE
