WARNING: for repeatability, setting FPU to use double precision
============================[ Problem Statistics ]=============================
|                                                                             |
|  Number of variables:           278                                         |
|  Number of clauses:            1120                                         |
|  Parse time:                   0.00 s                                       |
|                                                                             |
============================[ Search Statistics ]==============================
| Conflicts |          ORIGINAL         |          LEARNT          | Progress |
|           |    Vars  Clauses Literals |    Limit  Clauses Lit/Cl |          |
===============================================================================
|       100 |     274     1120     3203 |      410       99      5 |  1.441 % |
===============================================================================
restarts              : 2
conflicts             : 144            (inf /sec)
decisions             : 180            (0.00 % random) (inf /sec)
propagations          : 6846           (inf /sec)
conflict literals     : 739            (31.57 % deleted)
Memory used           : 19.00 MB
CPU time              : 0 s

UNSATISFIABLE
