WARNING: for repeatability, setting FPU to use double precision
============================[ Problem Statistics ]=============================
|                                                                             |
|  Number of variables:           288                                         |
|  Number of clauses:            1187                                         |
|  Parse time:                   0.00 s                                       |
|                                                                             |
============================[ Search Statistics ]==============================
| Conflicts |          ORIGINAL         |          LEARNT          | Progress |
|           |    Vars  Clauses Literals |    Limit  Clauses Lit/Cl |          |
===============================================================================
|       100 |     287     1187     3456 |      435       99      6 |  0.363 % |
===============================================================================
restarts              : 2
conflicts             : 161            (inf /sec)
decisions             : 205            (0.00 % random) (inf /sec)
propagations          : 7484           (inf /sec)
conflict literals     : 885            (35.92 % deleted)
Memory used           : 19.00 MB
CPU time              : 0 s

UNSATISFIABLE
