WARNING: for repeatability, setting FPU to use double precision
============================[ Problem Statistics ]=============================
|                                                                             |
|  Number of variables:           267                                         |
|  Number of clauses:            1038                                         |
|  Parse time:                   0.00 s                                       |
|                                                                             |
============================[ Search Statistics ]==============================
| Conflicts |          ORIGINAL         |          LEARNT          | Progress |
|           |    Vars  Clauses Literals |    Limit  Clauses Lit/Cl |          |
===============================================================================
|       100 |     265     1034     2927 |      380       75      5 |  0.783 % |
===============================================================================
restarts              : 2
conflicts             : 110            (inf /sec)
decisions             : 132            (0.00 % random) (inf /sec)
propagations          : 5570           (inf /sec)
conflict literals     : 513            (25.97 % deleted)
Memory used           : 19.00 MB
CPU time              : 0 s

UNSATISFIABLE
