WARNING: for repeatability, setting FPU to use double precision
============================[ Problem Statistics ]=============================
|                                                                             |
|  Number of variables:           277                                         |
|  Number of clauses:            1094                                         |
|  Parse time:                   0.00 s                                       |
|                                                                             |
============================[ Search Statistics ]==============================
| Conflicts |          ORIGINAL         |          LEARNT          | Progress |
|           |    Vars  Clauses Literals |    Limit  Clauses Lit/Cl |          |
===============================================================================
|       100 |     274     1081     3098 |      401       51      7 |  1.094 % |
===============================================================================
restarts              : 2
conflicts             : 163            (inf /sec)
decisions             : 215            (0.00 % random) (inf /sec)
propagations          : 8960           (inf /sec)
conflict literals     : 936            (37.43 % deleted)
Memory used           : 19.00 MB
CPU time              : 0 s

UNSATISFIABLE
