WARNING: for repeatability, setting FPU to use double precision
============================[ Problem Statistics ]=============================
|                                                                             |
|  Number of variables:           285                                         |
|  Number of clauses:            1161                                         |
|  Parse time:                   0.00 s                                       |
|                                                                             |
============================[ Search Statistics ]==============================
| Conflicts |          ORIGINAL         |          LEARNT          | Progress |
|           |    Vars  Clauses Literals |    Limit  Clauses Lit/Cl |          |
===============================================================================
|       100 |     285     1161     3370 |      425      100      8 |  0.001 % |
|       250 |     285     1161     3370 |      468      250      8 |  0.004 % |
|       475 |     281     1131     3284 |      515      135      8 |  1.411 % |
===============================================================================
restarts              : 5
conflicts             : 517            (129250 /sec)
decisions             : 605            (0.00 % random) (151250 /sec)
propagations          : 27100          (6775000 /sec)
conflict literals     : 3829           (30.75 % deleted)
Memory used           : 19.00 MB
CPU time              : 0.004 s

UNSATISFIABLE
