WARNING: for repeatability, setting FPU to use double precision
============================[ Problem Statistics ]=============================
|                                                                             |
|  Number of variables:           280                                         |
|  Number of clauses:            1130                                         |
|  Parse time:                   0.00 s                                       |
|                                                                             |
============================[ Search Statistics ]==============================
| Conflicts |          ORIGINAL         |          LEARNT          | Progress |
|           |    Vars  Clauses Literals |    Limit  Clauses Lit/Cl |          |
===============================================================================
|       100 |     279     1130     3250 |      414       99      6 |  0.388 % |
===============================================================================
restarts              : 2
conflicts             : 160            (inf /sec)
decisions             : 210            (0.00 % random) (inf /sec)
propagations          : 8352           (inf /sec)
conflict literals     : 822            (36.91 % deleted)
Memory used           : 19.00 MB
CPU time              : 0 s

UNSATISFIABLE
