WARNING: for repeatability, setting FPU to use double precision
============================[ Problem Statistics ]=============================
|                                                                             |
|  Number of variables:           265                                         |
|  Number of clauses:            1002                                         |
|  Parse time:                   0.00 s                                       |
|                                                                             |
============================[ Search Statistics ]==============================
| Conflicts |          ORIGINAL         |          LEARNT          | Progress |
|           |    Vars  Clauses Literals |    Limit  Clauses Lit/Cl |          |
===============================================================================
===============================================================================
restarts              : 1
conflicts             : 62             (inf /sec)
decisions             : 67             (0.00 % random) (inf /sec)
propagations          : 3121           (inf /sec)
conflict literals     : 312            (17.02 % deleted)
Memory used           : 19.00 MB
CPU time              : 0 s

UNSATISFIABLE
