WARNING: for repeatability, setting FPU to use double precision
============================[ Problem Statistics ]=============================
|                                                                             |
|  Number of variables:           272                                         |
|  Number of clauses:            1080                                         |
|  Parse time:                   0.00 s                                       |
|                                                                             |
============================[ Search Statistics ]==============================
| Conflicts |          ORIGINAL         |          LEARNT          | Progress |
|           |    Vars  Clauses Literals |    Limit  Clauses Lit/Cl |          |
===============================================================================
|       100 |     267     1075     3062 |      396       62      5 |  1.888 % |
===============================================================================
restarts              : 2
conflicts             : 111            (inf /sec)
decisions             : 127            (0.00 % random) (inf /sec)
propagations          : 5486           (inf /sec)
conflict literals     : 564            (24.60 % deleted)
Memory used           : 19.00 MB
CPU time              : 0 s

UNSATISFIABLE
