WARNING: for repeatability, setting FPU to use double precision
============================[ Problem Statistics ]=============================
|                                                                             |
|  Number of variables:           283                                         |
|  Number of clauses:            1158                                         |
|  Parse time:                   0.00 s                                       |
|                                                                             |
============================[ Search Statistics ]==============================
| Conflicts |          ORIGINAL         |          LEARNT          | Progress |
|           |    Vars  Clauses Literals |    Limit  Clauses Lit/Cl |          |
===============================================================================
|       100 |     279     1158     3346 |      424       99      7 |  1.436 % |
===============================================================================
restarts              : 2
conflicts             : 147            (inf /sec)
decisions             : 178            (0.00 % random) (inf /sec)
propagations          : 6763           (inf /sec)
conflict literals     : 861            (34.32 % deleted)
Memory used           : 19.00 MB
CPU time              : 0 s

UNSATISFIABLE
