WARNING: for repeatability, setting FPU to use double precision
============================[ Problem Statistics ]=============================
|                                                                             |
|  Number of variables:           281                                         |
|  Number of clauses:            1118                                         |
|  Parse time:                   0.00 s                                       |
|                                                                             |
============================[ Search Statistics ]==============================
| Conflicts |          ORIGINAL         |          LEARNT          | Progress |
|           |    Vars  Clauses Literals |    Limit  Clauses Lit/Cl |          |
===============================================================================
|       100 |     279     1112     3212 |      409       67      7 |  0.737 % |
===============================================================================
restarts              : 2
conflicts             : 129            (inf /sec)
decisions             : 160            (0.00 % random) (inf /sec)
propagations          : 6782           (inf /sec)
conflict literals     : 732            (28.16 % deleted)
Memory used           : 19.00 MB
CPU time              : 0 s

UNSATISFIABLE
