WARNING: for repeatability, setting FPU to use double precision
============================[ Problem Statistics ]=============================
|                                                                             |
|  Number of variables:           280                                         |
|  Number of clauses:            1113                                         |
|  Parse time:                   0.00 s                                       |
|                                                                             |
============================[ Search Statistics ]==============================
| Conflicts |          ORIGINAL         |          LEARNT          | Progress |
|           |    Vars  Clauses Literals |    Limit  Clauses Lit/Cl |          |
===============================================================================
|       100 |     279     1106     3188 |      408       58      5 |  0.361 % |
===============================================================================
restarts              : 2
conflicts             : 111            (inf /sec)
decisions             : 142            (0.00 % random) (inf /sec)
propagations          : 4811           (inf /sec)
conflict literals     : 517            (30.79 % deleted)
Memory used           : 19.00 MB
CPU time              : 0 s

UNSATISFIABLE
