WARNING: for repeatability, setting FPU to use double precision
============================[ Problem Statistics ]=============================
|                                                                             |
|  Number of variables:           285                                         |
|  Number of clauses:            1145                                         |
|  Parse time:                   0.00 s                                       |
|                                                                             |
============================[ Search Statistics ]==============================
| Conflicts |          ORIGINAL         |          LEARNT          | Progress |
|           |    Vars  Clauses Literals |    Limit  Clauses Lit/Cl |          |
===============================================================================
|       100 |     285     1145     3327 |      419      100      9 |  0.001 % |
|       250 |     285     1145     3327 |      461      250      9 |  0.004 % |
|       475 |     285     1145     3327 |      507      475      9 |  0.001 % |
|       812 |     285     1145     3327 |      558      293      8 |  0.001 % |
|      1318 |     284     1137     3303 |      614      304      7 |  0.352 % |
===============================================================================
restarts              : 10
conflicts             : 1611           (134250 /sec)
decisions             : 2042           (0.00 % random) (170167 /sec)
propagations          : 81628          (6802333 /sec)
conflict literals     : 13079          (27.28 % deleted)
Memory used           : 19.00 MB
CPU time              : 0.012 s

UNSATISFIABLE
