WARNING: for repeatability, setting FPU to use double precision
============================[ Problem Statistics ]=============================
|                                                                             |
|  Number of variables:           279                                         |
|  Number of clauses:            1113                                         |
|  Parse time:                   0.00 s                                       |
|                                                                             |
============================[ Search Statistics ]==============================
| Conflicts |          ORIGINAL         |          LEARNT          | Progress |
|           |    Vars  Clauses Literals |    Limit  Clauses Lit/Cl |          |
===============================================================================
|       100 |     278     1113     3206 |      408       99      6 |  0.360 % |
===============================================================================
restarts              : 2
conflicts             : 198            (inf /sec)
decisions             : 241            (0.00 % random) (inf /sec)
propagations          : 9801           (inf /sec)
conflict literals     : 1195           (32.29 % deleted)
Memory used           : 19.00 MB
CPU time              : 0 s

UNSATISFIABLE
