WARNING: for repeatability, setting FPU to use double precision
============================[ Problem Statistics ]=============================
|                                                                             |
|  Number of variables:           274                                         |
|  Number of clauses:            1079                                         |
|  Parse time:                   0.00 s                                       |
|                                                                             |
============================[ Search Statistics ]==============================
| Conflicts |          ORIGINAL         |          LEARNT          | Progress |
|           |    Vars  Clauses Literals |    Limit  Clauses Lit/Cl |          |
===============================================================================
===============================================================================
restarts              : 1
conflicts             : 49             (inf /sec)
decisions             : 55             (0.00 % random) (inf /sec)
propagations          : 2429           (inf /sec)
conflict literals     : 201            (25.28 % deleted)
Memory used           : 19.00 MB
CPU time              : 0 s

UNSATISFIABLE
