WARNING: for repeatability, setting FPU to use double precision
============================[ Problem Statistics ]=============================
|                                                                             |
|  Number of variables:           286                                         |
|  Number of clauses:            1153                                         |
|  Parse time:                   0.00 s                                       |
|                                                                             |
============================[ Search Statistics ]==============================
| Conflicts |          ORIGINAL         |          LEARNT          | Progress |
|           |    Vars  Clauses Literals |    Limit  Clauses Lit/Cl |          |
===============================================================================
|       100 |     286     1153     3350 |      422      100      7 |  0.012 % |
===============================================================================
restarts              : 3
conflicts             : 249            (inf /sec)
decisions             : 315            (0.00 % random) (inf /sec)
propagations          : 12388          (inf /sec)
conflict literals     : 1574           (36.48 % deleted)
Memory used           : 19.00 MB
CPU time              : 0 s

UNSATISFIABLE
