WARNING: for repeatability, setting FPU to use double precision
============================[ Problem Statistics ]=============================
|                                                                             |
|  Number of variables:           269                                         |
|  Number of clauses:            1032                                         |
|  Parse time:                   0.00 s                                       |
|                                                                             |
============================[ Search Statistics ]==============================
| Conflicts |          ORIGINAL         |          LEARNT          | Progress |
|           |    Vars  Clauses Literals |    Limit  Clauses Lit/Cl |          |
===============================================================================
|       100 |     269     1032     2914 |      378      100      6 |  0.036 % |
===============================================================================
restarts              : 2
conflicts             : 113            (inf /sec)
decisions             : 134            (0.00 % random) (inf /sec)
propagations          : 5503           (inf /sec)
conflict literals     : 583            (25.06 % deleted)
Memory used           : 19.00 MB
CPU time              : 0 s

UNSATISFIABLE
