WARNING: for repeatability, setting FPU to use double precision
============================[ Problem Statistics ]=============================
|                                                                             |
|  Number of variables:           282                                         |
|  Number of clauses:            1101                                         |
|  Parse time:                   0.00 s                                       |
|                                                                             |
============================[ Search Statistics ]==============================
| Conflicts |          ORIGINAL         |          LEARNT          | Progress |
|           |    Vars  Clauses Literals |    Limit  Clauses Lit/Cl |          |
===============================================================================
|       100 |     282     1101     3146 |      403      100      7 |  0.001 % |
===============================================================================
restarts              : 2
conflicts             : 162            (inf /sec)
decisions             : 195            (0.00 % random) (inf /sec)
propagations          : 7602           (inf /sec)
conflict literals     : 965            (23.78 % deleted)
Memory used           : 19.00 MB
CPU time              : 0 s

UNSATISFIABLE
