WARNING: for repeatability, setting FPU to use double precision
============================[ Problem Statistics ]=============================
|                                                                             |
|  Number of variables:           281                                         |
|  Number of clauses:            1139                                         |
|  Parse time:                   0.00 s                                       |
|                                                                             |
============================[ Search Statistics ]==============================
| Conflicts |          ORIGINAL         |          LEARNT          | Progress |
|           |    Vars  Clauses Literals |    Limit  Clauses Lit/Cl |          |
===============================================================================
|       100 |     281     1139     3295 |      417      100      7 |  0.006 % |
===============================================================================
restarts              : 3
conflicts             : 245            (inf /sec)
decisions             : 303            (0.00 % random) (inf /sec)
propagations          : 12333          (inf /sec)
conflict literals     : 1498           (35.85 % deleted)
Memory used           : 19.00 MB
CPU time              : 0 s

UNSATISFIABLE
