WARNING: for repeatability, setting FPU to use double precision
============================[ Problem Statistics ]=============================
|                                                                             |
|  Number of variables:           265                                         |
|  Number of clauses:            1009                                         |
|  Parse time:                   0.00 s                                       |
|                                                                             |
============================[ Search Statistics ]==============================
| Conflicts |          ORIGINAL         |          LEARNT          | Progress |
|           |    Vars  Clauses Literals |    Limit  Clauses Lit/Cl |          |
===============================================================================
|       100 |     265     1009     2864 |      369      100      7 |  0.001 % |
===============================================================================
restarts              : 2
conflicts             : 153            (inf /sec)
decisions             : 179            (0.00 % random) (inf /sec)
propagations          : 8019           (inf /sec)
conflict literals     : 846            (29.97 % deleted)
Memory used           : 19.00 MB
CPU time              : 0 s

UNSATISFIABLE
