WARNING: for repeatability, setting FPU to use double precision
============================[ Problem Statistics ]=============================
|                                                                             |
|  Number of variables:           265                                         |
|  Number of clauses:            1025                                         |
|  Parse time:                   0.00 s                                       |
|                                                                             |
============================[ Search Statistics ]==============================
| Conflicts |          ORIGINAL         |          LEARNT          | Progress |
|           |    Vars  Clauses Literals |    Limit  Clauses Lit/Cl |          |
===============================================================================
|       100 |     265     1025     2894 |      375      100      6 |  0.001 % |
===============================================================================
restarts              : 2
conflicts             : 126            (inf /sec)
decisions             : 150            (0.00 % random) (inf /sec)
propagations          : 6096           (inf /sec)
conflict literals     : 689            (25.35 % deleted)
Memory used           : 19.00 MB
CPU time              : 0 s

UNSATISFIABLE
