WARNING: for repeatability, setting FPU to use double precision
============================[ Problem Statistics ]=============================
|                                                                             |
|  Number of variables:           274                                         |
|  Number of clauses:            1114                                         |
|  Parse time:                   0.00 s                                       |
|                                                                             |
============================[ Search Statistics ]==============================
| Conflicts |          ORIGINAL         |          LEARNT          | Progress |
|           |    Vars  Clauses Literals |    Limit  Clauses Lit/Cl |          |
===============================================================================
|       100 |     274     1114     3181 |      408      100      7 |  0.003 % |
===============================================================================
restarts              : 2
conflicts             : 189            (inf /sec)
decisions             : 237            (0.00 % random) (inf /sec)
propagations          : 9722           (inf /sec)
conflict literals     : 1233           (28.31 % deleted)
Memory used           : 19.00 MB
CPU time              : 0 s

UNSATISFIABLE
