WARNING: for repeatability, setting FPU to use double precision
============================[ Problem Statistics ]=============================
|                                                                             |
|  Number of variables:           266                                         |
|  Number of clauses:            1014                                         |
|  Parse time:                   0.00 s                                       |
|                                                                             |
============================[ Search Statistics ]==============================
| Conflicts |          ORIGINAL         |          LEARNT          | Progress |
|           |    Vars  Clauses Literals |    Limit  Clauses Lit/Cl |          |
===============================================================================
===============================================================================
restarts              : 1
conflicts             : 58             (inf /sec)
decisions             : 85             (0.00 % random) (inf /sec)
propagations          : 2968           (inf /sec)
conflict literals     : 243            (25.91 % deleted)
Memory used           : 19.00 MB
CPU time              : 0 s

UNSATISFIABLE
