WARNING: for repeatability, setting FPU to use double precision
============================[ Problem Statistics ]=============================
|                                                                             |
|  Number of variables:           266                                         |
|  Number of clauses:            1023                                         |
|  Parse time:                   0.00 s                                       |
|                                                                             |
============================[ Search Statistics ]==============================
| Conflicts |          ORIGINAL         |          LEARNT          | Progress |
|           |    Vars  Clauses Literals |    Limit  Clauses Lit/Cl |          |
===============================================================================
===============================================================================
restarts              : 1
conflicts             : 29             (inf /sec)
decisions             : 40             (0.00 % random) (inf /sec)
propagations          : 1541           (inf /sec)
conflict literals     : 97             (14.91 % deleted)
Memory used           : 19.00 MB
CPU time              : 0 s

UNSATISFIABLE
