WARNING: for repeatability, setting FPU to use double precision
============================[ Problem Statistics ]=============================
|                                                                             |
|  Number of variables:           271                                         |
|  Number of clauses:            1038                                         |
|  Parse time:                   0.00 s                                       |
|                                                                             |
============================[ Search Statistics ]==============================
| Conflicts |          ORIGINAL         |          LEARNT          | Progress |
|           |    Vars  Clauses Literals |    Limit  Clauses Lit/Cl |          |
===============================================================================
|       100 |     269     1031     2932 |      380       64      6 |  0.745 % |
===============================================================================
restarts              : 2
conflicts             : 134            (inf /sec)
decisions             : 165            (0.00 % random) (inf /sec)
propagations          : 6805           (inf /sec)
conflict literals     : 783            (32.38 % deleted)
Memory used           : 19.00 MB
CPU time              : 0 s

UNSATISFIABLE
