WARNING: for repeatability, setting FPU to use double precision
============================[ Problem Statistics ]=============================
|                                                                             |
|  Number of variables:           280                                         |
|  Number of clauses:            1108                                         |
|  Parse time:                   0.00 s                                       |
|                                                                             |
============================[ Search Statistics ]==============================
| Conflicts |          ORIGINAL         |          LEARNT          | Progress |
|           |    Vars  Clauses Literals |    Limit  Clauses Lit/Cl |          |
===============================================================================
|       100 |     280     1108     3187 |      406      100      8 |  0.003 % |
===============================================================================
restarts              : 3
conflicts             : 242            (inf /sec)
decisions             : 277            (0.00 % random) (inf /sec)
propagations          : 12182          (inf /sec)
conflict literals     : 1518           (29.07 % deleted)
Memory used           : 19.00 MB
CPU time              : 0 s

UNSATISFIABLE
