WARNING: for repeatability, setting FPU to use double precision
============================[ Problem Statistics ]=============================
|                                                                             |
|  Number of variables:           279                                         |
|  Number of clauses:            1124                                         |
|  Parse time:                   0.00 s                                       |
|                                                                             |
============================[ Search Statistics ]==============================
| Conflicts |          ORIGINAL         |          LEARNT          | Progress |
|           |    Vars  Clauses Literals |    Limit  Clauses Lit/Cl |          |
===============================================================================
|       100 |     279     1124     3250 |      412      100      7 |  0.001 % |
|       250 |     279     1124     3250 |      453      250      8 |  0.001 % |
===============================================================================
restarts              : 3
conflicts             : 384            (inf /sec)
decisions             : 472            (0.00 % random) (inf /sec)
propagations          : 18199          (inf /sec)
conflict literals     : 2733           (31.57 % deleted)
Memory used           : 19.00 MB
CPU time              : 0 s

UNSATISFIABLE
