WARNING: for repeatability, setting FPU to use double precision
============================[ Problem Statistics ]=============================
|                                                                             |
|  Number of variables:           279                                         |
|  Number of clauses:            1115                                         |
|  Parse time:                   0.00 s                                       |
|                                                                             |
============================[ Search Statistics ]==============================
| Conflicts |          ORIGINAL         |          LEARNT          | Progress |
|           |    Vars  Clauses Literals |    Limit  Clauses Lit/Cl |          |
===============================================================================
|       100 |     274     1088     3138 |      408       97      7 |  1.799 % |
===============================================================================
restarts              : 2
conflicts             : 164            (inf /sec)
decisions             : 210            (0.00 % random) (inf /sec)
propagations          : 8675           (inf /sec)
conflict literals     : 972            (32.12 % deleted)
Memory used           : 19.00 MB
CPU time              : 0 s

UNSATISFIABLE
