WARNING: for repeatability, setting FPU to use double precision
============================[ Problem Statistics ]=============================
|                                                                             |
|  Number of variables:           275                                         |
|  Number of clauses:            1102                                         |
|  Parse time:                   0.00 s                                       |
|                                                                             |
============================[ Search Statistics ]==============================
| Conflicts |          ORIGINAL         |          LEARNT          | Progress |
|           |    Vars  Clauses Literals |    Limit  Clauses Lit/Cl |          |
===============================================================================
|       100 |     268     1070     3055 |      404       86      6 |  2.547 % |
===============================================================================
restarts              : 2
conflicts             : 118            (inf /sec)
decisions             : 140            (0.00 % random) (inf /sec)
propagations          : 5819           (inf /sec)
conflict literals     : 663            (30.14 % deleted)
Memory used           : 19.00 MB
CPU time              : 0 s

UNSATISFIABLE
