WARNING: for repeatability, setting FPU to use double precision
============================[ Problem Statistics ]=============================
|                                                                             |
|  Number of variables:           267                                         |
|  Number of clauses:            1061                                         |
|  Parse time:                   0.00 s                                       |
|                                                                             |
============================[ Search Statistics ]==============================
| Conflicts |          ORIGINAL         |          LEARNT          | Progress |
|           |    Vars  Clauses Literals |    Limit  Clauses Lit/Cl |          |
===============================================================================
===============================================================================
restarts              : 1
conflicts             : 8              (inf /sec)
decisions             : 9              (0.00 % random) (inf /sec)
propagations          : 345            (inf /sec)
conflict literals     : 10             (9.09 % deleted)
Memory used           : 19.00 MB
CPU time              : 0 s

UNSATISFIABLE
