WARNING: for repeatability, setting FPU to use double precision
============================[ Problem Statistics ]=============================
|                                                                             |
|  Number of variables:           273                                         |
|  Number of clauses:            1075                                         |
|  Parse time:                   0.00 s                                       |
|                                                                             |
============================[ Search Statistics ]==============================
| Conflicts |          ORIGINAL         |          LEARNT          | Progress |
|           |    Vars  Clauses Literals |    Limit  Clauses Lit/Cl |          |
===============================================================================
|       100 |     258     1032     2953 |      394       58      5 |  5.503 % |
===============================================================================
restarts              : 2
conflicts             : 108            (inf /sec)
decisions             : 138            (0.00 % random) (inf /sec)
propagations          : 5582           (inf /sec)
conflict literals     : 538            (32.58 % deleted)
Memory used           : 19.00 MB
CPU time              : 0 s

UNSATISFIABLE
