WARNING: for repeatability, setting FPU to use double precision
============================[ Problem Statistics ]=============================
|                                                                             |
|  Number of variables:           281                                         |
|  Number of clauses:            1124                                         |
|  Parse time:                   0.00 s                                       |
|                                                                             |
============================[ Search Statistics ]==============================
| Conflicts |          ORIGINAL         |          LEARNT          | Progress |
|           |    Vars  Clauses Literals |    Limit  Clauses Lit/Cl |          |
===============================================================================
|       100 |     265     1083     3112 |      412       48      5 |  5.694 % |
===============================================================================
restarts              : 1
conflicts             : 101            (inf /sec)
decisions             : 118            (0.00 % random) (inf /sec)
propagations          : 4756           (inf /sec)
conflict literals     : 444            (32.52 % deleted)
Memory used           : 19.00 MB
CPU time              : 0 s

UNSATISFIABLE
