WARNING: for repeatability, setting FPU to use double precision
============================[ Problem Statistics ]=============================
|                                                                             |
|  Number of variables:           274                                         |
|  Number of clauses:            1066                                         |
|  Parse time:                   0.00 s                                       |
|                                                                             |
============================[ Search Statistics ]==============================
| Conflicts |          ORIGINAL         |          LEARNT          | Progress |
|           |    Vars  Clauses Literals |    Limit  Clauses Lit/Cl |          |
===============================================================================
|       100 |     274     1066     3033 |      390      100      6 |  0.019 % |
===============================================================================
restarts              : 2
conflicts             : 124            (inf /sec)
decisions             : 143            (0.00 % random) (inf /sec)
propagations          : 6453           (inf /sec)
conflict literals     : 655            (23.21 % deleted)
Memory used           : 19.00 MB
CPU time              : 0 s

UNSATISFIABLE
