WARNING: for repeatability, setting FPU to use double precision
============================[ Problem Statistics ]=============================
|                                                                             |
|  Number of variables:           282                                         |
|  Number of clauses:            1128                                         |
|  Parse time:                   0.00 s                                       |
|                                                                             |
============================[ Search Statistics ]==============================
| Conflicts |          ORIGINAL         |          LEARNT          | Progress |
|           |    Vars  Clauses Literals |    Limit  Clauses Lit/Cl |          |
===============================================================================
|       100 |     282     1128     3268 |      413      100      7 |  0.003 % |
===============================================================================
restarts              : 2
conflicts             : 183            (inf /sec)
decisions             : 227            (0.00 % random) (inf /sec)
propagations          : 9709           (inf /sec)
conflict literals     : 1150           (35.43 % deleted)
Memory used           : 19.00 MB
CPU time              : 0 s

UNSATISFIABLE
