WARNING: for repeatability, setting FPU to use double precision
============================[ Problem Statistics ]=============================
|                                                                             |
|  Number of variables:           284                                         |
|  Number of clauses:            1157                                         |
|  Parse time:                   0.00 s                                       |
|                                                                             |
============================[ Search Statistics ]==============================
| Conflicts |          ORIGINAL         |          LEARNT          | Progress |
|           |    Vars  Clauses Literals |    Limit  Clauses Lit/Cl |          |
===============================================================================
|       100 |     282     1157     3362 |      424       98      7 |  0.704 % |
===============================================================================
restarts              : 2
conflicts             : 110            (inf /sec)
decisions             : 137            (0.00 % random) (inf /sec)
propagations          : 5257           (inf /sec)
conflict literals     : 718            (32.14 % deleted)
Memory used           : 19.00 MB
CPU time              : 0 s

UNSATISFIABLE
