WARNING: for repeatability, setting FPU to use double precision
============================[ Problem Statistics ]=============================
|                                                                             |
|  Number of variables:           286                                         |
|  Number of clauses:            1160                                         |
|  Parse time:                   0.00 s                                       |
|                                                                             |
============================[ Search Statistics ]==============================
| Conflicts |          ORIGINAL         |          LEARNT          | Progress |
|           |    Vars  Clauses Literals |    Limit  Clauses Lit/Cl |          |
===============================================================================
|       100 |     286     1160     3365 |      425      100      7 |  0.006 % |
===============================================================================
restarts              : 2
conflicts             : 200            (inf /sec)
decisions             : 236            (0.00 % random) (inf /sec)
propagations          : 9872           (inf /sec)
conflict literals     : 1221           (37.42 % deleted)
Memory used           : 19.00 MB
CPU time              : 0 s

UNSATISFIABLE
