WARNING: for repeatability, setting FPU to use double precision
============================[ Problem Statistics ]=============================
|                                                                             |
|  Number of variables:           276                                         |
|  Number of clauses:            1101                                         |
|  Parse time:                   0.00 s                                       |
|                                                                             |
============================[ Search Statistics ]==============================
| Conflicts |          ORIGINAL         |          LEARNT          | Progress |
|           |    Vars  Clauses Literals |    Limit  Clauses Lit/Cl |          |
===============================================================================
|       100 |     276     1101     3148 |      403      100      7 |  0.001 % |
===============================================================================
restarts              : 3
conflicts             : 216            (inf /sec)
decisions             : 256            (0.00 % random) (inf /sec)
propagations          : 10601          (inf /sec)
conflict literals     : 1313           (30.60 % deleted)
Memory used           : 19.00 MB
CPU time              : 0 s

UNSATISFIABLE
