WARNING: for repeatability, setting FPU to use double precision
============================[ Problem Statistics ]=============================
|                                                                             |
|  Number of variables:           267                                         |
|  Number of clauses:            1031                                         |
|  Parse time:                   0.00 s                                       |
|                                                                             |
============================[ Search Statistics ]==============================
| Conflicts |          ORIGINAL         |          LEARNT          | Progress |
|           |    Vars  Clauses Literals |    Limit  Clauses Lit/Cl |          |
===============================================================================
|       100 |     253     1027     2894 |      378       64      5 |  5.301 % |
===============================================================================
restarts              : 1
conflicts             : 102            (inf /sec)
decisions             : 122            (0.00 % random) (inf /sec)
propagations          : 5750           (inf /sec)
conflict literals     : 452            (32.54 % deleted)
Memory used           : 19.00 MB
CPU time              : 0 s

UNSATISFIABLE
