WARNING: for repeatability, setting FPU to use double precision
============================[ Problem Statistics ]=============================
|                                                                             |
|  Number of variables:           268                                         |
|  Number of clauses:            1035                                         |
|  Parse time:                   0.00 s                                       |
|                                                                             |
============================[ Search Statistics ]==============================
| Conflicts |          ORIGINAL         |          LEARNT          | Progress |
|           |    Vars  Clauses Literals |    Limit  Clauses Lit/Cl |          |
===============================================================================
|       100 |     266     1031     2888 |      379       61      5 |  0.750 % |
===============================================================================
restarts              : 2
conflicts             : 117            (inf /sec)
decisions             : 144            (0.00 % random) (inf /sec)
propagations          : 5480           (inf /sec)
conflict literals     : 539            (29.73 % deleted)
Memory used           : 19.00 MB
CPU time              : 0 s

UNSATISFIABLE
