WARNING: for repeatability, setting FPU to use double precision
============================[ Problem Statistics ]=============================
|                                                                             |
|  Number of variables:           285                                         |
|  Number of clauses:            1168                                         |
|  Parse time:                   0.00 s                                       |
|                                                                             |
============================[ Search Statistics ]==============================
| Conflicts |          ORIGINAL         |          LEARNT          | Progress |
|           |    Vars  Clauses Literals |    Limit  Clauses Lit/Cl |          |
===============================================================================
|       100 |     285     1168     3387 |      428      100      8 |  0.001 % |
===============================================================================
restarts              : 3
conflicts             : 229            (inf /sec)
decisions             : 269            (0.00 % random) (inf /sec)
propagations          : 11919          (inf /sec)
conflict literals     : 1617           (32.85 % deleted)
Memory used           : 19.00 MB
CPU time              : 0 s

UNSATISFIABLE
