WARNING: for repeatability, setting FPU to use double precision
============================[ Problem Statistics ]=============================
|                                                                             |
|  Number of variables:           274                                         |
|  Number of clauses:            1077                                         |
|  Parse time:                   0.00 s                                       |
|                                                                             |
============================[ Search Statistics ]==============================
| Conflicts |          ORIGINAL         |          LEARNT          | Progress |
|           |    Vars  Clauses Literals |    Limit  Clauses Lit/Cl |          |
===============================================================================
|       100 |     274     1077     3057 |      394      100      6 |  0.027 % |
===============================================================================
restarts              : 2
conflicts             : 118            (inf /sec)
decisions             : 145            (0.00 % random) (inf /sec)
propagations          : 6581           (inf /sec)
conflict literals     : 691            (24.65 % deleted)
Memory used           : 19.00 MB
CPU time              : 0 s

UNSATISFIABLE
