WARNING: for repeatability, setting FPU to use double precision
============================[ Problem Statistics ]=============================
|                                                                             |
|  Number of variables:           289                                         |
|  Number of clauses:            1178                                         |
|  Parse time:                   0.00 s                                       |
|                                                                             |
============================[ Search Statistics ]==============================
| Conflicts |          ORIGINAL         |          LEARNT          | Progress |
|           |    Vars  Clauses Literals |    Limit  Clauses Lit/Cl |          |
===============================================================================
|       100 |     289     1178     3456 |      431      100     10 |  0.005 % |
|       250 |     289     1178     3456 |      475      250      9 |  0.002 % |
|       475 |     289     1178     3456 |      522      475      8 |  0.006 % |
===============================================================================
restarts              : 6
conflicts             : 776            (97000 /sec)
decisions             : 940            (0.00 % random) (117500 /sec)
propagations          : 38592          (4824000 /sec)
conflict literals     : 6022           (32.29 % deleted)
Memory used           : 19.00 MB
CPU time              : 0.008 s

UNSATISFIABLE
