WARNING: for repeatability, setting FPU to use double precision
============================[ Problem Statistics ]=============================
|                                                                             |
|  Number of variables:           279                                         |
|  Number of clauses:            1120                                         |
|  Parse time:                   0.00 s                                       |
|                                                                             |
============================[ Search Statistics ]==============================
| Conflicts |          ORIGINAL         |          LEARNT          | Progress |
|           |    Vars  Clauses Literals |    Limit  Clauses Lit/Cl |          |
===============================================================================
|       100 |     279     1120     3217 |      410      100      6 |  0.003 % |
===============================================================================
restarts              : 2
conflicts             : 157            (inf /sec)
decisions             : 201            (0.00 % random) (inf /sec)
propagations          : 8529           (inf /sec)
conflict literals     : 821            (30.42 % deleted)
Memory used           : 19.00 MB
CPU time              : 0 s

UNSATISFIABLE
