WARNING: for repeatability, setting FPU to use double precision
============================[ Problem Statistics ]=============================
|                                                                             |
|  Number of variables:           283                                         |
|  Number of clauses:            1145                                         |
|  Parse time:                   0.00 s                                       |
|                                                                             |
============================[ Search Statistics ]==============================
| Conflicts |          ORIGINAL         |          LEARNT          | Progress |
|           |    Vars  Clauses Literals |    Limit  Clauses Lit/Cl |          |
===============================================================================
|       100 |     283     1145     3303 |      419      100      8 |  0.001 % |
===============================================================================
restarts              : 2
conflicts             : 174            (inf /sec)
decisions             : 219            (0.00 % random) (inf /sec)
propagations          : 8293           (inf /sec)
conflict literals     : 1112           (26.99 % deleted)
Memory used           : 19.00 MB
CPU time              : 0 s

UNSATISFIABLE
