WARNING: for repeatability, setting FPU to use double precision
============================[ Problem Statistics ]=============================
|                                                                             |
|  Number of variables:           286                                         |
|  Number of clauses:            1167                                         |
|  Parse time:                   0.00 s                                       |
|                                                                             |
============================[ Search Statistics ]==============================
| Conflicts |          ORIGINAL         |          LEARNT          | Progress |
|           |    Vars  Clauses Literals |    Limit  Clauses Lit/Cl |          |
===============================================================================
|       100 |     286     1167     3391 |      427      100      8 |  0.001 % |
===============================================================================
restarts              : 3
conflicts             : 212            (inf /sec)
decisions             : 271            (0.00 % random) (inf /sec)
propagations          : 9657           (inf /sec)
conflict literals     : 1387           (24.66 % deleted)
Memory used           : 19.00 MB
CPU time              : 0 s

UNSATISFIABLE
