WARNING: for repeatability, setting FPU to use double precision
============================[ Problem Statistics ]=============================
|                                                                             |
|  Number of variables:           276                                         |
|  Number of clauses:            1107                                         |
|  Parse time:                   0.00 s                                       |
|                                                                             |
============================[ Search Statistics ]==============================
| Conflicts |          ORIGINAL         |          LEARNT          | Progress |
|           |    Vars  Clauses Literals |    Limit  Clauses Lit/Cl |          |
===============================================================================
|       100 |     275     1107     3183 |      405       99      6 |  0.423 % |
===============================================================================
restarts              : 2
conflicts             : 162            (inf /sec)
decisions             : 227            (0.00 % random) (inf /sec)
propagations          : 7336           (inf /sec)
conflict literals     : 986            (29.87 % deleted)
Memory used           : 19.00 MB
CPU time              : 0 s

UNSATISFIABLE
