WARNING: for repeatability, setting FPU to use double precision
============================[ Problem Statistics ]=============================
|                                                                             |
|  Number of variables:           277                                         |
|  Number of clauses:            1105                                         |
|  Parse time:                   0.00 s                                       |
|                                                                             |
============================[ Search Statistics ]==============================
| Conflicts |          ORIGINAL         |          LEARNT          | Progress |
|           |    Vars  Clauses Literals |    Limit  Clauses Lit/Cl |          |
===============================================================================
|       100 |     277     1105     3168 |      405      100      7 |  0.001 % |
===============================================================================
restarts              : 3
conflicts             : 227            (inf /sec)
decisions             : 270            (0.00 % random) (inf /sec)
propagations          : 11330          (inf /sec)
conflict literals     : 1381           (30.15 % deleted)
Memory used           : 19.00 MB
CPU time              : 0 s

UNSATISFIABLE
