WARNING: for repeatability, setting FPU to use double precision
============================[ Problem Statistics ]=============================
|                                                                             |
|  Number of variables:           264                                         |
|  Number of clauses:            1000                                         |
|  Parse time:                   0.00 s                                       |
|                                                                             |
============================[ Search Statistics ]==============================
| Conflicts |          ORIGINAL         |          LEARNT          | Progress |
|           |    Vars  Clauses Literals |    Limit  Clauses Lit/Cl |          |
===============================================================================
|       100 |     264     1000     2822 |      366      100      6 |  0.003 % |
===============================================================================
restarts              : 2
conflicts             : 133            (inf /sec)
decisions             : 176            (0.00 % random) (inf /sec)
propagations          : 6016           (inf /sec)
conflict literals     : 701            (28.10 % deleted)
Memory used           : 19.00 MB
CPU time              : 0 s

UNSATISFIABLE
