WARNING: for repeatability, setting FPU to use double precision
============================[ Problem Statistics ]=============================
|                                                                             |
|  Number of variables:           284                                         |
|  Number of clauses:            1132                                         |
|  Parse time:                   0.00 s                                       |
|                                                                             |
============================[ Search Statistics ]==============================
| Conflicts |          ORIGINAL         |          LEARNT          | Progress |
|           |    Vars  Clauses Literals |    Limit  Clauses Lit/Cl |          |
===============================================================================
|       100 |     284     1132     3286 |      415      100      7 |  0.001 % |
===============================================================================
restarts              : 2
conflicts             : 191            (inf /sec)
decisions             : 238            (0.00 % random) (inf /sec)
propagations          : 9856           (inf /sec)
conflict literals     : 1149           (34.38 % deleted)
Memory used           : 19.00 MB
CPU time              : 0 s

UNSATISFIABLE
