WARNING: for repeatability, setting FPU to use double precision
============================[ Problem Statistics ]=============================
|                                                                             |
|  Number of variables:           279                                         |
|  Number of clauses:            1126                                         |
|  Parse time:                   0.00 s                                       |
|                                                                             |
============================[ Search Statistics ]==============================
| Conflicts |          ORIGINAL         |          LEARNT          | Progress |
|           |    Vars  Clauses Literals |    Limit  Clauses Lit/Cl |          |
===============================================================================
|       100 |     270     1117     3196 |      412       60      5 |  3.230 % |
===============================================================================
restarts              : 2
conflicts             : 110            (inf /sec)
decisions             : 137            (0.00 % random) (inf /sec)
propagations          : 5598           (inf /sec)
conflict literals     : 534            (30.29 % deleted)
Memory used           : 19.00 MB
CPU time              : 0 s

UNSATISFIABLE
