WARNING: for repeatability, setting FPU to use double precision
============================[ Problem Statistics ]=============================
|                                                                             |
|  Number of variables:           284                                         |
|  Number of clauses:            1144                                         |
|  Parse time:                   0.00 s                                       |
|                                                                             |
============================[ Search Statistics ]==============================
| Conflicts |          ORIGINAL         |          LEARNT          | Progress |
|           |    Vars  Clauses Literals |    Limit  Clauses Lit/Cl |          |
===============================================================================
|       100 |     284     1144     3313 |      419      100      9 |  0.001 % |
|       250 |     284     1144     3313 |      461      250      8 |  0.001 % |
|       475 |     284     1144     3313 |      507      475      8 |  0.004 % |
===============================================================================
restarts              : 6
conflicts             : 629            (157250 /sec)
decisions             : 792            (0.00 % random) (198000 /sec)
propagations          : 31365          (7841250 /sec)
conflict literals     : 4758           (28.72 % deleted)
Memory used           : 19.00 MB
CPU time              : 0.004 s

UNSATISFIABLE
