WARNING: for repeatability, setting FPU to use double precision
============================[ Problem Statistics ]=============================
|                                                                             |
|  Number of variables:           289                                         |
|  Number of clauses:            1189                                         |
|  Parse time:                   0.00 s                                       |
|                                                                             |
============================[ Search Statistics ]==============================
| Conflicts |          ORIGINAL         |          LEARNT          | Progress |
|           |    Vars  Clauses Literals |    Limit  Clauses Lit/Cl |          |
===============================================================================
|       100 |     289     1189     3482 |      435      100     10 |  0.001 % |
|       250 |     289     1189     3482 |      479      250     10 |  0.001 % |
|       475 |     289     1189     3482 |      527      475     10 |  0.001 % |
|       812 |     289     1189     3482 |      580      268      8 |  0.002 % |
|      1318 |     281     1118     3275 |      638      282      7 |  2.769 % |
===============================================================================
restarts              : 9
conflicts             : 1370           (114167 /sec)
decisions             : 1695           (0.00 % random) (141250 /sec)
propagations          : 70354          (5862833 /sec)
conflict literals     : 11324          (30.53 % deleted)
Memory used           : 19.00 MB
CPU time              : 0.012 s

UNSATISFIABLE
