WARNING: for repeatability, setting FPU to use double precision
============================[ Problem Statistics ]=============================
|                                                                             |
|  Number of variables:           277                                         |
|  Number of clauses:            1105                                         |
|  Parse time:                   0.00 s                                       |
|                                                                             |
============================[ Search Statistics ]==============================
| Conflicts |          ORIGINAL         |          LEARNT          | Progress |
|           |    Vars  Clauses Literals |    Limit  Clauses Lit/Cl |          |
===============================================================================
|       100 |     275     1100     3149 |      405       63      7 |  0.726 % |
===============================================================================
restarts              : 2
conflicts             : 118            (inf /sec)
decisions             : 133            (0.00 % random) (inf /sec)
propagations          : 6012           (inf /sec)
conflict literals     : 635            (31.72 % deleted)
Memory used           : 19.00 MB
CPU time              : 0 s

UNSATISFIABLE
