WARNING: for repeatability, setting FPU to use double precision
============================[ Problem Statistics ]=============================
|                                                                             |
|  Number of variables:           286                                         |
|  Number of clauses:            1170                                         |
|  Parse time:                   0.00 s                                       |
|                                                                             |
============================[ Search Statistics ]==============================
| Conflicts |          ORIGINAL         |          LEARNT          | Progress |
|           |    Vars  Clauses Literals |    Limit  Clauses Lit/Cl |          |
===============================================================================
|       100 |     286     1170     3404 |      429      100     10 |  0.009 % |
|       250 |     286     1170     3404 |      471      250      9 |  0.001 % |
|       475 |     286     1170     3404 |      519      475      8 |  0.005 % |
|       812 |     283     1143     3325 |      570      298      7 |  1.065 % |
===============================================================================
restarts              : 7
conflicts             : 826            (103250 /sec)
decisions             : 1026           (0.00 % random) (128250 /sec)
propagations          : 42711          (5338875 /sec)
conflict literals     : 6615           (32.57 % deleted)
Memory used           : 19.00 MB
CPU time              : 0.008 s

UNSATISFIABLE
