WARNING: for repeatability, setting FPU to use double precision
============================[ Problem Statistics ]=============================
|                                                                             |
|  Number of variables:           286                                         |
|  Number of clauses:            1173                                         |
|  Parse time:                   0.00 s                                       |
|                                                                             |
============================[ Search Statistics ]==============================
| Conflicts |          ORIGINAL         |          LEARNT          | Progress |
|           |    Vars  Clauses Literals |    Limit  Clauses Lit/Cl |          |
===============================================================================
|       100 |     286     1173     3409 |      430      100     11 |  0.001 % |
|       250 |     286     1173     3409 |      473      250      9 |  0.002 % |
|       475 |     286     1173     3409 |      520      475      9 |  0.006 % |
===============================================================================
restarts              : 5
conflicts             : 583            (145750 /sec)
decisions             : 746            (0.00 % random) (186500 /sec)
propagations          : 30223          (7555750 /sec)
conflict literals     : 4857           (27.45 % deleted)
Memory used           : 19.00 MB
CPU time              : 0.004 s

UNSATISFIABLE
