WARNING: for repeatability, setting FPU to use double precision
============================[ Problem Statistics ]=============================
|                                                                             |
|  Number of variables:           283                                         |
|  Number of clauses:            1143                                         |
|  Parse time:                   0.00 s                                       |
|                                                                             |
============================[ Search Statistics ]==============================
| Conflicts |          ORIGINAL         |          LEARNT          | Progress |
|           |    Vars  Clauses Literals |    Limit  Clauses Lit/Cl |          |
===============================================================================
|       100 |     274     1137     3289 |      419       60      6 |  3.185 % |
===============================================================================
restarts              : 2
conflicts             : 141            (inf /sec)
decisions             : 194            (0.00 % random) (inf /sec)
propagations          : 7388           (inf /sec)
conflict literals     : 754            (36.85 % deleted)
Memory used           : 19.00 MB
CPU time              : 0 s

UNSATISFIABLE
