WARNING: for repeatability, setting FPU to use double precision
============================[ Problem Statistics ]=============================
|                                                                             |
|  Number of variables:           285                                         |
|  Number of clauses:            1152                                         |
|  Parse time:                   0.00 s                                       |
|                                                                             |
============================[ Search Statistics ]==============================
| Conflicts |          ORIGINAL         |          LEARNT          | Progress |
|           |    Vars  Clauses Literals |    Limit  Clauses Lit/Cl |          |
===============================================================================
|       100 |     284     1152     3335 |      422       99      6 |  0.351 % |
===============================================================================
restarts              : 2
conflicts             : 119            (inf /sec)
decisions             : 140            (0.00 % random) (inf /sec)
propagations          : 6227           (inf /sec)
conflict literals     : 685            (25.05 % deleted)
Memory used           : 19.00 MB
CPU time              : 0 s

UNSATISFIABLE
