WARNING: for repeatability, setting FPU to use double precision
============================[ Problem Statistics ]=============================
|                                                                             |
|  Number of variables:           266                                         |
|  Number of clauses:             979                                         |
|  Parse time:                   0.00 s                                       |
|                                                                             |
============================[ Search Statistics ]==============================
| Conflicts |          ORIGINAL         |          LEARNT          | Progress |
|           |    Vars  Clauses Literals |    Limit  Clauses Lit/Cl |          |
===============================================================================
===============================================================================
restarts              : 1
conflicts             : 40             (inf /sec)
decisions             : 45             (0.00 % random) (inf /sec)
propagations          : 2216           (inf /sec)
conflict literals     : 152            (28.30 % deleted)
Memory used           : 19.00 MB
CPU time              : 0 s

UNSATISFIABLE
