WARNING: for repeatability, setting FPU to use double precision
============================[ Problem Statistics ]=============================
|                                                                             |
|  Number of variables:           279                                         |
|  Number of clauses:            1115                                         |
|  Parse time:                   0.00 s                                       |
|                                                                             |
============================[ Search Statistics ]==============================
| Conflicts |          ORIGINAL         |          LEARNT          | Progress |
|           |    Vars  Clauses Literals |    Limit  Clauses Lit/Cl |          |
===============================================================================
|       100 |     278     1115     3199 |      408       99      7 |  0.360 % |
|       250 |     273     1101     3159 |      449      228      7 |  2.165 % |
===============================================================================
restarts              : 3
conflicts             : 265            (inf /sec)
decisions             : 339            (0.00 % random) (inf /sec)
propagations          : 13863          (inf /sec)
conflict literals     : 1677           (33.13 % deleted)
Memory used           : 19.00 MB
CPU time              : 0 s

UNSATISFIABLE
