WARNING: for repeatability, setting FPU to use double precision
============================[ Problem Statistics ]=============================
|                                                                             |
|  Number of variables:           281                                         |
|  Number of clauses:            1133                                         |
|  Parse time:                   0.00 s                                       |
|                                                                             |
============================[ Search Statistics ]==============================
| Conflicts |          ORIGINAL         |          LEARNT          | Progress |
|           |    Vars  Clauses Literals |    Limit  Clauses Lit/Cl |          |
===============================================================================
===============================================================================
restarts              : 1
conflicts             : 70             (inf /sec)
decisions             : 87             (0.00 % random) (inf /sec)
propagations          : 3601           (inf /sec)
conflict literals     : 368            (24.59 % deleted)
Memory used           : 19.00 MB
CPU time              : 0 s

UNSATISFIABLE
