WARNING: for repeatability, setting FPU to use double precision
============================[ Problem Statistics ]=============================
|                                                                             |
|  Number of variables:           280                                         |
|  Number of clauses:            1130                                         |
|  Parse time:                   0.00 s                                       |
|                                                                             |
============================[ Search Statistics ]==============================
| Conflicts |          ORIGINAL         |          LEARNT          | Progress |
|           |    Vars  Clauses Literals |    Limit  Clauses Lit/Cl |          |
===============================================================================
|       100 |     280     1130     3267 |      414      100      6 |  0.005 % |
===============================================================================
restarts              : 2
conflicts             : 147            (inf /sec)
decisions             : 192            (0.00 % random) (inf /sec)
propagations          : 7106           (inf /sec)
conflict literals     : 746            (27.15 % deleted)
Memory used           : 19.00 MB
CPU time              : 0 s

UNSATISFIABLE
