WARNING: for repeatability, setting FPU to use double precision
============================[ Problem Statistics ]=============================
|                                                                             |
|  Number of variables:           273                                         |
|  Number of clauses:            1068                                         |
|  Parse time:                   0.00 s                                       |
|                                                                             |
============================[ Search Statistics ]==============================
| Conflicts |          ORIGINAL         |          LEARNT          | Progress |
|           |    Vars  Clauses Literals |    Limit  Clauses Lit/Cl |          |
===============================================================================
|       100 |     273     1068     3042 |      391      100      7 |  0.001 % |
===============================================================================
restarts              : 2
conflicts             : 164            (inf /sec)
decisions             : 212            (0.00 % random) (inf /sec)
propagations          : 8733           (inf /sec)
conflict literals     : 1016           (24.18 % deleted)
Memory used           : 19.00 MB
CPU time              : 0 s

UNSATISFIABLE
