WARNING: for repeatability, setting FPU to use double precision
============================[ Problem Statistics ]=============================
|                                                                             |
|  Number of variables:           290                                         |
|  Number of clauses:            1191                                         |
|  Parse time:                   0.00 s                                       |
|                                                                             |
============================[ Search Statistics ]==============================
| Conflicts |          ORIGINAL         |          LEARNT          | Progress |
|           |    Vars  Clauses Literals |    Limit  Clauses Lit/Cl |          |
===============================================================================
|       100 |     290     1191     3493 |      436      100     12 |  0.001 % |
|       250 |     290     1191     3493 |      480      250     11 |  0.005 % |
|       475 |     290     1191     3493 |      528      475     11 |  0.002 % |
|       812 |     290     1191     3493 |      581      535     10 |  0.001 % |
|      1318 |     290     1191     3493 |      639      445      9 |  0.001 % |
|      2077 |     290     1191     3493 |      703      541      8 |  0.007 % |
|      3216 |     289     1181     3465 |      773      448      7 |  0.346 % |
===============================================================================
restarts              : 17
conflicts             : 3366           (120214 /sec)
decisions             : 4205           (0.00 % random) (150179 /sec)
propagations          : 175135         (6254821 /sec)
conflict literals     : 32311          (30.60 % deleted)
Memory used           : 19.00 MB
CPU time              : 0.028 s

UNSATISFIABLE
