WARNING: for repeatability, setting FPU to use double precision
============================[ Problem Statistics ]=============================
|                                                                             |
|  Number of variables:           273                                         |
|  Number of clauses:            1077                                         |
|  Parse time:                   0.00 s                                       |
|                                                                             |
============================[ Search Statistics ]==============================
| Conflicts |          ORIGINAL         |          LEARNT          | Progress |
|           |    Vars  Clauses Literals |    Limit  Clauses Lit/Cl |          |
===============================================================================
|       100 |     272     1067     3037 |      394       69      5 |  0.417 % |
===============================================================================
restarts              : 1
conflicts             : 102            (inf /sec)
decisions             : 137            (0.00 % random) (inf /sec)
propagations          : 4981           (inf /sec)
conflict literals     : 552            (26.40 % deleted)
Memory used           : 19.00 MB
CPU time              : 0 s

UNSATISFIABLE
