WARNING: for repeatability, setting FPU to use double precision
============================[ Problem Statistics ]=============================
|                                                                             |
|  Number of variables:           276                                         |
|  Number of clauses:            1106                                         |
|  Parse time:                   0.00 s                                       |
|                                                                             |
============================[ Search Statistics ]==============================
| Conflicts |          ORIGINAL         |          LEARNT          | Progress |
|           |    Vars  Clauses Literals |    Limit  Clauses Lit/Cl |          |
===============================================================================
|       100 |     276     1106     3162 |      405      100      6 |  0.005 % |
===============================================================================
restarts              : 2
conflicts             : 138            (inf /sec)
decisions             : 160            (0.00 % random) (inf /sec)
propagations          : 7093           (inf /sec)
conflict literals     : 731            (30.31 % deleted)
Memory used           : 19.00 MB
CPU time              : 0 s

UNSATISFIABLE
