WARNING: for repeatability, setting FPU to use double precision
============================[ Problem Statistics ]=============================
|                                                                             |
|  Number of variables:           284                                         |
|  Number of clauses:            1160                                         |
|  Parse time:                   0.00 s                                       |
|                                                                             |
============================[ Search Statistics ]==============================
| Conflicts |          ORIGINAL         |          LEARNT          | Progress |
|           |    Vars  Clauses Literals |    Limit  Clauses Lit/Cl |          |
===============================================================================
|       100 |     284     1160     3363 |      425      100      9 |  0.001 % |
|       250 |     284     1160     3363 |      467      250      8 |  0.001 % |
===============================================================================
restarts              : 4
conflicts             : 420            (105000 /sec)
decisions             : 546            (0.00 % random) (136500 /sec)
propagations          : 20780          (5195000 /sec)
conflict literals     : 2984           (27.45 % deleted)
Memory used           : 19.00 MB
CPU time              : 0.004 s

UNSATISFIABLE
