WARNING: for repeatability, setting FPU to use double precision
============================[ Problem Statistics ]=============================
|                                                                             |
|  Number of variables:           284                                         |
|  Number of clauses:            1143                                         |
|  Parse time:                   0.00 s                                       |
|                                                                             |
============================[ Search Statistics ]==============================
| Conflicts |          ORIGINAL         |          LEARNT          | Progress |
|           |    Vars  Clauses Literals |    Limit  Clauses Lit/Cl |          |
===============================================================================
|       100 |     284     1143     3322 |      419      100      7 |  0.001 % |
|       250 |     283     1129     3282 |      461      193      8 |  0.353 % |
===============================================================================
restarts              : 3
conflicts             : 399            (99750 /sec)
decisions             : 496            (0.00 % random) (124000 /sec)
propagations          : 19744          (4936000 /sec)
conflict literals     : 2690           (31.46 % deleted)
Memory used           : 19.00 MB
CPU time              : 0.004 s

UNSATISFIABLE
