WARNING: for repeatability, setting FPU to use double precision
============================[ Problem Statistics ]=============================
|                                                                             |
|  Number of variables:           286                                         |
|  Number of clauses:            1164                                         |
|  Parse time:                   0.00 s                                       |
|                                                                             |
============================[ Search Statistics ]==============================
| Conflicts |          ORIGINAL         |          LEARNT          | Progress |
|           |    Vars  Clauses Literals |    Limit  Clauses Lit/Cl |          |
===============================================================================
|       100 |     286     1164     3388 |      426      100      8 |  0.002 % |
|       250 |     286     1164     3388 |      469      250      8 |  0.002 % |
===============================================================================
restarts              : 3
conflicts             : 402            (100500 /sec)
decisions             : 475            (0.00 % random) (118750 /sec)
propagations          : 20888          (5222000 /sec)
conflict literals     : 2921           (31.50 % deleted)
Memory used           : 19.00 MB
CPU time              : 0.004 s

UNSATISFIABLE
