WARNING: for repeatability, setting FPU to use double precision
============================[ Problem Statistics ]=============================
|                                                                             |
|  Number of variables:           283                                         |
|  Number of clauses:            1151                                         |
|  Parse time:                   0.00 s                                       |
|                                                                             |
============================[ Search Statistics ]==============================
| Conflicts |          ORIGINAL         |          LEARNT          | Progress |
|           |    Vars  Clauses Literals |    Limit  Clauses Lit/Cl |          |
===============================================================================
|       100 |     283     1151     3334 |      422      100      8 |  0.004 % |
|       250 |     283     1151     3334 |      464      250      7 |  0.015 % |
===============================================================================
restarts              : 3
conflicts             : 290            (inf /sec)
decisions             : 349            (0.00 % random) (inf /sec)
propagations          : 14888          (inf /sec)
conflict literals     : 1861           (34.29 % deleted)
Memory used           : 19.00 MB
CPU time              : 0 s

UNSATISFIABLE
