WARNING: for repeatability, setting FPU to use double precision
============================[ Problem Statistics ]=============================
|                                                                             |
|  Number of variables:           278                                         |
|  Number of clauses:            1123                                         |
|  Parse time:                   0.00 s                                       |
|                                                                             |
============================[ Search Statistics ]==============================
| Conflicts |          ORIGINAL         |          LEARNT          | Progress |
|           |    Vars  Clauses Literals |    Limit  Clauses Lit/Cl |          |
===============================================================================
|       100 |     278     1123     3234 |      411      100      8 |  0.003 % |
|       250 |     278     1123     3234 |      452      250      9 |  0.003 % |
|       475 |     278     1123     3234 |      498      475      9 |  0.001 % |
===============================================================================
restarts              : 6
conflicts             : 754            (188500 /sec)
decisions             : 950            (0.00 % random) (237500 /sec)
propagations          : 39080          (9770000 /sec)
conflict literals     : 6080           (28.32 % deleted)
Memory used           : 19.00 MB
CPU time              : 0.004 s

UNSATISFIABLE
