WARNING: for repeatability, setting FPU to use double precision
============================[ Problem Statistics ]=============================
|                                                                             |
|  Number of variables:           284                                         |
|  Number of clauses:            1151                                         |
|  Parse time:                   0.00 s                                       |
|                                                                             |
============================[ Search Statistics ]==============================
| Conflicts |          ORIGINAL         |          LEARNT          | Progress |
|           |    Vars  Clauses Literals |    Limit  Clauses Lit/Cl |          |
===============================================================================
|       100 |     284     1151     3324 |      422      100      8 |  0.001 % |
|       250 |     280     1116     3224 |      464      151      6 |  1.427 % |
===============================================================================
restarts              : 3
conflicts             : 270            (inf /sec)
decisions             : 319            (0.00 % random) (inf /sec)
propagations          : 12628          (inf /sec)
conflict literals     : 1671           (30.69 % deleted)
Memory used           : 19.00 MB
CPU time              : 0 s

UNSATISFIABLE
