WARNING: for repeatability, setting FPU to use double precision
============================[ Problem Statistics ]=============================
|                                                                             |
|  Number of variables:           282                                         |
|  Number of clauses:            1131                                         |
|  Parse time:                   0.00 s                                       |
|                                                                             |
============================[ Search Statistics ]==============================
| Conflicts |          ORIGINAL         |          LEARNT          | Progress |
|           |    Vars  Clauses Literals |    Limit  Clauses Lit/Cl |          |
===============================================================================
|       100 |     282     1131     3262 |      414      100      6 |  0.005 % |
===============================================================================
restarts              : 2
conflicts             : 200            (inf /sec)
decisions             : 236            (0.00 % random) (inf /sec)
propagations          : 9568           (inf /sec)
conflict literals     : 1194           (27.85 % deleted)
Memory used           : 19.00 MB
CPU time              : 0 s

UNSATISFIABLE
