WARNING: for repeatability, setting FPU to use double precision
============================[ Problem Statistics ]=============================
|                                                                             |
|  Number of variables:           278                                         |
|  Number of clauses:            1114                                         |
|  Parse time:                   0.00 s                                       |
|                                                                             |
============================[ Search Statistics ]==============================
| Conflicts |          ORIGINAL         |          LEARNT          | Progress |
|           |    Vars  Clauses Literals |    Limit  Clauses Lit/Cl |          |
===============================================================================
===============================================================================
restarts              : 1
conflicts             : 23             (inf /sec)
decisions             : 26             (0.00 % random) (inf /sec)
propagations          : 1137           (inf /sec)
conflict literals     : 88             (32.82 % deleted)
Memory used           : 19.00 MB
CPU time              : 0 s

UNSATISFIABLE
