WARNING: for repeatability, setting FPU to use double precision
============================[ Problem Statistics ]=============================
|                                                                             |
|  Number of variables:           277                                         |
|  Number of clauses:            1074                                         |
|  Parse time:                   0.00 s                                       |
|                                                                             |
============================[ Search Statistics ]==============================
| Conflicts |          ORIGINAL         |          LEARNT          | Progress |
|           |    Vars  Clauses Literals |    Limit  Clauses Lit/Cl |          |
===============================================================================
|       100 |     257      971     2792 |      393       55      6 |  7.223 % |
===============================================================================
restarts              : 2
conflicts             : 104            (inf /sec)
decisions             : 146            (0.00 % random) (inf /sec)
propagations          : 5168           (inf /sec)
conflict literals     : 701            (26.98 % deleted)
Memory used           : 19.00 MB
CPU time              : 0 s

UNSATISFIABLE
