WARNING: for repeatability, setting FPU to use double precision
============================[ Problem Statistics ]=============================
|                                                                             |
|  Number of variables:           274                                         |
|  Number of clauses:            1071                                         |
|  Parse time:                   0.00 s                                       |
|                                                                             |
============================[ Search Statistics ]==============================
| Conflicts |          ORIGINAL         |          LEARNT          | Progress |
|           |    Vars  Clauses Literals |    Limit  Clauses Lit/Cl |          |
===============================================================================
|       100 |     267     1030     2930 |      392       50      6 |  2.565 % |
===============================================================================
restarts              : 2
conflicts             : 148            (inf /sec)
decisions             : 184            (0.00 % random) (inf /sec)
propagations          : 7470           (inf /sec)
conflict literals     : 789            (33.81 % deleted)
Memory used           : 19.00 MB
CPU time              : 0 s

UNSATISFIABLE
