WARNING: for repeatability, setting FPU to use double precision
============================[ Problem Statistics ]=============================
|                                                                             |
|  Number of variables:           289                                         |
|  Number of clauses:            1187                                         |
|  Parse time:                   0.00 s                                       |
|                                                                             |
============================[ Search Statistics ]==============================
| Conflicts |          ORIGINAL         |          LEARNT          | Progress |
|           |    Vars  Clauses Literals |    Limit  Clauses Lit/Cl |          |
===============================================================================
|       100 |     289     1187     3461 |      435      100     10 |  0.001 % |
|       250 |     289     1187     3461 |      478      250     10 |  0.001 % |
|       475 |     289     1187     3461 |      526      475      9 |  0.001 % |
===============================================================================
restarts              : 6
conflicts             : 683            (170750 /sec)
decisions             : 820            (0.00 % random) (205000 /sec)
propagations          : 36393          (9098250 /sec)
conflict literals     : 5615           (29.53 % deleted)
Memory used           : 19.00 MB
CPU time              : 0.004 s

UNSATISFIABLE
