WARNING: for repeatability, setting FPU to use double precision
============================[ Problem Statistics ]=============================
|                                                                             |
|  Number of variables:           285                                         |
|  Number of clauses:            1147                                         |
|  Parse time:                   0.00 s                                       |
|                                                                             |
============================[ Search Statistics ]==============================
| Conflicts |          ORIGINAL         |          LEARNT          | Progress |
|           |    Vars  Clauses Literals |    Limit  Clauses Lit/Cl |          |
===============================================================================
|       100 |     285     1147     3329 |      420      100      8 |  0.001 % |
|       250 |     285     1147     3329 |      462      250      8 |  0.004 % |
|       475 |     282     1128     3274 |      508      323      7 |  1.056 % |
===============================================================================
restarts              : 5
conflicts             : 527            (131750 /sec)
decisions             : 626            (0.00 % random) (156500 /sec)
propagations          : 26263          (6565750 /sec)
conflict literals     : 3595           (33.13 % deleted)
Memory used           : 19.00 MB
CPU time              : 0.004 s

UNSATISFIABLE
