WARNING: for repeatability, setting FPU to use double precision
============================[ Problem Statistics ]=============================
|                                                                             |
|  Number of variables:           284                                         |
|  Number of clauses:            1157                                         |
|  Parse time:                   0.00 s                                       |
|                                                                             |
============================[ Search Statistics ]==============================
| Conflicts |          ORIGINAL         |          LEARNT          | Progress |
|           |    Vars  Clauses Literals |    Limit  Clauses Lit/Cl |          |
===============================================================================
|       100 |     284     1157     3329 |      424      100      8 |  0.002 % |
===============================================================================
restarts              : 2
conflicts             : 164            (inf /sec)
decisions             : 202            (0.00 % random) (inf /sec)
propagations          : 8655           (inf /sec)
conflict literals     : 1145           (31.19 % deleted)
Memory used           : 19.00 MB
CPU time              : 0 s

UNSATISFIABLE
