WARNING: for repeatability, setting FPU to use double precision
============================[ Problem Statistics ]=============================
|                                                                             |
|  Number of variables:           281                                         |
|  Number of clauses:            1111                                         |
|  Parse time:                   0.00 s                                       |
|                                                                             |
============================[ Search Statistics ]==============================
| Conflicts |          ORIGINAL         |          LEARNT          | Progress |
|           |    Vars  Clauses Literals |    Limit  Clauses Lit/Cl |          |
===============================================================================
|       100 |     281     1111     3208 |      407      100      6 |  0.030 % |
|       250 |     276     1092     3153 |      448      205      6 |  1.796 % |
===============================================================================
restarts              : 3
conflicts             : 282            (inf /sec)
decisions             : 365            (0.00 % random) (inf /sec)
propagations          : 14570          (inf /sec)
conflict literals     : 1498           (38.53 % deleted)
Memory used           : 19.00 MB
CPU time              : 0 s

UNSATISFIABLE
