WARNING: for repeatability, setting FPU to use double precision
============================[ Problem Statistics ]=============================
|                                                                             |
|  Number of variables:           281                                         |
|  Number of clauses:            1118                                         |
|  Parse time:                   0.00 s                                       |
|                                                                             |
============================[ Search Statistics ]==============================
| Conflicts |          ORIGINAL         |          LEARNT          | Progress |
|           |    Vars  Clauses Literals |    Limit  Clauses Lit/Cl |          |
===============================================================================
|       100 |     278     1112     3208 |      409       67      6 |  1.076 % |
===============================================================================
restarts              : 2
conflicts             : 119            (inf /sec)
decisions             : 158            (0.00 % random) (inf /sec)
propagations          : 5402           (inf /sec)
conflict literals     : 628            (28.31 % deleted)
Memory used           : 19.00 MB
CPU time              : 0 s

UNSATISFIABLE
