WARNING: for repeatability, setting FPU to use double precision
============================[ Problem Statistics ]=============================
|                                                                             |
|  Number of variables:           280                                         |
|  Number of clauses:            1116                                         |
|  Parse time:                   0.00 s                                       |
|                                                                             |
============================[ Search Statistics ]==============================
| Conflicts |          ORIGINAL         |          LEARNT          | Progress |
|           |    Vars  Clauses Literals |    Limit  Clauses Lit/Cl |          |
===============================================================================
===============================================================================
restarts              : 1
conflicts             : 95             (inf /sec)
decisions             : 121            (0.00 % random) (inf /sec)
propagations          : 4790           (inf /sec)
conflict literals     : 464            (33.33 % deleted)
Memory used           : 19.00 MB
CPU time              : 0 s

UNSATISFIABLE
