WARNING: for repeatability, setting FPU to use double precision
============================[ Problem Statistics ]=============================
|                                                                             |
|  Number of variables:           270                                         |
|  Number of clauses:            1033                                         |
|  Parse time:                   0.00 s                                       |
|                                                                             |
============================[ Search Statistics ]==============================
| Conflicts |          ORIGINAL         |          LEARNT          | Progress |
|           |    Vars  Clauses Literals |    Limit  Clauses Lit/Cl |          |
===============================================================================
|       100 |     270     1033     2920 |      378      100      7 |  0.003 % |
===============================================================================
restarts              : 3
conflicts             : 230            (inf /sec)
decisions             : 286            (0.00 % random) (inf /sec)
propagations          : 10205          (inf /sec)
conflict literals     : 1328           (28.18 % deleted)
Memory used           : 19.00 MB
CPU time              : 0 s

UNSATISFIABLE
