WARNING: for repeatability, setting FPU to use double precision
============================[ Problem Statistics ]=============================
|                                                                             |
|  Number of variables:           283                                         |
|  Number of clauses:            1152                                         |
|  Parse time:                   0.00 s                                       |
|                                                                             |
============================[ Search Statistics ]==============================
| Conflicts |          ORIGINAL         |          LEARNT          | Progress |
|           |    Vars  Clauses Literals |    Limit  Clauses Lit/Cl |          |
===============================================================================
|       100 |     274     1124     3253 |      422       55      7 |  3.193 % |
===============================================================================
restarts              : 2
conflicts             : 131            (inf /sec)
decisions             : 159            (0.00 % random) (inf /sec)
propagations          : 6269           (inf /sec)
conflict literals     : 773            (28.29 % deleted)
Memory used           : 19.00 MB
CPU time              : 0 s

UNSATISFIABLE
