WARNING: for repeatability, setting FPU to use double precision
============================[ Problem Statistics ]=============================
|                                                                             |
|  Number of variables:           285                                         |
|  Number of clauses:            1159                                         |
|  Parse time:                   0.00 s                                       |
|                                                                             |
============================[ Search Statistics ]==============================
| Conflicts |          ORIGINAL         |          LEARNT          | Progress |
|           |    Vars  Clauses Literals |    Limit  Clauses Lit/Cl |          |
===============================================================================
|       100 |     285     1159     3359 |      424      100      7 |  0.001 % |
|       250 |     280     1151     3336 |      467      223      7 |  1.758 % |
===============================================================================
restarts              : 3
conflicts             : 331            (82750 /sec)
decisions             : 415            (0.00 % random) (103750 /sec)
propagations          : 16622          (4155500 /sec)
conflict literals     : 2098           (33.23 % deleted)
Memory used           : 19.00 MB
CPU time              : 0.004 s

UNSATISFIABLE
