WARNING: for repeatability, setting FPU to use double precision
============================[ Problem Statistics ]=============================
|                                                                             |
|  Number of variables:           282                                         |
|  Number of clauses:            1129                                         |
|  Parse time:                   0.00 s                                       |
|                                                                             |
============================[ Search Statistics ]==============================
| Conflicts |          ORIGINAL         |          LEARNT          | Progress |
|           |    Vars  Clauses Literals |    Limit  Clauses Lit/Cl |          |
===============================================================================
===============================================================================
restarts              : 1
conflicts             : 96             (inf /sec)
decisions             : 106            (0.00 % random) (inf /sec)
propagations          : 4702           (inf /sec)
conflict literals     : 443            (33.18 % deleted)
Memory used           : 19.00 MB
CPU time              : 0 s

UNSATISFIABLE
