WARNING: for repeatability, setting FPU to use double precision
============================[ Problem Statistics ]=============================
|                                                                             |
|  Number of variables:           275                                         |
|  Number of clauses:            1086                                         |
|  Parse time:                   0.00 s                                       |
|                                                                             |
============================[ Search Statistics ]==============================
| Conflicts |          ORIGINAL         |          LEARNT          | Progress |
|           |    Vars  Clauses Literals |    Limit  Clauses Lit/Cl |          |
===============================================================================
|       100 |     275     1086     3113 |      398      100      8 |  0.003 % |
===============================================================================
restarts              : 3
conflicts             : 225            (inf /sec)
decisions             : 301            (0.00 % random) (inf /sec)
propagations          : 10710          (inf /sec)
conflict literals     : 1580           (27.22 % deleted)
Memory used           : 19.00 MB
CPU time              : 0 s

UNSATISFIABLE
