WARNING: for repeatability, setting FPU to use double precision
============================[ Problem Statistics ]=============================
|                                                                             |
|  Number of variables:           276                                         |
|  Number of clauses:            1101                                         |
|  Parse time:                   0.00 s                                       |
|                                                                             |
============================[ Search Statistics ]==============================
| Conflicts |          ORIGINAL         |          LEARNT          | Progress |
|           |    Vars  Clauses Literals |    Limit  Clauses Lit/Cl |          |
===============================================================================
|       100 |     276     1101     3168 |      403      100      8 |  0.004 % |
===============================================================================
restarts              : 3
conflicts             : 249            (inf /sec)
decisions             : 303            (0.00 % random) (inf /sec)
propagations          : 12727          (inf /sec)
conflict literals     : 1606           (33.61 % deleted)
Memory used           : 19.00 MB
CPU time              : 0 s

UNSATISFIABLE
