WARNING: for repeatability, setting FPU to use double precision
============================[ Problem Statistics ]=============================
|                                                                             |
|  Number of variables:           280                                         |
|  Number of clauses:            1113                                         |
|  Parse time:                   0.00 s                                       |
|                                                                             |
============================[ Search Statistics ]==============================
| Conflicts |          ORIGINAL         |          LEARNT          | Progress |
|           |    Vars  Clauses Literals |    Limit  Clauses Lit/Cl |          |
===============================================================================
|       100 |     278     1105     3174 |      408       64      6 |  0.731 % |
===============================================================================
restarts              : 2
conflicts             : 117            (inf /sec)
decisions             : 148            (0.00 % random) (inf /sec)
propagations          : 5792           (inf /sec)
conflict literals     : 603            (36.59 % deleted)
Memory used           : 19.00 MB
CPU time              : 0 s

UNSATISFIABLE
