WARNING: for repeatability, setting FPU to use double precision
============================[ Problem Statistics ]=============================
|                                                                             |
|  Number of variables:           279                                         |
|  Number of clauses:            1114                                         |
|  Parse time:                   0.00 s                                       |
|                                                                             |
============================[ Search Statistics ]==============================
| Conflicts |          ORIGINAL         |          LEARNT          | Progress |
|           |    Vars  Clauses Literals |    Limit  Clauses Lit/Cl |          |
===============================================================================
|       100 |     278     1106     3178 |      408       58      7 |  0.360 % |
===============================================================================
restarts              : 2
conflicts             : 180            (inf /sec)
decisions             : 225            (0.00 % random) (inf /sec)
propagations          : 8674           (inf /sec)
conflict literals     : 1037           (30.40 % deleted)
Memory used           : 19.00 MB
CPU time              : 0 s

UNSATISFIABLE
