WARNING: for repeatability, setting FPU to use double precision
============================[ Problem Statistics ]=============================
|                                                                             |
|  Number of variables:           267                                         |
|  Number of clauses:            1062                                         |
|  Parse time:                   0.00 s                                       |
|                                                                             |
============================[ Search Statistics ]==============================
| Conflicts |          ORIGINAL         |          LEARNT          | Progress |
|           |    Vars  Clauses Literals |    Limit  Clauses Lit/Cl |          |
===============================================================================
===============================================================================
restarts              : 1
conflicts             : 24             (inf /sec)
decisions             : 27             (0.00 % random) (inf /sec)
propagations          : 1278           (inf /sec)
conflict literals     : 77             (20.62 % deleted)
Memory used           : 19.00 MB
CPU time              : 0 s

UNSATISFIABLE
