WARNING: for repeatability, setting FPU to use double precision
============================[ Problem Statistics ]=============================
|                                                                             |
|  Number of variables:           289                                         |
|  Number of clauses:            1199                                         |
|  Parse time:                   0.00 s                                       |
|                                                                             |
============================[ Search Statistics ]==============================
| Conflicts |          ORIGINAL         |          LEARNT          | Progress |
|           |    Vars  Clauses Literals |    Limit  Clauses Lit/Cl |          |
===============================================================================
|       100 |     289     1199     3500 |      439      100     10 |  0.001 % |
|       250 |     289     1199     3500 |      483      250     10 |  0.001 % |
|       475 |     289     1199     3500 |      531      475     10 |  0.004 % |
|       812 |     289     1199     3500 |      585      532     10 |  0.001 % |
|      1318 |     289     1199     3500 |      643      437      9 |  0.001 % |
|      2077 |     288     1191     3476 |      708      397      7 |  0.347 % |
===============================================================================
restarts              : 14
conflicts             : 2298           (114900 /sec)
decisions             : 2840           (0.00 % random) (142000 /sec)
propagations          : 116744         (5837200 /sec)
conflict literals     : 20956          (29.02 % deleted)
Memory used           : 19.00 MB
CPU time              : 0.02 s

UNSATISFIABLE
