WARNING: for repeatability, setting FPU to use double precision
============================[ Problem Statistics ]=============================
|                                                                             |
|  Number of variables:           285                                         |
|  Number of clauses:            1176                                         |
|  Parse time:                   0.00 s                                       |
|                                                                             |
============================[ Search Statistics ]==============================
| Conflicts |          ORIGINAL         |          LEARNT          | Progress |
|           |    Vars  Clauses Literals |    Limit  Clauses Lit/Cl |          |
===============================================================================
|       100 |     285     1176     3403 |      431      100      8 |  0.001 % |
|       250 |     284     1165     3371 |      474      199      7 |  0.384 % |
===============================================================================
restarts              : 3
conflicts             : 347            (86750 /sec)
decisions             : 423            (0.00 % random) (105750 /sec)
propagations          : 18205          (4551250 /sec)
conflict literals     : 2295           (32.93 % deleted)
Memory used           : 19.00 MB
CPU time              : 0.004 s

UNSATISFIABLE
