WARNING: for repeatability, setting FPU to use double precision
============================[ Problem Statistics ]=============================
|                                                                             |
|  Number of variables:           276                                         |
|  Number of clauses:            1104                                         |
|  Parse time:                   0.00 s                                       |
|                                                                             |
============================[ Search Statistics ]==============================
| Conflicts |          ORIGINAL         |          LEARNT          | Progress |
|           |    Vars  Clauses Literals |    Limit  Clauses Lit/Cl |          |
===============================================================================
|       100 |     268     1057     3036 |      404       46      6 |  2.904 % |
===============================================================================
restarts              : 2
conflicts             : 112            (inf /sec)
decisions             : 155            (0.00 % random) (inf /sec)
propagations          : 5937           (inf /sec)
conflict literals     : 627            (33.86 % deleted)
Memory used           : 19.00 MB
CPU time              : 0 s

UNSATISFIABLE
