WARNING: for repeatability, setting FPU to use double precision
============================[ Problem Statistics ]=============================
|                                                                             |
|  Number of variables:           290                                         |
|  Number of clauses:            1209                                         |
|  Parse time:                   0.00 s                                       |
|                                                                             |
============================[ Search Statistics ]==============================
| Conflicts |          ORIGINAL         |          LEARNT          | Progress |
|           |    Vars  Clauses Literals |    Limit  Clauses Lit/Cl |          |
===============================================================================
|       100 |     290     1209     3544 |      443      100      9 |  0.001 % |
|       250 |     289     1200     3519 |      487      134      8 |  0.347 % |
|       475 |     289     1200     3519 |      536      359      9 |  0.350 % |
|       812 |     287     1193     3498 |      590      287      8 |  1.036 % |
===============================================================================
restarts              : 7
conflicts             : 981            (122625 /sec)
decisions             : 1231           (0.00 % random) (153875 /sec)
propagations          : 50634          (6329250 /sec)
conflict literals     : 7613           (33.81 % deleted)
Memory used           : 19.00 MB
CPU time              : 0.008 s

UNSATISFIABLE
