WARNING: for repeatability, setting FPU to use double precision
============================[ Problem Statistics ]=============================
|                                                                             |
|  Number of variables:           273                                         |
|  Number of clauses:            1068                                         |
|  Parse time:                   0.00 s                                       |
|                                                                             |
============================[ Search Statistics ]==============================
| Conflicts |          ORIGINAL         |          LEARNT          | Progress |
|           |    Vars  Clauses Literals |    Limit  Clauses Lit/Cl |          |
===============================================================================
|       100 |     272     1063     3010 |      391       66      7 |  0.381 % |
===============================================================================
restarts              : 2
conflicts             : 143            (inf /sec)
decisions             : 163            (0.00 % random) (inf /sec)
propagations          : 7618           (inf /sec)
conflict literals     : 881            (28.14 % deleted)
Memory used           : 19.00 MB
CPU time              : 0 s

UNSATISFIABLE
