WARNING: for repeatability, setting FPU to use double precision
============================[ Problem Statistics ]=============================
|                                                                             |
|  Number of variables:           260                                         |
|  Number of clauses:            1000                                         |
|  Parse time:                   0.00 s                                       |
|                                                                             |
============================[ Search Statistics ]==============================
| Conflicts |          ORIGINAL         |          LEARNT          | Progress |
|           |    Vars  Clauses Literals |    Limit  Clauses Lit/Cl |          |
===============================================================================
===============================================================================
restarts              : 1
conflicts             : 12             (inf /sec)
decisions             : 12             (0.00 % random) (inf /sec)
propagations          : 564            (inf /sec)
conflict literals     : 28             (22.22 % deleted)
Memory used           : 19.00 MB
CPU time              : 0 s

UNSATISFIABLE
