WARNING: for repeatability, setting FPU to use double precision
============================[ Problem Statistics ]=============================
|                                                                             |
|  Number of variables:           279                                         |
|  Number of clauses:            1116                                         |
|  Parse time:                   0.00 s                                       |
|                                                                             |
============================[ Search Statistics ]==============================
| Conflicts |          ORIGINAL         |          LEARNT          | Progress |
|           |    Vars  Clauses Literals |    Limit  Clauses Lit/Cl |          |
===============================================================================
|       100 |     279     1116     3215 |      409      100      7 |  0.006 % |
===============================================================================
restarts              : 2
conflicts             : 146            (inf /sec)
decisions             : 181            (0.00 % random) (inf /sec)
propagations          : 7764           (inf /sec)
conflict literals     : 886            (29.18 % deleted)
Memory used           : 19.00 MB
CPU time              : 0 s

UNSATISFIABLE
