WARNING: for repeatability, setting FPU to use double precision
============================[ Problem Statistics ]=============================
|                                                                             |
|  Number of variables:           285                                         |
|  Number of clauses:            1157                                         |
|  Parse time:                   0.00 s                                       |
|                                                                             |
============================[ Search Statistics ]==============================
| Conflicts |          ORIGINAL         |          LEARNT          | Progress |
|           |    Vars  Clauses Literals |    Limit  Clauses Lit/Cl |          |
===============================================================================
|       100 |     285     1157     3358 |      424      100      8 |  0.005 % |
|       250 |     285     1157     3358 |      466      250      9 |  0.001 % |
|       475 |     281     1146     3325 |      513      351      8 |  1.405 % |
===============================================================================
restarts              : 6
conflicts             : 753            (188250 /sec)
decisions             : 1017           (0.00 % random) (254250 /sec)
propagations          : 38607          (9651750 /sec)
conflict literals     : 5567           (31.11 % deleted)
Memory used           : 19.00 MB
CPU time              : 0.004 s

UNSATISFIABLE
