WARNING: for repeatability, setting FPU to use double precision
============================[ Problem Statistics ]=============================
|                                                                             |
|  Number of variables:           267                                         |
|  Number of clauses:            1018                                         |
|  Parse time:                   0.00 s                                       |
|                                                                             |
============================[ Search Statistics ]==============================
| Conflicts |          ORIGINAL         |          LEARNT          | Progress |
|           |    Vars  Clauses Literals |    Limit  Clauses Lit/Cl |          |
===============================================================================
|       100 |     267     1018     2893 |      373      100      7 |  0.003 % |
===============================================================================
restarts              : 2
conflicts             : 173            (inf /sec)
decisions             : 234            (0.00 % random) (inf /sec)
propagations          : 7729           (inf /sec)
conflict literals     : 1125           (24.85 % deleted)
Memory used           : 19.00 MB
CPU time              : 0 s

UNSATISFIABLE
