WARNING: for repeatability, setting FPU to use double precision
============================[ Problem Statistics ]=============================
|                                                                             |
|  Number of variables:           282                                         |
|  Number of clauses:            1137                                         |
|  Parse time:                   0.00 s                                       |
|                                                                             |
============================[ Search Statistics ]==============================
| Conflicts |          ORIGINAL         |          LEARNT          | Progress |
|           |    Vars  Clauses Literals |    Limit  Clauses Lit/Cl |          |
===============================================================================
|       100 |     282     1137     3295 |      416      100      8 |  0.001 % |
===============================================================================
restarts              : 3
conflicts             : 233            (inf /sec)
decisions             : 282            (0.00 % random) (inf /sec)
propagations          : 11974          (inf /sec)
conflict literals     : 1559           (30.77 % deleted)
Memory used           : 19.00 MB
CPU time              : 0 s

UNSATISFIABLE
