WARNING: for repeatability, setting FPU to use double precision
============================[ Problem Statistics ]=============================
|                                                                             |
|  Number of variables:           284                                         |
|  Number of clauses:            1152                                         |
|  Parse time:                   0.00 s                                       |
|                                                                             |
============================[ Search Statistics ]==============================
| Conflicts |          ORIGINAL         |          LEARNT          | Progress |
|           |    Vars  Clauses Literals |    Limit  Clauses Lit/Cl |          |
===============================================================================
|       100 |     284     1152     3337 |      422      100      7 |  0.001 % |
===============================================================================
restarts              : 2
conflicts             : 147            (inf /sec)
decisions             : 175            (0.00 % random) (inf /sec)
propagations          : 7814           (inf /sec)
conflict literals     : 852            (32.11 % deleted)
Memory used           : 19.00 MB
CPU time              : 0 s

UNSATISFIABLE
