WARNING: for repeatability, setting FPU to use double precision
============================[ Problem Statistics ]=============================
|                                                                             |
|  Number of variables:           282                                         |
|  Number of clauses:            1122                                         |
|  Parse time:                   0.00 s                                       |
|                                                                             |
============================[ Search Statistics ]==============================
| Conflicts |          ORIGINAL         |          LEARNT          | Progress |
|           |    Vars  Clauses Literals |    Limit  Clauses Lit/Cl |          |
===============================================================================
|       100 |     282     1122     3233 |      411      100      8 |  0.003 % |
===============================================================================
restarts              : 3
conflicts             : 238            (inf /sec)
decisions             : 301            (0.00 % random) (inf /sec)
propagations          : 12600          (inf /sec)
conflict literals     : 1577           (32.58 % deleted)
Memory used           : 19.00 MB
CPU time              : 0 s

UNSATISFIABLE
