WARNING: for repeatability, setting FPU to use double precision
============================[ Problem Statistics ]=============================
|                                                                             |
|  Number of variables:           275                                         |
|  Number of clauses:            1103                                         |
|  Parse time:                   0.00 s                                       |
|                                                                             |
============================[ Search Statistics ]==============================
| Conflicts |          ORIGINAL         |          LEARNT          | Progress |
|           |    Vars  Clauses Literals |    Limit  Clauses Lit/Cl |          |
===============================================================================
|       100 |     275     1103     3147 |      404      100      8 |  0.001 % |
===============================================================================
restarts              : 2
conflicts             : 201            (inf /sec)
decisions             : 258            (0.00 % random) (inf /sec)
propagations          : 10303          (inf /sec)
conflict literals     : 1402           (27.02 % deleted)
Memory used           : 19.00 MB
CPU time              : 0 s

UNSATISFIABLE
