WARNING: for repeatability, setting FPU to use double precision
============================[ Problem Statistics ]=============================
|                                                                             |
|  Number of variables:           274                                         |
|  Number of clauses:            1074                                         |
|  Parse time:                   0.00 s                                       |
|                                                                             |
============================[ Search Statistics ]==============================
| Conflicts |          ORIGINAL         |          LEARNT          | Progress |
|           |    Vars  Clauses Literals |    Limit  Clauses Lit/Cl |          |
===============================================================================
|       100 |     274     1074     3071 |      393      100      6 |  0.003 % |
===============================================================================
restarts              : 2
conflicts             : 121            (inf /sec)
decisions             : 143            (0.00 % random) (inf /sec)
propagations          : 6106           (inf /sec)
conflict literals     : 647            (23.43 % deleted)
Memory used           : 19.00 MB
CPU time              : 0 s

UNSATISFIABLE
