WARNING: for repeatability, setting FPU to use double precision
============================[ Problem Statistics ]=============================
|                                                                             |
|  Number of variables:           283                                         |
|  Number of clauses:            1134                                         |
|  Parse time:                   0.00 s                                       |
|                                                                             |
============================[ Search Statistics ]==============================
| Conflicts |          ORIGINAL         |          LEARNT          | Progress |
|           |    Vars  Clauses Literals |    Limit  Clauses Lit/Cl |          |
===============================================================================
|       100 |     283     1134     3267 |      415      100      8 |  0.001 % |
|       250 |     279     1103     3180 |      457      188      8 |  1.415 % |
===============================================================================
restarts              : 4
conflicts             : 408            (102000 /sec)
decisions             : 534            (0.00 % random) (133500 /sec)
propagations          : 21429          (5357250 /sec)
conflict literals     : 2703           (30.76 % deleted)
Memory used           : 19.00 MB
CPU time              : 0.004 s

UNSATISFIABLE
