WARNING: for repeatability, setting FPU to use double precision
============================[ Problem Statistics ]=============================
|                                                                             |
|  Number of variables:           278                                         |
|  Number of clauses:            1110                                         |
|  Parse time:                   0.00 s                                       |
|                                                                             |
============================[ Search Statistics ]==============================
| Conflicts |          ORIGINAL         |          LEARNT          | Progress |
|           |    Vars  Clauses Literals |    Limit  Clauses Lit/Cl |          |
===============================================================================
|       100 |     277     1110     3202 |      407       99      6 |  0.360 % |
===============================================================================
restarts              : 2
conflicts             : 143            (inf /sec)
decisions             : 171            (0.00 % random) (inf /sec)
propagations          : 6675           (inf /sec)
conflict literals     : 804            (26.78 % deleted)
Memory used           : 19.00 MB
CPU time              : 0 s

UNSATISFIABLE
