WARNING: for repeatability, setting FPU to use double precision
============================[ Problem Statistics ]=============================
|                                                                             |
|  Number of variables:           282                                         |
|  Number of clauses:            1148                                         |
|  Parse time:                   0.00 s                                       |
|                                                                             |
============================[ Search Statistics ]==============================
| Conflicts |          ORIGINAL         |          LEARNT          | Progress |
|           |    Vars  Clauses Literals |    Limit  Clauses Lit/Cl |          |
===============================================================================
|       100 |     280     1130     3268 |      420       57      6 |  0.728 % |
===============================================================================
restarts              : 2
conflicts             : 119            (inf /sec)
decisions             : 169            (0.00 % random) (inf /sec)
propagations          : 5847           (inf /sec)
conflict literals     : 697            (31.53 % deleted)
Memory used           : 19.00 MB
CPU time              : 0 s

UNSATISFIABLE
