WARNING: for repeatability, setting FPU to use double precision
============================[ Problem Statistics ]=============================
|                                                                             |
|  Number of variables:           265                                         |
|  Number of clauses:            1029                                         |
|  Parse time:                   0.00 s                                       |
|                                                                             |
============================[ Search Statistics ]==============================
| Conflicts |          ORIGINAL         |          LEARNT          | Progress |
|           |    Vars  Clauses Literals |    Limit  Clauses Lit/Cl |          |
===============================================================================
|       100 |     265     1029     2917 |      377      100      6 |  0.003 % |
===============================================================================
restarts              : 2
conflicts             : 150            (inf /sec)
decisions             : 177            (0.00 % random) (inf /sec)
propagations          : 6901           (inf /sec)
conflict literals     : 794            (21.70 % deleted)
Memory used           : 19.00 MB
CPU time              : 0 s

UNSATISFIABLE
