WARNING: for repeatability, setting FPU to use double precision
============================[ Problem Statistics ]=============================
|                                                                             |
|  Number of variables:           276                                         |
|  Number of clauses:            1095                                         |
|  Parse time:                   0.00 s                                       |
|                                                                             |
============================[ Search Statistics ]==============================
| Conflicts |          ORIGINAL         |          LEARNT          | Progress |
|           |    Vars  Clauses Literals |    Limit  Clauses Lit/Cl |          |
===============================================================================
|       100 |     276     1095     3141 |      401      100      7 |  0.003 % |
===============================================================================
restarts              : 2
conflicts             : 153            (inf /sec)
decisions             : 186            (0.00 % random) (inf /sec)
propagations          : 6893           (inf /sec)
conflict literals     : 941            (28.98 % deleted)
Memory used           : 19.00 MB
CPU time              : 0 s

UNSATISFIABLE
