WARNING: for repeatability, setting FPU to use double precision
============================[ Problem Statistics ]=============================
|                                                                             |
|  Number of variables:           288                                         |
|  Number of clauses:            1170                                         |
|  Parse time:                   0.00 s                                       |
|                                                                             |
============================[ Search Statistics ]==============================
| Conflicts |          ORIGINAL         |          LEARNT          | Progress |
|           |    Vars  Clauses Literals |    Limit  Clauses Lit/Cl |          |
===============================================================================
|       100 |     288     1170     3428 |      429      100      9 |  0.001 % |
|       250 |     288     1170     3428 |      471      250     10 |  0.002 % |
|       475 |     288     1170     3428 |      519      475      9 |  0.002 % |
|       812 |     286     1159     3396 |      570      442      8 |  0.702 % |
===============================================================================
restarts              : 7
conflicts             : 1205           (150625 /sec)
decisions             : 1441           (0.00 % random) (180125 /sec)
propagations          : 60514          (7564250 /sec)
conflict literals     : 9953           (32.38 % deleted)
Memory used           : 19.00 MB
CPU time              : 0.008 s

UNSATISFIABLE
