WARNING: for repeatability, setting FPU to use double precision
============================[ Problem Statistics ]=============================
|                                                                             |
|  Number of variables:           276                                         |
|  Number of clauses:            1080                                         |
|  Parse time:                   0.00 s                                       |
|                                                                             |
============================[ Search Statistics ]==============================
| Conflicts |          ORIGINAL         |          LEARNT          | Progress |
|           |    Vars  Clauses Literals |    Limit  Clauses Lit/Cl |          |
===============================================================================
|       100 |     276     1080     3091 |      396      100      7 |  0.016 % |
|       250 |     272     1056     3023 |      435      179      7 |  1.457 % |
===============================================================================
restarts              : 3
conflicts             : 267            (inf /sec)
decisions             : 327            (0.00 % random) (inf /sec)
propagations          : 13694          (inf /sec)
conflict literals     : 1682           (32.61 % deleted)
Memory used           : 19.00 MB
CPU time              : 0 s

UNSATISFIABLE
