WARNING: for repeatability, setting FPU to use double precision
============================[ Problem Statistics ]=============================
|                                                                             |
|  Number of variables:           276                                         |
|  Number of clauses:            1099                                         |
|  Parse time:                   0.00 s                                       |
|                                                                             |
============================[ Search Statistics ]==============================
| Conflicts |          ORIGINAL         |          LEARNT          | Progress |
|           |    Vars  Clauses Literals |    Limit  Clauses Lit/Cl |          |
===============================================================================
|       100 |     275     1095     3150 |      402       79      6 |  0.364 % |
===============================================================================
restarts              : 2
conflicts             : 183            (inf /sec)
decisions             : 230            (0.00 % random) (inf /sec)
propagations          : 8901           (inf /sec)
conflict literals     : 961            (32.80 % deleted)
Memory used           : 19.00 MB
CPU time              : 0 s

UNSATISFIABLE
