WARNING: for repeatability, setting FPU to use double precision
============================[ Problem Statistics ]=============================
|                                                                             |
|  Number of variables:           280                                         |
|  Number of clauses:            1122                                         |
|  Parse time:                   0.00 s                                       |
|                                                                             |
============================[ Search Statistics ]==============================
| Conflicts |          ORIGINAL         |          LEARNT          | Progress |
|           |    Vars  Clauses Literals |    Limit  Clauses Lit/Cl |          |
===============================================================================
|       100 |     280     1122     3233 |      411      100      9 |  0.001 % |
|       250 |     280     1122     3233 |      452      250      8 |  0.079 % |
===============================================================================
restarts              : 3
conflicts             : 295            (inf /sec)
decisions             : 414            (0.00 % random) (inf /sec)
propagations          : 14536          (inf /sec)
conflict literals     : 2157           (26.16 % deleted)
Memory used           : 19.00 MB
CPU time              : 0 s

UNSATISFIABLE
