WARNING: for repeatability, setting FPU to use double precision
============================[ Problem Statistics ]=============================
|                                                                             |
|  Number of variables:           272                                         |
|  Number of clauses:            1052                                         |
|  Parse time:                   0.00 s                                       |
|                                                                             |
============================[ Search Statistics ]==============================
| Conflicts |          ORIGINAL         |          LEARNT          | Progress |
|           |    Vars  Clauses Literals |    Limit  Clauses Lit/Cl |          |
===============================================================================
|       100 |     272     1052     2990 |      385      100      7 |  0.009 % |
===============================================================================
restarts              : 2
conflicts             : 170            (inf /sec)
decisions             : 205            (0.00 % random) (inf /sec)
propagations          : 9073           (inf /sec)
conflict literals     : 949            (31.97 % deleted)
Memory used           : 19.00 MB
CPU time              : 0 s

UNSATISFIABLE
