WARNING: for repeatability, setting FPU to use double precision
============================[ Problem Statistics ]=============================
|                                                                             |
|  Number of variables:           287                                         |
|  Number of clauses:            1182                                         |
|  Parse time:                   0.00 s                                       |
|                                                                             |
============================[ Search Statistics ]==============================
| Conflicts |          ORIGINAL         |          LEARNT          | Progress |
|           |    Vars  Clauses Literals |    Limit  Clauses Lit/Cl |          |
===============================================================================
|       100 |     287     1182     3430 |      433      100      8 |  0.001 % |
===============================================================================
restarts              : 2
conflicts             : 160            (inf /sec)
decisions             : 198            (0.00 % random) (inf /sec)
propagations          : 8454           (inf /sec)
conflict literals     : 981            (33.08 % deleted)
Memory used           : 19.00 MB
CPU time              : 0 s

UNSATISFIABLE
