WARNING: for repeatability, setting FPU to use double precision
============================[ Problem Statistics ]=============================
|                                                                             |
|  Number of variables:           260                                         |
|  Number of clauses:             975                                         |
|  Parse time:                   0.00 s                                       |
|                                                                             |
============================[ Search Statistics ]==============================
| Conflicts |          ORIGINAL         |          LEARNT          | Progress |
|           |    Vars  Clauses Literals |    Limit  Clauses Lit/Cl |          |
===============================================================================
===============================================================================
restarts              : 1
conflicts             : 11             (inf /sec)
decisions             : 12             (0.00 % random) (inf /sec)
propagations          : 663            (inf /sec)
conflict literals     : 36             (37.93 % deleted)
Memory used           : 19.00 MB
CPU time              : 0 s

UNSATISFIABLE
