WARNING: for repeatability, setting FPU to use double precision
============================[ Problem Statistics ]=============================
|                                                                             |
|  Number of variables:           288                                         |
|  Number of clauses:            1191                                         |
|  Parse time:                   0.00 s                                       |
|                                                                             |
============================[ Search Statistics ]==============================
| Conflicts |          ORIGINAL         |          LEARNT          | Progress |
|           |    Vars  Clauses Literals |    Limit  Clauses Lit/Cl |          |
===============================================================================
|       100 |     288     1191     3477 |      436      100     10 |  0.001 % |
|       250 |     286     1176     3434 |      480      219      9 |  0.697 % |
===============================================================================
restarts              : 3
conflicts             : 323            (inf /sec)
decisions             : 422            (0.00 % random) (inf /sec)
propagations          : 16044          (inf /sec)
conflict literals     : 2431           (29.72 % deleted)
Memory used           : 19.00 MB
CPU time              : 0 s

UNSATISFIABLE
