WARNING: for repeatability, setting FPU to use double precision
============================[ Problem Statistics ]=============================
|                                                                             |
|  Number of variables:           276                                         |
|  Number of clauses:            1089                                         |
|  Parse time:                   0.00 s                                       |
|                                                                             |
============================[ Search Statistics ]==============================
| Conflicts |          ORIGINAL         |          LEARNT          | Progress |
|           |    Vars  Clauses Literals |    Limit  Clauses Lit/Cl |          |
===============================================================================
|       100 |     274     1074     3074 |      399       58      6 |  0.734 % |
===============================================================================
restarts              : 2
conflicts             : 116            (inf /sec)
decisions             : 137            (0.00 % random) (inf /sec)
propagations          : 6122           (inf /sec)
conflict literals     : 639            (32.17 % deleted)
Memory used           : 19.00 MB
CPU time              : 0 s

UNSATISFIABLE
