WARNING: for repeatability, setting FPU to use double precision
============================[ Problem Statistics ]=============================
|                                                                             |
|  Number of variables:           283                                         |
|  Number of clauses:            1147                                         |
|  Parse time:                   0.00 s                                       |
|                                                                             |
============================[ Search Statistics ]==============================
| Conflicts |          ORIGINAL         |          LEARNT          | Progress |
|           |    Vars  Clauses Literals |    Limit  Clauses Lit/Cl |          |
===============================================================================
|       100 |     283     1147     3303 |      420      100      6 |  0.004 % |
===============================================================================
restarts              : 2
conflicts             : 122            (inf /sec)
decisions             : 142            (0.00 % random) (inf /sec)
propagations          : 6788           (inf /sec)
conflict literals     : 669            (28.30 % deleted)
Memory used           : 19.00 MB
CPU time              : 0 s

UNSATISFIABLE
