WARNING: for repeatability, setting FPU to use double precision
============================[ Problem Statistics ]=============================
|                                                                             |
|  Number of variables:           274                                         |
|  Number of clauses:            1091                                         |
|  Parse time:                   0.00 s                                       |
|                                                                             |
============================[ Search Statistics ]==============================
| Conflicts |          ORIGINAL         |          LEARNT          | Progress |
|           |    Vars  Clauses Literals |    Limit  Clauses Lit/Cl |          |
===============================================================================
===============================================================================
restarts              : 1
conflicts             : 76             (inf /sec)
decisions             : 92             (0.00 % random) (inf /sec)
propagations          : 4255           (inf /sec)
conflict literals     : 342            (25.97 % deleted)
Memory used           : 19.00 MB
CPU time              : 0 s

UNSATISFIABLE
