WARNING: for repeatability, setting FPU to use double precision
============================[ Problem Statistics ]=============================
|                                                                             |
|  Number of variables:           282                                         |
|  Number of clauses:            1154                                         |
|  Parse time:                   0.00 s                                       |
|                                                                             |
============================[ Search Statistics ]==============================
| Conflicts |          ORIGINAL         |          LEARNT          | Progress |
|           |    Vars  Clauses Literals |    Limit  Clauses Lit/Cl |          |
===============================================================================
===============================================================================
restarts              : 1
conflicts             : 72             (inf /sec)
decisions             : 91             (0.00 % random) (inf /sec)
propagations          : 3987           (inf /sec)
conflict literals     : 412            (23.56 % deleted)
Memory used           : 19.00 MB
CPU time              : 0 s

UNSATISFIABLE
