WARNING: for repeatability, setting FPU to use double precision
============================[ Problem Statistics ]=============================
|                                                                             |
|  Number of variables:           271                                         |
|  Number of clauses:            1064                                         |
|  Parse time:                   0.00 s                                       |
|                                                                             |
============================[ Search Statistics ]==============================
| Conflicts |          ORIGINAL         |          LEARNT          | Progress |
|           |    Vars  Clauses Literals |    Limit  Clauses Lit/Cl |          |
===============================================================================
|       100 |     269     1053     3015 |      390       85      6 |  0.768 % |
===============================================================================
restarts              : 2
conflicts             : 106            (inf /sec)
decisions             : 133            (0.00 % random) (inf /sec)
propagations          : 5748           (inf /sec)
conflict literals     : 588            (27.05 % deleted)
Memory used           : 19.00 MB
CPU time              : 0 s

UNSATISFIABLE
