WARNING: for repeatability, setting FPU to use double precision
============================[ Problem Statistics ]=============================
|                                                                             |
|  Number of variables:           285                                         |
|  Number of clauses:            1152                                         |
|  Parse time:                   0.00 s                                       |
|                                                                             |
============================[ Search Statistics ]==============================
| Conflicts |          ORIGINAL         |          LEARNT          | Progress |
|           |    Vars  Clauses Literals |    Limit  Clauses Lit/Cl |          |
===============================================================================
|       100 |     283     1148     3315 |      422       66      6 |  0.710 % |
===============================================================================
restarts              : 2
conflicts             : 113            (inf /sec)
decisions             : 163            (0.00 % random) (inf /sec)
propagations          : 5344           (inf /sec)
conflict literals     : 695            (26.61 % deleted)
Memory used           : 19.00 MB
CPU time              : 0 s

UNSATISFIABLE
