WARNING: for repeatability, setting FPU to use double precision
============================[ Problem Statistics ]=============================
|                                                                             |
|  Number of variables:           278                                         |
|  Number of clauses:            1110                                         |
|  Parse time:                   0.00 s                                       |
|                                                                             |
============================[ Search Statistics ]==============================
| Conflicts |          ORIGINAL         |          LEARNT          | Progress |
|           |    Vars  Clauses Literals |    Limit  Clauses Lit/Cl |          |
===============================================================================
|       100 |     278     1110     3178 |      407      100      7 |  0.001 % |
===============================================================================
restarts              : 2
conflicts             : 147            (inf /sec)
decisions             : 213            (0.00 % random) (inf /sec)
propagations          : 7926           (inf /sec)
conflict literals     : 989            (20.63 % deleted)
Memory used           : 19.00 MB
CPU time              : 0 s

UNSATISFIABLE
