WARNING: for repeatability, setting FPU to use double precision
============================[ Problem Statistics ]=============================
|                                                                             |
|  Number of variables:           282                                         |
|  Number of clauses:            1125                                         |
|  Parse time:                   0.00 s                                       |
|                                                                             |
============================[ Search Statistics ]==============================
| Conflicts |          ORIGINAL         |          LEARNT          | Progress |
|           |    Vars  Clauses Literals |    Limit  Clauses Lit/Cl |          |
===============================================================================
|       100 |     254     1119     3221 |      412       79      6 |  9.940 % |
===============================================================================
restarts              : 2
conflicts             : 104            (inf /sec)
decisions             : 114            (0.00 % random) (inf /sec)
propagations          : 5623           (inf /sec)
conflict literals     : 586            (28.54 % deleted)
Memory used           : 19.00 MB
CPU time              : 0 s

UNSATISFIABLE
