WARNING: for repeatability, setting FPU to use double precision
============================[ Problem Statistics ]=============================
|                                                                             |
|  Number of variables:           286                                         |
|  Number of clauses:            1142                                         |
|  Parse time:                   0.00 s                                       |
|                                                                             |
============================[ Search Statistics ]==============================
| Conflicts |          ORIGINAL         |          LEARNT          | Progress |
|           |    Vars  Clauses Literals |    Limit  Clauses Lit/Cl |          |
===============================================================================
|       100 |     286     1142     3313 |      418      100      8 |  0.001 % |
|       250 |     286     1142     3313 |      460      250      8 |  0.002 % |
===============================================================================
restarts              : 4
conflicts             : 417            (104250 /sec)
decisions             : 502            (0.00 % random) (125500 /sec)
propagations          : 22486          (5621500 /sec)
conflict literals     : 3041           (28.87 % deleted)
Memory used           : 19.00 MB
CPU time              : 0.004 s

UNSATISFIABLE
