WARNING: for repeatability, setting FPU to use double precision
============================[ Problem Statistics ]=============================
|                                                                             |
|  Number of variables:           282                                         |
|  Number of clauses:            1150                                         |
|  Parse time:                   0.00 s                                       |
|                                                                             |
============================[ Search Statistics ]==============================
| Conflicts |          ORIGINAL         |          LEARNT          | Progress |
|           |    Vars  Clauses Literals |    Limit  Clauses Lit/Cl |          |
===============================================================================
|       100 |     267     1111     3206 |      421       76      5 |  5.326 % |
===============================================================================
restarts              : 2
conflicts             : 108            (inf /sec)
decisions             : 138            (0.00 % random) (inf /sec)
propagations          : 5102           (inf /sec)
conflict literals     : 511            (31.68 % deleted)
Memory used           : 19.00 MB
CPU time              : 0 s

UNSATISFIABLE
