WARNING: for repeatability, setting FPU to use double precision
============================[ Problem Statistics ]=============================
|                                                                             |
|  Number of variables:           279                                         |
|  Number of clauses:            1115                                         |
|  Parse time:                   0.00 s                                       |
|                                                                             |
============================[ Search Statistics ]==============================
| Conflicts |          ORIGINAL         |          LEARNT          | Progress |
|           |    Vars  Clauses Literals |    Limit  Clauses Lit/Cl |          |
===============================================================================
|       100 |     277     1108     3174 |      408       98      6 |  0.722 % |
===============================================================================
restarts              : 3
conflicts             : 246            (inf /sec)
decisions             : 299            (0.00 % random) (inf /sec)
propagations          : 12244          (inf /sec)
conflict literals     : 1452           (27.22 % deleted)
Memory used           : 19.00 MB
CPU time              : 0 s

UNSATISFIABLE
