WARNING: for repeatability, setting FPU to use double precision
============================[ Problem Statistics ]=============================
|                                                                             |
|  Number of variables:           283                                         |
|  Number of clauses:            1136                                         |
|  Parse time:                   0.00 s                                       |
|                                                                             |
============================[ Search Statistics ]==============================
| Conflicts |          ORIGINAL         |          LEARNT          | Progress |
|           |    Vars  Clauses Literals |    Limit  Clauses Lit/Cl |          |
===============================================================================
|       100 |     283     1136     3284 |      416      100      7 |  0.015 % |
===============================================================================
restarts              : 2
conflicts             : 144            (inf /sec)
decisions             : 185            (0.00 % random) (inf /sec)
propagations          : 7692           (inf /sec)
conflict literals     : 890            (30.52 % deleted)
Memory used           : 19.00 MB
CPU time              : 0 s

UNSATISFIABLE
