WARNING: for repeatability, setting FPU to use double precision
============================[ Problem Statistics ]=============================
|                                                                             |
|  Number of variables:           275                                         |
|  Number of clauses:            1081                                         |
|  Parse time:                   0.00 s                                       |
|                                                                             |
============================[ Search Statistics ]==============================
| Conflicts |          ORIGINAL         |          LEARNT          | Progress |
|           |    Vars  Clauses Literals |    Limit  Clauses Lit/Cl |          |
===============================================================================
|       100 |     275     1081     3074 |      396      100      7 |  0.001 % |
===============================================================================
restarts              : 2
conflicts             : 133            (inf /sec)
decisions             : 172            (0.00 % random) (inf /sec)
propagations          : 6252           (inf /sec)
conflict literals     : 792            (22.43 % deleted)
Memory used           : 19.00 MB
CPU time              : 0 s

UNSATISFIABLE
