WARNING: for repeatability, setting FPU to use double precision
============================[ Problem Statistics ]=============================
|                                                                             |
|  Number of variables:           279                                         |
|  Number of clauses:            1134                                         |
|  Parse time:                   0.00 s                                       |
|                                                                             |
============================[ Search Statistics ]==============================
| Conflicts |          ORIGINAL         |          LEARNT          | Progress |
|           |    Vars  Clauses Literals |    Limit  Clauses Lit/Cl |          |
===============================================================================
|       100 |     279     1134     3254 |      415      100      6 |  0.005 % |
===============================================================================
restarts              : 2
conflicts             : 151            (inf /sec)
decisions             : 197            (0.00 % random) (inf /sec)
propagations          : 7141           (inf /sec)
conflict literals     : 877            (25.68 % deleted)
Memory used           : 19.00 MB
CPU time              : 0 s

UNSATISFIABLE
