WARNING: for repeatability, setting FPU to use double precision
============================[ Problem Statistics ]=============================
|                                                                             |
|  Number of variables:           274                                         |
|  Number of clauses:            1080                                         |
|  Parse time:                   0.00 s                                       |
|                                                                             |
============================[ Search Statistics ]==============================
| Conflicts |          ORIGINAL         |          LEARNT          | Progress |
|           |    Vars  Clauses Literals |    Limit  Clauses Lit/Cl |          |
===============================================================================
|       100 |     274     1080     3077 |      396      100      6 |  0.061 % |
===============================================================================
restarts              : 2
conflicts             : 142            (inf /sec)
decisions             : 180            (0.00 % random) (inf /sec)
propagations          : 7648           (inf /sec)
conflict literals     : 705            (35.68 % deleted)
Memory used           : 19.00 MB
CPU time              : 0 s

UNSATISFIABLE
