WARNING: for repeatability, setting FPU to use double precision
============================[ Problem Statistics ]=============================
|                                                                             |
|  Number of variables:           286                                         |
|  Number of clauses:            1148                                         |
|  Parse time:                   0.00 s                                       |
|                                                                             |
============================[ Search Statistics ]==============================
| Conflicts |          ORIGINAL         |          LEARNT          | Progress |
|           |    Vars  Clauses Literals |    Limit  Clauses Lit/Cl |          |
===============================================================================
|       100 |     286     1148     3343 |      420      100     10 |  0.001 % |
|       250 |     286     1148     3343 |      463      250      9 |  0.001 % |
|       475 |     286     1148     3343 |      509      475      9 |  0.005 % |
===============================================================================
restarts              : 6
conflicts             : 649            (162250 /sec)
decisions             : 776            (0.00 % random) (194000 /sec)
propagations          : 30221          (7555250 /sec)
conflict literals     : 5182           (26.90 % deleted)
Memory used           : 19.00 MB
CPU time              : 0.004 s

UNSATISFIABLE
