WARNING: for repeatability, setting FPU to use double precision
============================[ Problem Statistics ]=============================
|                                                                             |
|  Number of variables:           298                                         |
|  Number of clauses:            1250                                         |
|  Parse time:                   0.00 s                                       |
|                                                                             |
============================[ Search Statistics ]==============================
| Conflicts |          ORIGINAL         |          LEARNT          | Progress |
|           |    Vars  Clauses Literals |    Limit  Clauses Lit/Cl |          |
===============================================================================
|       100 |     298     1250     3737 |      458      100     16 |  0.001 % |
|       250 |     298     1250     3737 |      504      250     16 |  0.001 % |
|       475 |     298     1250     3737 |      554      475     15 |  0.001 % |
|       812 |     298     1250     3737 |      610      521     14 |  0.001 % |
|      1318 |     298     1250     3737 |      671      398     13 |  0.001 % |
|      2077 |     298     1250     3737 |      738      462     12 |  0.001 % |
|      3216 |     298     1250     3737 |      811      462     12 |  0.001 % |
|      4924 |     298     1250     3737 |      893      491     12 |  0.001 % |
|      7486 |     298     1250     3737 |      982      767     12 |  0.001 % |
|     11330 |     298     1250     3737 |     1080      590     12 |  0.001 % |
|     17096 |     298     1250     3737 |     1188      832     12 |  0.001 % |
|     25745 |     298     1250     3737 |     1307      984     12 |  0.001 % |
|     38719 |     298     1250     3737 |     1438     1279     12 |  0.001 % |
|     58180 |     298     1250     3737 |     1582      929     12 |  0.001 % |
|     87372 |     298     1250     3737 |     1740     1221     12 |  0.001 % |
|    131161 |     298     1250     3737 |     1914     1777     14 |  0.001 % |
|    196845 |     298     1250     3737 |     2106     1508     12 |  0.002 % |
|    295371 |     298     1250     3737 |     2316     1993     14 |  0.001 % |
|    443160 |     298     1250     3737 |     2548     2092     12 |  0.001 % |
|    664843 |     298     1250     3737 |     2803     2272     14 |  0.001 % |
|    997368 |     297     1240     3707 |     3083     1743     13 |  0.337 % |
===============================================================================
restarts              : 2587
conflicts             : 1364229        (88886 /sec)
decisions             : 1652725        (0.00 % random) (107683 /sec)
propagations          : 68533410       (4465299 /sec)
conflict literals     : 19193134       (24.10 % deleted)
Memory used           : 19.00 MB
CPU time              : 15.348 s

UNSATISFIABLE
