WARNING: for repeatability, setting FPU to use double precision
============================[ Problem Statistics ]=============================
|                                                                             |
|  Number of variables:           270                                         |
|  Number of clauses:            1013                                         |
|  Parse time:                   0.00 s                                       |
|                                                                             |
============================[ Search Statistics ]==============================
| Conflicts |          ORIGINAL         |          LEARNT          | Progress |
|           |    Vars  Clauses Literals |    Limit  Clauses Lit/Cl |          |
===============================================================================
===============================================================================
restarts              : 1
conflicts             : 53             (inf /sec)
decisions             : 66             (0.00 % random) (inf /sec)
propagations          : 2694           (inf /sec)
conflict literals     : 195            (43.31 % deleted)
Memory used           : 19.00 MB
CPU time              : 0 s

UNSATISFIABLE
