WARNING: for repeatability, setting FPU to use double precision
============================[ Problem Statistics ]=============================
|                                                                             |
|  Number of variables:           298                                         |
|  Number of clauses:            1253                                         |
|  Parse time:                   0.00 s                                       |
|                                                                             |
============================[ Search Statistics ]==============================
| Conflicts |          ORIGINAL         |          LEARNT          | Progress |
|           |    Vars  Clauses Literals |    Limit  Clauses Lit/Cl |          |
===============================================================================
|       100 |     298     1253     3747 |      459      100     17 |  0.001 % |
|       250 |     298     1253     3747 |      505      250     16 |  0.001 % |
|       475 |     298     1253     3747 |      555      475     16 |  0.001 % |
|       812 |     298     1253     3747 |      611      522     14 |  0.001 % |
|      1318 |     298     1253     3747 |      672      384     12 |  0.001 % |
|      2077 |     298     1253     3747 |      739      453     11 |  0.001 % |
|      3216 |     298     1253     3747 |      813      440     11 |  0.001 % |
|      4924 |     298     1253     3747 |      895      484     11 |  0.001 % |
|      7486 |     298     1253     3747 |      984      728     12 |  0.001 % |
|     11330 |     298     1253     3747 |     1083      528     11 |  0.001 % |
|     17096 |     298     1253     3747 |     1191      741     12 |  0.001 % |
|     25745 |     298     1253     3747 |     1310      871     12 |  0.001 % |
|     38719 |     298     1253     3747 |     1441     1135     13 |  0.001 % |
|     58180 |     298     1253     3747 |     1586      824     13 |  0.001 % |
|     87372 |     298     1253     3747 |     1744     1033     12 |  0.001 % |
|    131161 |     298     1253     3747 |     1919     1530     12 |  0.001 % |
|    196845 |     298     1253     3747 |     2111     1121     11 |  0.001 % |
|    295371 |     298     1253     3747 |     2322     1442     14 |  0.001 % |
|    443160 |     298     1253     3747 |     2554     2348     12 |  0.002 % |
|    664843 |     298     1253     3747 |     2809     1816     13 |  0.001 % |
|    997368 |     298     1253     3747 |     3090     2251     13 |  0.001 % |
===============================================================================
restarts              : 2683
conflicts             : 1392891        (89196 /sec)
decisions             : 1689563        (0.00 % random) (108194 /sec)
propagations          : 69367936       (4442107 /sec)
conflict literals     : 19936878       (23.01 % deleted)
Memory used           : 19.00 MB
CPU time              : 15.616 s

SATISFIABLE
