WARNING: for repeatability, setting FPU to use double precision
============================[ Problem Statistics ]=============================
|                                                                             |
|  Number of variables:           281                                         |
|  Number of clauses:            1121                                         |
|  Parse time:                   0.00 s                                       |
|                                                                             |
============================[ Search Statistics ]==============================
| Conflicts |          ORIGINAL         |          LEARNT          | Progress |
|           |    Vars  Clauses Literals |    Limit  Clauses Lit/Cl |          |
===============================================================================
|       100 |     281     1121     3235 |      411      100      7 |  0.006 % |
===============================================================================
restarts              : 3
conflicts             : 209            (inf /sec)
decisions             : 278            (0.00 % random) (inf /sec)
propagations          : 10365          (inf /sec)
conflict literals     : 1231           (31.11 % deleted)
Memory used           : 19.00 MB
CPU time              : 0 s

UNSATISFIABLE
