WARNING: for repeatability, setting FPU to use double precision
============================[ Problem Statistics ]=============================
|                                                                             |
|  Number of variables:           279                                         |
|  Number of clauses:            1105                                         |
|  Parse time:                   0.00 s                                       |
|                                                                             |
============================[ Search Statistics ]==============================
| Conflicts |          ORIGINAL         |          LEARNT          | Progress |
|           |    Vars  Clauses Literals |    Limit  Clauses Lit/Cl |          |
===============================================================================
|       100 |     279     1105     3178 |      405      100      6 |  0.009 % |
===============================================================================
restarts              : 2
conflicts             : 135            (inf /sec)
decisions             : 158            (0.00 % random) (inf /sec)
propagations          : 7281           (inf /sec)
conflict literals     : 703            (26.39 % deleted)
Memory used           : 19.00 MB
CPU time              : 0 s

UNSATISFIABLE
