WARNING: for repeatability, setting FPU to use double precision
============================[ Problem Statistics ]=============================
|                                                                             |
|  Number of variables:           280                                         |
|  Number of clauses:            1094                                         |
|  Parse time:                   0.00 s                                       |
|                                                                             |
============================[ Search Statistics ]==============================
| Conflicts |          ORIGINAL         |          LEARNT          | Progress |
|           |    Vars  Clauses Literals |    Limit  Clauses Lit/Cl |          |
===============================================================================
|       100 |     280     1094     3146 |      401      100      7 |  0.005 % |
|       250 |     280     1094     3146 |      441      250      8 |  0.006 % |
|       475 |     274     1063     3060 |      485      388      8 |  2.151 % |
===============================================================================
restarts              : 6
conflicts             : 611            (152750 /sec)
decisions             : 745            (0.00 % random) (186250 /sec)
propagations          : 29777          (7444250 /sec)
conflict literals     : 4389           (31.96 % deleted)
Memory used           : 19.00 MB
CPU time              : 0.004 s

UNSATISFIABLE
