WARNING: for repeatability, setting FPU to use double precision
============================[ Problem Statistics ]=============================
|                                                                             |
|  Number of variables:           277                                         |
|  Number of clauses:            1115                                         |
|  Parse time:                   0.00 s                                       |
|                                                                             |
============================[ Search Statistics ]==============================
| Conflicts |          ORIGINAL         |          LEARNT          | Progress |
|           |    Vars  Clauses Literals |    Limit  Clauses Lit/Cl |          |
===============================================================================
|       100 |     251     1067     3069 |      408       33      6 |  9.405 % |
===============================================================================
restarts              : 2
conflicts             : 110            (inf /sec)
decisions             : 146            (0.00 % random) (inf /sec)
propagations          : 5502           (inf /sec)
conflict literals     : 616            (28.79 % deleted)
Memory used           : 19.00 MB
CPU time              : 0 s

UNSATISFIABLE
