WARNING: for repeatability, setting FPU to use double precision
============================[ Problem Statistics ]=============================
|                                                                             |
|  Number of variables:           263                                         |
|  Number of clauses:            1018                                         |
|  Parse time:                   0.00 s                                       |
|                                                                             |
============================[ Search Statistics ]==============================
| Conflicts |          ORIGINAL         |          LEARNT          | Progress |
|           |    Vars  Clauses Literals |    Limit  Clauses Lit/Cl |          |
===============================================================================
===============================================================================
restarts              : 1
conflicts             : 20             (inf /sec)
decisions             : 24             (0.00 % random) (inf /sec)
propagations          : 921            (inf /sec)
conflict literals     : 56             (26.32 % deleted)
Memory used           : 19.00 MB
CPU time              : 0 s

UNSATISFIABLE
