WARNING: for repeatability, setting FPU to use double precision
============================[ Problem Statistics ]=============================
|                                                                             |
|  Number of variables:           251                                         |
|  Number of clauses:             927                                         |
|  Parse time:                   0.00 s                                       |
|                                                                             |
============================[ Search Statistics ]==============================
| Conflicts |          ORIGINAL         |          LEARNT          | Progress |
|           |    Vars  Clauses Literals |    Limit  Clauses Lit/Cl |          |
===============================================================================
===============================================================================
restarts              : 1
conflicts             : 24             (inf /sec)
decisions             : 35             (0.00 % random) (inf /sec)
propagations          : 1193           (inf /sec)
conflict literals     : 73             (23.16 % deleted)
Memory used           : 19.00 MB
CPU time              : 0 s

UNSATISFIABLE
