WARNING: for repeatability, setting FPU to use double precision
============================[ Problem Statistics ]=============================
|                                                                             |
|  Number of variables:           289                                         |
|  Number of clauses:            1193                                         |
|  Parse time:                   0.00 s                                       |
|                                                                             |
============================[ Search Statistics ]==============================
| Conflicts |          ORIGINAL         |          LEARNT          | Progress |
|           |    Vars  Clauses Literals |    Limit  Clauses Lit/Cl |          |
===============================================================================
|       100 |     289     1193     3474 |      437      100      8 |  0.002 % |
|       250 |     288     1193     3474 |      481      249      7 |  0.346 % |
===============================================================================
restarts              : 3
conflicts             : 263            (inf /sec)
decisions             : 353            (0.00 % random) (inf /sec)
propagations          : 12354          (inf /sec)
conflict literals     : 1712           (30.86 % deleted)
Memory used           : 19.00 MB
CPU time              : 0 s

UNSATISFIABLE
