WARNING: for repeatability, setting FPU to use double precision
============================[ Problem Statistics ]=============================
|                                                                             |
|  Number of variables:           285                                         |
|  Number of clauses:            1173                                         |
|  Parse time:                   0.00 s                                       |
|                                                                             |
============================[ Search Statistics ]==============================
| Conflicts |          ORIGINAL         |          LEARNT          | Progress |
|           |    Vars  Clauses Literals |    Limit  Clauses Lit/Cl |          |
===============================================================================
|       100 |     283     1169     3395 |      430       71      6 |  0.704 % |
===============================================================================
restarts              : 2
conflicts             : 111            (inf /sec)
decisions             : 140            (0.00 % random) (inf /sec)
propagations          : 5650           (inf /sec)
conflict literals     : 615            (37.12 % deleted)
Memory used           : 19.00 MB
CPU time              : 0 s

UNSATISFIABLE
