WARNING: for repeatability, setting FPU to use double precision
============================[ Problem Statistics ]=============================
|                                                                             |
|  Number of variables:           289                                         |
|  Number of clauses:            1199                                         |
|  Parse time:                   0.00 s                                       |
|                                                                             |
============================[ Search Statistics ]==============================
| Conflicts |          ORIGINAL         |          LEARNT          | Progress |
|           |    Vars  Clauses Literals |    Limit  Clauses Lit/Cl |          |
===============================================================================
|       100 |     289     1199     3504 |      439      100     10 |  0.001 % |
|       250 |     289     1199     3504 |      483      250     10 |  0.001 % |
|       475 |     289     1199     3504 |      531      475      9 |  0.005 % |
|       812 |     286     1171     3423 |      585      298      8 |  1.039 % |
===============================================================================
restarts              : 7
conflicts             : 959            (119875 /sec)
decisions             : 1185           (0.00 % random) (148125 /sec)
propagations          : 49434          (6179250 /sec)
conflict literals     : 7717           (31.20 % deleted)
Memory used           : 19.00 MB
CPU time              : 0.008 s

UNSATISFIABLE
