WARNING: for repeatability, setting FPU to use double precision
============================[ Problem Statistics ]=============================
|                                                                             |
|  Number of variables:           265                                         |
|  Number of clauses:            1018                                         |
|  Parse time:                   0.00 s                                       |
|                                                                             |
============================[ Search Statistics ]==============================
| Conflicts |          ORIGINAL         |          LEARNT          | Progress |
|           |    Vars  Clauses Literals |    Limit  Clauses Lit/Cl |          |
===============================================================================
===============================================================================
restarts              : 1
conflicts             : 20             (inf /sec)
decisions             : 27             (0.00 % random) (inf /sec)
propagations          : 927            (inf /sec)
conflict literals     : 64             (16.88 % deleted)
Memory used           : 19.00 MB
CPU time              : 0 s

UNSATISFIABLE
