WARNING: for repeatability, setting FPU to use double precision
============================[ Problem Statistics ]=============================
|                                                                             |
|  Number of variables:           287                                         |
|  Number of clauses:            1167                                         |
|  Parse time:                   0.00 s                                       |
|                                                                             |
============================[ Search Statistics ]==============================
| Conflicts |          ORIGINAL         |          LEARNT          | Progress |
|           |    Vars  Clauses Literals |    Limit  Clauses Lit/Cl |          |
===============================================================================
|       100 |     287     1167     3403 |      427      100      9 |  0.001 % |
|       250 |     287     1167     3403 |      470      250      9 |  0.001 % |
|       475 |     287     1167     3403 |      517      475      9 |  0.001 % |
===============================================================================
restarts              : 6
conflicts             : 660            (165000 /sec)
decisions             : 805            (0.00 % random) (201250 /sec)
propagations          : 31802          (7950500 /sec)
conflict literals     : 5158           (27.62 % deleted)
Memory used           : 19.00 MB
CPU time              : 0.004 s

UNSATISFIABLE
