WARNING: for repeatability, setting FPU to use double precision
============================[ Problem Statistics ]=============================
|                                                                             |
|  Number of variables:           277                                         |
|  Number of clauses:            1100                                         |
|  Parse time:                   0.00 s                                       |
|                                                                             |
============================[ Search Statistics ]==============================
| Conflicts |          ORIGINAL         |          LEARNT          | Progress |
|           |    Vars  Clauses Literals |    Limit  Clauses Lit/Cl |          |
===============================================================================
|       100 |     275     1100     3149 |      403       99      7 |  0.732 % |
===============================================================================
restarts              : 2
conflicts             : 149            (inf /sec)
decisions             : 180            (0.00 % random) (inf /sec)
propagations          : 7958           (inf /sec)
conflict literals     : 858            (34.10 % deleted)
Memory used           : 19.00 MB
CPU time              : 0 s

UNSATISFIABLE
