WARNING: for repeatability, setting FPU to use double precision
============================[ Problem Statistics ]=============================
|                                                                             |
|  Number of variables:           270                                         |
|  Number of clauses:            1050                                         |
|  Parse time:                   0.00 s                                       |
|                                                                             |
============================[ Search Statistics ]==============================
| Conflicts |          ORIGINAL         |          LEARNT          | Progress |
|           |    Vars  Clauses Literals |    Limit  Clauses Lit/Cl |          |
===============================================================================
===============================================================================
restarts              : 1
conflicts             : 38             (inf /sec)
decisions             : 50             (0.00 % random) (inf /sec)
propagations          : 1592           (inf /sec)
conflict literals     : 164            (27.43 % deleted)
Memory used           : 19.00 MB
CPU time              : 0 s

UNSATISFIABLE
