WARNING: for repeatability, setting FPU to use double precision
============================[ Problem Statistics ]=============================
|                                                                             |
|  Number of variables:           280                                         |
|  Number of clauses:            1122                                         |
|  Parse time:                   0.00 s                                       |
|                                                                             |
============================[ Search Statistics ]==============================
| Conflicts |          ORIGINAL         |          LEARNT          | Progress |
|           |    Vars  Clauses Literals |    Limit  Clauses Lit/Cl |          |
===============================================================================
|       100 |     280     1122     3242 |      411      100      8 |  0.006 % |
===============================================================================
restarts              : 2
conflicts             : 135            (inf /sec)
decisions             : 162            (0.00 % random) (inf /sec)
propagations          : 7143           (inf /sec)
conflict literals     : 892            (30.09 % deleted)
Memory used           : 19.00 MB
CPU time              : 0 s

UNSATISFIABLE
