WARNING: for repeatability, setting FPU to use double precision
============================[ Problem Statistics ]=============================
|                                                                             |
|  Number of variables:           280                                         |
|  Number of clauses:            1132                                         |
|  Parse time:                   0.00 s                                       |
|                                                                             |
============================[ Search Statistics ]==============================
| Conflicts |          ORIGINAL         |          LEARNT          | Progress |
|           |    Vars  Clauses Literals |    Limit  Clauses Lit/Cl |          |
===============================================================================
|       100 |     272     1129     3256 |      415       72      5 |  2.866 % |
===============================================================================
restarts              : 2
conflicts             : 104            (inf /sec)
decisions             : 124            (0.00 % random) (inf /sec)
propagations          : 5480           (inf /sec)
conflict literals     : 490            (36.45 % deleted)
Memory used           : 19.00 MB
CPU time              : 0 s

UNSATISFIABLE
