WARNING: for repeatability, setting FPU to use double precision
============================[ Problem Statistics ]=============================
|                                                                             |
|  Number of variables:           282                                         |
|  Number of clauses:            1144                                         |
|  Parse time:                   0.00 s                                       |
|                                                                             |
============================[ Search Statistics ]==============================
| Conflicts |          ORIGINAL         |          LEARNT          | Progress |
|           |    Vars  Clauses Literals |    Limit  Clauses Lit/Cl |          |
===============================================================================
|       100 |     282     1144     3307 |      419      100      8 |  0.001 % |
|       250 |     282     1144     3307 |      461      250      8 |  0.011 % |
===============================================================================
restarts              : 4
conflicts             : 455            (113750 /sec)
decisions             : 576            (0.00 % random) (144000 /sec)
propagations          : 20650          (5162500 /sec)
conflict literals     : 3227           (32.91 % deleted)
Memory used           : 19.00 MB
CPU time              : 0.004 s

UNSATISFIABLE
