WARNING: for repeatability, setting FPU to use double precision
============================[ Problem Statistics ]=============================
|                                                                             |
|  Number of variables:           261                                         |
|  Number of clauses:             996                                         |
|  Parse time:                   0.00 s                                       |
|                                                                             |
============================[ Search Statistics ]==============================
| Conflicts |          ORIGINAL         |          LEARNT          | Progress |
|           |    Vars  Clauses Literals |    Limit  Clauses Lit/Cl |          |
===============================================================================
===============================================================================
restarts              : 1
conflicts             : 18             (inf /sec)
decisions             : 27             (0.00 % random) (inf /sec)
propagations          : 865            (inf /sec)
conflict literals     : 52             (27.78 % deleted)
Memory used           : 19.00 MB
CPU time              : 0 s

UNSATISFIABLE
