WARNING: for repeatability, setting FPU to use double precision
============================[ Problem Statistics ]=============================
|                                                                             |
|  Number of variables:           271                                         |
|  Number of clauses:            1065                                         |
|  Parse time:                   0.00 s                                       |
|                                                                             |
============================[ Search Statistics ]==============================
| Conflicts |          ORIGINAL         |          LEARNT          | Progress |
|           |    Vars  Clauses Literals |    Limit  Clauses Lit/Cl |          |
===============================================================================
|       100 |     271     1065     3009 |      390      100      6 |  0.004 % |
===============================================================================
restarts              : 2
conflicts             : 135            (inf /sec)
decisions             : 168            (0.00 % random) (inf /sec)
propagations          : 6982           (inf /sec)
conflict literals     : 747            (31.47 % deleted)
Memory used           : 19.00 MB
CPU time              : 0 s

UNSATISFIABLE
