WARNING: for repeatability, setting FPU to use double precision
============================[ Problem Statistics ]=============================
|                                                                             |
|  Number of variables:           279                                         |
|  Number of clauses:            1115                                         |
|  Parse time:                   0.00 s                                       |
|                                                                             |
============================[ Search Statistics ]==============================
| Conflicts |          ORIGINAL         |          LEARNT          | Progress |
|           |    Vars  Clauses Literals |    Limit  Clauses Lit/Cl |          |
===============================================================================
|       100 |     279     1115     3195 |      408      100      7 |  0.001 % |
===============================================================================
restarts              : 2
conflicts             : 190            (inf /sec)
decisions             : 249            (0.00 % random) (inf /sec)
propagations          : 9899           (inf /sec)
conflict literals     : 1231           (27.03 % deleted)
Memory used           : 19.00 MB
CPU time              : 0 s

UNSATISFIABLE
