WARNING: for repeatability, setting FPU to use double precision
============================[ Problem Statistics ]=============================
|                                                                             |
|  Number of variables:           244                                         |
|  Number of clauses:             883                                         |
|  Parse time:                   0.00 s                                       |
|                                                                             |
============================[ Search Statistics ]==============================
| Conflicts |          ORIGINAL         |          LEARNT          | Progress |
|           |    Vars  Clauses Literals |    Limit  Clauses Lit/Cl |          |
===============================================================================
===============================================================================
restarts              : 1
conflicts             : 13             (inf /sec)
decisions             : 19             (0.00 % random) (inf /sec)
propagations          : 729            (inf /sec)
conflict literals     : 25             (19.35 % deleted)
Memory used           : 19.00 MB
CPU time              : 0 s

UNSATISFIABLE
