WARNING: for repeatability, setting FPU to use double precision
============================[ Problem Statistics ]=============================
|                                                                             |
|  Number of variables:           282                                         |
|  Number of clauses:            1131                                         |
|  Parse time:                   0.00 s                                       |
|                                                                             |
============================[ Search Statistics ]==============================
| Conflicts |          ORIGINAL         |          LEARNT          | Progress |
|           |    Vars  Clauses Literals |    Limit  Clauses Lit/Cl |          |
===============================================================================
|       100 |     282     1131     3278 |      414      100      8 |  0.001 % |
|       250 |     282     1131     3278 |      456      250      7 |  0.020 % |
===============================================================================
restarts              : 3
conflicts             : 323            (80750 /sec)
decisions             : 380            (0.00 % random) (95000 /sec)
propagations          : 16635          (4158750 /sec)
conflict literals     : 2187           (33.00 % deleted)
Memory used           : 19.00 MB
CPU time              : 0.004 s

UNSATISFIABLE
