WARNING: for repeatability, setting FPU to use double precision
============================[ Problem Statistics ]=============================
|                                                                             |
|  Number of variables:           272                                         |
|  Number of clauses:            1067                                         |
|  Parse time:                   0.00 s                                       |
|                                                                             |
============================[ Search Statistics ]==============================
| Conflicts |          ORIGINAL         |          LEARNT          | Progress |
|           |    Vars  Clauses Literals |    Limit  Clauses Lit/Cl |          |
===============================================================================
|       100 |     272     1067     3046 |      391      100      6 |  0.001 % |
===============================================================================
restarts              : 2
conflicts             : 160            (inf /sec)
decisions             : 212            (0.00 % random) (inf /sec)
propagations          : 7949           (inf /sec)
conflict literals     : 896            (22.83 % deleted)
Memory used           : 19.00 MB
CPU time              : 0 s

UNSATISFIABLE
