WARNING: for repeatability, setting FPU to use double precision
============================[ Problem Statistics ]=============================
|                                                                             |
|  Number of variables:           275                                         |
|  Number of clauses:            1054                                         |
|  Parse time:                   0.00 s                                       |
|                                                                             |
============================[ Search Statistics ]==============================
| Conflicts |          ORIGINAL         |          LEARNT          | Progress |
|           |    Vars  Clauses Literals |    Limit  Clauses Lit/Cl |          |
===============================================================================
|       100 |     275     1054     3008 |      386      100      7 |  0.001 % |
|       250 |     258     1048     2990 |      425      182      6 |  6.208 % |
===============================================================================
restarts              : 3
conflicts             : 254            (inf /sec)
decisions             : 329            (0.00 % random) (inf /sec)
propagations          : 13081          (inf /sec)
conflict literals     : 1614           (28.36 % deleted)
Memory used           : 19.00 MB
CPU time              : 0 s

UNSATISFIABLE
