WARNING: for repeatability, setting FPU to use double precision
============================[ Problem Statistics ]=============================
|                                                                             |
|  Number of variables:           274                                         |
|  Number of clauses:            1078                                         |
|  Parse time:                   0.00 s                                       |
|                                                                             |
============================[ Search Statistics ]==============================
| Conflicts |          ORIGINAL         |          LEARNT          | Progress |
|           |    Vars  Clauses Literals |    Limit  Clauses Lit/Cl |          |
===============================================================================
|       100 |     270     1057     3010 |      395       43      7 |  1.473 % |
===============================================================================
restarts              : 2
conflicts             : 114            (inf /sec)
decisions             : 153            (0.00 % random) (inf /sec)
propagations          : 6306           (inf /sec)
conflict literals     : 595            (36.63 % deleted)
Memory used           : 19.00 MB
CPU time              : 0 s

UNSATISFIABLE
