WARNING: for repeatability, setting FPU to use double precision
============================[ Problem Statistics ]=============================
|                                                                             |
|  Number of variables:           254                                         |
|  Number of clauses:             977                                         |
|  Parse time:                   0.00 s                                       |
|                                                                             |
============================[ Search Statistics ]==============================
| Conflicts |          ORIGINAL         |          LEARNT          | Progress |
|           |    Vars  Clauses Literals |    Limit  Clauses Lit/Cl |          |
===============================================================================
===============================================================================
restarts              : 1
conflicts             : 42             (inf /sec)
decisions             : 47             (0.00 % random) (inf /sec)
propagations          : 2221           (inf /sec)
conflict literals     : 197            (23.64 % deleted)
Memory used           : 19.00 MB
CPU time              : 0 s

UNSATISFIABLE
