WARNING: for repeatability, setting FPU to use double precision
============================[ Problem Statistics ]=============================
|                                                                             |
|  Number of variables:           277                                         |
|  Number of clauses:            1107                                         |
|  Parse time:                   0.00 s                                       |
|                                                                             |
============================[ Search Statistics ]==============================
| Conflicts |          ORIGINAL         |          LEARNT          | Progress |
|           |    Vars  Clauses Literals |    Limit  Clauses Lit/Cl |          |
===============================================================================
|       100 |     271     1062     3025 |      405       45      6 |  2.170 % |
===============================================================================
restarts              : 2
conflicts             : 136            (inf /sec)
decisions             : 187            (0.00 % random) (inf /sec)
propagations          : 7173           (inf /sec)
conflict literals     : 659            (35.77 % deleted)
Memory used           : 19.00 MB
CPU time              : 0 s

UNSATISFIABLE
