WARNING: for repeatability, setting FPU to use double precision
============================[ Problem Statistics ]=============================
|                                                                             |
|  Number of variables:           286                                         |
|  Number of clauses:            1177                                         |
|  Parse time:                   0.00 s                                       |
|                                                                             |
============================[ Search Statistics ]==============================
| Conflicts |          ORIGINAL         |          LEARNT          | Progress |
|           |    Vars  Clauses Literals |    Limit  Clauses Lit/Cl |          |
===============================================================================
|       100 |     286     1177     3419 |      431      100      8 |  0.001 % |
|       250 |     286     1177     3419 |      474      250      8 |  0.018 % |
===============================================================================
restarts              : 3
conflicts             : 373            (93250 /sec)
decisions             : 476            (0.00 % random) (119000 /sec)
propagations          : 18759          (4689750 /sec)
conflict literals     : 2646           (30.57 % deleted)
Memory used           : 19.00 MB
CPU time              : 0.004 s

UNSATISFIABLE
