WARNING: for repeatability, setting FPU to use double precision
============================[ Problem Statistics ]=============================
|                                                                             |
|  Number of variables:           283                                         |
|  Number of clauses:            1156                                         |
|  Parse time:                   0.00 s                                       |
|                                                                             |
============================[ Search Statistics ]==============================
| Conflicts |          ORIGINAL         |          LEARNT          | Progress |
|           |    Vars  Clauses Literals |    Limit  Clauses Lit/Cl |          |
===============================================================================
|       100 |     281     1149     3320 |      423       41      5 |  0.707 % |
===============================================================================
restarts              : 1
conflicts             : 101            (inf /sec)
decisions             : 117            (0.00 % random) (inf /sec)
propagations          : 4844           (inf /sec)
conflict literals     : 548            (30.37 % deleted)
Memory used           : 19.00 MB
CPU time              : 0 s

UNSATISFIABLE
