WARNING: for repeatability, setting FPU to use double precision
============================[ Problem Statistics ]=============================
|                                                                             |
|  Number of variables:           280                                         |
|  Number of clauses:            1128                                         |
|  Parse time:                   0.00 s                                       |
|                                                                             |
============================[ Search Statistics ]==============================
| Conflicts |          ORIGINAL         |          LEARNT          | Progress |
|           |    Vars  Clauses Literals |    Limit  Clauses Lit/Cl |          |
===============================================================================
|       100 |     279     1128     3249 |      413       99      7 |  0.378 % |
===============================================================================
restarts              : 2
conflicts             : 133            (inf /sec)
decisions             : 158            (0.00 % random) (inf /sec)
propagations          : 6532           (inf /sec)
conflict literals     : 832            (33.12 % deleted)
Memory used           : 19.00 MB
CPU time              : 0 s

UNSATISFIABLE
