WARNING: for repeatability, setting FPU to use double precision
============================[ Problem Statistics ]=============================
|                                                                             |
|  Number of variables:           287                                         |
|  Number of clauses:            1165                                         |
|  Parse time:                   0.00 s                                       |
|                                                                             |
============================[ Search Statistics ]==============================
| Conflicts |          ORIGINAL         |          LEARNT          | Progress |
|           |    Vars  Clauses Literals |    Limit  Clauses Lit/Cl |          |
===============================================================================
|       100 |     287     1165     3397 |      427      100     10 |  0.001 % |
|       250 |     287     1165     3397 |      469      250     10 |  0.001 % |
|       475 |     287     1165     3397 |      516      475      9 |  0.001 % |
|       812 |     286     1155     3367 |      568      186      7 |  0.350 % |
===============================================================================
restarts              : 7
conflicts             : 1198           (149750 /sec)
decisions             : 1459           (0.00 % random) (182375 /sec)
propagations          : 60572          (7571500 /sec)
conflict literals     : 9502           (27.15 % deleted)
Memory used           : 19.00 MB
CPU time              : 0.008 s

UNSATISFIABLE
