WARNING: for repeatability, setting FPU to use double precision
============================[ Problem Statistics ]=============================
|                                                                             |
|  Number of variables:           282                                         |
|  Number of clauses:            1143                                         |
|  Parse time:                   0.00 s                                       |
|                                                                             |
============================[ Search Statistics ]==============================
| Conflicts |          ORIGINAL         |          LEARNT          | Progress |
|           |    Vars  Clauses Literals |    Limit  Clauses Lit/Cl |          |
===============================================================================
|       100 |     282     1143     3305 |      419      100      8 |  0.004 % |
|       250 |     282     1143     3305 |      461      250      7 |  0.004 % |
===============================================================================
restarts              : 3
conflicts             : 369            (inf /sec)
decisions             : 455            (0.00 % random) (inf /sec)
propagations          : 17705          (inf /sec)
conflict literals     : 2360           (30.18 % deleted)
Memory used           : 19.00 MB
CPU time              : 0 s

UNSATISFIABLE
