WARNING: for repeatability, setting FPU to use double precision
============================[ Problem Statistics ]=============================
|                                                                             |
|  Number of variables:           286                                         |
|  Number of clauses:            1167                                         |
|  Parse time:                   0.00 s                                       |
|                                                                             |
============================[ Search Statistics ]==============================
| Conflicts |          ORIGINAL         |          LEARNT          | Progress |
|           |    Vars  Clauses Literals |    Limit  Clauses Lit/Cl |          |
===============================================================================
|       100 |     278     1148     3323 |      427       61      5 |  2.809 % |
===============================================================================
restarts              : 2
conflicts             : 173            (inf /sec)
decisions             : 223            (0.00 % random) (inf /sec)
propagations          : 9193           (inf /sec)
conflict literals     : 889            (32.14 % deleted)
Memory used           : 19.00 MB
CPU time              : 0 s

UNSATISFIABLE
