WARNING: for repeatability, setting FPU to use double precision
============================[ Problem Statistics ]=============================
|                                                                             |
|  Number of variables:           281                                         |
|  Number of clauses:            1114                                         |
|  Parse time:                   0.00 s                                       |
|                                                                             |
============================[ Search Statistics ]==============================
| Conflicts |          ORIGINAL         |          LEARNT          | Progress |
|           |    Vars  Clauses Literals |    Limit  Clauses Lit/Cl |          |
===============================================================================
|       100 |     281     1114     3212 |      408      100      7 |  0.005 % |
===============================================================================
restarts              : 3
conflicts             : 214            (inf /sec)
decisions             : 271            (0.00 % random) (inf /sec)
propagations          : 11189          (inf /sec)
conflict literals     : 1339           (28.40 % deleted)
Memory used           : 19.00 MB
CPU time              : 0 s

UNSATISFIABLE
