WARNING: for repeatability, setting FPU to use double precision
============================[ Problem Statistics ]=============================
|                                                                             |
|  Number of variables:           282                                         |
|  Number of clauses:            1148                                         |
|  Parse time:                   0.00 s                                       |
|                                                                             |
============================[ Search Statistics ]==============================
| Conflicts |          ORIGINAL         |          LEARNT          | Progress |
|           |    Vars  Clauses Literals |    Limit  Clauses Lit/Cl |          |
===============================================================================
|       100 |     282     1148     3308 |      420      100      7 |  0.005 % |
===============================================================================
restarts              : 3
conflicts             : 221            (inf /sec)
decisions             : 265            (0.00 % random) (inf /sec)
propagations          : 11770          (inf /sec)
conflict literals     : 1372           (30.99 % deleted)
Memory used           : 19.00 MB
CPU time              : 0 s

UNSATISFIABLE
