WARNING: for repeatability, setting FPU to use double precision
============================[ Problem Statistics ]=============================
|                                                                             |
|  Number of variables:           278                                         |
|  Number of clauses:            1115                                         |
|  Parse time:                   0.00 s                                       |
|                                                                             |
============================[ Search Statistics ]==============================
| Conflicts |          ORIGINAL         |          LEARNT          | Progress |
|           |    Vars  Clauses Literals |    Limit  Clauses Lit/Cl |          |
===============================================================================
|       100 |     278     1115     3207 |      408      100      7 |  0.010 % |
|       250 |     277     1107     3183 |      449      177      7 |  0.375 % |
===============================================================================
restarts              : 3
conflicts             : 260            (inf /sec)
decisions             : 322            (0.00 % random) (inf /sec)
propagations          : 12586          (inf /sec)
conflict literals     : 1658           (33.20 % deleted)
Memory used           : 19.00 MB
CPU time              : 0 s

UNSATISFIABLE
