WARNING: for repeatability, setting FPU to use double precision
============================[ Problem Statistics ]=============================
|                                                                             |
|  Number of variables:           275                                         |
|  Number of clauses:            1066                                         |
|  Parse time:                   0.00 s                                       |
|                                                                             |
============================[ Search Statistics ]==============================
| Conflicts |          ORIGINAL         |          LEARNT          | Progress |
|           |    Vars  Clauses Literals |    Limit  Clauses Lit/Cl |          |
===============================================================================
|       100 |     261     1044     2984 |      390       62      7 |  5.129 % |
===============================================================================
restarts              : 2
conflicts             : 110            (inf /sec)
decisions             : 141            (0.00 % random) (inf /sec)
propagations          : 5676           (inf /sec)
conflict literals     : 667            (21.62 % deleted)
Memory used           : 19.00 MB
CPU time              : 0 s

UNSATISFIABLE
