WARNING: for repeatability, setting FPU to use double precision
============================[ Problem Statistics ]=============================
|                                                                             |
|  Number of variables:           288                                         |
|  Number of clauses:            1167                                         |
|  Parse time:                   0.00 s                                       |
|                                                                             |
============================[ Search Statistics ]==============================
| Conflicts |          ORIGINAL         |          LEARNT          | Progress |
|           |    Vars  Clauses Literals |    Limit  Clauses Lit/Cl |          |
===============================================================================
|       100 |     283     1167     3410 |      427       99      6 |  1.743 % |
===============================================================================
restarts              : 2
conflicts             : 139            (inf /sec)
decisions             : 175            (0.00 % random) (inf /sec)
propagations          : 6888           (inf /sec)
conflict literals     : 837            (39.48 % deleted)
Memory used           : 19.00 MB
CPU time              : 0 s

UNSATISFIABLE
