WARNING: for repeatability, setting FPU to use double precision
============================[ Problem Statistics ]=============================
|                                                                             |
|  Number of variables:           278                                         |
|  Number of clauses:            1123                                         |
|  Parse time:                   0.00 s                                       |
|                                                                             |
============================[ Search Statistics ]==============================
| Conflicts |          ORIGINAL         |          LEARNT          | Progress |
|           |    Vars  Clauses Literals |    Limit  Clauses Lit/Cl |          |
===============================================================================
|       100 |     277     1119     3204 |      411       84      6 |  0.370 % |
===============================================================================
restarts              : 2
conflicts             : 119            (inf /sec)
decisions             : 135            (0.00 % random) (inf /sec)
propagations          : 6201           (inf /sec)
conflict literals     : 686            (27.41 % deleted)
Memory used           : 19.00 MB
CPU time              : 0 s

UNSATISFIABLE
