WARNING: for repeatability, setting FPU to use double precision
============================[ Problem Statistics ]=============================
|                                                                             |
|  Number of variables:           280                                         |
|  Number of clauses:            1109                                         |
|  Parse time:                   0.00 s                                       |
|                                                                             |
============================[ Search Statistics ]==============================
| Conflicts |          ORIGINAL         |          LEARNT          | Progress |
|           |    Vars  Clauses Literals |    Limit  Clauses Lit/Cl |          |
===============================================================================
|       100 |     277     1089     3125 |      406       90      7 |  1.094 % |
===============================================================================
restarts              : 2
conflicts             : 127            (inf /sec)
decisions             : 148            (0.00 % random) (inf /sec)
propagations          : 6385           (inf /sec)
conflict literals     : 753            (24.70 % deleted)
Memory used           : 19.00 MB
CPU time              : 0 s

UNSATISFIABLE
