WARNING: for repeatability, setting FPU to use double precision
============================[ Problem Statistics ]=============================
|                                                                             |
|  Number of variables:           271                                         |
|  Number of clauses:            1050                                         |
|  Parse time:                   0.00 s                                       |
|                                                                             |
============================[ Search Statistics ]==============================
| Conflicts |          ORIGINAL         |          LEARNT          | Progress |
|           |    Vars  Clauses Literals |    Limit  Clauses Lit/Cl |          |
===============================================================================
|       100 |     268     1035     2951 |      385       63      6 |  1.108 % |
===============================================================================
restarts              : 2
conflicts             : 158            (inf /sec)
decisions             : 206            (0.00 % random) (inf /sec)
propagations          : 8107           (inf /sec)
conflict literals     : 790            (28.44 % deleted)
Memory used           : 19.00 MB
CPU time              : 0 s

UNSATISFIABLE
