WARNING: for repeatability, setting FPU to use double precision
============================[ Problem Statistics ]=============================
|                                                                             |
|  Number of variables:           273                                         |
|  Number of clauses:            1067                                         |
|  Parse time:                   0.00 s                                       |
|                                                                             |
============================[ Search Statistics ]==============================
| Conflicts |          ORIGINAL         |          LEARNT          | Progress |
|           |    Vars  Clauses Literals |    Limit  Clauses Lit/Cl |          |
===============================================================================
|       100 |     273     1067     3037 |      391      100      6 |  0.003 % |
===============================================================================
restarts              : 3
conflicts             : 215            (inf /sec)
decisions             : 286            (0.00 % random) (inf /sec)
propagations          : 11656          (inf /sec)
conflict literals     : 1268           (28.20 % deleted)
Memory used           : 19.00 MB
CPU time              : 0 s

UNSATISFIABLE
