WARNING: for repeatability, setting FPU to use double precision
============================[ Problem Statistics ]=============================
|                                                                             |
|  Number of variables:           283                                         |
|  Number of clauses:            1151                                         |
|  Parse time:                   0.00 s                                       |
|                                                                             |
============================[ Search Statistics ]==============================
| Conflicts |          ORIGINAL         |          LEARNT          | Progress |
|           |    Vars  Clauses Literals |    Limit  Clauses Lit/Cl |          |
===============================================================================
|       100 |     283     1151     3338 |      422      100      8 |  0.001 % |
|       250 |     283     1151     3338 |      464      250      8 |  0.001 % |
===============================================================================
restarts              : 4
conflicts             : 465            (116250 /sec)
decisions             : 596            (0.00 % random) (149000 /sec)
propagations          : 23825          (5956250 /sec)
conflict literals     : 3377           (27.45 % deleted)
Memory used           : 19.00 MB
CPU time              : 0.004 s

UNSATISFIABLE
