WARNING: for repeatability, setting FPU to use double precision
============================[ Problem Statistics ]=============================
|                                                                             |
|  Number of variables:           284                                         |
|  Number of clauses:            1152                                         |
|  Parse time:                   0.00 s                                       |
|                                                                             |
============================[ Search Statistics ]==============================
| Conflicts |          ORIGINAL         |          LEARNT          | Progress |
|           |    Vars  Clauses Literals |    Limit  Clauses Lit/Cl |          |
===============================================================================
|       100 |     284     1152     3340 |      422      100      8 |  0.001 % |
|       250 |     284     1152     3340 |      464      250      8 |  0.001 % |
|       475 |     283     1145     3319 |      511      299      7 |  0.357 % |
===============================================================================
restarts              : 5
conflicts             : 555            (138750 /sec)
decisions             : 686            (0.00 % random) (171500 /sec)
propagations          : 28496          (7124000 /sec)
conflict literals     : 3851           (32.70 % deleted)
Memory used           : 19.00 MB
CPU time              : 0.004 s

UNSATISFIABLE
