WARNING: for repeatability, setting FPU to use double precision
============================[ Problem Statistics ]=============================
|                                                                             |
|  Number of variables:           275                                         |
|  Number of clauses:            1082                                         |
|  Parse time:                   0.00 s                                       |
|                                                                             |
============================[ Search Statistics ]==============================
| Conflicts |          ORIGINAL         |          LEARNT          | Progress |
|           |    Vars  Clauses Literals |    Limit  Clauses Lit/Cl |          |
===============================================================================
|       100 |     274     1077     3072 |      396       69      6 |  0.373 % |
===============================================================================
restarts              : 2
conflicts             : 140            (inf /sec)
decisions             : 187            (0.00 % random) (inf /sec)
propagations          : 6984           (inf /sec)
conflict literals     : 720            (28.78 % deleted)
Memory used           : 19.00 MB
CPU time              : 0 s

UNSATISFIABLE
