WARNING: for repeatability, setting FPU to use double precision
============================[ Problem Statistics ]=============================
|                                                                             |
|  Number of variables:           269                                         |
|  Number of clauses:            1030                                         |
|  Parse time:                   0.00 s                                       |
|                                                                             |
============================[ Search Statistics ]==============================
| Conflicts |          ORIGINAL         |          LEARNT          | Progress |
|           |    Vars  Clauses Literals |    Limit  Clauses Lit/Cl |          |
===============================================================================
|       100 |     269     1030     2929 |      377      100      7 |  0.003 % |
|       250 |     266     1021     2902 |      415      244      7 |  1.118 % |
===============================================================================
restarts              : 3
conflicts             : 284            (inf /sec)
decisions             : 388            (0.00 % random) (inf /sec)
propagations          : 15094          (inf /sec)
conflict literals     : 1778           (27.52 % deleted)
Memory used           : 19.00 MB
CPU time              : 0 s

UNSATISFIABLE
