WARNING: for repeatability, setting FPU to use double precision
============================[ Problem Statistics ]=============================
|                                                                             |
|  Number of variables:           281                                         |
|  Number of clauses:            1119                                         |
|  Parse time:                   0.00 s                                       |
|                                                                             |
============================[ Search Statistics ]==============================
| Conflicts |          ORIGINAL         |          LEARNT          | Progress |
|           |    Vars  Clauses Literals |    Limit  Clauses Lit/Cl |          |
===============================================================================
|       100 |     281     1119     3226 |      410      100      7 |  0.015 % |
===============================================================================
restarts              : 3
conflicts             : 245            (inf /sec)
decisions             : 335            (0.00 % random) (inf /sec)
propagations          : 12515          (inf /sec)
conflict literals     : 1581           (30.26 % deleted)
Memory used           : 19.00 MB
CPU time              : 0 s

UNSATISFIABLE
