WARNING: for repeatability, setting FPU to use double precision
============================[ Problem Statistics ]=============================
|                                                                             |
|  Number of variables:           276                                         |
|  Number of clauses:            1108                                         |
|  Parse time:                   0.00 s                                       |
|                                                                             |
============================[ Search Statistics ]==============================
| Conflicts |          ORIGINAL         |          LEARNT          | Progress |
|           |    Vars  Clauses Literals |    Limit  Clauses Lit/Cl |          |
===============================================================================
|       100 |     276     1108     3172 |      406      100      6 |  0.008 % |
===============================================================================
restarts              : 2
conflicts             : 144            (inf /sec)
decisions             : 181            (0.00 % random) (inf /sec)
propagations          : 6271           (inf /sec)
conflict literals     : 796            (29.99 % deleted)
Memory used           : 19.00 MB
CPU time              : 0 s

UNSATISFIABLE
