WARNING: for repeatability, setting FPU to use double precision
============================[ Problem Statistics ]=============================
|                                                                             |
|  Number of variables:           283                                         |
|  Number of clauses:            1142                                         |
|  Parse time:                   0.00 s                                       |
|                                                                             |
============================[ Search Statistics ]==============================
| Conflicts |          ORIGINAL         |          LEARNT          | Progress |
|           |    Vars  Clauses Literals |    Limit  Clauses Lit/Cl |          |
===============================================================================
|       100 |     283     1142     3300 |      418      100      7 |  0.001 % |
===============================================================================
restarts              : 2
conflicts             : 184            (inf /sec)
decisions             : 230            (0.00 % random) (inf /sec)
propagations          : 9024           (inf /sec)
conflict literals     : 1095           (32.82 % deleted)
Memory used           : 19.00 MB
CPU time              : 0 s

UNSATISFIABLE
