WARNING: for repeatability, setting FPU to use double precision
============================[ Problem Statistics ]=============================
|                                                                             |
|  Number of variables:           281                                         |
|  Number of clauses:            1121                                         |
|  Parse time:                   0.00 s                                       |
|                                                                             |
============================[ Search Statistics ]==============================
| Conflicts |          ORIGINAL         |          LEARNT          | Progress |
|           |    Vars  Clauses Literals |    Limit  Clauses Lit/Cl |          |
===============================================================================
|       100 |     281     1121     3233 |      411      100      6 |  0.046 % |
|       250 |     280     1116     3218 |      452      204      7 |  0.365 % |
===============================================================================
restarts              : 3
conflicts             : 289            (inf /sec)
decisions             : 364            (0.00 % random) (inf /sec)
propagations          : 16769          (inf /sec)
conflict literals     : 1862           (34.09 % deleted)
Memory used           : 19.00 MB
CPU time              : 0 s

UNSATISFIABLE
