WARNING: for repeatability, setting FPU to use double precision
============================[ Problem Statistics ]=============================
|                                                                             |
|  Number of variables:           281                                         |
|  Number of clauses:            1130                                         |
|  Parse time:                   0.00 s                                       |
|                                                                             |
============================[ Search Statistics ]==============================
| Conflicts |          ORIGINAL         |          LEARNT          | Progress |
|           |    Vars  Clauses Literals |    Limit  Clauses Lit/Cl |          |
===============================================================================
|       100 |     281     1130     3247 |      414      100      7 |  0.001 % |
===============================================================================
restarts              : 3
conflicts             : 219            (inf /sec)
decisions             : 258            (0.00 % random) (inf /sec)
propagations          : 11827          (inf /sec)
conflict literals     : 1367           (24.27 % deleted)
Memory used           : 19.00 MB
CPU time              : 0 s

UNSATISFIABLE
