WARNING: for repeatability, setting FPU to use double precision
============================[ Problem Statistics ]=============================
|                                                                             |
|  Number of variables:           283                                         |
|  Number of clauses:            1143                                         |
|  Parse time:                   0.00 s                                       |
|                                                                             |
============================[ Search Statistics ]==============================
| Conflicts |          ORIGINAL         |          LEARNT          | Progress |
|           |    Vars  Clauses Literals |    Limit  Clauses Lit/Cl |          |
===============================================================================
|       100 |     283     1143     3315 |      419      100      8 |  0.003 % |
|       250 |     275     1090     3165 |      461       76      6 |  2.829 % |
===============================================================================
restarts              : 3
conflicts             : 258            (inf /sec)
decisions             : 309            (0.00 % random) (inf /sec)
propagations          : 13641          (inf /sec)
conflict literals     : 1740           (37.37 % deleted)
Memory used           : 19.00 MB
CPU time              : 0 s

UNSATISFIABLE
