WARNING: for repeatability, setting FPU to use double precision
============================[ Problem Statistics ]=============================
|                                                                             |
|  Number of variables:           272                                         |
|  Number of clauses:            1057                                         |
|  Parse time:                   0.00 s                                       |
|                                                                             |
============================[ Search Statistics ]==============================
| Conflicts |          ORIGINAL         |          LEARNT          | Progress |
|           |    Vars  Clauses Literals |    Limit  Clauses Lit/Cl |          |
===============================================================================
|       100 |     252     1024     2920 |      387       64      5 |  7.380 % |
===============================================================================
restarts              : 2
conflicts             : 113            (inf /sec)
decisions             : 130            (0.00 % random) (inf /sec)
propagations          : 6398           (inf /sec)
conflict literals     : 522            (34.99 % deleted)
Memory used           : 19.00 MB
CPU time              : 0 s

UNSATISFIABLE
