WARNING: for repeatability, setting FPU to use double precision
============================[ Problem Statistics ]=============================
|                                                                             |
|  Number of variables:           266                                         |
|  Number of clauses:            1029                                         |
|  Parse time:                   0.00 s                                       |
|                                                                             |
============================[ Search Statistics ]==============================
| Conflicts |          ORIGINAL         |          LEARNT          | Progress |
|           |    Vars  Clauses Literals |    Limit  Clauses Lit/Cl |          |
===============================================================================
===============================================================================
restarts              : 1
conflicts             : 37             (inf /sec)
decisions             : 51             (0.00 % random) (inf /sec)
propagations          : 1986           (inf /sec)
conflict literals     : 141            (31.55 % deleted)
Memory used           : 19.00 MB
CPU time              : 0 s

UNSATISFIABLE
