WARNING: for repeatability, setting FPU to use double precision
============================[ Problem Statistics ]=============================
|                                                                             |
|  Number of variables:           288                                         |
|  Number of clauses:            1190                                         |
|  Parse time:                   0.00 s                                       |
|                                                                             |
============================[ Search Statistics ]==============================
| Conflicts |          ORIGINAL         |          LEARNT          | Progress |
|           |    Vars  Clauses Literals |    Limit  Clauses Lit/Cl |          |
===============================================================================
|       100 |     288     1190     3459 |      436      100      8 |  0.008 % |
|       250 |     288     1190     3459 |      479      250      8 |  0.001 % |
===============================================================================
restarts              : 3
conflicts             : 309            (inf /sec)
decisions             : 391            (0.00 % random) (inf /sec)
propagations          : 14954          (inf /sec)
conflict literals     : 2316           (25.51 % deleted)
Memory used           : 19.00 MB
CPU time              : 0 s

UNSATISFIABLE
