WARNING: for repeatability, setting FPU to use double precision
============================[ Problem Statistics ]=============================
|                                                                             |
|  Number of variables:           279                                         |
|  Number of clauses:            1115                                         |
|  Parse time:                   0.00 s                                       |
|                                                                             |
============================[ Search Statistics ]==============================
| Conflicts |          ORIGINAL         |          LEARNT          | Progress |
|           |    Vars  Clauses Literals |    Limit  Clauses Lit/Cl |          |
===============================================================================
|       100 |     266     1024     2943 |      408       18      6 |  4.670 % |
===============================================================================
restarts              : 2
conflicts             : 110            (inf /sec)
decisions             : 133            (0.00 % random) (inf /sec)
propagations          : 5089           (inf /sec)
conflict literals     : 553            (34.17 % deleted)
Memory used           : 19.00 MB
CPU time              : 0 s

UNSATISFIABLE
