WARNING: for repeatability, setting FPU to use double precision
============================[ Problem Statistics ]=============================
|                                                                             |
|  Number of variables:           290                                         |
|  Number of clauses:            1188                                         |
|  Parse time:                   0.00 s                                       |
|                                                                             |
============================[ Search Statistics ]==============================
| Conflicts |          ORIGINAL         |          LEARNT          | Progress |
|           |    Vars  Clauses Literals |    Limit  Clauses Lit/Cl |          |
===============================================================================
|       100 |     290     1188     3497 |      435      100     12 |  0.001 % |
|       250 |     290     1188     3497 |      479      250     13 |  0.002 % |
|       475 |     290     1188     3497 |      527      475     12 |  0.001 % |
|       812 |     290     1188     3497 |      579      272      9 |  0.001 % |
|      1318 |     290     1188     3497 |      637      480     10 |  0.001 % |
|      2077 |     290     1188     3497 |      701      589      9 |  0.002 % |
|      3216 |     290     1188     3497 |      771      640      9 |  0.001 % |
|      4924 |     290     1188     3497 |      848      767      9 |  0.002 % |
|      7486 |     286     1163     3425 |      933      646      8 |  1.384 % |
===============================================================================
restarts              : 35
conflicts             : 8497           (111803 /sec)
decisions             : 10206          (0.00 % random) (134289 /sec)
propagations          : 440175         (5791776 /sec)
conflict literals     : 87073          (28.22 % deleted)
Memory used           : 19.00 MB
CPU time              : 0.076 s

UNSATISFIABLE
