WARNING: for repeatability, setting FPU to use double precision
============================[ Problem Statistics ]=============================
|                                                                             |
|  Number of variables:           276                                         |
|  Number of clauses:            1071                                         |
|  Parse time:                   0.00 s                                       |
|                                                                             |
============================[ Search Statistics ]==============================
| Conflicts |          ORIGINAL         |          LEARNT          | Progress |
|           |    Vars  Clauses Literals |    Limit  Clauses Lit/Cl |          |
===============================================================================
|       100 |     265     1009     2875 |      392       69      6 |  3.988 % |
===============================================================================
restarts              : 2
conflicts             : 119            (inf /sec)
decisions             : 151            (0.00 % random) (inf /sec)
propagations          : 5828           (inf /sec)
conflict literals     : 590            (29.76 % deleted)
Memory used           : 19.00 MB
CPU time              : 0 s

UNSATISFIABLE
