WARNING: for repeatability, setting FPU to use double precision
============================[ Problem Statistics ]=============================
|                                                                             |
|  Number of variables:           276                                         |
|  Number of clauses:            1084                                         |
|  Parse time:                   0.00 s                                       |
|                                                                             |
============================[ Search Statistics ]==============================
| Conflicts |          ORIGINAL         |          LEARNT          | Progress |
|           |    Vars  Clauses Literals |    Limit  Clauses Lit/Cl |          |
===============================================================================
|       100 |     276     1084     3108 |      397      100      7 |  0.001 % |
|       250 |     244     1073     3077 |      437      184      6 | 11.653 % |
===============================================================================
restarts              : 3
conflicts             : 252            (inf /sec)
decisions             : 317            (0.00 % random) (inf /sec)
propagations          : 13182          (inf /sec)
conflict literals     : 1563           (38.66 % deleted)
Memory used           : 19.00 MB
CPU time              : 0 s

UNSATISFIABLE
