WARNING: for repeatability, setting FPU to use double precision
============================[ Problem Statistics ]=============================
|                                                                             |
|  Number of variables:           287                                         |
|  Number of clauses:            1173                                         |
|  Parse time:                   0.00 s                                       |
|                                                                             |
============================[ Search Statistics ]==============================
| Conflicts |          ORIGINAL         |          LEARNT          | Progress |
|           |    Vars  Clauses Literals |    Limit  Clauses Lit/Cl |          |
===============================================================================
|       100 |     287     1173     3406 |      430      100      7 |  0.002 % |
|       250 |     276     1149     3337 |      473      215      7 |  3.838 % |
===============================================================================
restarts              : 3
conflicts             : 313            (inf /sec)
decisions             : 396            (0.00 % random) (inf /sec)
propagations          : 15967          (inf /sec)
conflict literals     : 1904           (29.90 % deleted)
Memory used           : 19.00 MB
CPU time              : 0 s

UNSATISFIABLE
