WARNING: for repeatability, setting FPU to use double precision
============================[ Problem Statistics ]=============================
|                                                                             |
|  Number of variables:           274                                         |
|  Number of clauses:            1077                                         |
|  Parse time:                   0.00 s                                       |
|                                                                             |
============================[ Search Statistics ]==============================
| Conflicts |          ORIGINAL         |          LEARNT          | Progress |
|           |    Vars  Clauses Literals |    Limit  Clauses Lit/Cl |          |
===============================================================================
|       100 |     247     1070     3051 |      394       70      6 |  9.854 % |
===============================================================================
restarts              : 2
conflicts             : 105            (inf /sec)
decisions             : 125            (0.00 % random) (inf /sec)
propagations          : 5247           (inf /sec)
conflict literals     : 609            (35.42 % deleted)
Memory used           : 19.00 MB
CPU time              : 0 s

UNSATISFIABLE
