WARNING: for repeatability, setting FPU to use double precision
============================[ Problem Statistics ]=============================
|                                                                             |
|  Number of variables:           280                                         |
|  Number of clauses:            1106                                         |
|  Parse time:                   0.00 s                                       |
|                                                                             |
============================[ Search Statistics ]==============================
| Conflicts |          ORIGINAL         |          LEARNT          | Progress |
|           |    Vars  Clauses Literals |    Limit  Clauses Lit/Cl |          |
===============================================================================
|       100 |     280     1106     3174 |      405      100      7 |  0.001 % |
===============================================================================
restarts              : 2
conflicts             : 185            (inf /sec)
decisions             : 246            (0.00 % random) (inf /sec)
propagations          : 9403           (inf /sec)
conflict literals     : 1152           (28.31 % deleted)
Memory used           : 19.00 MB
CPU time              : 0 s

UNSATISFIABLE
