WARNING: for repeatability, setting FPU to use double precision
============================[ Problem Statistics ]=============================
|                                                                             |
|  Number of variables:           284                                         |
|  Number of clauses:            1165                                         |
|  Parse time:                   0.00 s                                       |
|                                                                             |
============================[ Search Statistics ]==============================
| Conflicts |          ORIGINAL         |          LEARNT          | Progress |
|           |    Vars  Clauses Literals |    Limit  Clauses Lit/Cl |          |
===============================================================================
|       100 |     284     1165     3380 |      427      100      8 |  0.001 % |
|       250 |     284     1165     3380 |      469      250      8 |  0.001 % |
|       475 |     284     1165     3380 |      516      475      8 |  0.009 % |
===============================================================================
restarts              : 6
conflicts             : 688            (172000 /sec)
decisions             : 860            (0.00 % random) (215000 /sec)
propagations          : 34135          (8533750 /sec)
conflict literals     : 4837           (30.75 % deleted)
Memory used           : 19.00 MB
CPU time              : 0.004 s

UNSATISFIABLE
