WARNING: for repeatability, setting FPU to use double precision
============================[ Problem Statistics ]=============================
|                                                                             |
|  Number of variables:           273                                         |
|  Number of clauses:            1087                                         |
|  Parse time:                   0.00 s                                       |
|                                                                             |
============================[ Search Statistics ]==============================
| Conflicts |          ORIGINAL         |          LEARNT          | Progress |
|           |    Vars  Clauses Literals |    Limit  Clauses Lit/Cl |          |
===============================================================================
===============================================================================
restarts              : 1
conflicts             : 11             (inf /sec)
decisions             : 21             (0.00 % random) (inf /sec)
propagations          : 670            (inf /sec)
conflict literals     : 33             (21.43 % deleted)
Memory used           : 19.00 MB
CPU time              : 0 s

UNSATISFIABLE
