WARNING: for repeatability, setting FPU to use double precision
============================[ Problem Statistics ]=============================
|                                                                             |
|  Number of variables:           282                                         |
|  Number of clauses:            1140                                         |
|  Parse time:                   0.00 s                                       |
|                                                                             |
============================[ Search Statistics ]==============================
| Conflicts |          ORIGINAL         |          LEARNT          | Progress |
|           |    Vars  Clauses Literals |    Limit  Clauses Lit/Cl |          |
===============================================================================
|       100 |     282     1140     3290 |      418      100      7 |  0.004 % |
===============================================================================
restarts              : 2
conflicts             : 187            (inf /sec)
decisions             : 243            (0.00 % random) (inf /sec)
propagations          : 9603           (inf /sec)
conflict literals     : 1290           (29.32 % deleted)
Memory used           : 19.00 MB
CPU time              : 0 s

UNSATISFIABLE
