WARNING: for repeatability, setting FPU to use double precision
============================[ Problem Statistics ]=============================
|                                                                             |
|  Number of variables:           281                                         |
|  Number of clauses:            1138                                         |
|  Parse time:                   0.00 s                                       |
|                                                                             |
============================[ Search Statistics ]==============================
| Conflicts |          ORIGINAL         |          LEARNT          | Progress |
|           |    Vars  Clauses Literals |    Limit  Clauses Lit/Cl |          |
===============================================================================
===============================================================================
restarts              : 1
conflicts             : 44             (inf /sec)
decisions             : 50             (0.00 % random) (inf /sec)
propagations          : 1734           (inf /sec)
conflict literals     : 147            (21.81 % deleted)
Memory used           : 19.00 MB
CPU time              : 0 s

UNSATISFIABLE
