WARNING: for repeatability, setting FPU to use double precision
============================[ Problem Statistics ]=============================
|                                                                             |
|  Number of variables:           282                                         |
|  Number of clauses:            1121                                         |
|  Parse time:                   0.00 s                                       |
|                                                                             |
============================[ Search Statistics ]==============================
| Conflicts |          ORIGINAL         |          LEARNT          | Progress |
|           |    Vars  Clauses Literals |    Limit  Clauses Lit/Cl |          |
===============================================================================
|       100 |     282     1121     3221 |      411      100      8 |  0.001 % |
|       250 |     282     1121     3221 |      452      250      7 |  0.021 % |
===============================================================================
restarts              : 3
conflicts             : 319            (inf /sec)
decisions             : 394            (0.00 % random) (inf /sec)
propagations          : 17365          (inf /sec)
conflict literals     : 2213           (34.02 % deleted)
Memory used           : 19.00 MB
CPU time              : 0 s

UNSATISFIABLE
