WARNING: for repeatability, setting FPU to use double precision
============================[ Problem Statistics ]=============================
|                                                                             |
|  Number of variables:           267                                         |
|  Number of clauses:            1045                                         |
|  Parse time:                   0.00 s                                       |
|                                                                             |
============================[ Search Statistics ]==============================
| Conflicts |          ORIGINAL         |          LEARNT          | Progress |
|           |    Vars  Clauses Literals |    Limit  Clauses Lit/Cl |          |
===============================================================================
|       100 |     261     1041     2940 |      383       69      6 |  2.247 % |
===============================================================================
restarts              : 2
conflicts             : 107            (inf /sec)
decisions             : 126            (0.00 % random) (inf /sec)
propagations          : 4841           (inf /sec)
conflict literals     : 526            (26.54 % deleted)
Memory used           : 19.00 MB
CPU time              : 0 s

UNSATISFIABLE
