WARNING: for repeatability, setting FPU to use double precision
============================[ Problem Statistics ]=============================
|                                                                             |
|  Number of variables:           268                                         |
|  Number of clauses:            1035                                         |
|  Parse time:                   0.00 s                                       |
|                                                                             |
============================[ Search Statistics ]==============================
| Conflicts |          ORIGINAL         |          LEARNT          | Progress |
|           |    Vars  Clauses Literals |    Limit  Clauses Lit/Cl |          |
===============================================================================
===============================================================================
restarts              : 1
conflicts             : 50             (inf /sec)
decisions             : 59             (0.00 % random) (inf /sec)
propagations          : 3118           (inf /sec)
conflict literals     : 190            (30.66 % deleted)
Memory used           : 19.00 MB
CPU time              : 0 s

UNSATISFIABLE
