WARNING: for repeatability, setting FPU to use double precision
============================[ Problem Statistics ]=============================
|                                                                             |
|  Number of variables:           280                                         |
|  Number of clauses:            1138                                         |
|  Parse time:                   0.00 s                                       |
|                                                                             |
============================[ Search Statistics ]==============================
| Conflicts |          ORIGINAL         |          LEARNT          | Progress |
|           |    Vars  Clauses Literals |    Limit  Clauses Lit/Cl |          |
===============================================================================
|       100 |     277     1129     3241 |      417       73      5 |  1.092 % |
===============================================================================
restarts              : 2
conflicts             : 111            (inf /sec)
decisions             : 122            (0.00 % random) (inf /sec)
propagations          : 5162           (inf /sec)
conflict literals     : 486            (35.80 % deleted)
Memory used           : 19.00 MB
CPU time              : 0 s

UNSATISFIABLE
