WARNING: for repeatability, setting FPU to use double precision
============================[ Problem Statistics ]=============================
|                                                                             |
|  Number of variables:           261                                         |
|  Number of clauses:             981                                         |
|  Parse time:                   0.00 s                                       |
|                                                                             |
============================[ Search Statistics ]==============================
| Conflicts |          ORIGINAL         |          LEARNT          | Progress |
|           |    Vars  Clauses Literals |    Limit  Clauses Lit/Cl |          |
===============================================================================
===============================================================================
restarts              : 1
conflicts             : 44             (inf /sec)
decisions             : 60             (0.00 % random) (inf /sec)
propagations          : 2012           (inf /sec)
conflict literals     : 184            (20.00 % deleted)
Memory used           : 19.00 MB
CPU time              : 0 s

UNSATISFIABLE
