WARNING: for repeatability, setting FPU to use double precision
============================[ Problem Statistics ]=============================
|                                                                             |
|  Number of variables:           278                                         |
|  Number of clauses:            1088                                         |
|  Parse time:                   0.00 s                                       |
|                                                                             |
============================[ Search Statistics ]==============================
| Conflicts |          ORIGINAL         |          LEARNT          | Progress |
|           |    Vars  Clauses Literals |    Limit  Clauses Lit/Cl |          |
===============================================================================
|       100 |     276     1088     3114 |      398       99      6 |  0.745 % |
===============================================================================
restarts              : 2
conflicts             : 149            (inf /sec)
decisions             : 199            (0.00 % random) (inf /sec)
propagations          : 6914           (inf /sec)
conflict literals     : 810            (28.82 % deleted)
Memory used           : 19.00 MB
CPU time              : 0 s

UNSATISFIABLE
