WARNING: for repeatability, setting FPU to use double precision
============================[ Problem Statistics ]=============================
|                                                                             |
|  Number of variables:           271                                         |
|  Number of clauses:            1054                                         |
|  Parse time:                   0.00 s                                       |
|                                                                             |
============================[ Search Statistics ]==============================
| Conflicts |          ORIGINAL         |          LEARNT          | Progress |
|           |    Vars  Clauses Literals |    Limit  Clauses Lit/Cl |          |
===============================================================================
|       100 |     271     1054     2996 |      386      100      7 |  0.001 % |
===============================================================================
restarts              : 2
conflicts             : 191            (inf /sec)
decisions             : 270            (0.00 % random) (inf /sec)
propagations          : 10089          (inf /sec)
conflict literals     : 1198           (23.01 % deleted)
Memory used           : 19.00 MB
CPU time              : 0 s

UNSATISFIABLE
