WARNING: for repeatability, setting FPU to use double precision
============================[ Problem Statistics ]=============================
|                                                                             |
|  Number of variables:           284                                         |
|  Number of clauses:            1158                                         |
|  Parse time:                   0.00 s                                       |
|                                                                             |
============================[ Search Statistics ]==============================
| Conflicts |          ORIGINAL         |          LEARNT          | Progress |
|           |    Vars  Clauses Literals |    Limit  Clauses Lit/Cl |          |
===============================================================================
|       100 |     284     1158     3347 |      424      100      6 |  0.004 % |
===============================================================================
restarts              : 2
conflicts             : 128            (inf /sec)
decisions             : 164            (0.00 % random) (inf /sec)
propagations          : 6505           (inf /sec)
conflict literals     : 731            (27.26 % deleted)
Memory used           : 19.00 MB
CPU time              : 0 s

UNSATISFIABLE
