WARNING: for repeatability, setting FPU to use double precision
============================[ Problem Statistics ]=============================
|                                                                             |
|  Number of variables:           280                                         |
|  Number of clauses:            1113                                         |
|  Parse time:                   0.00 s                                       |
|                                                                             |
============================[ Search Statistics ]==============================
| Conflicts |          ORIGINAL         |          LEARNT          | Progress |
|           |    Vars  Clauses Literals |    Limit  Clauses Lit/Cl |          |
===============================================================================
|       100 |     280     1113     3209 |      408      100      7 |  0.005 % |
===============================================================================
restarts              : 2
conflicts             : 179            (inf /sec)
decisions             : 216            (0.00 % random) (inf /sec)
propagations          : 9508           (inf /sec)
conflict literals     : 1161           (32.58 % deleted)
Memory used           : 19.00 MB
CPU time              : 0 s

UNSATISFIABLE
