WARNING: for repeatability, setting FPU to use double precision
============================[ Problem Statistics ]=============================
|                                                                             |
|  Number of variables:           281                                         |
|  Number of clauses:            1132                                         |
|  Parse time:                   0.00 s                                       |
|                                                                             |
============================[ Search Statistics ]==============================
| Conflicts |          ORIGINAL         |          LEARNT          | Progress |
|           |    Vars  Clauses Literals |    Limit  Clauses Lit/Cl |          |
===============================================================================
|       100 |     264     1120     3225 |      415       59      5 |  6.064 % |
===============================================================================
restarts              : 1
conflicts             : 102            (inf /sec)
decisions             : 130            (0.00 % random) (inf /sec)
propagations          : 4697           (inf /sec)
conflict literals     : 526            (29.77 % deleted)
Memory used           : 19.00 MB
CPU time              : 0 s

UNSATISFIABLE
