WARNING: for repeatability, setting FPU to use double precision
============================[ Problem Statistics ]=============================
|                                                                             |
|  Number of variables:           278                                         |
|  Number of clauses:            1107                                         |
|  Parse time:                   0.00 s                                       |
|                                                                             |
============================[ Search Statistics ]==============================
| Conflicts |          ORIGINAL         |          LEARNT          | Progress |
|           |    Vars  Clauses Literals |    Limit  Clauses Lit/Cl |          |
===============================================================================
|       100 |     278     1107     3185 |      405      100      7 |  0.001 % |
===============================================================================
restarts              : 3
conflicts             : 208            (inf /sec)
decisions             : 263            (0.00 % random) (inf /sec)
propagations          : 11059          (inf /sec)
conflict literals     : 1238           (34.67 % deleted)
Memory used           : 19.00 MB
CPU time              : 0 s

UNSATISFIABLE
