WARNING: for repeatability, setting FPU to use double precision
============================[ Problem Statistics ]=============================
|                                                                             |
|  Number of variables:           284                                         |
|  Number of clauses:            1154                                         |
|  Parse time:                   0.00 s                                       |
|                                                                             |
============================[ Search Statistics ]==============================
| Conflicts |          ORIGINAL         |          LEARNT          | Progress |
|           |    Vars  Clauses Literals |    Limit  Clauses Lit/Cl |          |
===============================================================================
|       100 |     284     1154     3358 |      423      100      8 |  0.001 % |
|       250 |     284     1154     3358 |      465      250      8 |  0.011 % |
===============================================================================
restarts              : 3
conflicts             : 346            (86500 /sec)
decisions             : 430            (0.00 % random) (107500 /sec)
propagations          : 17071          (4267750 /sec)
conflict literals     : 2384           (31.45 % deleted)
Memory used           : 19.00 MB
CPU time              : 0.004 s

UNSATISFIABLE
