WARNING: for repeatability, setting FPU to use double precision
============================[ Problem Statistics ]=============================
|                                                                             |
|  Number of variables:           231                                         |
|  Number of clauses:             795                                         |
|  Parse time:                   0.00 s                                       |
|                                                                             |
============================[ Search Statistics ]==============================
| Conflicts |          ORIGINAL         |          LEARNT          | Progress |
|           |    Vars  Clauses Literals |    Limit  Clauses Lit/Cl |          |
===============================================================================
===============================================================================
restarts              : 1
conflicts             : 6              (inf /sec)
decisions             : 6              (0.00 % random) (inf /sec)
propagations          : 168            (inf /sec)
conflict literals     : 10             (16.67 % deleted)
Memory used           : 19.00 MB
CPU time              : 0 s

UNSATISFIABLE
