WARNING: for repeatability, setting FPU to use double precision
============================[ Problem Statistics ]=============================
|                                                                             |
|  Number of variables:           286                                         |
|  Number of clauses:            1172                                         |
|  Parse time:                   0.00 s                                       |
|                                                                             |
============================[ Search Statistics ]==============================
| Conflicts |          ORIGINAL         |          LEARNT          | Progress |
|           |    Vars  Clauses Literals |    Limit  Clauses Lit/Cl |          |
===============================================================================
|       100 |     285     1168     3390 |      429       84      6 |  0.353 % |
===============================================================================
restarts              : 2
conflicts             : 152            (inf /sec)
decisions             : 173            (0.00 % random) (inf /sec)
propagations          : 7630           (inf /sec)
conflict literals     : 886            (32.11 % deleted)
Memory used           : 19.00 MB
CPU time              : 0 s

UNSATISFIABLE
