WARNING: for repeatability, setting FPU to use double precision
============================[ Problem Statistics ]=============================
|                                                                             |
|  Number of variables:           277                                         |
|  Number of clauses:            1114                                         |
|  Parse time:                   0.00 s                                       |
|                                                                             |
============================[ Search Statistics ]==============================
| Conflicts |          ORIGINAL         |          LEARNT          | Progress |
|           |    Vars  Clauses Literals |    Limit  Clauses Lit/Cl |          |
===============================================================================
|       100 |     276     1114     3183 |      408       99      6 |  0.361 % |
===============================================================================
restarts              : 2
conflicts             : 110            (inf /sec)
decisions             : 152            (0.00 % random) (inf /sec)
propagations          : 5361           (inf /sec)
conflict literals     : 629            (24.49 % deleted)
Memory used           : 19.00 MB
CPU time              : 0 s

UNSATISFIABLE
