WARNING: for repeatability, setting FPU to use double precision
============================[ Problem Statistics ]=============================
|                                                                             |
|  Number of variables:           286                                         |
|  Number of clauses:            1170                                         |
|  Parse time:                   0.00 s                                       |
|                                                                             |
============================[ Search Statistics ]==============================
| Conflicts |          ORIGINAL         |          LEARNT          | Progress |
|           |    Vars  Clauses Literals |    Limit  Clauses Lit/Cl |          |
===============================================================================
|       100 |     286     1170     3408 |      429      100      8 |  0.001 % |
|       250 |     286     1170     3408 |      471      250      8 |  0.016 % |
===============================================================================
restarts              : 4
conflicts             : 415            (inf /sec)
decisions             : 538            (0.00 % random) (inf /sec)
propagations          : 19059          (inf /sec)
conflict literals     : 2943           (32.50 % deleted)
Memory used           : 19.00 MB
CPU time              : 0 s

UNSATISFIABLE
