WARNING: for repeatability, setting FPU to use double precision
============================[ Problem Statistics ]=============================
|                                                                             |
|  Number of variables:           279                                         |
|  Number of clauses:            1125                                         |
|  Parse time:                   0.00 s                                       |
|                                                                             |
============================[ Search Statistics ]==============================
| Conflicts |          ORIGINAL         |          LEARNT          | Progress |
|           |    Vars  Clauses Literals |    Limit  Clauses Lit/Cl |          |
===============================================================================
|       100 |     277     1125     3243 |      412       99      6 |  0.723 % |
===============================================================================
restarts              : 3
conflicts             : 212            (inf /sec)
decisions             : 262            (0.00 % random) (inf /sec)
propagations          : 10117          (inf /sec)
conflict literals     : 1291           (33.14 % deleted)
Memory used           : 19.00 MB
CPU time              : 0 s

UNSATISFIABLE
